<?xml version="1.0" encoding="UTF-8"?>
<coverage generated="1767635268605" clover="3.2.0">
  <project timestamp="1767635268605" name="All files">
    <metrics statements="2294" coveredstatements="1400" conditionals="1600" coveredconditionals="945" methods="709" coveredmethods="345" elements="4603" coveredelements="2690" complexity="0" loc="2294" ncloc="2294" packages="70" files="127" classes="127"/>
    <package name="bkdocs-frontend">
      <metrics statements="12" coveredstatements="0" conditionals="0" coveredconditionals="0" methods="1" coveredmethods="0"/>
      <file name="babel.config.js" path="D:\bkdocs-frontend\babel.config.js">
        <metrics statements="3" coveredstatements="0" conditionals="0" coveredconditionals="0" methods="1" coveredmethods="0"/>
        <line num="1" count="0" type="stmt"/>
        <line num="2" count="0" type="stmt"/>
        <line num="3" count="0" type="stmt"/>
      </file>
      <file name="eslint.config.js" path="D:\bkdocs-frontend\eslint.config.js">
        <metrics statements="3" coveredstatements="0" conditionals="0" coveredconditionals="0" methods="0" coveredmethods="0"/>
        <line num="2" count="0" type="stmt"/>
        <line num="3" count="0" type="stmt"/>
        <line num="5" count="0" type="stmt"/>
      </file>
      <file name="expo-env.d.ts" path="D:\bkdocs-frontend\expo-env.d.ts">
        <metrics statements="0" coveredstatements="0" conditionals="0" coveredconditionals="0" methods="0" coveredmethods="0"/>
      </file>
      <file name="metro.config.js" path="D:\bkdocs-frontend\metro.config.js">
        <metrics statements="5" coveredstatements="0" conditionals="0" coveredconditionals="0" methods="0" coveredmethods="0"/>
        <line num="1" count="0" type="stmt"/>
        <line num="2" count="0" type="stmt"/>
        <line num="6" count="0" type="stmt"/>
        <line num="8" count="0" type="stmt"/>
        <line num="10" count="0" type="stmt"/>
      </file>
      <file name="nativewind-env.d.ts" path="D:\bkdocs-frontend\nativewind-env.d.ts">
        <metrics statements="0" coveredstatements="0" conditionals="0" coveredconditionals="0" methods="0" coveredmethods="0"/>
      </file>
      <file name="tailwind.config.js" path="D:\bkdocs-frontend\tailwind.config.js">
        <metrics statements="1" coveredstatements="0" conditionals="0" coveredconditionals="0" methods="0" coveredmethods="0"/>
        <line num="2" count="0" type="stmt"/>
      </file>
    </package>
    <package name="bkdocs-frontend..expo.types">
      <metrics statements="0" coveredstatements="0" conditionals="0" coveredconditionals="0" methods="0" coveredmethods="0"/>
      <file name="router.d.ts" path="D:\bkdocs-frontend\.expo\types\router.d.ts">
        <metrics statements="0" coveredstatements="0" conditionals="0" coveredconditionals="0" methods="0" coveredmethods="0"/>
      </file>
    </package>
    <package name="bkdocs-frontend.api">
      <metrics statements="82" coveredstatements="80" conditionals="35" coveredconditionals="31" methods="15" coveredmethods="12"/>
      <file name="apiClient.ts" path="D:\bkdocs-frontend\api\apiClient.ts">
        <metrics statements="41" coveredstatements="39" conditionals="35" coveredconditionals="31" methods="7" coveredmethods="6"/>
        <line num="9" count="1" type="stmt"/>
        <line num="16" count="1" type="stmt"/>
        <line num="17" count="1" type="stmt"/>
        <line num="19" count="1" type="stmt"/>
        <line num="20" count="20" type="stmt"/>
        <line num="23" count="1" type="stmt"/>
        <line num="24" count="19" type="stmt"/>
        <line num="27" count="1" type="stmt"/>
        <line num="29" count="3" type="cond" truecount="1" falsecount="1"/>
        <line num="31" count="3" type="cond" truecount="4" falsecount="0"/>
        <line num="36" count="3" type="cond" truecount="2" falsecount="2"/>
        <line num="37" count="0" type="stmt"/>
        <line num="40" count="3" type="stmt"/>
        <line num="41" count="3" type="cond" truecount="5" falsecount="0"/>
        <line num="42" count="1" type="stmt"/>
        <line num="44" count="3" type="stmt"/>
        <line num="46" count="1" type="stmt"/>
        <line num="49" count="1" type="stmt"/>
        <line num="50" count="1" type="stmt"/>
        <line num="52" count="6" type="stmt"/>
        <line num="54" count="6" type="cond" truecount="2" falsecount="0"/>
        <line num="56" count="2" type="cond" truecount="1" falsecount="1"/>
        <line num="58" count="2" type="cond" truecount="4" falsecount="0"/>
        <line num="63" count="2" type="cond" truecount="4" falsecount="0"/>
        <line num="64" count="1" type="stmt"/>
        <line num="65" count="1" type="stmt"/>
        <line num="66" count="1" type="stmt"/>
        <line num="67" count="1" type="stmt"/>
        <line num="69" count="1" type="stmt"/>
        <line num="70" count="1" type="stmt"/>
        <line num="71" count="1" type="stmt"/>
        <line num="75" count="4" type="cond" truecount="2" falsecount="0"/>
        <line num="76" count="4" type="stmt"/>
        <line num="78" count="4" type="stmt"/>
        <line num="80" count="4" type="cond" truecount="6" falsecount="0"/>
        <line num="81" count="2" type="stmt"/>
        <line num="82" count="2" type="stmt"/>
        <line num="83" count="2" type="stmt"/>
        <line num="88" count="2" type="stmt"/>
        <line num="89" count="0" type="stmt"/>
        <line num="94" count="6" type="stmt"/>
      </file>
      <file name="apiRoutes.ts" path="D:\bkdocs-frontend\api\apiRoutes.ts">
        <metrics statements="41" coveredstatements="41" conditionals="0" coveredconditionals="0" methods="8" coveredmethods="6"/>
        <line num="1" count="16" type="stmt"/>
        <line num="2" count="16" type="stmt"/>
        <line num="3" count="16" type="stmt"/>
        <line num="4" count="16" type="stmt"/>
        <line num="5" count="16" type="stmt"/>
        <line num="6" count="16" type="stmt"/>
        <line num="9" count="16" type="stmt"/>
        <line num="10" count="16" type="stmt"/>
        <line num="11" count="16" type="stmt"/>
        <line num="12" count="16" type="stmt"/>
        <line num="13" count="16" type="stmt"/>
        <line num="14" count="16" type="stmt"/>
        <line num="15" count="16" type="stmt"/>
        <line num="16" count="16" type="stmt"/>
        <line num="17" count="16" type="stmt"/>
        <line num="18" count="140" type="stmt"/>
        <line num="19" count="16" type="stmt"/>
        <line num="22" count="16" type="stmt"/>
        <line num="23" count="134" type="stmt"/>
        <line num="24" count="16" type="stmt"/>
        <line num="25" count="16" type="stmt"/>
        <line num="28" count="16" type="stmt"/>
        <line num="29" count="16" type="stmt"/>
        <line num="30" count="16" type="stmt"/>
        <line num="31" count="16" type="stmt"/>
        <line num="32" count="16" type="stmt"/>
        <line num="33" count="16" type="stmt"/>
        <line num="36" count="16" type="stmt"/>
        <line num="37" count="16" type="stmt"/>
        <line num="38" count="16" type="stmt"/>
        <line num="39" count="16" type="stmt"/>
        <line num="40" count="16" type="stmt"/>
        <line num="41" count="16" type="stmt"/>
        <line num="42" count="16" type="stmt"/>
        <line num="45" count="16" type="stmt"/>
        <line num="46" count="16" type="stmt"/>
        <line num="47" count="16" type="stmt"/>
        <line num="48" count="16" type="stmt"/>
        <line num="49" count="16" type="stmt"/>
        <line num="52" count="16" type="stmt"/>
        <line num="53" count="16" type="stmt"/>
      </file>
    </package>
    <package name="bkdocs-frontend.app">
      <metrics statements="24" coveredstatements="9" conditionals="16" coveredconditionals="9" methods="6" coveredmethods="1"/>
      <file name="_layout.tsx" path="D:\bkdocs-frontend\app\_layout.tsx">
        <metrics statements="10" coveredstatements="9" conditionals="10" coveredconditionals="9" methods="2" coveredmethods="1"/>
        <line num="20" count="1" type="stmt"/>
        <line num="45" count="1" type="stmt"/>
        <line num="48" count="8" type="stmt"/>
        <line num="49" count="8" type="stmt"/>
        <line num="50" count="8" type="stmt"/>
        <line num="52" count="8" type="cond" truecount="4" falsecount="0"/>
        <line num="53" count="2" type="stmt"/>
        <line num="58" count="6" type="stmt"/>
        <line num="89" count="0" type="stmt"/>
        <line num="113" count="6" type="stmt"/>
      </file>
      <file name="index.tsx" path="D:\bkdocs-frontend\app\index.tsx">
        <metrics statements="4" coveredstatements="0" conditionals="4" coveredconditionals="0" methods="1" coveredmethods="0"/>
        <line num="8" count="0" type="stmt"/>
        <line num="10" count="0" type="cond" truecount="0" falsecount="2"/>
        <line num="11" count="0" type="stmt"/>
        <line num="14" count="0" type="cond" truecount="0" falsecount="2"/>
      </file>
      <file name="server-error.tsx" path="D:\bkdocs-frontend\app\server-error.tsx">
        <metrics statements="10" coveredstatements="0" conditionals="2" coveredconditionals="0" methods="3" coveredmethods="0"/>
        <line num="9" count="0" type="stmt"/>
        <line num="10" count="0" type="stmt"/>
        <line num="12" count="0" type="stmt"/>
        <line num="13" count="0" type="cond" truecount="0" falsecount="2"/>
        <line num="14" count="0" type="stmt"/>
        <line num="20" count="0" type="stmt"/>
        <line num="21" count="0" type="stmt"/>
        <line num="22" count="0" type="stmt"/>
        <line num="26" count="0" type="stmt"/>
        <line num="30" count="0" type="stmt"/>
      </file>
    </package>
    <package name="bkdocs-frontend.app.(app)">
      <metrics statements="1" coveredstatements="0" conditionals="0" coveredconditionals="0" methods="1" coveredmethods="0"/>
      <file name="_layout.tsx" path="D:\bkdocs-frontend\app\(app)\_layout.tsx">
        <metrics statements="1" coveredstatements="0" conditionals="0" coveredconditionals="0" methods="1" coveredmethods="0"/>
        <line num="5" count="0" type="stmt"/>
      </file>
    </package>
    <package name="bkdocs-frontend.app.(app).(tabs)">
      <metrics statements="32" coveredstatements="27" conditionals="30" coveredconditionals="17" methods="8" coveredmethods="3"/>
      <file name="_layout.tsx" path="D:\bkdocs-frontend\app\(app)\(tabs)\_layout.tsx">
        <metrics statements="32" coveredstatements="27" conditionals="30" coveredconditionals="17" methods="8" coveredmethods="3"/>
        <line num="12" count="8" type="stmt"/>
        <line num="13" count="8" type="cond" truecount="2" falsecount="0"/>
        <line num="14" count="8" type="stmt"/>
        <line num="16" count="8" type="stmt"/>
        <line num="17" count="4" type="stmt"/>
        <line num="21" count="4" type="cond" truecount="4" falsecount="0"/>
        <line num="22" count="3" type="stmt"/>
        <line num="23" count="3" type="stmt"/>
        <line num="25" count="3" type="stmt"/>
        <line num="27" count="3" type="cond" truecount="4" falsecount="0"/>
        <line num="28" count="2" type="stmt"/>
        <line num="29" count="2" type="cond" truecount="1" falsecount="1"/>
        <line num="30" count="2" type="stmt"/>
        <line num="31" count="2" type="stmt"/>
        <line num="33" count="2" type="stmt"/>
        <line num="34" count="2" type="stmt"/>
        <line num="36" count="1" type="stmt"/>
        <line num="37" count="1" type="stmt"/>
        <line num="39" count="1" type="stmt"/>
        <line num="40" count="1" type="stmt"/>
        <line num="41" count="1" type="stmt"/>
        <line num="45" count="2" type="stmt"/>
        <line num="51" count="2" type="stmt"/>
        <line num="52" count="2" type="stmt"/>
        <line num="56" count="8" type="stmt"/>
        <line num="91" count="0" type="cond" truecount="0" falsecount="2"/>
        <line num="100" count="0" type="cond" truecount="0" falsecount="2"/>
        <line num="109" count="0" type="cond" truecount="0" falsecount="2"/>
        <line num="114" count="4" type="stmt"/>
        <line num="115" count="4" type="stmt"/>
        <line num="124" count="0" type="cond" truecount="0" falsecount="2"/>
        <line num="133" count="0" type="cond" truecount="0" falsecount="2"/>
      </file>
    </package>
    <package name="bkdocs-frontend.app.(app).(tabs).home">
      <metrics statements="91" coveredstatements="76" conditionals="60" coveredconditionals="44" methods="28" coveredmethods="23"/>
      <file name="_layout.tsx" path="D:\bkdocs-frontend\app\(app)\(tabs)\home\_layout.tsx">
        <metrics statements="1" coveredstatements="0" conditionals="0" coveredconditionals="0" methods="1" coveredmethods="0"/>
        <line num="5" count="0" type="stmt"/>
      </file>
      <file name="index.tsx" path="D:\bkdocs-frontend\app\(app)\(tabs)\home\index.tsx">
        <metrics statements="90" coveredstatements="76" conditionals="60" coveredconditionals="44" methods="27" coveredmethods="23"/>
        <line num="20" count="1" type="stmt"/>
        <line num="56" count="1" type="stmt"/>
        <line num="58" count="1" type="stmt"/>
        <line num="76" count="69" type="stmt"/>
        <line num="78" count="69" type="stmt"/>
        <line num="79" count="69" type="stmt"/>
        <line num="81" count="69" type="stmt"/>
        <line num="82" count="69" type="cond" truecount="2" falsecount="0"/>
        <line num="84" count="69" type="stmt"/>
        <line num="85" count="2" type="cond" truecount="2" falsecount="0"/>
        <line num="86" count="1" type="stmt"/>
        <line num="88" count="0" type="stmt"/>
        <line num="92" count="1" type="stmt"/>
        <line num="94" count="0" type="stmt"/>
        <line num="102" count="69" type="cond" truecount="2" falsecount="0"/>
        <line num="103" count="96" type="cond" truecount="1" falsecount="1"/>
        <line num="107" count="69" type="cond" truecount="2" falsecount="0"/>
        <line num="108" count="6" type="stmt"/>
        <line num="111" count="63" type="stmt"/>
        <line num="135" count="84" type="stmt"/>
        <line num="154" count="69" type="stmt"/>
        <line num="155" count="69" type="stmt"/>
        <line num="156" count="69" type="stmt"/>
        <line num="158" count="69" type="stmt"/>
        <line num="159" count="69" type="stmt"/>
        <line num="160" count="69" type="stmt"/>
        <line num="161" count="69" type="stmt"/>
        <line num="163" count="69" type="stmt"/>
        <line num="164" count="69" type="cond" truecount="1" falsecount="1"/>
        <line num="166" count="69" type="stmt"/>
        <line num="167" count="69" type="stmt"/>
        <line num="169" count="69" type="stmt"/>
        <line num="170" count="69" type="stmt"/>
        <line num="173" count="69" type="stmt"/>
        <line num="175" count="23" type="stmt"/>
        <line num="176" count="23" type="stmt"/>
        <line num="177" count="23" type="stmt"/>
        <line num="178" count="23" type="stmt"/>
        <line num="180" count="23" type="stmt"/>
        <line num="182" count="23" type="stmt"/>
        <line num="183" count="23" type="cond" truecount="2" falsecount="0"/>
        <line num="187" count="23" type="cond" truecount="1" falsecount="1"/>
        <line num="188" count="0" type="stmt"/>
        <line num="189" count="0" type="stmt"/>
        <line num="190" count="0" type="stmt"/>
        <line num="193" count="23" type="stmt"/>
        <line num="203" count="23" type="stmt"/>
        <line num="206" count="0" type="stmt"/>
        <line num="207" count="0" type="stmt"/>
        <line num="209" count="23" type="stmt"/>
        <line num="213" count="23" type="stmt"/>
        <line num="217" count="69" type="stmt"/>
        <line num="218" count="69" type="stmt"/>
        <line num="219" count="69" type="stmt"/>
        <line num="220" count="69" type="stmt"/>
        <line num="222" count="69" type="stmt"/>
        <line num="223" count="0" type="stmt"/>
        <line num="230" count="69" type="stmt"/>
        <line num="233" count="0" type="stmt"/>
        <line num="234" count="0" type="stmt"/>
        <line num="235" count="0" type="stmt"/>
        <line num="236" count="0" type="stmt"/>
        <line num="241" count="0" type="stmt"/>
        <line num="243" count="0" type="stmt"/>
        <line num="250" count="69" type="stmt"/>
        <line num="252" count="23" type="cond" truecount="1" falsecount="1"/>
        <line num="254" count="23" type="stmt"/>
        <line num="256" count="23" type="stmt"/>
        <line num="257" count="23" type="stmt"/>
        <line num="258" count="23" type="stmt"/>
        <line num="259" count="23" type="stmt"/>
        <line num="261" count="23" type="stmt"/>
        <line num="262" count="23" type="stmt"/>
        <line num="264" count="23" type="cond" truecount="1" falsecount="1"/>
        <line num="265" count="22" type="cond" truecount="1" falsecount="1"/>
        <line num="268" count="23" type="stmt"/>
        <line num="272" count="23" type="cond" truecount="1" falsecount="1"/>
        <line num="273" count="23" type="stmt"/>
        <line num="276" count="23" type="cond" truecount="1" falsecount="1"/>
        <line num="280" count="23" type="stmt"/>
        <line num="281" count="23" type="stmt"/>
        <line num="286" count="69" type="stmt"/>
        <line num="324" count="1" type="stmt"/>
        <line num="336" count="1" type="stmt"/>
        <line num="346" count="1" type="stmt"/>
        <line num="356" count="1" type="stmt"/>
        <line num="371" count="1" type="stmt"/>
        <line num="384" count="1" type="stmt"/>
        <line num="420" count="23" type="stmt"/>
        <line num="444" count="69" type="stmt"/>
      </file>
    </package>
    <package name="bkdocs-frontend.app.(app).(tabs).home.profile.[id]">
      <metrics statements="10" coveredstatements="0" conditionals="4" coveredconditionals="0" methods="5" coveredmethods="0"/>
      <file name="index.tsx" path="D:\bkdocs-frontend\app\(app)\(tabs)\home\profile\[id]\index.tsx">
        <metrics statements="10" coveredstatements="0" conditionals="4" coveredconditionals="0" methods="5" coveredmethods="0"/>
        <line num="11" count="0" type="stmt"/>
        <line num="12" count="0" type="cond" truecount="0" falsecount="4"/>
        <line num="13" count="0" type="stmt"/>
        <line num="14" count="0" type="stmt"/>
        <line num="16" count="0" type="stmt"/>
        <line num="18" count="0" type="stmt"/>
        <line num="22" count="0" type="stmt"/>
        <line num="37" count="0" type="stmt"/>
        <line num="113" count="0" type="stmt"/>
        <line num="115" count="0" type="stmt"/>
      </file>
    </package>
    <package name="bkdocs-frontend.app.(app).(tabs).notification">
      <metrics statements="58" coveredstatements="0" conditionals="34" coveredconditionals="0" methods="14" coveredmethods="0"/>
      <file name="index.tsx" path="D:\bkdocs-frontend\app\(app)\(tabs)\notification\index.tsx">
        <metrics statements="58" coveredstatements="0" conditionals="34" coveredconditionals="0" methods="14" coveredmethods="0"/>
        <line num="13" count="0" type="stmt"/>
        <line num="57" count="0" type="stmt"/>
        <line num="58" count="0" type="stmt"/>
        <line num="59" count="0" type="stmt"/>
        <line num="60" count="0" type="stmt"/>
        <line num="61" count="0" type="stmt"/>
        <line num="62" count="0" type="stmt"/>
        <line num="64" count="0" type="stmt"/>
        <line num="65" count="0" type="stmt"/>
        <line num="66" count="0" type="stmt"/>
        <line num="68" count="0" type="stmt"/>
        <line num="74" count="0" type="stmt"/>
        <line num="78" count="0" type="stmt"/>
        <line num="79" count="0" type="stmt"/>
        <line num="81" count="0" type="stmt"/>
        <line num="84" count="0" type="cond" truecount="0" falsecount="2"/>
        <line num="86" count="0" type="cond" truecount="0" falsecount="2"/>
        <line num="87" count="0" type="stmt"/>
        <line num="89" count="0" type="cond" truecount="0" falsecount="2"/>
        <line num="91" count="0" type="stmt"/>
        <line num="92" count="0" type="stmt"/>
        <line num="93" count="0" type="stmt"/>
        <line num="95" count="0" type="stmt"/>
        <line num="99" count="0" type="stmt"/>
        <line num="101" count="0" type="stmt"/>
        <line num="102" count="0" type="stmt"/>
        <line num="103" count="0" type="stmt"/>
        <line num="107" count="0" type="stmt"/>
        <line num="108" count="0" type="stmt"/>
        <line num="111" count="0" type="stmt"/>
        <line num="112" count="0" type="stmt"/>
        <line num="113" count="0" type="stmt"/>
        <line num="116" count="0" type="stmt"/>
        <line num="117" count="0" type="stmt"/>
        <line num="118" count="0" type="cond" truecount="0" falsecount="2"/>
        <line num="124" count="0" type="stmt"/>
        <line num="128" count="0" type="stmt"/>
        <line num="129" count="0" type="stmt"/>
        <line num="130" count="0" type="stmt"/>
        <line num="131" count="0" type="stmt"/>
        <line num="132" count="0" type="stmt"/>
        <line num="133" count="0" type="stmt"/>
        <line num="134" count="0" type="stmt"/>
        <line num="135" count="0" type="stmt"/>
        <line num="137" count="0" type="cond" truecount="0" falsecount="2"/>
        <line num="138" count="0" type="cond" truecount="0" falsecount="2"/>
        <line num="139" count="0" type="cond" truecount="0" falsecount="2"/>
        <line num="140" count="0" type="cond" truecount="0" falsecount="2"/>
        <line num="142" count="0" type="stmt"/>
        <line num="148" count="0" type="stmt"/>
        <line num="152" count="0" type="stmt"/>
        <line num="172" count="0" type="stmt"/>
        <line num="186" count="0" type="stmt"/>
        <line num="190" count="0" type="cond" truecount="0" falsecount="2"/>
        <line num="191" count="0" type="stmt"/>
        <line num="194" count="0" type="cond" truecount="0" falsecount="2"/>
        <line num="195" count="0" type="stmt"/>
        <line num="229" count="0" type="stmt"/>
      </file>
    </package>
    <package name="bkdocs-frontend.app.(app).(tabs).profile">
      <metrics statements="4" coveredstatements="1" conditionals="0" coveredconditionals="0" methods="5" coveredmethods="1"/>
      <file name="_layout.tsx" path="D:\bkdocs-frontend\app\(app)\(tabs)\profile\_layout.tsx">
        <metrics statements="1" coveredstatements="0" conditionals="0" coveredconditionals="0" methods="1" coveredmethods="0"/>
        <line num="5" count="0" type="stmt"/>
      </file>
      <file name="edit.tsx" path="D:\bkdocs-frontend\app\(app)\(tabs)\profile\edit.tsx">
        <metrics statements="1" coveredstatements="1" conditionals="0" coveredconditionals="0" methods="1" coveredmethods="1"/>
        <line num="4" count="6" type="stmt"/>
      </file>
      <file name="following.tsx" path="D:\bkdocs-frontend\app\(app)\(tabs)\profile\following.tsx">
        <metrics statements="1" coveredstatements="0" conditionals="0" coveredconditionals="0" methods="2" coveredmethods="0"/>
        <line num="5" count="0" type="stmt"/>
      </file>
      <file name="index.tsx" path="D:\bkdocs-frontend\app\(app)\(tabs)\profile\index.tsx">
        <metrics statements="1" coveredstatements="0" conditionals="0" coveredconditionals="0" methods="1" coveredmethods="0"/>
        <line num="4" count="0" type="stmt"/>
      </file>
      <file name="me.tsx" path="D:\bkdocs-frontend\app\(app)\(tabs)\profile\me.tsx">
        <metrics statements="0" coveredstatements="0" conditionals="0" coveredconditionals="0" methods="0" coveredmethods="0"/>
      </file>
    </package>
    <package name="bkdocs-frontend.app.(app).(tabs).search">
      <metrics statements="3" coveredstatements="0" conditionals="0" coveredconditionals="0" methods="3" coveredmethods="0"/>
      <file name="_layout.tsx" path="D:\bkdocs-frontend\app\(app)\(tabs)\search\_layout.tsx">
        <metrics statements="1" coveredstatements="0" conditionals="0" coveredconditionals="0" methods="1" coveredmethods="0"/>
        <line num="5" count="0" type="stmt"/>
      </file>
      <file name="index.tsx" path="D:\bkdocs-frontend\app\(app)\(tabs)\search\index.tsx">
        <metrics statements="1" coveredstatements="0" conditionals="0" coveredconditionals="0" methods="1" coveredmethods="0"/>
        <line num="4" count="0" type="stmt"/>
      </file>
      <file name="result.tsx" path="D:\bkdocs-frontend\app\(app)\(tabs)\search\result.tsx">
        <metrics statements="1" coveredstatements="0" conditionals="0" coveredconditionals="0" methods="1" coveredmethods="0"/>
        <line num="4" count="0" type="stmt"/>
      </file>
    </package>
    <package name="bkdocs-frontend.app.(app).(tabs).upload">
      <metrics statements="1" coveredstatements="1" conditionals="0" coveredconditionals="0" methods="1" coveredmethods="1"/>
      <file name="index.tsx" path="D:\bkdocs-frontend\app\(app)\(tabs)\upload\index.tsx">
        <metrics statements="1" coveredstatements="1" conditionals="0" coveredconditionals="0" methods="1" coveredmethods="1"/>
        <line num="6" count="2" type="stmt"/>
      </file>
    </package>
    <package name="bkdocs-frontend.app.(app).admin.document-management">
      <metrics statements="10" coveredstatements="0" conditionals="4" coveredconditionals="0" methods="3" coveredmethods="0"/>
      <file name="index.tsx" path="D:\bkdocs-frontend\app\(app)\admin\document-management\index.tsx">
        <metrics statements="10" coveredstatements="0" conditionals="4" coveredconditionals="0" methods="3" coveredmethods="0"/>
        <line num="12" count="0" type="stmt"/>
        <line num="13" count="0" type="stmt"/>
        <line num="14" count="0" type="stmt"/>
        <line num="16" count="0" type="stmt"/>
        <line num="17" count="0" type="cond" truecount="0" falsecount="2"/>
        <line num="18" count="0" type="stmt"/>
        <line num="22" count="0" type="cond" truecount="0" falsecount="2"/>
        <line num="23" count="0" type="stmt"/>
        <line num="26" count="0" type="stmt"/>
        <line num="30" count="0" type="stmt"/>
      </file>
    </package>
    <package name="bkdocs-frontend.app.(app).admin.member-management">
      <metrics statements="10" coveredstatements="0" conditionals="4" coveredconditionals="0" methods="3" coveredmethods="0"/>
      <file name="index.tsx" path="D:\bkdocs-frontend\app\(app)\admin\member-management\index.tsx">
        <metrics statements="10" coveredstatements="0" conditionals="4" coveredconditionals="0" methods="3" coveredmethods="0"/>
        <line num="12" count="0" type="stmt"/>
        <line num="13" count="0" type="stmt"/>
        <line num="14" count="0" type="stmt"/>
        <line num="16" count="0" type="stmt"/>
        <line num="17" count="0" type="cond" truecount="0" falsecount="2"/>
        <line num="18" count="0" type="stmt"/>
        <line num="22" count="0" type="cond" truecount="0" falsecount="2"/>
        <line num="23" count="0" type="stmt"/>
        <line num="26" count="0" type="stmt"/>
        <line num="30" count="0" type="stmt"/>
      </file>
    </package>
    <package name="bkdocs-frontend.app.(app).all-comment">
      <metrics statements="35" coveredstatements="0" conditionals="16" coveredconditionals="0" methods="10" coveredmethods="0"/>
      <file name="index.tsx" path="D:\bkdocs-frontend\app\(app)\all-comment\index.tsx">
        <metrics statements="35" coveredstatements="0" conditionals="16" coveredconditionals="0" methods="10" coveredmethods="0"/>
        <line num="28" count="0" type="stmt"/>
        <line num="66" count="0" type="stmt"/>
        <line num="67" count="0" type="stmt"/>
        <line num="69" count="0" type="stmt"/>
        <line num="70" count="0" type="cond" truecount="0" falsecount="2"/>
        <line num="72" count="0" type="stmt"/>
        <line num="73" count="0" type="stmt"/>
        <line num="74" count="0" type="stmt"/>
        <line num="75" count="0" type="stmt"/>
        <line num="76" count="0" type="stmt"/>
        <line num="77" count="0" type="stmt"/>
        <line num="79" count="0" type="stmt"/>
        <line num="80" count="0" type="cond" truecount="0" falsecount="2"/>
        <line num="82" count="0" type="stmt"/>
        <line num="83" count="0" type="stmt"/>
        <line num="85" count="0" type="stmt"/>
        <line num="86" count="0" type="stmt"/>
        <line num="87" count="0" type="stmt"/>
        <line num="88" count="0" type="stmt"/>
        <line num="89" count="0" type="stmt"/>
        <line num="90" count="0" type="stmt"/>
        <line num="91" count="0" type="cond" truecount="0" falsecount="2"/>
        <line num="92" count="0" type="cond" truecount="0" falsecount="2"/>
        <line num="93" count="0" type="cond" truecount="0" falsecount="2"/>
        <line num="96" count="0" type="stmt"/>
        <line num="99" count="0" type="cond" truecount="0" falsecount="2"/>
        <line num="104" count="0" type="stmt"/>
        <line num="105" count="0" type="stmt"/>
        <line num="108" count="0" type="stmt"/>
        <line num="127" count="0" type="stmt"/>
        <line num="138" count="0" type="stmt"/>
        <line num="151" count="0" type="stmt"/>
        <line num="159" count="0" type="stmt"/>
        <line num="183" count="0" type="stmt"/>
        <line num="192" count="0" type="stmt"/>
      </file>
    </package>
    <package name="bkdocs-frontend.app.(app).chatbot">
      <metrics statements="72" coveredstatements="46" conditionals="80" coveredconditionals="54" methods="22" coveredmethods="14"/>
      <file name="index.tsx" path="D:\bkdocs-frontend\app\(app)\chatbot\index.tsx">
        <metrics statements="72" coveredstatements="46" conditionals="80" coveredconditionals="54" methods="22" coveredmethods="14"/>
        <line num="26" count="75" type="stmt"/>
        <line num="27" count="75" type="stmt"/>
        <line num="28" count="75" type="stmt"/>
        <line num="29" count="75" type="stmt"/>
        <line num="30" count="75" type="stmt"/>
        <line num="31" count="75" type="stmt"/>
        <line num="32" count="75" type="stmt"/>
        <line num="34" count="75" type="stmt"/>
        <line num="36" count="75" type="stmt"/>
        <line num="37" count="23" type="cond" truecount="4" falsecount="0"/>
        <line num="38" count="22" type="stmt"/>
        <line num="42" count="22" type="stmt"/>
        <line num="46" count="75" type="stmt"/>
        <line num="47" count="58" type="stmt"/>
        <line num="48" count="54" type="stmt"/>
        <line num="52" count="75" type="stmt"/>
        <line num="53" count="15" type="cond" truecount="4" falsecount="0"/>
        <line num="55" count="13" type="stmt"/>
        <line num="61" count="13" type="stmt"/>
        <line num="62" count="13" type="stmt"/>
        <line num="63" count="13" type="stmt"/>
        <line num="64" count="13" type="stmt"/>
        <line num="68" count="13" type="cond" truecount="2" falsecount="0"/>
        <line num="69" count="13" type="cond" truecount="2" falsecount="0"/>
        <line num="74" count="6" type="cond" truecount="5" falsecount="0"/>
        <line num="75" count="2" type="stmt"/>
        <line num="77" count="4" type="stmt"/>
        <line num="79" count="4" type="stmt"/>
        <line num="85" count="13" type="stmt"/>
        <line num="93" count="7" type="stmt"/>
        <line num="98" count="7" type="stmt"/>
        <line num="102" count="3" type="stmt"/>
        <line num="106" count="3" type="stmt"/>
        <line num="112" count="75" type="stmt"/>
        <line num="113" count="1" type="stmt"/>
        <line num="116" count="75" type="stmt"/>
        <line num="118" count="75" type="stmt"/>
        <line num="119" count="0" type="stmt"/>
        <line num="122" count="75" type="stmt"/>
        <line num="123" count="0" type="stmt"/>
        <line num="129" count="75" type="stmt"/>
        <line num="130" count="0" type="stmt"/>
        <line num="131" count="0" type="stmt"/>
        <line num="132" count="0" type="stmt"/>
        <line num="134" count="0" type="stmt"/>
        <line num="136" count="0" type="stmt"/>
        <line num="137" count="0" type="cond" truecount="0" falsecount="2"/>
        <line num="138" count="0" type="stmt"/>
        <line num="141" count="0" type="stmt"/>
        <line num="142" count="0" type="stmt"/>
        <line num="145" count="0" type="stmt"/>
        <line num="155" count="0" type="stmt"/>
        <line num="158" count="0" type="cond" truecount="0" falsecount="2"/>
        <line num="159" count="0" type="stmt"/>
        <line num="162" count="0" type="cond" truecount="0" falsecount="2"/>
        <line num="165" count="75" type="stmt"/>
        <line num="166" count="85" type="stmt"/>
        <line num="168" count="85" type="stmt"/>
        <line num="247" count="0" type="stmt"/>
        <line num="248" count="0" type="cond" truecount="0" falsecount="2"/>
        <line num="249" count="0" type="stmt"/>
        <line num="252" count="0" type="stmt"/>
        <line num="265" count="0" type="stmt"/>
        <line num="268" count="0" type="stmt"/>
        <line num="269" count="0" type="cond" truecount="0" falsecount="2"/>
        <line num="270" count="0" type="stmt"/>
        <line num="276" count="0" type="stmt"/>
        <line num="290" count="4" type="stmt"/>
        <line num="292" count="1" type="stmt"/>
        <line num="307" count="75" type="stmt"/>
        <line num="316" count="0" type="stmt"/>
        <line num="342" count="85" type="stmt"/>
      </file>
    </package>
    <package name="bkdocs-frontend.app.(app).doc-detail">
      <metrics statements="174" coveredstatements="152" conditionals="169" coveredconditionals="106" methods="40" coveredmethods="20"/>
      <file name="index.tsx" path="D:\bkdocs-frontend\app\(app)\doc-detail\index.tsx">
        <metrics statements="174" coveredstatements="152" conditionals="169" coveredconditionals="106" methods="40" coveredmethods="20"/>
        <line num="46" count="1" type="stmt"/>
        <line num="47" count="1" type="stmt"/>
        <line num="72" count="113" type="stmt"/>
        <line num="73" count="113" type="stmt"/>
        <line num="75" count="113" type="stmt"/>
        <line num="76" count="113" type="cond" truecount="1" falsecount="1"/>
        <line num="77" count="113" type="stmt"/>
        <line num="79" count="113" type="stmt"/>
        <line num="80" count="113" type="stmt"/>
        <line num="81" count="113" type="stmt"/>
        <line num="82" count="113" type="stmt"/>
        <line num="83" count="113" type="stmt"/>
        <line num="84" count="113" type="stmt"/>
        <line num="85" count="113" type="stmt"/>
        <line num="86" count="113" type="stmt"/>
        <line num="87" count="113" type="stmt"/>
        <line num="88" count="113" type="stmt"/>
        <line num="89" count="113" type="stmt"/>
        <line num="91" count="113" type="stmt"/>
        <line num="92" count="21" type="cond" truecount="1" falsecount="1"/>
        <line num="94" count="21" type="stmt"/>
        <line num="95" count="21" type="stmt"/>
        <line num="96" count="21" type="stmt"/>
        <line num="97" count="21" type="stmt"/>
        <line num="98" count="21" type="stmt"/>
        <line num="99" count="21" type="stmt"/>
        <line num="100" count="21" type="cond" truecount="1" falsecount="1"/>
        <line num="102" count="21" type="cond" truecount="1" falsecount="1"/>
        <line num="106" count="21" type="stmt"/>
        <line num="107" count="21" type="stmt"/>
        <line num="111" count="113" type="stmt"/>
        <line num="112" count="113" type="cond" truecount="2" falsecount="0"/>
        <line num="114" count="12" type="stmt"/>
        <line num="135" count="12" type="stmt"/>
        <line num="136" count="12" type="cond" truecount="1" falsecount="1"/>
        <line num="137" count="12" type="stmt"/>
        <line num="138" count="12" type="stmt"/>
        <line num="142" count="12" type="stmt"/>
        <line num="171" count="0" type="stmt"/>
        <line num="178" count="113" type="stmt"/>
        <line num="179" count="21" type="stmt"/>
        <line num="181" count="21" type="cond" truecount="2" falsecount="2"/>
        <line num="182" count="0" type="stmt"/>
        <line num="185" count="21" type="cond" truecount="2" falsecount="2"/>
        <line num="186" count="0" type="stmt"/>
        <line num="187" count="0" type="cond" truecount="0" falsecount="5"/>
        <line num="188" count="0" type="stmt"/>
        <line num="193" count="21" type="stmt"/>
        <line num="196" count="113" type="stmt"/>
        <line num="197" count="3" type="stmt"/>
        <line num="210" count="3" type="cond" truecount="1" falsecount="1"/>
        <line num="213" count="113" type="stmt"/>
        <line num="214" count="21" type="cond" truecount="1" falsecount="1"/>
        <line num="216" count="21" type="stmt"/>
        <line num="217" count="21" type="stmt"/>
        <line num="218" count="21" type="stmt"/>
        <line num="219" count="21" type="stmt"/>
        <line num="220" count="21" type="stmt"/>
        <line num="222" count="21" type="cond" truecount="1" falsecount="1"/>
        <line num="224" count="21" type="cond" truecount="1" falsecount="1"/>
        <line num="225" count="21" type="stmt"/>
        <line num="227" count="21" type="cond" truecount="1" falsecount="1"/>
        <line num="228" count="21" type="stmt"/>
        <line num="230" count="21" type="cond" truecount="3" falsecount="1"/>
        <line num="231" count="21" type="stmt"/>
        <line num="232" count="0" type="stmt"/>
        <line num="234" count="21" type="stmt"/>
        <line num="238" count="21" type="cond" truecount="1" falsecount="1"/>
        <line num="242" count="21" type="stmt"/>
        <line num="243" count="21" type="stmt"/>
        <line num="248" count="113" type="stmt"/>
        <line num="250" count="113" type="stmt"/>
        <line num="251" count="113" type="stmt"/>
        <line num="252" count="113" type="stmt"/>
        <line num="253" count="113" type="stmt"/>
        <line num="256" count="113" type="cond" truecount="2" falsecount="2"/>
        <line num="262" count="113" type="cond" truecount="2" falsecount="0"/>
        <line num="263" count="113" type="cond" truecount="1" falsecount="1"/>
        <line num="265" count="113" type="stmt"/>
        <line num="266" count="113" type="cond" truecount="1" falsecount="1"/>
        <line num="269" count="113" type="stmt"/>
        <line num="278" count="3" type="stmt"/>
        <line num="279" count="3" type="stmt"/>
        <line num="281" count="3" type="stmt"/>
        <line num="282" count="3" type="cond" truecount="2" falsecount="0"/>
        <line num="284" count="2" type="stmt"/>
        <line num="286" count="1" type="stmt"/>
        <line num="290" count="1" type="stmt"/>
        <line num="294" count="1" type="stmt"/>
        <line num="296" count="1" type="stmt"/>
        <line num="300" count="113" type="stmt"/>
        <line num="301" count="6" type="cond" truecount="1" falsecount="1"/>
        <line num="302" count="6" type="stmt"/>
        <line num="303" count="6" type="stmt"/>
        <line num="304" count="6" type="stmt"/>
        <line num="305" count="6" type="stmt"/>
        <line num="307" count="0" type="stmt"/>
        <line num="311" count="113" type="stmt"/>
        <line num="312" count="8" type="cond" truecount="1" falsecount="1"/>
        <line num="313" count="8" type="cond" truecount="1" falsecount="1"/>
        <line num="315" count="8" type="stmt"/>
        <line num="317" count="8" type="stmt"/>
        <line num="318" count="8" type="stmt"/>
        <line num="319" count="7" type="stmt"/>
        <line num="322" count="7" type="cond" truecount="8" falsecount="0"/>
        <line num="329" count="7" type="cond" truecount="4" falsecount="0"/>
        <line num="330" count="1" type="stmt"/>
        <line num="331" count="1" type="stmt"/>
        <line num="334" count="6" type="cond" truecount="2" falsecount="0"/>
        <line num="338" count="6" type="stmt"/>
        <line num="339" count="6" type="cond" truecount="1" falsecount="1"/>
        <line num="341" count="6" type="stmt"/>
        <line num="343" count="6" type="cond" truecount="1" falsecount="1"/>
        <line num="344" count="0" type="stmt"/>
        <line num="347" count="6" type="stmt"/>
        <line num="348" count="6" type="stmt"/>
        <line num="349" count="6" type="stmt"/>
        <line num="351" count="6" type="cond" truecount="2" falsecount="0"/>
        <line num="352" count="3" type="stmt"/>
        <line num="353" count="3" type="stmt"/>
        <line num="355" count="3" type="cond" truecount="2" falsecount="0"/>
        <line num="356" count="1" type="stmt"/>
        <line num="357" count="1" type="stmt"/>
        <line num="358" count="2" type="cond" truecount="2" falsecount="0"/>
        <line num="359" count="1" type="stmt"/>
        <line num="360" count="1" type="stmt"/>
        <line num="362" count="1" type="stmt"/>
        <line num="363" count="1" type="stmt"/>
        <line num="365" count="3" type="stmt"/>
        <line num="367" count="3" type="cond" truecount="2" falsecount="0"/>
        <line num="368" count="2" type="stmt"/>
        <line num="370" count="1" type="stmt"/>
        <line num="372" count="3" type="stmt"/>
        <line num="375" count="1" type="stmt"/>
        <line num="376" count="1" type="stmt"/>
        <line num="378" count="8" type="stmt"/>
        <line num="382" count="113" type="stmt"/>
        <line num="384" count="113" type="cond" truecount="1" falsecount="1"/>
        <line num="386" count="113" type="stmt"/>
        <line num="387" count="113" type="stmt"/>
        <line num="388" count="113" type="stmt"/>
        <line num="390" count="113" type="stmt"/>
        <line num="391" count="113" type="cond" truecount="1" falsecount="1"/>
        <line num="392" count="113" type="stmt"/>
        <line num="395" count="113" type="stmt"/>
        <line num="396" count="113" type="stmt"/>
        <line num="397" count="113" type="cond" truecount="1" falsecount="1"/>
        <line num="398" count="113" type="cond" truecount="1" falsecount="1"/>
        <line num="399" count="113" type="stmt"/>
        <line num="401" count="113" type="cond" truecount="1" falsecount="1"/>
        <line num="402" count="113" type="stmt"/>
        <line num="404" count="113" type="cond" truecount="3" falsecount="1"/>
        <line num="405" count="113" type="stmt"/>
        <line num="406" count="0" type="stmt"/>
        <line num="408" count="113" type="stmt"/>
        <line num="412" count="113" type="cond" truecount="1" falsecount="1"/>
        <line num="416" count="113" type="stmt"/>
        <line num="417" count="0" type="stmt"/>
        <line num="422" count="113" type="stmt"/>
        <line num="443" count="0" type="stmt"/>
        <line num="450" count="0" type="stmt"/>
        <line num="471" count="0" type="stmt"/>
        <line num="472" count="0" type="stmt"/>
        <line num="474" count="134" type="stmt"/>
        <line num="476" count="113" type="stmt"/>
        <line num="535" count="0" type="stmt"/>
        <line num="547" count="2" type="stmt"/>
        <line num="583" count="0" type="stmt"/>
        <line num="607" count="0" type="stmt"/>
        <line num="621" count="0" type="stmt"/>
        <line num="634" count="0" type="stmt"/>
        <line num="642" count="0" type="stmt"/>
        <line num="676" count="0" type="stmt"/>
        <line num="685" count="0" type="stmt"/>
      </file>
    </package>
    <package name="bkdocs-frontend.app.(app).faculty">
      <metrics statements="1" coveredstatements="0" conditionals="0" coveredconditionals="0" methods="1" coveredmethods="0"/>
      <file name="index.tsx" path="D:\bkdocs-frontend\app\(app)\faculty\index.tsx">
        <metrics statements="1" coveredstatements="0" conditionals="0" coveredconditionals="0" methods="1" coveredmethods="0"/>
        <line num="5" count="0" type="stmt"/>
      </file>
    </package>
    <package name="bkdocs-frontend.app.(app).following">
      <metrics statements="2" coveredstatements="0" conditionals="0" coveredconditionals="0" methods="2" coveredmethods="0"/>
      <file name="index.tsx" path="D:\bkdocs-frontend\app\(app)\following\index.tsx">
        <metrics statements="2" coveredstatements="0" conditionals="0" coveredconditionals="0" methods="2" coveredmethods="0"/>
        <line num="5" count="0" type="stmt"/>
        <line num="6" count="0" type="stmt"/>
      </file>
    </package>
    <package name="bkdocs-frontend.app.(app).notification-detail">
      <metrics statements="19" coveredstatements="0" conditionals="8" coveredconditionals="0" methods="4" coveredmethods="0"/>
      <file name="index.tsx" path="D:\bkdocs-frontend\app\(app)\notification-detail\index.tsx">
        <metrics statements="19" coveredstatements="0" conditionals="8" coveredconditionals="0" methods="4" coveredmethods="0"/>
        <line num="10" count="0" type="stmt"/>
        <line num="11" count="0" type="stmt"/>
        <line num="13" count="0" type="stmt"/>
        <line num="14" count="0" type="cond" truecount="0" falsecount="2"/>
        <line num="16" count="0" type="stmt"/>
        <line num="18" count="0" type="stmt"/>
        <line num="19" count="0" type="stmt"/>
        <line num="20" count="0" type="cond" truecount="0" falsecount="2"/>
        <line num="21" count="0" type="stmt"/>
        <line num="23" count="0" type="stmt"/>
        <line num="25" count="0" type="stmt"/>
        <line num="28" count="0" type="stmt"/>
        <line num="30" count="0" type="stmt"/>
        <line num="31" count="0" type="stmt"/>
        <line num="32" count="0" type="stmt"/>
        <line num="33" count="0" type="stmt"/>
        <line num="41" count="0" type="stmt"/>
        <line num="45" count="0" type="stmt"/>
        <line num="59" count="0" type="stmt"/>
      </file>
    </package>
    <package name="bkdocs-frontend.app.(app).pdf-viewer">
      <metrics statements="47" coveredstatements="40" conditionals="28" coveredconditionals="24" methods="8" coveredmethods="6"/>
      <file name="index.tsx" path="D:\bkdocs-frontend\app\(app)\pdf-viewer\index.tsx">
        <metrics statements="47" coveredstatements="40" conditionals="28" coveredconditionals="24" methods="8" coveredmethods="6"/>
        <line num="12" count="22" type="stmt"/>
        <line num="13" count="22" type="stmt"/>
        <line num="15" count="22" type="stmt"/>
        <line num="16" count="22" type="cond" truecount="2" falsecount="0"/>
        <line num="17" count="22" type="cond" truecount="4" falsecount="0"/>
        <line num="19" count="22" type="stmt"/>
        <line num="20" count="22" type="stmt"/>
        <line num="21" count="22" type="stmt"/>
        <line num="23" count="22" type="stmt"/>
        <line num="24" count="11" type="stmt"/>
        <line num="25" count="11" type="cond" truecount="2" falsecount="0"/>
        <line num="26" count="2" type="stmt"/>
        <line num="27" count="2" type="stmt"/>
        <line num="28" count="2" type="stmt"/>
        <line num="31" count="9" type="stmt"/>
        <line num="33" count="9" type="stmt"/>
        <line num="34" count="9" type="cond" truecount="2" falsecount="0"/>
        <line num="35" count="3" type="cond" truecount="2" falsecount="0"/>
        <line num="36" count="1" type="stmt"/>
        <line num="37" count="1" type="stmt"/>
        <line num="39" count="2" type="stmt"/>
        <line num="41" count="2" type="cond" truecount="2" falsecount="0"/>
        <line num="42" count="1" type="stmt"/>
        <line num="43" count="1" type="stmt"/>
        <line num="44" count="1" type="stmt"/>
        <line num="47" count="1" type="stmt"/>
        <line num="49" count="1" type="stmt"/>
        <line num="50" count="1" type="stmt"/>
        <line num="51" count="1" type="stmt"/>
        <line num="54" count="6" type="stmt"/>
        <line num="57" count="6" type="stmt"/>
        <line num="60" count="0" type="stmt"/>
        <line num="61" count="0" type="stmt"/>
        <line num="62" count="0" type="stmt"/>
        <line num="66" count="11" type="stmt"/>
        <line num="69" count="22" type="cond" truecount="2" falsecount="0"/>
        <line num="70" count="3" type="stmt"/>
        <line num="76" count="1" type="stmt"/>
        <line num="86" count="19" type="stmt"/>
        <line num="101" count="1" type="stmt"/>
        <line num="133" count="0" type="stmt"/>
        <line num="135" count="0" type="stmt"/>
        <line num="136" count="0" type="stmt"/>
        <line num="137" count="0" type="stmt"/>
        <line num="155" count="1" type="cond" truecount="1" falsecount="1"/>
        <line num="156" count="1" type="cond" truecount="1" falsecount="1"/>
        <line num="158" count="1" type="stmt"/>
      </file>
    </package>
    <package name="bkdocs-frontend.app.(app).profile.[id]">
      <metrics statements="43" coveredstatements="40" conditionals="58" coveredconditionals="37" methods="14" coveredmethods="14"/>
      <file name="index.tsx" path="D:\bkdocs-frontend\app\(app)\profile\[id]\index.tsx">
        <metrics statements="43" coveredstatements="40" conditionals="58" coveredconditionals="37" methods="14" coveredmethods="14"/>
        <line num="14" count="14" type="stmt"/>
        <line num="15" count="14" type="cond" truecount="1" falsecount="3"/>
        <line num="16" count="14" type="stmt"/>
        <line num="17" count="14" type="stmt"/>
        <line num="18" count="14" type="stmt"/>
        <line num="20" count="14" type="stmt"/>
        <line num="27" count="14" type="stmt"/>
        <line num="28" count="14" type="stmt"/>
        <line num="30" count="14" type="stmt"/>
        <line num="31" count="14" type="cond" truecount="1" falsecount="1"/>
        <line num="34" count="14" type="stmt"/>
        <line num="35" count="14" type="cond" truecount="2" falsecount="0"/>
        <line num="36" count="14" type="stmt"/>
        <line num="38" count="14" type="stmt"/>
        <line num="39" count="2" type="stmt"/>
        <line num="41" count="1" type="stmt"/>
        <line num="46" count="14" type="stmt"/>
        <line num="47" count="1" type="cond" truecount="3" falsecount="1"/>
        <line num="48" count="1" type="stmt"/>
        <line num="52" count="14" type="stmt"/>
        <line num="53" count="13" type="cond" truecount="1" falsecount="1"/>
        <line num="54" count="13" type="stmt"/>
        <line num="55" count="13" type="cond" truecount="2" falsecount="0"/>
        <line num="56" count="3" type="cond" truecount="3" falsecount="1"/>
        <line num="57" count="0" type="cond" truecount="0" falsecount="4"/>
        <line num="58" count="0" type="cond" truecount="0" falsecount="4"/>
        <line num="59" count="0" type="stmt"/>
        <line num="62" count="14" type="stmt"/>
        <line num="63" count="12" type="stmt"/>
        <line num="166" count="14" type="stmt"/>
        <line num="167" count="12" type="cond" truecount="2" falsecount="0"/>
        <line num="168" count="1" type="stmt"/>
        <line num="175" count="14" type="stmt"/>
        <line num="176" count="1" type="cond" truecount="1" falsecount="1"/>
        <line num="177" count="1" type="stmt"/>
        <line num="186" count="14" type="cond" truecount="2" falsecount="0"/>
        <line num="187" count="2" type="stmt"/>
        <line num="191" count="1" type="stmt"/>
        <line num="220" count="12" type="stmt"/>
        <line num="224" count="1" type="stmt"/>
        <line num="240" count="1" type="stmt"/>
        <line num="254" count="25" type="stmt"/>
        <line num="264" count="13" type="stmt"/>
      </file>
    </package>
    <package name="bkdocs-frontend.app.(app).saved-doc">
      <metrics statements="27" coveredstatements="0" conditionals="4" coveredconditionals="0" methods="7" coveredmethods="0"/>
      <file name="index.tsx" path="D:\bkdocs-frontend\app\(app)\saved-doc\index.tsx">
        <metrics statements="27" coveredstatements="0" conditionals="4" coveredconditionals="0" methods="7" coveredmethods="0"/>
        <line num="23" count="0" type="stmt"/>
        <line num="25" count="0" type="stmt"/>
        <line num="26" count="0" type="stmt"/>
        <line num="27" count="0" type="stmt"/>
        <line num="29" count="0" type="stmt"/>
        <line num="31" count="0" type="stmt"/>
        <line num="32" count="0" type="stmt"/>
        <line num="34" count="0" type="stmt"/>
        <line num="35" count="0" type="stmt"/>
        <line num="36" count="0" type="stmt"/>
        <line num="38" count="0" type="stmt"/>
        <line num="40" count="0" type="stmt"/>
        <line num="41" count="0" type="stmt"/>
        <line num="42" count="0" type="stmt"/>
        <line num="43" count="0" type="stmt"/>
        <line num="45" count="0" type="stmt"/>
        <line num="46" count="0" type="stmt"/>
        <line num="50" count="0" type="stmt"/>
        <line num="52" count="0" type="cond" truecount="0" falsecount="2"/>
        <line num="53" count="0" type="stmt"/>
        <line num="56" count="0" type="cond" truecount="0" falsecount="2"/>
        <line num="60" count="0" type="stmt"/>
        <line num="62" count="0" type="stmt"/>
        <line num="63" count="0" type="stmt"/>
        <line num="67" count="0" type="stmt"/>
        <line num="83" count="0" type="stmt"/>
        <line num="94" count="0" type="stmt"/>
      </file>
    </package>
    <package name="bkdocs-frontend.app.(app).select-faculty">
      <metrics statements="31" coveredstatements="0" conditionals="10" coveredconditionals="0" methods="21" coveredmethods="0"/>
      <file name="index.tsx" path="D:\bkdocs-frontend\app\(app)\select-faculty\index.tsx">
        <metrics statements="31" coveredstatements="0" conditionals="10" coveredconditionals="0" methods="21" coveredmethods="0"/>
        <line num="13" count="0" type="stmt"/>
        <line num="14" count="0" type="stmt"/>
        <line num="17" count="0" type="stmt"/>
        <line num="19" count="0" type="stmt"/>
        <line num="20" count="0" type="stmt"/>
        <line num="21" count="0" type="stmt"/>
        <line num="23" count="0" type="stmt"/>
        <line num="24" count="0" type="stmt"/>
        <line num="25" count="0" type="stmt"/>
        <line num="29" count="0" type="stmt"/>
        <line num="30" count="0" type="cond" truecount="0" falsecount="2"/>
        <line num="33" count="0" type="stmt"/>
        <line num="34" count="0" type="stmt"/>
        <line num="38" count="0" type="stmt"/>
        <line num="40" count="0" type="stmt"/>
        <line num="41" count="0" type="stmt"/>
        <line num="44" count="0" type="stmt"/>
        <line num="45" count="0" type="stmt"/>
        <line num="46" count="0" type="cond" truecount="0" falsecount="2"/>
        <line num="47" count="0" type="stmt"/>
        <line num="49" count="0" type="stmt"/>
        <line num="50" count="0" type="stmt"/>
        <line num="51" count="0" type="stmt"/>
        <line num="55" count="0" type="stmt"/>
        <line num="63" count="0" type="stmt"/>
        <line num="95" count="0" type="stmt"/>
        <line num="105" count="0" type="stmt"/>
        <line num="108" count="0" type="stmt"/>
        <line num="130" count="0" type="stmt"/>
        <line num="132" count="0" type="stmt"/>
        <line num="133" count="0" type="stmt"/>
      </file>
    </package>
    <package name="bkdocs-frontend.app.(app).select-images">
      <metrics statements="41" coveredstatements="0" conditionals="26" coveredconditionals="0" methods="21" coveredmethods="0"/>
      <file name="index.tsx" path="D:\bkdocs-frontend\app\(app)\select-images\index.tsx">
        <metrics statements="41" coveredstatements="0" conditionals="26" coveredconditionals="0" methods="21" coveredmethods="0"/>
        <line num="13" count="0" type="stmt"/>
        <line num="14" count="0" type="stmt"/>
        <line num="15" count="0" type="stmt"/>
        <line num="16" count="0" type="cond" truecount="0" falsecount="2"/>
        <line num="19" count="0" type="stmt"/>
        <line num="20" count="0" type="stmt"/>
        <line num="22" count="0" type="cond" truecount="0" falsecount="4"/>
        <line num="23" count="0" type="stmt"/>
        <line num="24" count="0" type="stmt"/>
        <line num="26" count="0" type="stmt"/>
        <line num="27" count="0" type="stmt"/>
        <line num="28" count="0" type="stmt"/>
        <line num="29" count="0" type="cond" truecount="0" falsecount="2"/>
        <line num="30" count="0" type="stmt"/>
        <line num="31" count="0" type="stmt"/>
        <line num="34" count="0" type="stmt"/>
        <line num="39" count="0" type="cond" truecount="0" falsecount="2"/>
        <line num="43" count="0" type="stmt"/>
        <line num="44" count="0" type="cond" truecount="0" falsecount="2"/>
        <line num="45" count="0" type="cond" truecount="0" falsecount="2"/>
        <line num="46" count="0" type="stmt"/>
        <line num="48" count="0" type="stmt"/>
        <line num="49" count="0" type="stmt"/>
        <line num="50" count="0" type="cond" truecount="0" falsecount="2"/>
        <line num="51" count="0" type="stmt"/>
        <line num="55" count="0" type="stmt"/>
        <line num="56" count="0" type="stmt"/>
        <line num="59" count="0" type="stmt"/>
        <line num="61" count="0" type="stmt"/>
        <line num="65" count="0" type="stmt"/>
        <line num="77" count="0" type="stmt"/>
        <line num="78" count="0" type="cond" truecount="0" falsecount="2"/>
        <line num="80" count="0" type="stmt"/>
        <line num="83" count="0" type="stmt"/>
        <line num="102" count="0" type="stmt"/>
        <line num="105" count="0" type="stmt"/>
        <line num="123" count="0" type="stmt"/>
        <line num="134" count="0" type="cond" truecount="0" falsecount="2"/>
        <line num="135" count="0" type="cond" truecount="0" falsecount="2"/>
        <line num="137" count="0" type="stmt"/>
        <line num="139" count="0" type="stmt"/>
      </file>
    </package>
    <package name="bkdocs-frontend.app.(app).select-list">
      <metrics statements="19" coveredstatements="0" conditionals="12" coveredconditionals="0" methods="14" coveredmethods="0"/>
      <file name="index.tsx" path="D:\bkdocs-frontend\app\(app)\select-list\index.tsx">
        <metrics statements="19" coveredstatements="0" conditionals="12" coveredconditionals="0" methods="14" coveredmethods="0"/>
        <line num="13" count="0" type="stmt"/>
        <line num="14" count="0" type="stmt"/>
        <line num="15" count="0" type="stmt"/>
        <line num="17" count="0" type="stmt"/>
        <line num="18" count="0" type="stmt"/>
        <line num="19" count="0" type="cond" truecount="0" falsecount="2"/>
        <line num="21" count="0" type="stmt"/>
        <line num="22" count="0" type="cond" truecount="0" falsecount="2"/>
        <line num="25" count="0" type="stmt"/>
        <line num="26" count="0" type="stmt"/>
        <line num="32" count="0" type="cond" truecount="0" falsecount="2"/>
        <line num="34" count="0" type="stmt"/>
        <line num="38" count="0" type="stmt"/>
        <line num="60" count="0" type="stmt"/>
        <line num="70" count="0" type="stmt"/>
        <line num="72" count="0" type="stmt"/>
        <line num="89" count="0" type="cond" truecount="0" falsecount="2"/>
        <line num="90" count="0" type="stmt"/>
        <line num="91" count="0" type="stmt"/>
      </file>
    </package>
    <package name="bkdocs-frontend.app.(app).select-subject">
      <metrics statements="19" coveredstatements="0" conditionals="12" coveredconditionals="0" methods="14" coveredmethods="0"/>
      <file name="index.tsx" path="D:\bkdocs-frontend\app\(app)\select-subject\index.tsx">
        <metrics statements="19" coveredstatements="0" conditionals="12" coveredconditionals="0" methods="14" coveredmethods="0"/>
        <line num="13" count="0" type="stmt"/>
        <line num="14" count="0" type="stmt"/>
        <line num="15" count="0" type="stmt"/>
        <line num="17" count="0" type="stmt"/>
        <line num="18" count="0" type="stmt"/>
        <line num="19" count="0" type="cond" truecount="0" falsecount="2"/>
        <line num="21" count="0" type="stmt"/>
        <line num="22" count="0" type="cond" truecount="0" falsecount="2"/>
        <line num="25" count="0" type="stmt"/>
        <line num="26" count="0" type="stmt"/>
        <line num="30" count="0" type="cond" truecount="0" falsecount="2"/>
        <line num="32" count="0" type="stmt"/>
        <line num="36" count="0" type="stmt"/>
        <line num="58" count="0" type="stmt"/>
        <line num="68" count="0" type="stmt"/>
        <line num="70" count="0" type="stmt"/>
        <line num="90" count="0" type="cond" truecount="0" falsecount="2"/>
        <line num="91" count="0" type="stmt"/>
        <line num="92" count="0" type="stmt"/>
      </file>
    </package>
    <package name="bkdocs-frontend.app.(app).subject">
      <metrics statements="1" coveredstatements="0" conditionals="0" coveredconditionals="0" methods="1" coveredmethods="0"/>
      <file name="index.tsx" path="D:\bkdocs-frontend\app\(app)\subject\index.tsx">
        <metrics statements="1" coveredstatements="0" conditionals="0" coveredconditionals="0" methods="1" coveredmethods="0"/>
        <line num="4" count="0" type="stmt"/>
      </file>
    </package>
    <package name="bkdocs-frontend.app.(app).upload-detail">
      <metrics statements="1" coveredstatements="0" conditionals="0" coveredconditionals="0" methods="1" coveredmethods="0"/>
      <file name="index.tsx" path="D:\bkdocs-frontend\app\(app)\upload-detail\index.tsx">
        <metrics statements="1" coveredstatements="0" conditionals="0" coveredconditionals="0" methods="1" coveredmethods="0"/>
        <line num="4" count="0" type="stmt"/>
      </file>
    </package>
    <package name="bkdocs-frontend.app.(app).write-comment">
      <metrics statements="93" coveredstatements="0" conditionals="104" coveredconditionals="0" methods="27" coveredmethods="0"/>
      <file name="index.tsx" path="D:\bkdocs-frontend\app\(app)\write-comment\index.tsx">
        <metrics statements="93" coveredstatements="0" conditionals="104" coveredconditionals="0" methods="27" coveredmethods="0"/>
        <line num="25" count="0" type="stmt"/>
        <line num="26" count="0" type="cond" truecount="0" falsecount="2"/>
        <line num="28" count="0" type="stmt"/>
        <line num="29" count="0" type="stmt"/>
        <line num="31" count="0" type="stmt"/>
        <line num="32" count="0" type="stmt"/>
        <line num="34" count="0" type="stmt"/>
        <line num="35" count="0" type="stmt"/>
        <line num="36" count="0" type="stmt"/>
        <line num="38" count="0" type="stmt"/>
        <line num="39" count="0" type="stmt"/>
        <line num="40" count="0" type="cond" truecount="0" falsecount="2"/>
        <line num="41" count="0" type="stmt"/>
        <line num="42" count="0" type="stmt"/>
        <line num="44" count="0" type="cond" truecount="0" falsecount="2"/>
        <line num="45" count="0" type="stmt"/>
        <line num="46" count="0" type="stmt"/>
        <line num="48" count="0" type="cond" truecount="0" falsecount="2"/>
        <line num="49" count="0" type="stmt"/>
        <line num="50" count="0" type="stmt"/>
        <line num="53" count="0" type="stmt"/>
        <line num="55" count="0" type="stmt"/>
        <line num="56" count="0" type="stmt"/>
        <line num="57" count="0" type="stmt"/>
        <line num="59" count="0" type="stmt"/>
        <line num="60" count="0" type="stmt"/>
        <line num="61" count="0" type="stmt"/>
        <line num="63" count="0" type="cond" truecount="0" falsecount="2"/>
        <line num="64" count="0" type="cond" truecount="0" falsecount="2"/>
        <line num="65" count="0" type="cond" truecount="0" falsecount="2"/>
        <line num="67" count="0" type="stmt"/>
        <line num="74" count="0" type="stmt"/>
        <line num="75" count="0" type="cond" truecount="0" falsecount="2"/>
        <line num="76" count="0" type="stmt"/>
        <line num="77" count="0" type="stmt"/>
        <line num="79" count="0" type="stmt"/>
        <line num="87" count="0" type="stmt"/>
        <line num="89" count="0" type="cond" truecount="0" falsecount="2"/>
        <line num="90" count="0" type="stmt"/>
        <line num="91" count="0" type="cond" truecount="0" falsecount="2"/>
        <line num="94" count="0" type="stmt"/>
        <line num="95" count="0" type="cond" truecount="0" falsecount="2"/>
        <line num="98" count="0" type="cond" truecount="0" falsecount="2"/>
        <line num="99" count="0" type="cond" truecount="0" falsecount="2"/>
        <line num="100" count="0" type="stmt"/>
        <line num="101" count="0" type="stmt"/>
        <line num="104" count="0" type="stmt"/>
        <line num="105" count="0" type="stmt"/>
        <line num="107" count="0" type="stmt"/>
        <line num="108" count="0" type="cond" truecount="0" falsecount="2"/>
        <line num="110" count="0" type="stmt"/>
        <line num="111" count="0" type="cond" truecount="0" falsecount="4"/>
        <line num="112" count="0" type="stmt"/>
        <line num="113" count="0" type="stmt"/>
        <line num="114" count="0" type="cond" truecount="0" falsecount="2"/>
        <line num="116" count="0" type="stmt"/>
        <line num="119" count="0" type="stmt"/>
        <line num="120" count="0" type="stmt"/>
        <line num="121" count="0" type="cond" truecount="0" falsecount="2"/>
        <line num="122" count="0" type="stmt"/>
        <line num="123" count="0" type="stmt"/>
        <line num="126" count="0" type="stmt"/>
        <line num="127" count="0" type="cond" truecount="0" falsecount="2"/>
        <line num="128" count="0" type="stmt"/>
        <line num="129" count="0" type="stmt"/>
        <line num="132" count="0" type="stmt"/>
        <line num="139" count="0" type="cond" truecount="0" falsecount="2"/>
        <line num="141" count="0" type="cond" truecount="0" falsecount="2"/>
        <line num="142" count="0" type="stmt"/>
        <line num="143" count="0" type="stmt"/>
        <line num="146" count="0" type="stmt"/>
        <line num="147" count="0" type="stmt"/>
        <line num="150" count="0" type="stmt"/>
        <line num="151" count="0" type="cond" truecount="0" falsecount="2"/>
        <line num="153" count="0" type="stmt"/>
        <line num="154" count="0" type="stmt"/>
        <line num="155" count="0" type="stmt"/>
        <line num="156" count="0" type="stmt"/>
        <line num="157" count="0" type="stmt"/>
        <line num="158" count="0" type="cond" truecount="0" falsecount="4"/>
        <line num="160" count="0" type="stmt"/>
        <line num="164" count="0" type="stmt"/>
        <line num="167" count="0" type="stmt"/>
        <line num="188" count="0" type="stmt"/>
        <line num="205" count="0" type="cond" truecount="0" falsecount="2"/>
        <line num="208" count="0" type="cond" truecount="0" falsecount="2"/>
        <line num="211" count="0" type="cond" truecount="0" falsecount="2"/>
        <line num="214" count="0" type="cond" truecount="0" falsecount="2"/>
        <line num="217" count="0" type="cond" truecount="0" falsecount="2"/>
        <line num="245" count="0" type="stmt"/>
        <line num="248" count="0" type="stmt"/>
        <line num="271" count="0" type="stmt"/>
        <line num="281" count="0" type="stmt"/>
      </file>
    </package>
    <package name="bkdocs-frontend.app.(public)">
      <metrics statements="1" coveredstatements="0" conditionals="0" coveredconditionals="0" methods="1" coveredmethods="0"/>
      <file name="_layout.tsx" path="D:\bkdocs-frontend\app\(public)\_layout.tsx">
        <metrics statements="1" coveredstatements="0" conditionals="0" coveredconditionals="0" methods="1" coveredmethods="0"/>
        <line num="5" count="0" type="stmt"/>
      </file>
    </package>
    <package name="bkdocs-frontend.app.(public).forgot-password">
      <metrics statements="12" coveredstatements="12" conditionals="2" coveredconditionals="2" methods="2" coveredmethods="2"/>
      <file name="index.tsx" path="D:\bkdocs-frontend\app\(public)\forgot-password\index.tsx">
        <metrics statements="12" coveredstatements="12" conditionals="2" coveredconditionals="2" methods="2" coveredmethods="2"/>
        <line num="11" count="10" type="stmt"/>
        <line num="13" count="10" type="stmt"/>
        <line num="14" count="3" type="stmt"/>
        <line num="15" count="3" type="stmt"/>
        <line num="16" count="3" type="stmt"/>
        <line num="18" count="1" type="stmt"/>
        <line num="20" count="1" type="stmt"/>
        <line num="25" count="1" type="stmt"/>
        <line num="27" count="2" type="cond" truecount="2" falsecount="0"/>
        <line num="28" count="2" type="stmt"/>
        <line num="30" count="3" type="stmt"/>
        <line num="34" count="10" type="stmt"/>
      </file>
    </package>
    <package name="bkdocs-frontend.app.(public).login">
      <metrics statements="12" coveredstatements="12" conditionals="2" coveredconditionals="2" methods="2" coveredmethods="2"/>
      <file name="index.tsx" path="D:\bkdocs-frontend\app\(public)\login\index.tsx">
        <metrics statements="12" coveredstatements="12" conditionals="2" coveredconditionals="2" methods="2" coveredmethods="2"/>
        <line num="9" count="10" type="stmt"/>
        <line num="10" count="10" type="stmt"/>
        <line num="11" count="10" type="stmt"/>
        <line num="13" count="10" type="stmt"/>
        <line num="14" count="3" type="stmt"/>
        <line num="15" count="3" type="stmt"/>
        <line num="16" count="3" type="stmt"/>
        <line num="17" count="1" type="stmt"/>
        <line num="19" count="2" type="cond" truecount="2" falsecount="0"/>
        <line num="20" count="2" type="stmt"/>
        <line num="22" count="3" type="stmt"/>
        <line num="26" count="10" type="stmt"/>
      </file>
    </package>
    <package name="bkdocs-frontend.app.(public).new-password">
      <metrics statements="29" coveredstatements="23" conditionals="6" coveredconditionals="4" methods="6" coveredmethods="4"/>
      <file name="index.tsx" path="D:\bkdocs-frontend\app\(public)\new-password\index.tsx">
        <metrics statements="29" coveredstatements="23" conditionals="6" coveredconditionals="4" methods="6" coveredmethods="4"/>
        <line num="11" count="13" type="stmt"/>
        <line num="12" count="13" type="stmt"/>
        <line num="14" count="13" type="stmt"/>
        <line num="15" count="5" type="stmt"/>
        <line num="16" count="5" type="stmt"/>
        <line num="17" count="5" type="stmt"/>
        <line num="19" count="5" type="cond" truecount="2" falsecount="0"/>
        <line num="20" count="1" type="stmt"/>
        <line num="21" count="0" type="stmt"/>
        <line num="23" count="1" type="stmt"/>
        <line num="26" count="4" type="stmt"/>
        <line num="28" count="0" type="stmt"/>
        <line num="29" count="0" type="stmt"/>
        <line num="33" count="5" type="stmt"/>
        <line num="36" count="13" type="stmt"/>
        <line num="37" count="2" type="cond" truecount="1" falsecount="1"/>
        <line num="38" count="0" type="stmt"/>
        <line num="39" count="0" type="stmt"/>
        <line num="42" count="2" type="stmt"/>
        <line num="43" count="2" type="stmt"/>
        <line num="45" count="2" type="stmt"/>
        <line num="51" count="1" type="stmt"/>
        <line num="56" count="1" type="stmt"/>
        <line num="57" count="0" type="stmt"/>
        <line num="60" count="1" type="stmt"/>
        <line num="61" count="1" type="cond" truecount="1" falsecount="1"/>
        <line num="62" count="1" type="stmt"/>
        <line num="64" count="2" type="stmt"/>
        <line num="68" count="13" type="stmt"/>
      </file>
    </package>
    <package name="bkdocs-frontend.app.(public).onboard">
      <metrics statements="16" coveredstatements="16" conditionals="4" coveredconditionals="4" methods="4" coveredmethods="4"/>
      <file name="index.tsx" path="D:\bkdocs-frontend\app\(public)\onboard\index.tsx">
        <metrics statements="16" coveredstatements="16" conditionals="4" coveredconditionals="4" methods="4" coveredmethods="4"/>
        <line num="15" count="1" type="stmt"/>
        <line num="18" count="7" type="stmt"/>
        <line num="19" count="7" type="stmt"/>
        <line num="20" count="7" type="stmt"/>
        <line num="21" count="7" type="stmt"/>
        <line num="24" count="7" type="stmt"/>
        <line num="26" count="7" type="stmt"/>
        <line num="27" count="3" type="stmt"/>
        <line num="28" count="3" type="cond" truecount="2" falsecount="0"/>
        <line num="29" count="1" type="stmt"/>
        <line num="30" count="1" type="stmt"/>
        <line num="32" count="2" type="stmt"/>
        <line num="33" count="2" type="stmt"/>
        <line num="34" count="2" type="stmt"/>
        <line num="37" count="7" type="stmt"/>
        <line num="61" count="21" type="stmt"/>
      </file>
    </package>
    <package name="bkdocs-frontend.app.(public).otp-code">
      <metrics statements="38" coveredstatements="36" conditionals="12" coveredconditionals="8" methods="5" coveredmethods="4"/>
      <file name="index.tsx" path="D:\bkdocs-frontend\app\(public)\otp-code\index.tsx">
        <metrics statements="38" coveredstatements="36" conditionals="12" coveredconditionals="8" methods="5" coveredmethods="4"/>
        <line num="11" count="18" type="stmt"/>
        <line num="12" count="18" type="stmt"/>
        <line num="13" count="18" type="stmt"/>
        <line num="15" count="18" type="stmt"/>
        <line num="16" count="6" type="stmt"/>
        <line num="18" count="6" type="stmt"/>
        <line num="19" count="6" type="cond" truecount="2" falsecount="0"/>
        <line num="20" count="2" type="stmt"/>
        <line num="21" count="2" type="stmt"/>
        <line num="22" count="2" type="stmt"/>
        <line num="23" count="2" type="stmt"/>
        <line num="27" count="4" type="stmt"/>
        <line num="28" count="4" type="cond" truecount="1" falsecount="1"/>
        <line num="29" count="4" type="stmt"/>
        <line num="30" count="4" type="stmt"/>
        <line num="31" count="4" type="stmt"/>
        <line num="34" count="6" type="stmt"/>
        <line num="37" count="18" type="stmt"/>
        <line num="38" count="3" type="stmt"/>
        <line num="39" count="3" type="stmt"/>
        <line num="40" count="3" type="stmt"/>
        <line num="45" count="2" type="stmt"/>
        <line num="46" count="2" type="cond" truecount="1" falsecount="1"/>
        <line num="47" count="0" type="stmt"/>
        <line num="50" count="2" type="cond" truecount="2" falsecount="0"/>
        <line num="51" count="1" type="stmt"/>
        <line num="52" count="1" type="cond" truecount="1" falsecount="1"/>
        <line num="54" count="1" type="stmt"/>
        <line num="56" count="1" type="stmt"/>
        <line num="60" count="1" type="stmt"/>
        <line num="62" count="1" type="stmt"/>
        <line num="63" count="0" type="stmt"/>
        <line num="66" count="1" type="stmt"/>
        <line num="67" count="1" type="stmt"/>
        <line num="70" count="1" type="cond" truecount="1" falsecount="1"/>
        <line num="71" count="1" type="stmt"/>
        <line num="73" count="3" type="stmt"/>
        <line num="77" count="18" type="stmt"/>
      </file>
    </package>
    <package name="bkdocs-frontend.app.(public).signup">
      <metrics statements="20" coveredstatements="20" conditionals="2" coveredconditionals="2" methods="2" coveredmethods="2"/>
      <file name="index.tsx" path="D:\bkdocs-frontend\app\(public)\signup\index.tsx">
        <metrics statements="20" coveredstatements="20" conditionals="2" coveredconditionals="2" methods="2" coveredmethods="2"/>
        <line num="11" count="10" type="stmt"/>
        <line num="12" count="10" type="stmt"/>
        <line num="14" count="10" type="stmt"/>
        <line num="15" count="3" type="stmt"/>
        <line num="16" count="3" type="stmt"/>
        <line num="17" count="3" type="stmt"/>
        <line num="18" count="3" type="stmt"/>
        <line num="19" count="3" type="stmt"/>
        <line num="21" count="3" type="stmt"/>
        <line num="22" count="1" type="stmt"/>
        <line num="25" count="1" type="stmt"/>
        <line num="32" count="1" type="stmt"/>
        <line num="34" count="2" type="stmt"/>
        <line num="35" count="2" type="stmt"/>
        <line num="36" count="2" type="stmt"/>
        <line num="37" count="2" type="stmt"/>
        <line num="39" count="2" type="cond" truecount="2" falsecount="0"/>
        <line num="40" count="2" type="stmt"/>
        <line num="42" count="3" type="stmt"/>
        <line num="46" count="10" type="stmt"/>
      </file>
    </package>
    <package name="bkdocs-frontend.components">
      <metrics statements="34" coveredstatements="0" conditionals="20" coveredconditionals="0" methods="15" coveredmethods="0"/>
      <file name="external-link.tsx" path="D:\bkdocs-frontend\components\external-link.tsx">
        <metrics statements="4" coveredstatements="0" conditionals="2" coveredconditionals="0" methods="2" coveredmethods="0"/>
        <line num="8" count="0" type="stmt"/>
        <line num="14" count="0" type="cond" truecount="0" falsecount="2"/>
        <line num="16" count="0" type="stmt"/>
        <line num="18" count="0" type="stmt"/>
      </file>
      <file name="haptic-tab.tsx" path="D:\bkdocs-frontend\components\haptic-tab.tsx">
        <metrics statements="4" coveredstatements="0" conditionals="2" coveredconditionals="0" methods="2" coveredmethods="0"/>
        <line num="6" count="0" type="stmt"/>
        <line num="10" count="0" type="cond" truecount="0" falsecount="2"/>
        <line num="12" count="0" type="stmt"/>
        <line num="14" count="0" type="stmt"/>
      </file>
      <file name="hello-wave.tsx" path="D:\bkdocs-frontend\components\hello-wave.tsx">
        <metrics statements="1" coveredstatements="0" conditionals="0" coveredconditionals="0" methods="1" coveredmethods="0"/>
        <line num="4" count="0" type="stmt"/>
      </file>
      <file name="parallax-scroll-view.tsx" path="D:\bkdocs-frontend\components\parallax-scroll-view.tsx">
        <metrics statements="9" coveredstatements="0" conditionals="2" coveredconditionals="0" methods="2" coveredmethods="0"/>
        <line num="14" count="0" type="stmt"/>
        <line num="26" count="0" type="stmt"/>
        <line num="27" count="0" type="cond" truecount="0" falsecount="2"/>
        <line num="28" count="0" type="stmt"/>
        <line num="29" count="0" type="stmt"/>
        <line num="30" count="0" type="stmt"/>
        <line num="31" count="0" type="stmt"/>
        <line num="47" count="0" type="stmt"/>
        <line num="65" count="0" type="stmt"/>
      </file>
      <file name="splash-screen.tsx" path="D:\bkdocs-frontend\components\splash-screen.tsx">
        <metrics statements="9" coveredstatements="0" conditionals="1" coveredconditionals="0" methods="5" coveredmethods="0"/>
        <line num="10" count="0" type="stmt"/>
        <line num="11" count="0" type="stmt"/>
        <line num="13" count="0" type="stmt"/>
        <line num="14" count="0" type="stmt"/>
        <line num="28" count="0" type="stmt"/>
        <line num="29" count="0" type="stmt"/>
[...]
        <line num="76" count="0" type="stmt"/>
        <line num="77" count="0" type="stmt"/>
        <line num="78" count="0" type="stmt"/>
        <line num="81" count="0" type="cond" truecount="0" falsecount="2"/>
        <line num="82" count="0" type="stmt"/>
        <line num="83" count="0" type="stmt"/>
        <line num="90" count="0" type="stmt"/>
        <line num="94" count="0" type="stmt"/>
        <line num="95" count="0" type="cond" truecount="0" falsecount="2"/>
        <line num="96" count="0" type="stmt"/>
        <line num="101" count="0" type="stmt"/>
        <line num="104" count="0" type="stmt"/>
        <line num="105" count="0" type="stmt"/>
        <line num="109" count="0" type="stmt"/>
        <line num="110" count="0" type="cond" truecount="0" falsecount="2"/>
        <line num="111" count="0" type="stmt"/>
        <line num="112" count="0" type="stmt"/>
        <line num="115" count="0" type="stmt"/>
        <line num="116" count="0" type="stmt"/>
        <line num="117" count="0" type="stmt"/>
        <line num="130" count="0" type="cond" truecount="0" falsecount="4"/>
        <line num="133" count="0" type="stmt"/>
        <line num="169" count="0" type="stmt"/>
        <line num="179" count="0" type="stmt"/>
      </file>
    </package>
    <package name="bkdocs-frontend.contexts">
      <metrics statements="90" coveredstatements="76" conditionals="22" coveredconditionals="18" methods="18" coveredmethods="14"/>
      <file name="AuthContext.tsx" path="D:\bkdocs-frontend\contexts\AuthContext.tsx">
        <metrics statements="71" coveredstatements="65" conditionals="14" coveredconditionals="12" methods="13" coveredmethods="11"/>
        <line num="22" count="1" type="stmt"/>
        <line num="24" count="1" type="stmt"/>
        <line num="25" count="33" type="stmt"/>
        <line num="26" count="33" type="stmt"/>
        <line num="27" count="33" type="stmt"/>
        <line num="28" count="33" type="stmt"/>
        <line num="31" count="33" type="stmt"/>
        <line num="32" count="7" type="stmt"/>
        <line num="33" count="7" type="stmt"/>
        <line num="34" count="6" type="stmt"/>
        <line num="35" count="6" type="stmt"/>
        <line num="38" count="6" type="stmt"/>
        <line num="44" count="6" type="stmt"/>
        <line num="46" count="1" type="stmt"/>
        <line num="47" count="1" type="stmt"/>
        <line num="48" count="1" type="stmt"/>
        <line num="52" count="33" type="stmt"/>
        <line num="53" count="15" type="stmt"/>
        <line num="54" count="15" type="stmt"/>
        <line num="55" count="15" type="stmt"/>
        <line num="56" count="15" type="cond" truecount="2" falsecount="0"/>
        <line num="57" count="5" type="stmt"/>
        <line num="59" count="5" type="stmt"/>
        <line num="60" count="5" type="stmt"/>
        <line num="63" count="1" type="stmt"/>
        <line num="67" count="15" type="stmt"/>
        <line num="70" count="15" type="stmt"/>
        <line num="73" count="33" type="stmt"/>
        <line num="74" count="0" type="stmt"/>
        <line num="75" count="0" type="stmt"/>
        <line num="78" count="33" type="stmt"/>
        <line num="79" count="5" type="stmt"/>
        <line num="80" count="5" type="stmt"/>
        <line num="81" count="2" type="stmt"/>
        <line num="82" count="2" type="cond" truecount="2" falsecount="0"/>
        <line num="83" count="1" type="stmt"/>
        <line num="85" count="1" type="stmt"/>
        <line num="86" count="1" type="stmt"/>
        <line num="87" count="1" type="stmt"/>
        <line num="89" count="1" type="stmt"/>
        <line num="90" count="1" type="stmt"/>
        <line num="92" count="4" type="stmt"/>
        <line num="93" count="4" type="stmt"/>
        <line num="94" count="4" type="stmt"/>
        <line num="95" count="4" type="cond" truecount="4" falsecount="0"/>
        <line num="96" count="4" type="stmt"/>
        <line num="100" count="33" type="stmt"/>
        <line num="101" count="1" type="stmt"/>
        <line num="102" count="1" type="stmt"/>
        <line num="103" count="1" type="stmt"/>
        <line num="106" count="1" type="stmt"/>
        <line num="107" count="1" type="stmt"/>
        <line num="110" count="33" type="stmt"/>
        <line num="111" count="15" type="stmt"/>
        <line num="114" count="33" type="stmt"/>
        <line num="115" count="2" type="cond" truecount="2" falsecount="0"/>
        <line num="116" count="1" type="stmt"/>
        <line num="120" count="33" type="stmt"/>
        <line num="130" count="33" type="stmt"/>
        <line num="137" count="1" type="stmt"/>
        <line num="138" count="35" type="stmt"/>
        <line num="139" count="35" type="cond" truecount="2" falsecount="0"/>
        <line num="140" count="2" type="stmt"/>
        <line num="142" count="33" type="stmt"/>
        <line num="147" count="1" type="stmt"/>
        <line num="148" count="1" type="stmt"/>
        <line num="149" count="1" type="stmt"/>
        <line num="150" count="0" type="cond" truecount="0" falsecount="2"/>
        <line num="151" count="0" type="stmt"/>
        <line num="152" count="0" type="stmt"/>
        <line num="154" count="0" type="stmt"/>
      </file>
      <file name="ThemeContext.tsx" path="D:\bkdocs-frontend\contexts\ThemeContext.tsx">
        <metrics statements="8" coveredstatements="0" conditionals="2" coveredconditionals="0" methods="2" coveredmethods="0"/>
        <line num="8" count="0" type="stmt"/>
        <line num="11" count="0" type="stmt"/>
        <line num="12" count="0" type="stmt"/>
        <line num="14" count="0" type="stmt"/>
        <line num="22" count="0" type="stmt"/>
        <line num="23" count="0" type="cond" truecount="0" falsecount="2"/>
        <line num="24" count="0" type="stmt"/>
        <line num="26" count="0" type="stmt"/>
      </file>
      <file name="UserContext.tsx" path="D:\bkdocs-frontend\contexts\UserContext.tsx">
        <metrics statements="11" coveredstatements="11" conditionals="6" coveredconditionals="6" methods="3" coveredmethods="3"/>
        <line num="12" count="1" type="stmt"/>
        <line num="14" count="1" type="stmt"/>
        <line num="15" count="17" type="stmt"/>
        <line num="16" count="17" type="stmt"/>
        <line num="18" count="17" type="stmt"/>
        <line num="24" count="17" type="stmt"/>
        <line num="31" count="1" type="stmt"/>
        <line num="32" count="19" type="stmt"/>
        <line num="33" count="19" type="cond" truecount="2" falsecount="0"/>
        <line num="34" count="2" type="stmt"/>
        <line num="36" count="17" type="stmt"/>
      </file>
    </package>
    <package name="bkdocs-frontend.hooks">
      <metrics statements="20" coveredstatements="0" conditionals="7" coveredconditionals="0" methods="8" coveredmethods="0"/>
      <file name="use-color-scheme.ts" path="D:\bkdocs-frontend\hooks\use-color-scheme.ts">
        <metrics statements="0" coveredstatements="0" conditionals="0" coveredconditionals="0" methods="0" coveredmethods="0"/>
      </file>
      <file name="use-color-scheme.web.ts" path="D:\bkdocs-frontend\hooks\use-color-scheme.web.ts">
        <metrics statements="7" coveredstatements="0" conditionals="2" coveredconditionals="0" methods="2" coveredmethods="0"/>
        <line num="8" count="0" type="stmt"/>
        <line num="10" count="0" type="stmt"/>
        <line num="11" count="0" type="stmt"/>
        <line num="14" count="0" type="stmt"/>
        <line num="16" count="0" type="cond" truecount="0" falsecount="2"/>
        <line num="17" count="0" type="stmt"/>
        <line num="20" count="0" type="stmt"/>
      </file>
      <file name="use-splash-screen.ts" path="D:\bkdocs-frontend\hooks\use-splash-screen.ts">
        <metrics statements="8" coveredstatements="0" conditionals="1" coveredconditionals="0" methods="5" coveredmethods="0"/>
        <line num="4" count="0" type="stmt"/>
        <line num="6" count="0" type="stmt"/>
        <line num="7" count="0" type="stmt"/>
        <line num="8" count="0" type="stmt"/>
        <line num="11" count="0" type="stmt"/>
        <line num="14" count="0" type="stmt"/>
        <line num="15" count="0" type="stmt"/>
        <line num="18" count="0" type="stmt"/>
      </file>
      <file name="use-theme-color.ts" path="D:\bkdocs-frontend\hooks\use-theme-color.ts">
        <metrics statements="5" coveredstatements="0" conditionals="4" coveredconditionals="0" methods="1" coveredmethods="0"/>
        <line num="13" count="0" type="cond" truecount="0" falsecount="2"/>
        <line num="14" count="0" type="stmt"/>
        <line num="16" count="0" type="cond" truecount="0" falsecount="2"/>
        <line num="17" count="0" type="stmt"/>
        <line num="19" count="0" type="stmt"/>
      </file>
    </package>
    <package name="bkdocs-frontend.models">
      <metrics statements="0" coveredstatements="0" conditionals="0" coveredconditionals="0" methods="0" coveredmethods="0"/>
      <file name="auth.type.ts" path="D:\bkdocs-frontend\models\auth.type.ts">
        <metrics statements="0" coveredstatements="0" conditionals="0" coveredconditionals="0" methods="0" coveredmethods="0"/>
      </file>
      <file name="document.type.ts" path="D:\bkdocs-frontend\models\document.type.ts">
        <metrics statements="0" coveredstatements="0" conditionals="0" coveredconditionals="0" methods="0" coveredmethods="0"/>
      </file>
      <file name="faculty.type.ts" path="D:\bkdocs-frontend\models\faculty.type.ts">
        <metrics statements="0" coveredstatements="0" conditionals="0" coveredconditionals="0" methods="0" coveredmethods="0"/>
      </file>
      <file name="notification.type.ts" path="D:\bkdocs-frontend\models\notification.type.ts">
        <metrics statements="0" coveredstatements="0" conditionals="0" coveredconditionals="0" methods="0" coveredmethods="0"/>
      </file>
      <file name="search.type.ts" path="D:\bkdocs-frontend\models\search.type.ts">
        <metrics statements="0" coveredstatements="0" conditionals="0" coveredconditionals="0" methods="0" coveredmethods="0"/>
      </file>
      <file name="subject.type.ts" path="D:\bkdocs-frontend\models\subject.type.ts">
        <metrics statements="0" coveredstatements="0" conditionals="0" coveredconditionals="0" methods="0" coveredmethods="0"/>
      </file>
      <file name="suggest.type.ts" path="D:\bkdocs-frontend\models\suggest.type.ts">
        <metrics statements="0" coveredstatements="0" conditionals="0" coveredconditionals="0" methods="0" coveredmethods="0"/>
      </file>
      <file name="user.type.ts" path="D:\bkdocs-frontend\models\user.type.ts">
        <metrics statements="0" coveredstatements="0" conditionals="0" coveredconditionals="0" methods="0" coveredmethods="0"/>
      </file>
    </package>
    <package name="bkdocs-frontend.scripts">
      <metrics statements="44" coveredstatements="0" conditionals="14" coveredconditionals="0" methods="3" coveredmethods="0"/>
      <file name="reset-project.js" path="D:\bkdocs-frontend\scripts\reset-project.js">
        <metrics statements="44" coveredstatements="0" conditionals="14" coveredconditionals="0" methods="3" coveredmethods="0"/>
        <line num="9" count="0" type="stmt"/>
        <line num="10" count="0" type="stmt"/>
        <line num="11" count="0" type="stmt"/>
        <line num="13" count="0" type="stmt"/>
        <line num="14" count="0" type="stmt"/>
        <line num="15" count="0" type="stmt"/>
        <line num="16" count="0" type="stmt"/>
        <line num="17" count="0" type="stmt"/>
        <line num="19" count="0" type="stmt"/>
        <line num="36" count="0" type="stmt"/>
        <line num="43" count="0" type="stmt"/>
        <line num="48" count="0" type="stmt"/>
        <line num="49" count="0" type="stmt"/>
        <line num="50" count="0" type="cond" truecount="0" falsecount="2"/>
        <line num="52" count="0" type="stmt"/>
        <line num="53" count="0" type="stmt"/>
        <line num="57" count="0" type="stmt"/>
        <line num="58" count="0" type="stmt"/>
        <line num="59" count="0" type="cond" truecount="0" falsecount="2"/>
        <line num="60" count="0" type="cond" truecount="0" falsecount="2"/>
        <line num="61" count="0" type="stmt"/>
        <line num="62" count="0" type="stmt"/>
        <line num="63" count="0" type="stmt"/>
        <line num="65" count="0" type="stmt"/>
        <line num="66" count="0" type="stmt"/>
        <line num="69" count="0" type="stmt"/>
        <line num="74" count="0" type="stmt"/>
        <line num="75" count="0" type="stmt"/>
        <line num="76" count="0" type="stmt"/>
        <line num="79" count="0" type="stmt"/>
        <line num="80" count="0" type="stmt"/>
        <line num="81" count="0" type="stmt"/>
        <line num="84" count="0" type="stmt"/>
        <line num="85" count="0" type="stmt"/>
        <line num="86" count="0" type="stmt"/>
        <line num="88" count="0" type="stmt"/>
        <line num="89" count="0" type="stmt"/>
        <line num="97" count="0" type="stmt"/>
        <line num="101" count="0" type="stmt"/>
        <line num="104" count="0" type="cond" truecount="0" falsecount="2"/>
        <line num="105" count="0" type="cond" truecount="0" falsecount="4"/>
        <line num="106" count="0" type="stmt"/>
        <line num="108" count="0" type="stmt"/>
        <line num="109" count="0" type="stmt"/>
      </file>
    </package>
    <package name="bkdocs-frontend.store">
      <metrics statements="15" coveredstatements="12" conditionals="0" coveredconditionals="0" methods="10" coveredmethods="9"/>
      <file name="hooks.ts" path="D:\bkdocs-frontend\store\hooks.ts">
        <metrics statements="2" coveredstatements="0" conditionals="0" coveredconditionals="0" methods="1" coveredmethods="0"/>
        <line num="4" count="0" type="stmt"/>
        <line num="5" count="0" type="stmt"/>
      </file>
      <file name="index.ts" path="D:\bkdocs-frontend\store\index.ts">
        <metrics statements="1" coveredstatements="0" conditionals="0" coveredconditionals="0" methods="0" coveredmethods="0"/>
        <line num="4" count="0" type="stmt"/>
      </file>
      <file name="uploadSlice.ts" path="D:\bkdocs-frontend\store\uploadSlice.ts">
        <metrics statements="12" coveredstatements="12" conditionals="0" coveredconditionals="0" methods="9" coveredmethods="9"/>
        <line num="20" count="1" type="stmt"/>
        <line num="31" count="1" type="stmt"/>
        <line num="36" count="4" type="stmt"/>
        <line num="39" count="7" type="stmt"/>
        <line num="42" count="5" type="stmt"/>
        <line num="45" count="5" type="stmt"/>
        <line num="48" count="4" type="stmt"/>
        <line num="51" count="2" type="stmt"/>
        <line num="54" count="4" type="stmt"/>
        <line num="57" count="4" type="stmt"/>
        <line num="59" count="4" type="stmt"/>
        <line num="73" count="1" type="stmt"/>
      </file>
    </package>
    <package name="bkdocs-frontend.utils">
      <metrics statements="51" coveredstatements="45" conditionals="8" coveredconditionals="7" methods="11" coveredmethods="10"/>
      <file name="authEvents.ts" path="D:\bkdocs-frontend\utils\authEvents.ts">
        <metrics statements="6" coveredstatements="6" conditionals="2" coveredconditionals="1" methods="2" coveredmethods="2"/>
        <line num="1" count="1" type="stmt"/>
        <line num="3" count="1" type="stmt"/>
        <line num="4" count="21" type="stmt"/>
        <line num="7" count="1" type="stmt"/>
        <line num="8" count="9" type="cond" truecount="1" falsecount="1"/>
        <line num="9" count="9" type="stmt"/>
      </file>
      <file name="commentInterface.ts" path="D:\bkdocs-frontend\utils\commentInterface.ts">
        <metrics statements="0" coveredstatements="0" conditionals="0" coveredconditionals="0" methods="0" coveredmethods="0"/>
      </file>
      <file name="constants.ts" path="D:\bkdocs-frontend\utils\constants.ts">
        <metrics statements="1" coveredstatements="1" conditionals="0" coveredconditionals="0" methods="0" coveredmethods="0"/>
        <line num="1" count="2" type="stmt"/>
      </file>
      <file name="docInterface.ts" path="D:\bkdocs-frontend\utils\docInterface.ts">
        <metrics statements="0" coveredstatements="0" conditionals="0" coveredconditionals="0" methods="0" coveredmethods="0"/>
      </file>
      <file name="downloadDocStorage.ts" path="D:\bkdocs-frontend\utils\downloadDocStorage.ts">
        <metrics statements="21" coveredstatements="20" conditionals="4" coveredconditionals="4" methods="5" coveredmethods="5"/>
        <line num="3" count="1" type="stmt"/>
        <line num="5" count="1" type="stmt"/>
        <line num="7" count="27" type="stmt"/>
        <line num="8" count="27" type="stmt"/>
        <line num="9" count="24" type="cond" truecount="2" falsecount="0"/>
        <line num="11" count="3" type="stmt"/>
        <line num="12" count="3" type="stmt"/>
        <line num="17" count="11" type="stmt"/>
        <line num="18" count="11" type="stmt"/>
        <line num="19" count="11" type="cond" truecount="2" falsecount="0"/>
        <line num="20" count="9" type="stmt"/>
        <line num="21" count="9" type="stmt"/>
        <line num="24" count="1" type="stmt"/>
        <line num="29" count="8" type="stmt"/>
        <line num="30" count="8" type="stmt"/>
        <line num="31" count="13" type="stmt"/>
        <line num="32" count="8" type="stmt"/>
        <line num="34" count="0" type="stmt"/>
        <line num="39" count="3" type="stmt"/>
        <line num="40" count="3" type="stmt"/>
        <line num="42" count="1" type="stmt"/>
      </file>
      <file name="fonts.ts" path="D:\bkdocs-frontend\utils\fonts.ts">
        <metrics statements="5" coveredstatements="0" conditionals="0" coveredconditionals="0" methods="1" coveredmethods="0"/>
        <line num="3" count="0" type="stmt"/>
        <line num="10" count="0" type="stmt"/>
        <line num="11" count="0" type="stmt"/>
        <line num="12" count="0" type="stmt"/>
        <line num="15" count="0" type="stmt"/>
      </file>
      <file name="functions.ts" path="D:\bkdocs-frontend\utils\functions.ts">
        <metrics statements="13" coveredstatements="13" conditionals="2" coveredconditionals="2" methods="3" coveredmethods="3"/>
        <line num="1" count="1" type="stmt"/>
        <line num="2" count="15" type="cond" truecount="2" falsecount="0"/>
        <line num="4" count="14" type="stmt"/>
        <line num="5" count="14" type="stmt"/>
        <line num="6" count="1067" type="stmt"/>
        <line num="7" count="1067" type="stmt"/>
        <line num="10" count="14" type="stmt"/>
        <line num="12" count="14" type="stmt"/>
        <line num="19" count="14" type="stmt"/>
        <line num="22" count="1" type="stmt"/>
        <line num="23" count="6" type="stmt"/>
        <line num="30" count="1" type="stmt"/>
        <line num="31" count="27" type="stmt"/>
      </file>
      <file name="notiInterface.ts" path="D:\bkdocs-frontend\utils\notiInterface.ts">
        <metrics statements="0" coveredstatements="0" conditionals="0" coveredconditionals="0" methods="0" coveredmethods="0"/>
      </file>
      <file name="routes.ts" path="D:\bkdocs-frontend\utils\routes.ts">
        <metrics statements="1" coveredstatements="1" conditionals="0" coveredconditionals="0" methods="0" coveredmethods="0"/>
        <line num="1" count="15" type="stmt"/>
      </file>
      <file name="theme.ts" path="D:\bkdocs-frontend\utils\theme.ts">
        <metrics statements="4" coveredstatements="4" conditionals="0" coveredconditionals="0" methods="0" coveredmethods="0"/>
        <line num="8" count="3" type="stmt"/>
        <line num="9" count="3" type="stmt"/>
        <line num="11" count="3" type="stmt"/>
        <line num="30" count="3" type="stmt"/>
      </file>
    </package>
  </project>
</coverage>
