{"D:\\bkdocs-frontend\\app.config.js": {"path":"D:\\bkdocs-frontend\\app.config.js","statementMap":{},"fnMap":{},"branchMap":{"0":{"loc":{"start":{"line":30,"column":8},"end":{"line":30,"column":68}},"type":"binary-expr","locations":[{"start":{"line":30,"column":8},"end":{"line":30,"column":40}},{"start":{"line":30,"column":44},"end":{"line":30,"column":68}}],"line":30}},"s":{},"f":{},"b":{"0":[0,0]}}
,"D:\\bkdocs-frontend\\babel.config.js": {"path":"D:\\bkdocs-frontend\\babel.config.js","statementMap":{"0":{"start":{"line":1,"column":0},"end":{"line":12,"column":2}},"1":{"start":{"line":2,"column":2},"end":{"line":2,"column":18}},"2":{"start":{"line":3,"column":2},"end":{"line":11,"column":4}}},"fnMap":{"0":{"name":"(anonymous_0)","decl":{"start":{"line":1,"column":17},"end":{"line":1,"column":18}},"loc":{"start":{"line":1,"column":32},"end":{"line":12,"column":1}},"line":1}},"branchMap":{},"s":{"0":0,"1":0,"2":0},"f":{"0":0},"b":{}}
,"D:\\bkdocs-frontend\\eslint.config.js": {"path":"D:\\bkdocs-frontend\\eslint.config.js","statementMap":{"0":{"start":{"line":2,"column":25},"end":{"line":2,"column":49}},"1":{"start":{"line":3,"column":19},"end":{"line":3,"column":53}},"2":{"start":{"line":5,"column":0},"end":{"line":10,"column":3}}},"fnMap":{},"branchMap":{},"s":{"0":0,"1":0,"2":0},"f":{},"b":{}}
,"D:\\bkdocs-frontend\\expo-env.d.ts": {"path":"D:\\bkdocs-frontend\\expo-env.d.ts","statementMap":{},"fnMap":{},"branchMap":{},"s":{},"f":{},"b":{}}
,"D:\\bkdocs-frontend\\metro.config.js": {"path":"D:\\bkdocs-frontend\\metro.config.js","statementMap":{"0":{"start":{"line":1,"column":29},"end":{"line":1,"column":58}},"1":{"start":{"line":2,"column":27},"end":{"line":2,"column":54}},"2":{"start":{"line":6,"column":4},"end":{"line":6,"column":41}},"3":{"start":{"line":8,"column":15},"end":{"line":8,"column":45}},"4":{"start":{"line":10,"column":0},"end":{"line":10,"column":66}}},"fnMap":{},"branchMap":{},"s":{"0":0,"1":0,"2":0,"3":0,"4":0},"f":{},"b":{}}
,"D:\\bkdocs-frontend\\nativewind-env.d.ts": {"path":"D:\\bkdocs-frontend\\nativewind-env.d.ts","statementMap":{},"fnMap":{},"branchMap":{},"s":{},"f":{},"b":{}}
,"D:\\bkdocs-frontend\\tailwind.config.js": {"path":"D:\\bkdocs-frontend\\tailwind.config.js","statementMap":{"0":{"start":{"line":2,"column":0},"end":{"line":40,"column":1}}},"fnMap":{},"branchMap":{},"s":{"0":0},"f":{},"b":{}}
,"D:\\bkdocs-frontend\\.expo\\types\\router.d.ts": {"path":"D:\\bkdocs-frontend\\.expo\\types\\router.d.ts","statementMap":{},"fnMap":{},"branchMap":{},"s":{},"f":{},"b":{}}
,"D:\\bkdocs-frontend\\api\\apiClient.ts": {"path":"D:\\bkdocs-frontend\\api\\apiClient.ts","statementMap":{"0":{"start":{"line":9,"column":19},"end":{"line":14,"column":2}},"1":{"start":{"line":16,"column":19},"end":{"line":16,"column":24}},"2":{"start":{"line":17,"column":32},"end":{"line":17,"column":37}},"3":{"start":{"line":19,"column":31},"end":{"line":21,"column":1}},"4":{"start":{"line":20,"column":2},"end":{"line":20,"column":23}},"5":{"start":{"line":23,"column":36},"end":{"line":25,"column":1}},"6":{"start":{"line":24,"column":2},"end":{"line":24,"column":36}},"7":{"start":{"line":27,"column":0},"end":{"line":47,"column":2}},"8":{"start":{"line":29,"column":23},"end":{"line":29,"column":39}},"9":{"start":{"line":31,"column":6},"end":{"line":34,"column":48}},"10":{"start":{"line":36,"column":4},"end":{"line":38,"column":5}},"11":{"start":{"line":37,"column":6},"end":{"line":37,"column":78}},"12":{"start":{"line":40,"column":18},"end":{"line":40,"column":62}},"13":{"start":{"line":41,"column":4},"end":{"line":43,"column":5}},"14":{"start":{"line":42,"column":6},"end":{"line":42,"column":55}},"15":{"start":{"line":44,"column":4},"end":{"line":44,"column":18}},"16":{"start":{"line":46,"column":13},"end":{"line":46,"column":34}},"17":{"start":{"line":49,"column":0},"end":{"line":100,"column":2}},"18":{"start":{"line":50,"column":16},"end":{"line":50,"column":24}},"19":{"start":{"line":52,"column":19},"end":{"line":52,"column":41}},"20":{"start":{"line":54,"column":4},"end":{"line":97,"column":5}},"21":{"start":{"line":56,"column":25},"end":{"line":56,"column":48}},"22":{"start":{"line":58,"column":8},"end":{"line":61,"column":50}},"23":{"start":{"line":63,"column":6},"end":{"line":77,"column":7}},"24":{"start":{"line":64,"column":8},"end":{"line":64,"column":28}},"25":{"start":{"line":65,"column":8},"end":{"line":65,"column":56}},"26":{"start":{"line":66,"column":8},"end":{"line":68,"column":18}},"27":{"start":{"line":67,"column":10},"end":{"line":67,"column":32}},"28":{"start":{"line":70,"column":8},"end":{"line":75,"column":9}},"29":{"start":{"line":71,"column":10},"end":{"line":71,"column":79}},"30":{"start":{"line":72,"column":10},"end":{"line":74,"column":20}},"31":{"start":{"line":73,"column":12},"end":{"line":73,"column":46}},"32":{"start":{"line":79,"column":28},"end":{"line":79,"column":51}},"33":{"start":{"line":80,"column":29},"end":{"line":80,"column":44}},"34":{"start":{"line":82,"column":23},"end":{"line":82,"column":67}},"35":{"start":{"line":84,"column":6},"end":{"line":96,"column":7}},"36":{"start":{"line":85,"column":8},"end":{"line":85,"column":41}},"37":{"start":{"line":86,"column":8},"end":{"line":95,"column":9}},"38":{"start":{"line":87,"column":10},"end":{"line":87,"column":42}},"39":{"start":{"line":92,"column":10},"end":{"line":94,"column":19}},"40":{"start":{"line":93,"column":12},"end":{"line":93,"column":46}},"41":{"start":{"line":98,"column":4},"end":{"line":98,"column":33}}},"fnMap":{"0":{"name":"(anonymous_0)","decl":{"start":{"line":19,"column":31},"end":{"line":19,"column":32}},"loc":{"start":{"line":19,"column":37},"end":{"line":21,"column":1}},"line":19},"1":{"name":"(anonymous_1)","decl":{"start":{"line":23,"column":36},"end":{"line":23,"column":37}},"loc":{"start":{"line":23,"column":42},"end":{"line":25,"column":1}},"line":23},"2":{"name":"(anonymous_2)","decl":{"start":{"line":28,"column":2},"end":{"line":28,"column":3}},"loc":{"start":{"line":28,"column":20},"end":{"line":45,"column":3}},"line":28},"3":{"name":"(anonymous_3)","decl":{"start":{"line":46,"column":2},"end":{"line":46,"column":3}},"loc":{"start":{"line":46,"column":13},"end":{"line":46,"column":34}},"line":46},"4":{"name":"(anonymous_4)","decl":{"start":{"line":50,"column":2},"end":{"line":50,"column":3}},"loc":{"start":{"line":50,"column":16},"end":{"line":50,"column":24}},"line":50},"5":{"name":"(anonymous_5)","decl":{"start":{"line":51,"column":2},"end":{"line":51,"column":3}},"loc":{"start":{"line":51,"column":19},"end":{"line":99,"column":3}},"line":51},"6":{"name":"(anonymous_6)","decl":{"start":{"line":92,"column":21},"end":{"line":92,"column":22}},"loc":{"start":{"line":92,"column":27},"end":{"line":94,"column":11}},"line":92}},"branchMap":{"0":{"loc":{"start":{"line":29,"column":23},"end":{"line":29,"column":39}},"type":"binary-expr","locations":[{"start":{"line":29,"column":23},"end":{"line":29,"column":33}},{"start":{"line":29,"column":37},"end":{"line":29,"column":39}}],"line":29},"1":{"loc":{"start":{"line":31,"column":6},"end":{"line":34,"column":48}},"type":"binary-expr","locations":[{"start":{"line":31,"column":6},"end":{"line":31,"column":36}},{"start":{"line":32,"column":6},"end":{"line":32,"column":42}},{"start":{"line":33,"column":6},"end":{"line":33,"column":41}},{"start":{"line":34,"column":6},"end":{"line":34,"column":48}}],"line":31},"2":{"loc":{"start":{"line":36,"column":4},"end":{"line":38,"column":5}},"type":"if","locations":[{"start":{"line":36,"column":4},"end":{"line":38,"column":5}},{"start":{},"end":{}}],"line":36},"3":{"loc":{"start":{"line":36,"column":8},"end":{"line":36,"column":39}},"type":"binary-expr","locations":[{"start":{"line":36,"column":8},"end":{"line":36,"column":20}},{"start":{"line":36,"column":24},"end":{"line":36,"column":39}}],"line":36},"4":{"loc":{"start":{"line":41,"column":4},"end":{"line":43,"column":5}},"type":"if","locations":[{"start":{"line":41,"column":4},"end":{"line":43,"column":5}},{"start":{},"end":{}}],"line":41},"5":{"loc":{"start":{"line":41,"column":8},"end":{"line":41,"column":62}},"type":"binary-expr","locations":[{"start":{"line":41,"column":8},"end":{"line":41,"column":13}},{"start":{"line":41,"column":17},"end":{"line":41,"column":27}},{"start":{"line":41,"column":31},"end":{"line":41,"column":62}}],"line":41},"6":{"loc":{"start":{"line":54,"column":4},"end":{"line":97,"column":5}},"type":"if","locations":[{"start":{"line":54,"column":4},"end":{"line":97,"column":5}},{"start":{"line":78,"column":11},"end":{"line":97,"column":5}}],"line":54},"7":{"loc":{"start":{"line":56,"column":25},"end":{"line":56,"column":48}},"type":"binary-expr","locations":[{"start":{"line":56,"column":25},"end":{"line":56,"column":42}},{"start":{"line":56,"column":46},"end":{"line":56,"column":48}}],"line":56},"8":{"loc":{"start":{"line":58,"column":8},"end":{"line":61,"column":50}},"type":"binary-expr","locations":[{"start":{"line":58,"column":8},"end":{"line":58,"column":38}},{"start":{"line":59,"column":8},"end":{"line":59,"column":44}},{"start":{"line":60,"column":8},"end":{"line":60,"column":43}},{"start":{"line":61,"column":8},"end":{"line":61,"column":50}}],"line":58},"9":{"loc":{"start":{"line":63,"column":6},"end":{"line":77,"column":7}},"type":"if","locations":[{"start":{"line":63,"column":6},"end":{"line":77,"column":7}},{"start":{},"end":{}}],"line":63},"10":{"loc":{"start":{"line":63,"column":10},"end":{"line":63,"column":42}},"type":"binary-expr","locations":[{"start":{"line":63,"column":10},"end":{"line":63,"column":25}},{"start":{"line":63,"column":29},"end":{"line":63,"column":42}}],"line":63},"11":{"loc":{"start":{"line":70,"column":8},"end":{"line":75,"column":9}},"type":"if","locations":[{"start":{"line":70,"column":8},"end":{"line":75,"column":9}},{"start":{},"end":{}}],"line":70},"12":{"loc":{"start":{"line":79,"column":28},"end":{"line":79,"column":51}},"type":"binary-expr","locations":[{"start":{"line":79,"column":28},"end":{"line":79,"column":34}},{"start":{"line":79,"column":38},"end":{"line":79,"column":51}}],"line":79},"13":{"loc":{"start":{"line":84,"column":6},"end":{"line":96,"column":7}},"type":"if","locations":[{"start":{"line":84,"column":6},"end":{"line":96,"column":7}},{"start":{},"end":{}}],"line":84},"14":{"loc":{"start":{"line":84,"column":10},"end":{"line":84,"column":85}},"type":"binary-expr","locations":[{"start":{"line":84,"column":11},"end":{"line":84,"column":24}},{"start":{"line":84,"column":28},"end":{"line":84,"column":42}},{"start":{"line":84,"column":47},"end":{"line":84,"column":55}},{"start":{"line":84,"column":59},"end":{"line":84,"column":85}}],"line":84}},"s":{"0":2,"1":2,"2":2,"3":2,"4":20,"5":2,"6":19,"7":2,"8":3,"9":3,"10":3,"11":0,"12":3,"13":3,"14":1,"15":3,"16":1,"17":2,"18":1,"19":6,"20":6,"21":2,"22":2,"23":2,"24":1,"25":1,"26":1,"27":1,"28":1,"29":1,"30":1,"31":1,"32":4,"33":4,"34":4,"35":4,"36":2,"37":2,"38":2,"39":2,"40":0,"41":6},"f":{"0":20,"1":19,"2":3,"3":1,"4":1,"5":6,"6":0},"b":{"0":[3,0],"1":[3,2,2,2],"2":[0,3],"3":[3,0],"4":[1,2],"5":[3,2,2],"6":[2,4],"7":[2,0],"8":[2,1,1,1],"9":[1,1],"10":[2,1],"11":[1,0],"12":[4,3],"13":[2,2],"14":[4,2,3,2]},"_coverageSchema":"1a1c01bbd47fc00a2c39e90264f33305004495a9","hash":"c12307082d74cf00b8041c43b8f76954ddf3bb2a"}
,"D:\\bkdocs-frontend\\api\\apiRoutes.ts": {"path":"D:\\bkdocs-frontend\\api\\apiRoutes.ts","statementMap":{"0":{"start":{"line":1,"column":25},"end":{"line":1,"column":38}},"1":{"start":{"line":2,"column":31},"end":{"line":2,"column":42}},"2":{"start":{"line":3,"column":30},"end":{"line":3,"column":48}},"3":{"start":{"line":4,"column":37},"end":{"line":4,"column":53}},"4":{"start":{"line":5,"column":42},"end":{"line":5,"column":64}},"5":{"start":{"line":6,"column":34},"end":{"line":6,"column":50}},"6":{"start":{"line":9,"column":29},"end":{"line":9,"column":41}},"7":{"start":{"line":10,"column":36},"end":{"line":10,"column":73}},"8":{"start":{"line":11,"column":37},"end":{"line":11,"column":55}},"9":{"start":{"line":12,"column":46},"end":{"line":12,"column":73}},"10":{"start":{"line":13,"column":36},"end":{"line":13,"column":73}},"11":{"start":{"line":14,"column":43},"end":{"line":14,"column":69}},"12":{"start":{"line":15,"column":43},"end":{"line":15,"column":69}},"13":{"start":{"line":16,"column":35},"end":{"line":16,"column":53}},"14":{"start":{"line":17,"column":35},"end":{"line":17,"column":79}},"15":{"start":{"line":18,"column":39},"end":{"line":18,"column":79}},"16":{"start":{"line":18,"column":55},"end":{"line":18,"column":79}},"17":{"start":{"line":19,"column":37},"end":{"line":19,"column":86}},"18":{"start":{"line":19,"column":53},"end":{"line":19,"column":86}},"19":{"start":{"line":22,"column":25},"end":{"line":22,"column":33}},"20":{"start":{"line":23,"column":35},"end":{"line":23,"column":88}},"21":{"start":{"line":23,"column":51},"end":{"line":23,"column":88}},"22":{"start":{"line":24,"column":42},"end":{"line":24,"column":102}},"23":{"start":{"line":24,"column":58},"end":{"line":24,"column":102}},"24":{"start":{"line":25,"column":29},"end":{"line":25,"column":54}},"25":{"start":{"line":28,"column":33},"end":{"line":28,"column":49}},"26":{"start":{"line":29,"column":29},"end":{"line":29,"column":61}},"27":{"start":{"line":30,"column":37},"end":{"line":30,"column":67}},"28":{"start":{"line":31,"column":39},"end":{"line":31,"column":69}},"29":{"start":{"line":32,"column":37},"end":{"line":32,"column":67}},"30":{"start":{"line":33,"column":39},"end":{"line":33,"column":69}},"31":{"start":{"line":34,"column":45},"end":{"line":34,"column":89}},"32":{"start":{"line":34,"column":61},"end":{"line":34,"column":89}},"33":{"start":{"line":37,"column":25},"end":{"line":37,"column":33}},"34":{"start":{"line":38,"column":38},"end":{"line":38,"column":52}},"35":{"start":{"line":39,"column":32},"end":{"line":39,"column":54}},"36":{"start":{"line":40,"column":38},"end":{"line":40,"column":90}},"37":{"start":{"line":40,"column":58},"end":{"line":40,"column":90}},"38":{"start":{"line":41,"column":34},"end":{"line":41,"column":48}},"39":{"start":{"line":42,"column":34},"end":{"line":42,"column":56}},"40":{"start":{"line":43,"column":31},"end":{"line":43,"column":76}},"41":{"start":{"line":46,"column":36},"end":{"line":46,"column":55}},"42":{"start":{"line":47,"column":33},"end":{"line":47,"column":49}},"43":{"start":{"line":48,"column":43},"end":{"line":48,"column":100}},"44":{"start":{"line":48,"column":63},"end":{"line":48,"column":100}},"45":{"start":{"line":49,"column":43},"end":{"line":49,"column":69}},"46":{"start":{"line":50,"column":41},"end":{"line":50,"column":93}},"47":{"start":{"line":50,"column":60},"end":{"line":50,"column":93}},"48":{"start":{"line":53,"column":22},"end":{"line":53,"column":27}},"49":{"start":{"line":54,"column":27},"end":{"line":54,"column":43}}},"fnMap":{"0":{"name":"(anonymous_0)","decl":{"start":{"line":18,"column":39},"end":{"line":18,"column":40}},"loc":{"start":{"line":18,"column":55},"end":{"line":18,"column":79}},"line":18},"1":{"name":"(anonymous_1)","decl":{"start":{"line":19,"column":37},"end":{"line":19,"column":38}},"loc":{"start":{"line":19,"column":53},"end":{"line":19,"column":86}},"line":19},"2":{"name":"(anonymous_2)","decl":{"start":{"line":23,"column":35},"end":{"line":23,"column":36}},"loc":{"start":{"line":23,"column":51},"end":{"line":23,"column":88}},"line":23},"3":{"name":"(anonymous_3)","decl":{"start":{"line":24,"column":42},"end":{"line":24,"column":43}},"loc":{"start":{"line":24,"column":58},"end":{"line":24,"column":102}},"line":24},"4":{"name":"(anonymous_4)","decl":{"start":{"line":34,"column":45},"end":{"line":34,"column":46}},"loc":{"start":{"line":34,"column":61},"end":{"line":34,"column":89}},"line":34},"5":{"name":"(anonymous_5)","decl":{"start":{"line":40,"column":38},"end":{"line":40,"column":39}},"loc":{"start":{"line":40,"column":58},"end":{"line":40,"column":90}},"line":40},"6":{"name":"(anonymous_6)","decl":{"start":{"line":48,"column":43},"end":{"line":48,"column":44}},"loc":{"start":{"line":48,"column":63},"end":{"line":48,"column":100}},"line":48},"7":{"name":"(anonymous_7)","decl":{"start":{"line":50,"column":41},"end":{"line":50,"column":42}},"loc":{"start":{"line":50,"column":60},"end":{"line":50,"column":93}},"line":50}},"branchMap":{},"s":{"0":18,"1":18,"2":18,"3":18,"4":18,"5":18,"6":18,"7":18,"8":18,"9":18,"10":18,"11":18,"12":18,"13":18,"14":18,"15":18,"16":136,"17":18,"18":8,"19":18,"20":18,"21":130,"22":18,"23":0,"24":18,"25":18,"26":18,"27":18,"28":18,"29":18,"30":18,"31":18,"32":0,"33":18,"34":18,"35":18,"36":18,"37":3,"38":18,"39":18,"40":18,"41":18,"42":18,"43":18,"44":7,"45":18,"46":18,"47":8,"48":18,"49":18},"f":{"0":136,"1":8,"2":130,"3":0,"4":0,"5":3,"6":7,"7":8},"b":{},"_coverageSchema":"1a1c01bbd47fc00a2c39e90264f33305004495a9","hash":"61f15cd43a10f7fd0f02135ec6914f05fc916974"}
,"D:\\bkdocs-frontend\\app\\_layout.tsx": {"path":"D:\\bkdocs-frontend\\app\\_layout.tsx","statementMap":{"0":{"start":{"line":23,"column":0},"end":{"line":46,"column":3}},"1":{"start":{"line":48,"column":20},"end":{"line":48,"column":37}},"2":{"start":{"line":51,"column":22},"end":{"line":51,"column":38}},"3":{"start":{"line":52,"column":39},"end":{"line":52,"column":60}},"4":{"start":{"line":53,"column":22},"end":{"line":53,"column":35}},"5":{"start":{"line":54,"column":19},"end":{"line":54,"column":32}},"6":{"start":{"line":55,"column":30},"end":{"line":55,"column":57}},"7":{"start":{"line":58,"column":2},"end":{"line":61,"column":9}},"8":{"start":{"line":59,"column":4},"end":{"line":59,"column":17}},"9":{"start":{"line":60,"column":4},"end":{"line":60,"column":22}},"10":{"start":{"line":64,"column":2},"end":{"line":88,"column":17}},"11":{"start":{"line":65,"column":4},"end":{"line":65,"column":26}},"12":{"start":{"line":65,"column":19},"end":{"line":65,"column":26}},"13":{"start":{"line":67,"column":23},"end":{"line":67,"column":79}},"14":{"start":{"line":70,"column":4},"end":{"line":73,"column":5}},"15":{"start":{"line":71,"column":29},"end":{"line":71,"column":104}},"16":{"start":{"line":72,"column":6},"end":{"line":72,"column":38}},"17":{"start":{"line":76,"column":4},"end":{"line":76,"column":33}},"18":{"start":{"line":77,"column":4},"end":{"line":77,"column":30}},"19":{"start":{"line":79,"column":4},"end":{"line":79,"column":43}},"20":{"start":{"line":82,"column":4},"end":{"line":87,"column":6}},"21":{"start":{"line":83,"column":6},"end":{"line":86,"column":7}},"22":{"start":{"line":84,"column":31},"end":{"line":84,"column":106}},"23":{"start":{"line":85,"column":8},"end":{"line":85,"column":40}},"24":{"start":{"line":91,"column":2},"end":{"line":98,"column":9}},"25":{"start":{"line":92,"column":25},"end":{"line":95,"column":6}},"26":{"start":{"line":93,"column":31},"end":{"line":93,"column":105}},"27":{"start":{"line":94,"column":6},"end":{"line":94,"column":46}},"28":{"start":{"line":97,"column":4},"end":{"line":97,"column":39}},"29":{"start":{"line":97,"column":17},"end":{"line":97,"column":38}},"30":{"start":{"line":100,"column":2},"end":{"line":104,"column":3}},"31":{"start":{"line":101,"column":4},"end":{"line":103,"column":6}},"32":{"start":{"line":106,"column":26},"end":{"line":159,"column":4}},"33":{"start":{"line":137,"column":44},"end":{"line":145,"column":11}},"34":{"start":{"line":161,"column":2},"end":{"line":183,"column":4}}},"fnMap":{"0":{"name":"RootLayout","decl":{"start":{"line":50,"column":36},"end":{"line":50,"column":46}},"loc":{"start":{"line":50,"column":49},"end":{"line":184,"column":1}},"line":50},"1":{"name":"(anonymous_1)","decl":{"start":{"line":58,"column":12},"end":{"line":58,"column":13}},"loc":{"start":{"line":58,"column":18},"end":{"line":61,"column":3}},"line":58},"2":{"name":"(anonymous_2)","decl":{"start":{"line":64,"column":12},"end":{"line":64,"column":13}},"loc":{"start":{"line":64,"column":18},"end":{"line":88,"column":3}},"line":64},"3":{"name":"(anonymous_3)","decl":{"start":{"line":82,"column":11},"end":{"line":82,"column":12}},"loc":{"start":{"line":82,"column":17},"end":{"line":87,"column":5}},"line":82},"4":{"name":"(anonymous_4)","decl":{"start":{"line":91,"column":12},"end":{"line":91,"column":13}},"loc":{"start":{"line":91,"column":18},"end":{"line":98,"column":3}},"line":91},"5":{"name":"(anonymous_5)","decl":{"start":{"line":92,"column":65},"end":{"line":92,"column":66}},"loc":{"start":{"line":92,"column":79},"end":{"line":95,"column":5}},"line":92},"6":{"name":"(anonymous_6)","decl":{"start":{"line":97,"column":11},"end":{"line":97,"column":12}},"loc":{"start":{"line":97,"column":17},"end":{"line":97,"column":38}},"line":97},"7":{"name":"(anonymous_7)","decl":{"start":{"line":137,"column":17},"end":{"line":137,"column":18}},"loc":{"start":{"line":137,"column":44},"end":{"line":145,"column":11}},"line":137}},"branchMap":{"0":{"loc":{"start":{"line":24,"column":7},"end":{"line":24,"column":47}},"type":"binary-expr","locations":[{"start":{"line":24,"column":7},"end":{"line":24,"column":41}},{"start":{"line":24,"column":45},"end":{"line":24,"column":47}}],"line":24},"1":{"loc":{"start":{"line":27,"column":15},"end":{"line":27,"column":53}},"type":"cond-expr","locations":[{"start":{"line":27,"column":25},"end":{"line":27,"column":38}},{"start":{"line":27,"column":41},"end":{"line":27,"column":53}}],"line":27},"2":{"loc":{"start":{"line":65,"column":4},"end":{"line":65,"column":26}},"type":"if","locations":[{"start":{"line":65,"column":4},"end":{"line":65,"column":26}},{"start":{},"end":{}}],"line":65},"3":{"loc":{"start":{"line":67,"column":23},"end":{"line":67,"column":79}},"type":"binary-expr","locations":[{"start":{"line":67,"column":23},"end":{"line":67,"column":69}},{"start":{"line":67,"column":73},"end":{"line":67,"column":79}}],"line":67},"4":{"loc":{"start":{"line":70,"column":4},"end":{"line":73,"column":5}},"type":"if","locations":[{"start":{"line":70,"column":4},"end":{"line":73,"column":5}},{"start":{},"end":{}}],"line":70},"5":{"loc":{"start":{"line":71,"column":29},"end":{"line":71,"column":104}},"type":"binary-expr","locations":[{"start":{"line":71,"column":29},"end":{"line":71,"column":94}},{"start":{"line":71,"column":98},"end":{"line":71,"column":104}}],"line":71},"6":{"loc":{"start":{"line":83,"column":6},"end":{"line":86,"column":7}},"type":"if","locations":[{"start":{"line":83,"column":6},"end":{"line":86,"column":7}},{"start":{},"end":{}}],"line":83},"7":{"loc":{"start":{"line":84,"column":31},"end":{"line":84,"column":106}},"type":"binary-expr","locations":[{"start":{"line":84,"column":31},"end":{"line":84,"column":96}},{"start":{"line":84,"column":100},"end":{"line":84,"column":106}}],"line":84},"8":{"loc":{"start":{"line":93,"column":31},"end":{"line":93,"column":105}},"type":"binary-expr","locations":[{"start":{"line":93,"column":31},"end":{"line":93,"column":92}},{"start":{"line":93,"column":96},"end":{"line":93,"column":105}}],"line":93},"9":{"loc":{"start":{"line":100,"column":2},"end":{"line":104,"column":3}},"type":"if","locations":[{"start":{"line":100,"column":2},"end":{"line":104,"column":3}},{"start":{},"end":{}}],"line":100},"10":{"loc":{"start":{"line":100,"column":6},"end":{"line":100,"column":31}},"type":"binary-expr","locations":[{"start":{"line":100,"column":6},"end":{"line":100,"column":15}},{"start":{"line":100,"column":19},"end":{"line":100,"column":31}}],"line":100},"11":{"loc":{"start":{"line":166,"column":44},"end":{"line":166,"column":93}},"type":"cond-expr","locations":[{"start":{"line":166,"column":69},"end":{"line":166,"column":78}},{"start":{"line":166,"column":81},"end":{"line":166,"column":93}}],"line":166}},"s":{"0":1,"1":1,"2":8,"3":8,"4":8,"5":8,"6":8,"7":8,"8":8,"9":8,"10":8,"11":8,"12":0,"13":8,"14":8,"15":0,"16":0,"17":8,"18":8,"19":8,"20":8,"21":8,"22":8,"23":8,"24":8,"25":8,"26":0,"27":0,"28":8,"29":8,"30":8,"31":2,"32":6,"33":0,"34":6},"f":{"0":8,"1":8,"2":8,"3":8,"4":8,"5":0,"6":8,"7":0},"b":{"0":[1,1],"1":[1,0],"2":[0,8],"3":[8,8],"4":[0,8],"5":[0,0],"6":[8,0],"7":[8,8],"8":[0,0],"9":[2,6],"10":[8,7],"11":[1,5]},"_coverageSchema":"1a1c01bbd47fc00a2c39e90264f33305004495a9","hash":"d93b5ae6146fff80e94c37f1dc540098e293c66c"}
,"D:\\bkdocs-frontend\\app\\index.tsx": {"path":"D:\\bkdocs-frontend\\app\\index.tsx","statementMap":{"0":{"start":{"line":8,"column":23},"end":{"line":8,"column":42}},"1":{"start":{"line":11,"column":41},"end":{"line":11,"column":50}},"2":{"start":{"line":12,"column":52},"end":{"line":12,"column":82}},"3":{"start":{"line":14,"column":2},"end":{"line":25,"column":9}},"4":{"start":{"line":15,"column":28},"end":{"line":23,"column":5}},"5":{"start":{"line":16,"column":6},"end":{"line":22,"column":7}},"6":{"start":{"line":17,"column":22},"end":{"line":17,"column":64}},"7":{"start":{"line":18,"column":8},"end":{"line":18,"column":47}},"8":{"start":{"line":20,"column":8},"end":{"line":20,"column":66}},"9":{"start":{"line":21,"column":8},"end":{"line":21,"column":36}},"10":{"start":{"line":24,"column":4},"end":{"line":24,"column":22}},"11":{"start":{"line":27,"column":2},"end":{"line":29,"column":3}},"12":{"start":{"line":28,"column":4},"end":{"line":28,"column":65}},"13":{"start":{"line":32,"column":2},"end":{"line":34,"column":3}},"14":{"start":{"line":33,"column":4},"end":{"line":33,"column":43}},"15":{"start":{"line":37,"column":2},"end":{"line":39,"column":3}},"16":{"start":{"line":38,"column":4},"end":{"line":38,"column":46}},"17":{"start":{"line":42,"column":2},"end":{"line":42,"column":42}}},"fnMap":{"0":{"name":"Index","decl":{"start":{"line":10,"column":24},"end":{"line":10,"column":29}},"loc":{"start":{"line":10,"column":32},"end":{"line":43,"column":1}},"line":10},"1":{"name":"(anonymous_1)","decl":{"start":{"line":14,"column":12},"end":{"line":14,"column":13}},"loc":{"start":{"line":14,"column":18},"end":{"line":25,"column":3}},"line":14},"2":{"name":"(anonymous_2)","decl":{"start":{"line":15,"column":28},"end":{"line":15,"column":29}},"loc":{"start":{"line":15,"column":40},"end":{"line":23,"column":5}},"line":15}},"branchMap":{"0":{"loc":{"start":{"line":27,"column":2},"end":{"line":29,"column":3}},"type":"if","locations":[{"start":{"line":27,"column":2},"end":{"line":29,"column":3}},{"start":{},"end":{}}],"line":27},"1":{"loc":{"start":{"line":27,"column":6},"end":{"line":27,"column":45}},"type":"binary-expr","locations":[{"start":{"line":27,"column":6},"end":{"line":27,"column":15}},{"start":{"line":27,"column":19},"end":{"line":27,"column":45}}],"line":27},"2":{"loc":{"start":{"line":32,"column":2},"end":{"line":34,"column":3}},"type":"if","locations":[{"start":{"line":32,"column":2},"end":{"line":34,"column":3}},{"start":{},"end":{}}],"line":32},"3":{"loc":{"start":{"line":37,"column":2},"end":{"line":39,"column":3}},"type":"if","locations":[{"start":{"line":37,"column":2},"end":{"line":39,"column":3}},{"start":{},"end":{}}],"line":37}},"s":{"0":0,"1":0,"2":0,"3":0,"4":0,"5":0,"6":0,"7":0,"8":0,"9":0,"10":0,"11":0,"12":0,"13":0,"14":0,"15":0,"16":0,"17":0},"f":{"0":0,"1":0,"2":0},"b":{"0":[0,0],"1":[0,0],"2":[0,0],"3":[0,0]}}
,"D:\\bkdocs-frontend\\app\\server-error.tsx": {"path":"D:\\bkdocs-frontend\\app\\server-error.tsx","statementMap":{"0":{"start":{"line":10,"column":17},"end":{"line":10,"column":28}},"1":{"start":{"line":11,"column":21},"end":{"line":11,"column":30}},"2":{"start":{"line":12,"column":38},"end":{"line":12,"column":53}},"3":{"start":{"line":14,"column":22},"end":{"line":26,"column":3}},"4":{"start":{"line":15,"column":4},"end":{"line":25,"column":5}},"5":{"start":{"line":16,"column":6},"end":{"line":16,"column":26}},"6":{"start":{"line":17,"column":6},"end":{"line":17,"column":31}},"7":{"start":{"line":19,"column":6},"end":{"line":19,"column":41}},"8":{"start":{"line":21,"column":6},"end":{"line":21,"column":54}},"9":{"start":{"line":24,"column":6},"end":{"line":24,"column":27}},"10":{"start":{"line":28,"column":23},"end":{"line":36,"column":3}},"11":{"start":{"line":29,"column":4},"end":{"line":35,"column":5}},"12":{"start":{"line":30,"column":6},"end":{"line":30,"column":21}},"13":{"start":{"line":34,"column":6},"end":{"line":34,"column":42}},"14":{"start":{"line":38,"column":2},"end":{"line":80,"column":4}}},"fnMap":{"0":{"name":"ServerErrorScreen","decl":{"start":{"line":9,"column":24},"end":{"line":9,"column":41}},"loc":{"start":{"line":9,"column":44},"end":{"line":81,"column":1}},"line":9},"1":{"name":"(anonymous_1)","decl":{"start":{"line":14,"column":22},"end":{"line":14,"column":23}},"loc":{"start":{"line":14,"column":34},"end":{"line":26,"column":3}},"line":14},"2":{"name":"(anonymous_2)","decl":{"start":{"line":28,"column":23},"end":{"line":28,"column":24}},"loc":{"start":{"line":28,"column":35},"end":{"line":36,"column":3}},"line":28}},"branchMap":{},"s":{"0":0,"1":0,"2":0,"3":0,"4":0,"5":0,"6":0,"7":0,"8":0,"9":0,"10":0,"11":0,"12":0,"13":0,"14":0},"f":{"0":0,"1":0,"2":0},"b":{}}
,"D:\\bkdocs-frontend\\app\\(app)\\_layout.tsx": {"path":"D:\\bkdocs-frontend\\app\\(app)\\_layout.tsx","statementMap":{"0":{"start":{"line":5,"column":2},"end":{"line":9,"column":4}}},"fnMap":{"0":{"name":"AppLayout","decl":{"start":{"line":4,"column":24},"end":{"line":4,"column":33}},"loc":{"start":{"line":4,"column":36},"end":{"line":10,"column":1}},"line":4}},"branchMap":{},"s":{"0":0},"f":{"0":0},"b":{}}
,"D:\\bkdocs-frontend\\app\\(app)\\(tabs)\\_layout.tsx": {"path":"D:\\bkdocs-frontend\\app\\(app)\\(tabs)\\_layout.tsx","statementMap":{"0":{"start":{"line":12,"column":21},"end":{"line":12,"column":31}},"1":{"start":{"line":13,"column":17},"end":{"line":13,"column":52}},"2":{"start":{"line":14,"column":19},"end":{"line":14,"column":35}},"3":{"start":{"line":16,"column":23},"end":{"line":58,"column":3}},"4":{"start":{"line":18,"column":4},"end":{"line":18,"column":56}},"5":{"start":{"line":19,"column":4},"end":{"line":19,"column":45}},"6":{"start":{"line":21,"column":19},"end":{"line":24,"column":6}},"7":{"start":{"line":25,"column":4},"end":{"line":57,"column":5}},"8":{"start":{"line":26,"column":21},"end":{"line":26,"column":37}},"9":{"start":{"line":27,"column":6},"end":{"line":27,"column":62}},"10":{"start":{"line":29,"column":20},"end":{"line":29,"column":30}},"11":{"start":{"line":31,"column":6},"end":{"line":47,"column":7}},"12":{"start":{"line":32,"column":8},"end":{"line":46,"column":9}},"13":{"start":{"line":33,"column":27},"end":{"line":33,"column":56}},"14":{"start":{"line":34,"column":28},"end":{"line":34,"column":81}},"15":{"start":{"line":35,"column":10},"end":{"line":35,"column":97}},"16":{"start":{"line":37,"column":29},"end":{"line":37,"column":57}},"17":{"start":{"line":38,"column":10},"end":{"line":38,"column":43}},"18":{"start":{"line":40,"column":10},"end":{"line":40,"column":34}},"19":{"start":{"line":41,"column":10},"end":{"line":41,"column":63}},"20":{"start":{"line":43,"column":10},"end":{"line":43,"column":54}},"21":{"start":{"line":44,"column":10},"end":{"line":44,"column":58}},"22":{"start":{"line":45,"column":10},"end":{"line":45,"column":17}},"23":{"start":{"line":49,"column":6},"end":{"line":53,"column":10}},"24":{"start":{"line":55,"column":6},"end":{"line":55,"column":83}},"25":{"start":{"line":56,"column":6},"end":{"line":56,"column":42}},"26":{"start":{"line":60,"column":2},"end":{"line":142,"column":4}},"27":{"start":{"line":95,"column":12},"end":{"line":95,"column":91}},"28":{"start":{"line":104,"column":12},"end":{"line":104,"column":95}},"29":{"start":{"line":113,"column":12},"end":{"line":113,"column":107}},"30":{"start":{"line":118,"column":12},"end":{"line":118,"column":31}},"31":{"start":{"line":119,"column":12},"end":{"line":119,"column":27}},"32":{"start":{"line":128,"column":12},"end":{"line":128,"column":109}},"33":{"start":{"line":137,"column":12},"end":{"line":137,"column":95}}},"fnMap":{"0":{"name":"TabsLayout","decl":{"start":{"line":11,"column":24},"end":{"line":11,"column":34}},"loc":{"start":{"line":11,"column":37},"end":{"line":143,"column":1}},"line":11},"1":{"name":"(anonymous_1)","decl":{"start":{"line":16,"column":23},"end":{"line":16,"column":24}},"loc":{"start":{"line":16,"column":35},"end":{"line":58,"column":3}},"line":16},"2":{"name":"(anonymous_2)","decl":{"start":{"line":94,"column":22},"end":{"line":94,"column":23}},"loc":{"start":{"line":95,"column":12},"end":{"line":95,"column":91}},"line":95},"3":{"name":"(anonymous_3)","decl":{"start":{"line":103,"column":22},"end":{"line":103,"column":23}},"loc":{"start":{"line":104,"column":12},"end":{"line":104,"column":95}},"line":104},"4":{"name":"(anonymous_4)","decl":{"start":{"line":112,"column":22},"end":{"line":112,"column":23}},"loc":{"start":{"line":113,"column":12},"end":{"line":113,"column":107}},"line":113},"5":{"name":"(anonymous_5)","decl":{"start":{"line":117,"column":20},"end":{"line":117,"column":21}},"loc":{"start":{"line":117,"column":27},"end":{"line":120,"column":11}},"line":117},"6":{"name":"(anonymous_6)","decl":{"start":{"line":127,"column":22},"end":{"line":127,"column":23}},"loc":{"start":{"line":128,"column":12},"end":{"line":128,"column":109}},"line":128},"7":{"name":"(anonymous_7)","decl":{"start":{"line":136,"column":22},"end":{"line":136,"column":23}},"loc":{"start":{"line":137,"column":12},"end":{"line":137,"column":95}},"line":137}},"branchMap":{"0":{"loc":{"start":{"line":13,"column":17},"end":{"line":13,"column":52}},"type":"cond-expr","locations":[{"start":{"line":13,"column":26},"end":{"line":13,"column":37}},{"start":{"line":13,"column":40},"end":{"line":13,"column":52}}],"line":13},"1":{"loc":{"start":{"line":25,"column":4},"end":{"line":57,"column":5}},"type":"if","locations":[{"start":{"line":25,"column":4},"end":{"line":57,"column":5}},{"start":{},"end":{}}],"line":25},"2":{"loc":{"start":{"line":25,"column":8},"end":{"line":25,"column":53}},"type":"binary-expr","locations":[{"start":{"line":25,"column":8},"end":{"line":25,"column":24}},{"start":{"line":25,"column":28},"end":{"line":25,"column":53}}],"line":25},"3":{"loc":{"start":{"line":31,"column":6},"end":{"line":47,"column":7}},"type":"if","locations":[{"start":{"line":31,"column":6},"end":{"line":47,"column":7}},{"start":{},"end":{}}],"line":31},"4":{"loc":{"start":{"line":31,"column":10},"end":{"line":31,"column":75}},"type":"binary-expr","locations":[{"start":{"line":31,"column":10},"end":{"line":31,"column":37}},{"start":{"line":31,"column":41},"end":{"line":31,"column":75}}],"line":31},"5":{"loc":{"start":{"line":33,"column":27},"end":{"line":33,"column":56}},"type":"binary-expr","locations":[{"start":{"line":33,"column":27},"end":{"line":33,"column":38}},{"start":{"line":33,"column":42},"end":{"line":33,"column":56}}],"line":33},"6":{"loc":{"start":{"line":51,"column":14},"end":{"line":51,"column":31}},"type":"binary-expr","locations":[{"start":{"line":51,"column":14},"end":{"line":51,"column":25}},{"start":{"line":51,"column":29},"end":{"line":51,"column":31}}],"line":51},"7":{"loc":{"start":{"line":52,"column":18},"end":{"line":52,"column":39}},"type":"binary-expr","locations":[{"start":{"line":52,"column":18},"end":{"line":52,"column":33}},{"start":{"line":52,"column":37},"end":{"line":52,"column":39}}],"line":52},"8":{"loc":{"start":{"line":80,"column":21},"end":{"line":82,"column":45}},"type":"cond-expr","locations":[{"start":{"line":81,"column":14},"end":{"line":81,"column":51}},{"start":{"line":82,"column":14},"end":{"line":82,"column":45}}],"line":80},"9":{"loc":{"start":{"line":83,"column":14},"end":{"line":86,"column":11}},"type":"binary-expr","locations":[{"start":{"line":83,"column":14},"end":{"line":83,"column":20}},{"start":{"line":83,"column":24},"end":{"line":86,"column":11}}],"line":83},"10":{"loc":{"start":{"line":95,"column":28},"end":{"line":95,"column":61}},"type":"cond-expr","locations":[{"start":{"line":95,"column":38},"end":{"line":95,"column":44}},{"start":{"line":95,"column":47},"end":{"line":95,"column":61}}],"line":95},"11":{"loc":{"start":{"line":104,"column":28},"end":{"line":104,"column":65}},"type":"cond-expr","locations":[{"start":{"line":104,"column":38},"end":{"line":104,"column":46}},{"start":{"line":104,"column":49},"end":{"line":104,"column":65}}],"line":104},"12":{"loc":{"start":{"line":113,"column":28},"end":{"line":113,"column":77}},"type":"cond-expr","locations":[{"start":{"line":113,"column":38},"end":{"line":113,"column":52}},{"start":{"line":113,"column":55},"end":{"line":113,"column":77}}],"line":113},"13":{"loc":{"start":{"line":128,"column":28},"end":{"line":128,"column":79}},"type":"cond-expr","locations":[{"start":{"line":128,"column":38},"end":{"line":128,"column":53}},{"start":{"line":128,"column":56},"end":{"line":128,"column":79}}],"line":128},"14":{"loc":{"start":{"line":137,"column":28},"end":{"line":137,"column":65}},"type":"cond-expr","locations":[{"start":{"line":137,"column":38},"end":{"line":137,"column":46}},{"start":{"line":137,"column":49},"end":{"line":137,"column":65}}],"line":137}},"s":{"0":8,"1":8,"2":8,"3":8,"4":4,"5":4,"6":4,"7":4,"8":3,"9":3,"10":3,"11":3,"12":2,"13":2,"14":2,"15":2,"16":2,"17":2,"18":1,"19":1,"20":1,"21":1,"22":1,"23":2,"24":2,"25":2,"26":8,"27":0,"28":0,"29":0,"30":4,"31":4,"32":0,"33":0},"f":{"0":8,"1":4,"2":0,"3":0,"4":0,"5":4,"6":0,"7":0},"b":{"0":[1,7],"1":[3,1],"2":[4,3],"3":[2,1],"4":[3,2],"5":[2,0],"6":[2,0],"7":[2,0],"8":[1,7],"9":[8,1],"10":[0,0],"11":[0,0],"12":[0,0],"13":[0,0],"14":[0,0]},"_coverageSchema":"1a1c01bbd47fc00a2c39e90264f33305004495a9","hash":"b950a3071d6207e1f66e7dad82cdcf97b860b0e6"}
,"D:\\bkdocs-frontend\\app\\(app)\\(tabs)\\home\\_layout.tsx": {"path":"D:\\bkdocs-frontend\\app\\(app)\\(tabs)\\home\\_layout.tsx","statementMap":{"0":{"start":{"line":5,"column":2},"end":{"line":7,"column":4}}},"fnMap":{"0":{"name":"HomeLayout","decl":{"start":{"line":4,"column":24},"end":{"line":4,"column":34}},"loc":{"start":{"line":4,"column":37},"end":{"line":8,"column":1}},"line":4}},"branchMap":{},"s":{"0":0},"f":{"0":0},"b":{}}
,"D:\\bkdocs-frontend\\app\\(app)\\(tabs)\\home\\index.tsx": {"path":"D:\\bkdocs-frontend\\app\\(app)\\(tabs)\\home\\index.tsx","statementMap":{"0":{"start":{"line":20,"column":27},"end":{"line":53,"column":1}},"1":{"start":{"line":56,"column":22},"end":{"line":56,"column":63}},"2":{"start":{"line":58,"column":4},"end":{"line":72,"column":5}},"3":{"start":{"line":76,"column":45},"end":{"line":76,"column":75}},"4":{"start":{"line":78,"column":37},"end":{"line":78,"column":67}},"5":{"start":{"line":79,"column":39},"end":{"line":79,"column":71}},"6":{"start":{"line":81,"column":24},"end":{"line":81,"column":57}},"7":{"start":{"line":82,"column":28},"end":{"line":82,"column":102}},"8":{"start":{"line":84,"column":38},"end":{"line":98,"column":5}},"9":{"start":{"line":85,"column":6},"end":{"line":97,"column":7}},"10":{"start":{"line":86,"column":8},"end":{"line":90,"column":11}},"11":{"start":{"line":88,"column":12},"end":{"line":88,"column":80}},"12":{"start":{"line":92,"column":8},"end":{"line":96,"column":11}},"13":{"start":{"line":94,"column":12},"end":{"line":94,"column":76}},"14":{"start":{"line":102,"column":6},"end":{"line":104,"column":20}},"15":{"start":{"line":103,"column":29},"end":{"line":103,"column":101}},"16":{"start":{"line":103,"column":67},"end":{"line":103,"column":99}},"17":{"start":{"line":107,"column":4},"end":{"line":109,"column":5}},"18":{"start":{"line":108,"column":6},"end":{"line":108,"column":18}},"19":{"start":{"line":111,"column":4},"end":{"line":149,"column":6}},"20":{"start":{"line":135,"column":12},"end":{"line":145,"column":14}},"21":{"start":{"line":154,"column":53},"end":{"line":154,"column":62}},"22":{"start":{"line":155,"column":19},"end":{"line":155,"column":30}},"23":{"start":{"line":156,"column":54},"end":{"line":156,"column":63}},"24":{"start":{"line":158,"column":40},"end":{"line":158,"column":59}},"25":{"start":{"line":159,"column":38},"end":{"line":159,"column":52}},"26":{"start":{"line":160,"column":46},"end":{"line":160,"column":81}},"27":{"start":{"line":161,"column":56},"end":{"line":161,"column":71}},"28":{"start":{"line":163,"column":67},"end":{"line":163,"column":97}},"29":{"start":{"line":164,"column":22},"end":{"line":164,"column":52}},"30":{"start":{"line":166,"column":20},"end":{"line":166,"column":53}},"31":{"start":{"line":167,"column":33},"end":{"line":167,"column":67}},"32":{"start":{"line":169,"column":37},"end":{"line":169,"column":88}},"33":{"start":{"line":170,"column":39},"end":{"line":170,"column":92}},"34":{"start":{"line":173,"column":2},"end":{"line":215,"column":4}},"35":{"start":{"line":175,"column":32},"end":{"line":211,"column":9}},"36":{"start":{"line":176,"column":12},"end":{"line":210,"column":13}},"37":{"start":{"line":177,"column":16},"end":{"line":177,"column":35}},"38":{"start":{"line":178,"column":16},"end":{"line":178,"column":58}},"39":{"start":{"line":180,"column":33},"end":{"line":180,"column":67}},"40":{"start":{"line":182,"column":32},"end":{"line":182,"column":51}},"41":{"start":{"line":183,"column":48},"end":{"line":185,"column":46}},"42":{"start":{"line":187,"column":16},"end":{"line":191,"column":17}},"43":{"start":{"line":188,"column":18},"end":{"line":188,"column":74}},"44":{"start":{"line":189,"column":18},"end":{"line":189,"column":52}},"45":{"start":{"line":190,"column":18},"end":{"line":190,"column":25}},"46":{"start":{"line":193,"column":34},"end":{"line":201,"column":19}},"47":{"start":{"line":193,"column":58},"end":{"line":201,"column":17}},"48":{"start":{"line":203,"column":16},"end":{"line":203,"column":41}},"49":{"start":{"line":206,"column":16},"end":{"line":206,"column":68}},"50":{"start":{"line":207,"column":16},"end":{"line":207,"column":50}},"51":{"start":{"line":209,"column":16},"end":{"line":209,"column":36}},"52":{"start":{"line":213,"column":8},"end":{"line":213,"column":26}},"53":{"start":{"line":217,"column":19},"end":{"line":217,"column":61}},"54":{"start":{"line":218,"column":21},"end":{"line":218,"column":46}},"55":{"start":{"line":219,"column":29},"end":{"line":219,"column":53}},"56":{"start":{"line":220,"column":16},"end":{"line":220,"column":53}},"57":{"start":{"line":222,"column":30},"end":{"line":228,"column":5}},"58":{"start":{"line":223,"column":8},"end":{"line":227,"column":11}},"59":{"start":{"line":230,"column":44},"end":{"line":248,"column":10}},"60":{"start":{"line":233,"column":23},"end":{"line":233,"column":76}},"61":{"start":{"line":234,"column":24},"end":{"line":234,"column":74}},"62":{"start":{"line":235,"column":26},"end":{"line":235,"column":70}},"63":{"start":{"line":236,"column":27},"end":{"line":240,"column":9}},"64":{"start":{"line":241,"column":22},"end":{"line":241,"column":67}},"65":{"start":{"line":243,"column":8},"end":{"line":247,"column":10}},"66":{"start":{"line":250,"column":4},"end":{"line":284,"column":6}},"67":{"start":{"line":252,"column":10},"end":{"line":252,"column":60}},"68":{"start":{"line":252,"column":53},"end":{"line":252,"column":60}},"69":{"start":{"line":254,"column":26},"end":{"line":254,"column":31}},"70":{"start":{"line":256,"column":10},"end":{"line":278,"column":15}},"71":{"start":{"line":257,"column":12},"end":{"line":257,"column":40}},"72":{"start":{"line":258,"column":12},"end":{"line":277,"column":13}},"73":{"start":{"line":259,"column":28},"end":{"line":270,"column":15}},"74":{"start":{"line":261,"column":30},"end":{"line":261,"column":85}},"75":{"start":{"line":262,"column":31},"end":{"line":262,"column":45}},"76":{"start":{"line":264,"column":31},"end":{"line":266,"column":32}},"77":{"start":{"line":265,"column":41},"end":{"line":265,"column":59}},"78":{"start":{"line":268,"column":18},"end":{"line":268,"column":47}},"79":{"start":{"line":272,"column":14},"end":{"line":274,"column":15}},"80":{"start":{"line":273,"column":16},"end":{"line":273,"column":60}},"81":{"start":{"line":276,"column":14},"end":{"line":276,"column":59}},"82":{"start":{"line":276,"column":30},"end":{"line":276,"column":59}},"83":{"start":{"line":280,"column":10},"end":{"line":282,"column":12}},"84":{"start":{"line":281,"column":12},"end":{"line":281,"column":29}},"85":{"start":{"line":286,"column":4},"end":{"line":453,"column":4}},"86":{"start":{"line":324,"column":29},"end":{"line":324,"column":55}},"87":{"start":{"line":336,"column":29},"end":{"line":336,"column":65}},"88":{"start":{"line":346,"column":29},"end":{"line":346,"column":65}},"89":{"start":{"line":356,"column":29},"end":{"line":356,"column":56}},"90":{"start":{"line":371,"column":31},"end":{"line":371,"column":81}},"91":{"start":{"line":384,"column":31},"end":{"line":384,"column":83}},"92":{"start":{"line":420,"column":22},"end":{"line":422,"column":29}},"93":{"start":{"line":444,"column":16},"end":{"line":444,"column":102}}},"fnMap":{"0":{"name":"Card","decl":{"start":{"line":55,"column":16},"end":{"line":55,"column":20}},"loc":{"start":{"line":55,"column":23},"end":{"line":73,"column":1}},"line":55},"1":{"name":"FacultySection","decl":{"start":{"line":75,"column":9},"end":{"line":75,"column":23}},"loc":{"start":{"line":75,"column":98},"end":{"line":150,"column":3}},"line":75},"2":{"name":"(anonymous_2)","decl":{"start":{"line":84,"column":38},"end":{"line":84,"column":39}},"loc":{"start":{"line":84,"column":44},"end":{"line":98,"column":5}},"line":84},"3":{"name":"(anonymous_3)","decl":{"start":{"line":87,"column":19},"end":{"line":87,"column":20}},"loc":{"start":{"line":87,"column":25},"end":{"line":89,"column":11}},"line":87},"4":{"name":"(anonymous_4)","decl":{"start":{"line":93,"column":19},"end":{"line":93,"column":20}},"loc":{"start":{"line":93,"column":25},"end":{"line":95,"column":11}},"line":93},"5":{"name":"(anonymous_5)","decl":{"start":{"line":103,"column":17},"end":{"line":103,"column":18}},"loc":{"start":{"line":103,"column":29},"end":{"line":103,"column":101}},"line":103},"6":{"name":"(anonymous_6)","decl":{"start":{"line":103,"column":54},"end":{"line":103,"column":55}},"loc":{"start":{"line":103,"column":67},"end":{"line":103,"column":99}},"line":103},"7":{"name":"(anonymous_7)","decl":{"start":{"line":134,"column":20},"end":{"line":134,"column":21}},"loc":{"start":{"line":135,"column":12},"end":{"line":145,"column":14}},"line":135},"8":{"name":"HomeScreen","decl":{"start":{"line":152,"column":24},"end":{"line":152,"column":34}},"loc":{"start":{"line":152,"column":37},"end":{"line":454,"column":1}},"line":152},"9":{"name":"(anonymous_9)","decl":{"start":{"line":174,"column":16},"end":{"line":174,"column":17}},"loc":{"start":{"line":174,"column":22},"end":{"line":214,"column":5}},"line":174},"10":{"name":"(anonymous_10)","decl":{"start":{"line":175,"column":32},"end":{"line":175,"column":33}},"loc":{"start":{"line":175,"column":44},"end":{"line":211,"column":9}},"line":175},"11":{"name":"(anonymous_11)","decl":{"start":{"line":193,"column":48},"end":{"line":193,"column":49}},"loc":{"start":{"line":193,"column":58},"end":{"line":201,"column":17}},"line":193},"12":{"name":"(anonymous_12)","decl":{"start":{"line":222,"column":30},"end":{"line":222,"column":31}},"loc":{"start":{"line":222,"column":49},"end":{"line":228,"column":5}},"line":222},"13":{"name":"(anonymous_13)","decl":{"start":{"line":230,"column":62},"end":{"line":230,"column":63}},"loc":{"start":{"line":230,"column":81},"end":{"line":248,"column":5}},"line":230},"14":{"name":"(anonymous_14)","decl":{"start":{"line":251,"column":18},"end":{"line":251,"column":19}},"loc":{"start":{"line":251,"column":24},"end":{"line":283,"column":7}},"line":251},"15":{"name":"(anonymous_15)","decl":{"start":{"line":256,"column":11},"end":{"line":256,"column":12}},"loc":{"start":{"line":256,"column":23},"end":{"line":278,"column":11}},"line":256},"16":{"name":"(anonymous_16)","decl":{"start":{"line":260,"column":53},"end":{"line":260,"column":54}},"loc":{"start":{"line":260,"column":71},"end":{"line":269,"column":17}},"line":260},"17":{"name":"(anonymous_17)","decl":{"start":{"line":265,"column":29},"end":{"line":265,"column":30}},"loc":{"start":{"line":265,"column":41},"end":{"line":265,"column":59}},"line":265},"18":{"name":"(anonymous_18)","decl":{"start":{"line":280,"column":17},"end":{"line":280,"column":18}},"loc":{"start":{"line":280,"column":23},"end":{"line":282,"column":11}},"line":280},"19":{"name":"(anonymous_19)","decl":{"start":{"line":324,"column":23},"end":{"line":324,"column":24}},"loc":{"start":{"line":324,"column":29},"end":{"line":324,"column":55}},"line":324},"20":{"name":"(anonymous_20)","decl":{"start":{"line":336,"column":23},"end":{"line":336,"column":24}},"loc":{"start":{"line":336,"column":29},"end":{"line":336,"column":65}},"line":336},"21":{"name":"(anonymous_21)","decl":{"start":{"line":346,"column":23},"end":{"line":346,"column":24}},"loc":{"start":{"line":346,"column":29},"end":{"line":346,"column":65}},"line":346},"22":{"name":"(anonymous_22)","decl":{"start":{"line":356,"column":23},"end":{"line":356,"column":24}},"loc":{"start":{"line":356,"column":29},"end":{"line":356,"column":56}},"line":356},"23":{"name":"(anonymous_23)","decl":{"start":{"line":371,"column":25},"end":{"line":371,"column":26}},"loc":{"start":{"line":371,"column":31},"end":{"line":371,"column":81}},"line":371},"24":{"name":"(anonymous_24)","decl":{"start":{"line":384,"column":25},"end":{"line":384,"column":26}},"loc":{"start":{"line":384,"column":31},"end":{"line":384,"column":83}},"line":384},"25":{"name":"(anonymous_25)","decl":{"start":{"line":419,"column":30},"end":{"line":419,"column":31}},"loc":{"start":{"line":420,"column":22},"end":{"line":422,"column":29}},"line":420},"26":{"name":"(anonymous_26)","decl":{"start":{"line":443,"column":27},"end":{"line":443,"column":28}},"loc":{"start":{"line":444,"column":16},"end":{"line":444,"column":102}},"line":444}},"branchMap":{"0":{"loc":{"start":{"line":82,"column":28},"end":{"line":82,"column":102}},"type":"binary-expr","locations":[{"start":{"line":82,"column":28},"end":{"line":82,"column":62}},{"start":{"line":82,"column":66},"end":{"line":82,"column":102}}],"line":82},"1":{"loc":{"start":{"line":85,"column":6},"end":{"line":97,"column":7}},"type":"if","locations":[{"start":{"line":85,"column":6},"end":{"line":97,"column":7}},{"start":{"line":91,"column":13},"end":{"line":97,"column":7}}],"line":85},"2":{"loc":{"start":{"line":102,"column":7},"end":{"line":102,"column":34}},"type":"binary-expr","locations":[{"start":{"line":102,"column":7},"end":{"line":102,"column":28}},{"start":{"line":102,"column":32},"end":{"line":102,"column":34}}],"line":102},"3":{"loc":{"start":{"line":103,"column":30},"end":{"line":103,"column":48}},"type":"binary-expr","locations":[{"start":{"line":103,"column":30},"end":{"line":103,"column":42}},{"start":{"line":103,"column":46},"end":{"line":103,"column":48}}],"line":103},"4":{"loc":{"start":{"line":107,"column":4},"end":{"line":109,"column":5}},"type":"if","locations":[{"start":{"line":107,"column":4},"end":{"line":109,"column":5}},{"start":{},"end":{}}],"line":107},"5":{"loc":{"start":{"line":119,"column":13},"end":{"line":119,"column":46}},"type":"binary-expr","locations":[{"start":{"line":119,"column":13},"end":{"line":119,"column":30}},{"start":{"line":119,"column":34},"end":{"line":119,"column":46}}],"line":119},"6":{"loc":{"start":{"line":122,"column":67},"end":{"line":122,"column":95}},"type":"binary-expr","locations":[{"start":{"line":122,"column":67},"end":{"line":122,"column":76}},{"start":{"line":122,"column":80},"end":{"line":122,"column":95}}],"line":122},"7":{"loc":{"start":{"line":123,"column":13},"end":{"line":129,"column":13}},"type":"cond-expr","locations":[{"start":{"line":124,"column":14},"end":{"line":124,"column":55}},{"start":{"line":126,"column":14},"end":{"line":128,"column":21}}],"line":123},"8":{"loc":{"start":{"line":126,"column":54},"end":{"line":126,"column":106}},"type":"cond-expr","locations":[{"start":{"line":126,"column":68},"end":{"line":126,"column":84}},{"start":{"line":126,"column":87},"end":{"line":126,"column":106}}],"line":126},"9":{"loc":{"start":{"line":127,"column":17},"end":{"line":127,"column":57}},"type":"cond-expr","locations":[{"start":{"line":127,"column":31},"end":{"line":127,"column":44}},{"start":{"line":127,"column":47},"end":{"line":127,"column":57}}],"line":127},"10":{"loc":{"start":{"line":142,"column":25},"end":{"line":142,"column":64}},"type":"binary-expr","locations":[{"start":{"line":142,"column":25},"end":{"line":142,"column":38}},{"start":{"line":142,"column":42},"end":{"line":142,"column":58}},{"start":{"line":142,"column":62},"end":{"line":142,"column":64}}],"line":142},"11":{"loc":{"start":{"line":143,"column":21},"end":{"line":143,"column":35}},"type":"binary-expr","locations":[{"start":{"line":143,"column":21},"end":{"line":143,"column":30}},{"start":{"line":143,"column":34},"end":{"line":143,"column":35}}],"line":143},"12":{"loc":{"start":{"line":144,"column":20},"end":{"line":144,"column":50}},"type":"binary-expr","locations":[{"start":{"line":144,"column":20},"end":{"line":144,"column":28}},{"start":{"line":144,"column":32},"end":{"line":144,"column":44}},{"start":{"line":144,"column":48},"end":{"line":144,"column":50}}],"line":144},"13":{"loc":{"start":{"line":164,"column":22},"end":{"line":164,"column":52}},"type":"binary-expr","locations":[{"start":{"line":164,"column":22},"end":{"line":164,"column":46}},{"start":{"line":164,"column":50},"end":{"line":164,"column":52}}],"line":164},"14":{"loc":{"start":{"line":183,"column":48},"end":{"line":185,"column":46}},"type":"cond-expr","locations":[{"start":{"line":184,"column":20},"end":{"line":184,"column":27}},{"start":{"line":185,"column":21},"end":{"line":185,"column":45}}],"line":183},"15":{"loc":{"start":{"line":185,"column":21},"end":{"line":185,"column":45}},"type":"binary-expr","locations":[{"start":{"line":185,"column":21},"end":{"line":185,"column":39}},{"start":{"line":185,"column":43},"end":{"line":185,"column":45}}],"line":185},"16":{"loc":{"start":{"line":187,"column":16},"end":{"line":191,"column":17}},"type":"if","locations":[{"start":{"line":187,"column":16},"end":{"line":191,"column":17}},{"start":{},"end":{}}],"line":187},"17":{"loc":{"start":{"line":252,"column":10},"end":{"line":252,"column":60}},"type":"if","locations":[{"start":{"line":252,"column":10},"end":{"line":252,"column":60}},{"start":{},"end":{}}],"line":252},"18":{"loc":{"start":{"line":260,"column":17},"end":{"line":260,"column":47}},"type":"binary-expr","locations":[{"start":{"line":260,"column":17},"end":{"line":260,"column":41}},{"start":{"line":260,"column":45},"end":{"line":260,"column":47}}],"line":260},"19":{"loc":{"start":{"line":264,"column":32},"end":{"line":264,"column":52}},"type":"binary-expr","locations":[{"start":{"line":264,"column":32},"end":{"line":264,"column":46}},{"start":{"line":264,"column":50},"end":{"line":264,"column":52}}],"line":264},"20":{"loc":{"start":{"line":265,"column":41},"end":{"line":265,"column":59}},"type":"binary-expr","locations":[{"start":{"line":265,"column":41},"end":{"line":265,"column":53}},{"start":{"line":265,"column":57},"end":{"line":265,"column":59}}],"line":265},"21":{"loc":{"start":{"line":272,"column":14},"end":{"line":274,"column":15}},"type":"if","locations":[{"start":{"line":272,"column":14},"end":{"line":274,"column":15}},{"start":{},"end":{}}],"line":272},"22":{"loc":{"start":{"line":276,"column":14},"end":{"line":276,"column":59}},"type":"if","locations":[{"start":{"line":276,"column":14},"end":{"line":276,"column":59}},{"start":{},"end":{}}],"line":276},"23":{"loc":{"start":{"line":294,"column":24},"end":{"line":294,"column":86}},"type":"cond-expr","locations":[{"start":{"line":294,"column":48},"end":{"line":294,"column":77}},{"start":{"line":294,"column":80},"end":{"line":294,"column":86}}],"line":294},"24":{"loc":{"start":{"line":306,"column":23},"end":{"line":316,"column":30}},"type":"cond-expr","locations":[{"start":{"line":307,"column":26},"end":{"line":307,"column":57}},{"start":{"line":308,"column":26},"end":{"line":316,"column":30}}],"line":306},"25":{"loc":{"start":{"line":308,"column":26},"end":{"line":316,"column":30}},"type":"cond-expr","locations":[{"start":{"line":309,"column":26},"end":{"line":315,"column":33}},{"start":{"line":316,"column":26},"end":{"line":316,"column":30}}],"line":308},"26":{"loc":{"start":{"line":365,"column":11},"end":{"line":395,"column":11}},"type":"binary-expr","locations":[{"start":{"line":365,"column":11},"end":{"line":365,"column":18}},{"start":{"line":366,"column":12},"end":{"line":394,"column":19}}],"line":365},"27":{"loc":{"start":{"line":378,"column":19},"end":{"line":378,"column":46}},"type":"binary-expr","locations":[{"start":{"line":378,"column":19},"end":{"line":378,"column":41}},{"start":{"line":378,"column":45},"end":{"line":378,"column":46}}],"line":378},"28":{"loc":{"start":{"line":391,"column":20},"end":{"line":391,"column":53}},"type":"binary-expr","locations":[{"start":{"line":391,"column":20},"end":{"line":391,"column":48}},{"start":{"line":391,"column":52},"end":{"line":391,"column":53}}],"line":391}},"s":{"0":1,"1":1,"2":1,"3":69,"4":69,"5":69,"6":69,"7":69,"8":69,"9":2,"10":1,"11":0,"12":1,"13":0,"14":69,"15":66,"16":96,"17":69,"18":6,"19":63,"20":84,"21":69,"22":69,"23":69,"24":69,"25":69,"26":69,"27":69,"28":69,"29":69,"30":69,"31":69,"32":69,"33":69,"34":69,"35":23,"36":23,"37":23,"38":23,"39":23,"40":23,"41":23,"42":23,"43":0,"44":0,"45":0,"46":23,"47":23,"48":23,"49":0,"50":0,"51":23,"52":23,"53":69,"54":69,"55":69,"56":69,"57":69,"58":0,"59":69,"60":0,"61":0,"62":0,"63":0,"64":0,"65":0,"66":69,"67":23,"68":0,"69":23,"70":23,"71":23,"72":23,"73":23,"74":23,"75":23,"76":23,"77":22,"78":23,"79":23,"80":23,"81":23,"82":23,"83":23,"84":23,"85":69,"86":1,"87":1,"88":1,"89":1,"90":1,"91":1,"92":23,"93":69},"f":{"0":1,"1":69,"2":2,"3":0,"4":0,"5":66,"6":96,"7":84,"8":69,"9":23,"10":23,"11":23,"12":0,"13":0,"14":23,"15":23,"16":23,"17":22,"18":23,"19":1,"20":1,"21":1,"22":1,"23":1,"24":1,"25":23,"26":69},"b":{"0":[69,66],"1":[1,1],"2":[69,3],"3":[66,0],"4":[6,63],"5":[63,0],"6":[63,63],"7":[3,60],"8":[3,57],"9":[3,57],"10":[84,84,84],"11":[84,84],"12":[84,0,0],"13":[69,0],"14":[22,1],"15":[1,0],"16":[0,23],"17":[0,23],"18":[23,0],"19":[23,0],"20":[22,0],"21":[23,0],"22":[23,0],"23":[3,66],"24":[3,66],"25":[66,0],"26":[69,9],"27":[9,0],"28":[9,0]},"_coverageSchema":"1a1c01bbd47fc00a2c39e90264f33305004495a9","hash":"a5ffbe4b46b76a4170bdea5937dab6f695c377fd"}
,"D:\\bkdocs-frontend\\app\\(app)\\(tabs)\\home\\profile\\[id]\\index.tsx": {"path":"D:\\bkdocs-frontend\\app\\(app)\\(tabs)\\home\\profile\\[id]\\index.tsx","statementMap":{"0":{"start":{"line":11,"column":17},"end":{"line":11,"column":55}},"1":{"start":{"line":12,"column":13},"end":{"line":12,"column":77}},"2":{"start":{"line":13,"column":17},"end":{"line":13,"column":28}},"3":{"start":{"line":14,"column":17},"end":{"line":14,"column":59}},"4":{"start":{"line":16,"column":2},"end":{"line":16,"column":29}},"5":{"start":{"line":18,"column":2},"end":{"line":163,"column":4}},"6":{"start":{"line":22,"column":25},"end":{"line":22,"column":38}},"7":{"start":{"line":37,"column":25},"end":{"line":37,"column":57}},"8":{"start":{"line":113,"column":12},"end":{"line":156,"column":31}},"9":{"start":{"line":115,"column":29},"end":{"line":115,"column":61}}},"fnMap":{"0":{"name":"ProfileScreen","decl":{"start":{"line":10,"column":24},"end":{"line":10,"column":37}},"loc":{"start":{"line":10,"column":40},"end":{"line":164,"column":1}},"line":10},"1":{"name":"(anonymous_1)","decl":{"start":{"line":22,"column":19},"end":{"line":22,"column":20}},"loc":{"start":{"line":22,"column":25},"end":{"line":22,"column":38}},"line":22},"2":{"name":"(anonymous_2)","decl":{"start":{"line":37,"column":19},"end":{"line":37,"column":20}},"loc":{"start":{"line":37,"column":25},"end":{"line":37,"column":57}},"line":37},"3":{"name":"(anonymous_3)","decl":{"start":{"line":111,"column":42},"end":{"line":111,"column":43}},"loc":{"start":{"line":113,"column":12},"end":{"line":156,"column":31}},"line":113},"4":{"name":"(anonymous_4)","decl":{"start":{"line":115,"column":23},"end":{"line":115,"column":24}},"loc":{"start":{"line":115,"column":29},"end":{"line":115,"column":61}},"line":115}},"branchMap":{"0":{"loc":{"start":{"line":12,"column":13},"end":{"line":12,"column":77}},"type":"cond-expr","locations":[{"start":{"line":12,"column":45},"end":{"line":12,"column":54}},{"start":{"line":12,"column":57},"end":{"line":12,"column":77}}],"line":12},"1":{"loc":{"start":{"line":12,"column":57},"end":{"line":12,"column":77}},"type":"binary-expr","locations":[{"start":{"line":12,"column":57},"end":{"line":12,"column":71}},{"start":{"line":12,"column":75},"end":{"line":12,"column":77}}],"line":12}},"s":{"0":0,"1":0,"2":0,"3":0,"4":0,"5":0,"6":0,"7":0,"8":0,"9":0},"f":{"0":0,"1":0,"2":0,"3":0,"4":0},"b":{"0":[0,0],"1":[0,0]}}
,"D:\\bkdocs-frontend\\app\\(app)\\(tabs)\\notification\\index.tsx": {"path":"D:\\bkdocs-frontend\\app\\(app)\\(tabs)\\notification\\index.tsx","statementMap":{"0":{"start":{"line":13,"column":48},"end":{"line":54,"column":1}},"1":{"start":{"line":57,"column":24},"end":{"line":57,"column":40}},"2":{"start":{"line":58,"column":23},"end":{"line":58,"column":45}},"3":{"start":{"line":59,"column":38},"end":{"line":59,"column":62}},"4":{"start":{"line":60,"column":28},"end":{"line":60,"column":47}},"5":{"start":{"line":61,"column":30},"end":{"line":61,"column":50}},"6":{"start":{"line":62,"column":46},"end":{"line":62,"column":74}},"7":{"start":{"line":64,"column":31},"end":{"line":97,"column":23}},"8":{"start":{"line":65,"column":8},"end":{"line":96,"column":9}},"9":{"start":{"line":66,"column":10},"end":{"line":66,"column":29}},"10":{"start":{"line":68,"column":10},"end":{"line":72,"column":13}},"11":{"start":{"line":74,"column":27},"end":{"line":76,"column":12}},"12":{"start":{"line":78,"column":10},"end":{"line":78,"column":57}},"13":{"start":{"line":79,"column":10},"end":{"line":79,"column":86}},"14":{"start":{"line":81,"column":22},"end":{"line":81,"column":41}},"15":{"start":{"line":84,"column":23},"end":{"line":84,"column":38}},"16":{"start":{"line":86,"column":10},"end":{"line":86,"column":101}},"17":{"start":{"line":87,"column":10},"end":{"line":87,"column":51}},"18":{"start":{"line":89,"column":10},"end":{"line":89,"column":60}},"19":{"start":{"line":91,"column":10},"end":{"line":91,"column":63}},"20":{"start":{"line":92,"column":10},"end":{"line":92,"column":96}},"21":{"start":{"line":93,"column":10},"end":{"line":93,"column":71}},"22":{"start":{"line":95,"column":10},"end":{"line":95,"column":30}},"23":{"start":{"line":99,"column":6},"end":{"line":105,"column":8}},"24":{"start":{"line":101,"column":10},"end":{"line":101,"column":58}},"25":{"start":{"line":102,"column":10},"end":{"line":102,"column":31}},"26":{"start":{"line":103,"column":10},"end":{"line":103,"column":62}},"27":{"start":{"line":103,"column":23},"end":{"line":103,"column":61}},"28":{"start":{"line":107,"column":34},"end":{"line":109,"column":5}},"29":{"start":{"line":108,"column":8},"end":{"line":108,"column":42}},"30":{"start":{"line":108,"column":28},"end":{"line":108,"column":40}},"31":{"start":{"line":111,"column":23},"end":{"line":126,"column":5}},"32":{"start":{"line":112,"column":8},"end":{"line":125,"column":9}},"33":{"start":{"line":113,"column":12},"end":{"line":113,"column":75}},"34":{"start":{"line":116,"column":12},"end":{"line":122,"column":14}},"35":{"start":{"line":117,"column":16},"end":{"line":121,"column":17}},"36":{"start":{"line":118,"column":20},"end":{"line":120,"column":30}},"37":{"start":{"line":124,"column":12},"end":{"line":124,"column":70}},"38":{"start":{"line":128,"column":23},"end":{"line":150,"column":5}},"39":{"start":{"line":129,"column":8},"end":{"line":149,"column":9}},"40":{"start":{"line":130,"column":25},"end":{"line":130,"column":45}},"41":{"start":{"line":131,"column":24},"end":{"line":131,"column":34}},"42":{"start":{"line":132,"column":27},"end":{"line":132,"column":57}},"43":{"start":{"line":133,"column":29},"end":{"line":133,"column":61}},"44":{"start":{"line":134,"column":30},"end":{"line":134,"column":67}},"45":{"start":{"line":135,"column":29},"end":{"line":135,"column":71}},"46":{"start":{"line":137,"column":12},"end":{"line":137,"column":48}},"47":{"start":{"line":137,"column":30},"end":{"line":137,"column":48}},"48":{"start":{"line":138,"column":12},"end":{"line":138,"column":63}},"49":{"start":{"line":138,"column":31},"end":{"line":138,"column":63}},"50":{"start":{"line":139,"column":12},"end":{"line":139,"column":64}},"51":{"start":{"line":139,"column":32},"end":{"line":139,"column":64}},"52":{"start":{"line":140,"column":12},"end":{"line":140,"column":62}},"53":{"start":{"line":140,"column":30},"end":{"line":140,"column":62}},"54":{"start":{"line":142,"column":12},"end":{"line":146,"column":15}},"55":{"start":{"line":148,"column":12},"end":{"line":148,"column":30}},"56":{"start":{"line":152,"column":4},"end":{"line":231,"column":6}},"57":{"start":{"line":172,"column":43},"end":{"line":172,"column":56}},"58":{"start":{"line":186,"column":28},"end":{"line":225,"column":40}},"59":{"start":{"line":190,"column":36},"end":{"line":192,"column":37}},"60":{"start":{"line":191,"column":40},"end":{"line":191,"column":68}},"61":{"start":{"line":194,"column":36},"end":{"line":199,"column":37}},"62":{"start":{"line":195,"column":40},"end":{"line":198,"column":50}}},"fnMap":{"0":{"name":"NotificationPage","decl":{"start":{"line":56,"column":24},"end":{"line":56,"column":40}},"loc":{"start":{"line":56,"column":43},"end":{"line":232,"column":1}},"line":56},"1":{"name":"(anonymous_1)","decl":{"start":{"line":64,"column":43},"end":{"line":64,"column":44}},"loc":{"start":{"line":64,"column":55},"end":{"line":97,"column":7}},"line":64},"2":{"name":"(anonymous_2)","decl":{"start":{"line":100,"column":20},"end":{"line":100,"column":21}},"loc":{"start":{"line":100,"column":26},"end":{"line":104,"column":9}},"line":100},"3":{"name":"(anonymous_3)","decl":{"start":{"line":103,"column":17},"end":{"line":103,"column":18}},"loc":{"start":{"line":103,"column":23},"end":{"line":103,"column":61}},"line":103},"4":{"name":"(anonymous_4)","decl":{"start":{"line":107,"column":34},"end":{"line":107,"column":35}},"loc":{"start":{"line":107,"column":40},"end":{"line":109,"column":5}},"line":107},"5":{"name":"(anonymous_5)","decl":{"start":{"line":108,"column":16},"end":{"line":108,"column":17}},"loc":{"start":{"line":108,"column":28},"end":{"line":108,"column":40}},"line":108},"6":{"name":"(anonymous_6)","decl":{"start":{"line":111,"column":23},"end":{"line":111,"column":24}},"loc":{"start":{"line":111,"column":57},"end":{"line":126,"column":5}},"line":111},"7":{"name":"(anonymous_7)","decl":{"start":{"line":116,"column":29},"end":{"line":116,"column":30}},"loc":{"start":{"line":117,"column":16},"end":{"line":121,"column":17}},"line":117},"8":{"name":"(anonymous_8)","decl":{"start":{"line":117,"column":25},"end":{"line":117,"column":26}},"loc":{"start":{"line":118,"column":20},"end":{"line":120,"column":30}},"line":118},"9":{"name":"(anonymous_9)","decl":{"start":{"line":128,"column":23},"end":{"line":128,"column":24}},"loc":{"start":{"line":128,"column":55},"end":{"line":150,"column":5}},"line":128},"10":{"name":"(anonymous_10)","decl":{"start":{"line":172,"column":37},"end":{"line":172,"column":38}},"loc":{"start":{"line":172,"column":43},"end":{"line":172,"column":56}},"line":172},"11":{"name":"(anonymous_11)","decl":{"start":{"line":185,"column":71},"end":{"line":185,"column":72}},"loc":{"start":{"line":186,"column":28},"end":{"line":225,"column":40}},"line":186},"12":{"name":"(anonymous_12)","decl":{"start":{"line":189,"column":41},"end":{"line":189,"column":42}},"loc":{"start":{"line":189,"column":47},"end":{"line":200,"column":33}},"line":189}},"branchMap":{"0":{"loc":{"start":{"line":84,"column":23},"end":{"line":84,"column":38}},"type":"binary-expr","locations":[{"start":{"line":84,"column":23},"end":{"line":84,"column":32}},{"start":{"line":84,"column":36},"end":{"line":84,"column":38}}],"line":84},"1":{"loc":{"start":{"line":86,"column":52},"end":{"line":86,"column":99}},"type":"cond-expr","locations":[{"start":{"line":86,"column":74},"end":{"line":86,"column":85}},{"start":{"line":86,"column":88},"end":{"line":86,"column":99}}],"line":86},"2":{"loc":{"start":{"line":89,"column":27},"end":{"line":89,"column":58}},"type":"cond-expr","locations":[{"start":{"line":89,"column":49},"end":{"line":89,"column":53}},{"start":{"line":89,"column":56},"end":{"line":89,"column":58}}],"line":89},"3":{"loc":{"start":{"line":118,"column":20},"end":{"line":120,"column":30}},"type":"cond-expr","locations":[{"start":{"line":119,"column":26},"end":{"line":119,"column":51}},{"start":{"line":120,"column":26},"end":{"line":120,"column":30}}],"line":118},"4":{"loc":{"start":{"line":137,"column":12},"end":{"line":137,"column":48}},"type":"if","locations":[{"start":{"line":137,"column":12},"end":{"line":137,"column":48}},{"start":{},"end":{}}],"line":137},"5":{"loc":{"start":{"line":138,"column":12},"end":{"line":138,"column":63}},"type":"if","locations":[{"start":{"line":138,"column":12},"end":{"line":138,"column":63}},{"start":{},"end":{}}],"line":138},"6":{"loc":{"start":{"line":139,"column":12},"end":{"line":139,"column":64}},"type":"if","locations":[{"start":{"line":139,"column":12},"end":{"line":139,"column":64}},{"start":{},"end":{}}],"line":139},"7":{"loc":{"start":{"line":140,"column":12},"end":{"line":140,"column":62}},"type":"if","locations":[{"start":{"line":140,"column":12},"end":{"line":140,"column":62}},{"start":{},"end":{}}],"line":140},"8":{"loc":{"start":{"line":185,"column":25},"end":{"line":226,"column":26}},"type":"binary-expr","locations":[{"start":{"line":185,"column":25},"end":{"line":185,"column":49}},{"start":{"line":185,"column":53},"end":{"line":226,"column":26}}],"line":185},"9":{"loc":{"start":{"line":188,"column":66},"end":{"line":188,"column":152}},"type":"cond-expr","locations":[{"start":{"line":188,"column":88},"end":{"line":188,"column":117}},{"start":{"line":188,"column":120},"end":{"line":188,"column":152}}],"line":188},"10":{"loc":{"start":{"line":190,"column":36},"end":{"line":192,"column":37}},"type":"if","locations":[{"start":{"line":190,"column":36},"end":{"line":192,"column":37}},{"start":{},"end":{}}],"line":190},"11":{"loc":{"start":{"line":194,"column":36},"end":{"line":199,"column":37}},"type":"if","locations":[{"start":{"line":194,"column":36},"end":{"line":199,"column":37}},{"start":{},"end":{}}],"line":194},"12":{"loc":{"start":{"line":203,"column":107},"end":{"line":203,"column":178}},"type":"cond-expr","locations":[{"start":{"line":203,"column":129},"end":{"line":203,"column":159}},{"start":{"line":203,"column":162},"end":{"line":203,"column":178}}],"line":203},"13":{"loc":{"start":{"line":207,"column":51},"end":{"line":207,"column":94}},"type":"cond-expr","locations":[{"start":{"line":207,"column":73},"end":{"line":207,"column":82}},{"start":{"line":207,"column":85},"end":{"line":207,"column":94}}],"line":207},"14":{"loc":{"start":{"line":211,"column":71},"end":{"line":211,"column":118}},"type":"cond-expr","locations":[{"start":{"line":211,"column":94},"end":{"line":211,"column":113}},{"start":{"line":211,"column":116},"end":{"line":211,"column":118}}],"line":211},"15":{"loc":{"start":{"line":221,"column":37},"end":{"line":223,"column":37}},"type":"binary-expr","locations":[{"start":{"line":221,"column":37},"end":{"line":221,"column":57}},{"start":{"line":222,"column":40},"end":{"line":222,"column":112}}],"line":221}},"s":{"0":0,"1":0,"2":0,"3":0,"4":0,"5":0,"6":0,"7":0,"8":0,"9":0,"10":0,"11":0,"12":0,"13":0,"14":0,"15":0,"16":0,"17":0,"18":0,"19":0,"20":0,"21":0,"22":0,"23":0,"24":0,"25":0,"26":0,"27":0,"28":0,"29":0,"30":0,"31":0,"32":0,"33":0,"34":0,"35":0,"36":0,"37":0,"38":0,"39":0,"40":0,"41":0,"42":0,"43":0,"44":0,"45":0,"46":0,"47":0,"48":0,"49":0,"50":0,"51":0,"52":0,"53":0,"54":0,"55":0,"56":0,"57":0,"58":0,"59":0,"60":0,"61":0,"62":0},"f":{"0":0,"1":0,"2":0,"3":0,"4":0,"5":0,"6":0,"7":0,"8":0,"9":0,"10":0,"11":0,"12":0},"b":{"0":[0,0],"1":[0,0],"2":[0,0],"3":[0,0],"4":[0,0],"5":[0,0],"6":[0,0],"7":[0,0],"8":[0,0],"9":[0,0],"10":[0,0],"11":[0,0],"12":[0,0],"13":[0,0],"14":[0,0],"15":[0,0]}}
,"D:\\bkdocs-frontend\\app\\(app)\\(tabs)\\profile\\_layout.tsx": {"path":"D:\\bkdocs-frontend\\app\\(app)\\(tabs)\\profile\\_layout.tsx","statementMap":{"0":{"start":{"line":5,"column":2},"end":{"line":7,"column":4}}},"fnMap":{"0":{"name":"ProfileLayout","decl":{"start":{"line":4,"column":24},"end":{"line":4,"column":37}},"loc":{"start":{"line":4,"column":40},"end":{"line":8,"column":1}},"line":4}},"branchMap":{},"s":{"0":0},"f":{"0":0},"b":{}}
,"D:\\bkdocs-frontend\\app\\(app)\\(tabs)\\profile\\edit.tsx": {"path":"D:\\bkdocs-frontend\\app\\(app)\\(tabs)\\profile\\edit.tsx","statementMap":{"0":{"start":{"line":4,"column":4},"end":{"line":6,"column":6}}},"fnMap":{"0":{"name":"EditProfilePage","decl":{"start":{"line":3,"column":24},"end":{"line":3,"column":39}},"loc":{"start":{"line":3,"column":42},"end":{"line":7,"column":1}},"line":3}},"branchMap":{},"s":{"0":6},"f":{"0":6},"b":{},"_coverageSchema":"1a1c01bbd47fc00a2c39e90264f33305004495a9","hash":"2bbeca83d24c0b70e8a95e32d500696d8821da2e"}
,"D:\\bkdocs-frontend\\app\\(app)\\(tabs)\\profile\\following.tsx": {"path":"D:\\bkdocs-frontend\\app\\(app)\\(tabs)\\profile\\following.tsx","statementMap":{"0":{"start":{"line":5,"column":4},"end":{"line":5,"column":60}},"1":{"start":{"line":5,"column":42},"end":{"line":5,"column":55}}},"fnMap":{"0":{"name":"FollowingTabScreen","decl":{"start":{"line":4,"column":24},"end":{"line":4,"column":42}},"loc":{"start":{"line":4,"column":45},"end":{"line":6,"column":1}},"line":4},"1":{"name":"(anonymous_1)","decl":{"start":{"line":5,"column":36},"end":{"line":5,"column":37}},"loc":{"start":{"line":5,"column":42},"end":{"line":5,"column":55}},"line":5}},"branchMap":{},"s":{"0":0,"1":0},"f":{"0":0,"1":0},"b":{}}
,"D:\\bkdocs-frontend\\app\\(app)\\(tabs)\\profile\\index.tsx": {"path":"D:\\bkdocs-frontend\\app\\(app)\\(tabs)\\profile\\index.tsx","statementMap":{"0":{"start":{"line":4,"column":4},"end":{"line":6,"column":6}}},"fnMap":{"0":{"name":"ProfilePage","decl":{"start":{"line":3,"column":24},"end":{"line":3,"column":35}},"loc":{"start":{"line":3,"column":38},"end":{"line":7,"column":1}},"line":3}},"branchMap":{},"s":{"0":0},"f":{"0":0},"b":{}}
,"D:\\bkdocs-frontend\\app\\(app)\\(tabs)\\profile\\me.tsx": {"path":"D:\\bkdocs-frontend\\app\\(app)\\(tabs)\\profile\\me.tsx","statementMap":{},"fnMap":{},"branchMap":{},"s":{},"f":{},"b":{},"_coverageSchema":"1a1c01bbd47fc00a2c39e90264f33305004495a9","hash":"3fd6bb032d3850a1eb98fb7c01667b7552cb9095"}
,"D:\\bkdocs-frontend\\app\\(app)\\(tabs)\\search\\_layout.tsx": {"path":"D:\\bkdocs-frontend\\app\\(app)\\(tabs)\\search\\_layout.tsx","statementMap":{"0":{"start":{"line":5,"column":2},"end":{"line":7,"column":4}}},"fnMap":{"0":{"name":"SearchTabLayout","decl":{"start":{"line":4,"column":24},"end":{"line":4,"column":39}},"loc":{"start":{"line":4,"column":42},"end":{"line":8,"column":1}},"line":4}},"branchMap":{},"s":{"0":0},"f":{"0":0},"b":{}}
,"D:\\bkdocs-frontend\\app\\(app)\\(tabs)\\search\\index.tsx": {"path":"D:\\bkdocs-frontend\\app\\(app)\\(tabs)\\search\\index.tsx","statementMap":{"0":{"start":{"line":4,"column":2},"end":{"line":6,"column":4}}},"fnMap":{"0":{"name":"SearchPage","decl":{"start":{"line":3,"column":24},"end":{"line":3,"column":34}},"loc":{"start":{"line":3,"column":37},"end":{"line":7,"column":1}},"line":3}},"branchMap":{},"s":{"0":0},"f":{"0":0},"b":{}}
,"D:\\bkdocs-frontend\\app\\(app)\\(tabs)\\search\\result.tsx": {"path":"D:\\bkdocs-frontend\\app\\(app)\\(tabs)\\search\\result.tsx","statementMap":{"0":{"start":{"line":4,"column":2},"end":{"line":6,"column":4}}},"fnMap":{"0":{"name":"SearchResultPage","decl":{"start":{"line":3,"column":24},"end":{"line":3,"column":40}},"loc":{"start":{"line":3,"column":43},"end":{"line":7,"column":1}},"line":3}},"branchMap":{},"s":{"0":0},"f":{"0":0},"b":{}}
,"D:\\bkdocs-frontend\\app\\(app)\\(tabs)\\upload\\index.tsx": {"path":"D:\\bkdocs-frontend\\app\\(app)\\(tabs)\\upload\\index.tsx","statementMap":{"0":{"start":{"line":6,"column":2},"end":{"line":6,"column":70}}},"fnMap":{"0":{"name":"UploadPage","decl":{"start":{"line":4,"column":24},"end":{"line":4,"column":34}},"loc":{"start":{"line":4,"column":37},"end":{"line":7,"column":1}},"line":4}},"branchMap":{},"s":{"0":2},"f":{"0":2},"b":{},"_coverageSchema":"1a1c01bbd47fc00a2c39e90264f33305004495a9","hash":"3217227405fd08c75e712bc026822883d869cd8c"}
,"D:\\bkdocs-frontend\\app\\(app)\\admin\\document-management\\index.tsx": {"path":"D:\\bkdocs-frontend\\app\\(app)\\admin\\document-management\\index.tsx","statementMap":{"0":{"start":{"line":12,"column":28},"end":{"line":12,"column":37}},"1":{"start":{"line":13,"column":19},"end":{"line":13,"column":30}},"2":{"start":{"line":14,"column":20},"end":{"line":14,"column":49}},"3":{"start":{"line":16,"column":4},"end":{"line":20,"column":26}},"4":{"start":{"line":17,"column":8},"end":{"line":19,"column":9}},"5":{"start":{"line":18,"column":12},"end":{"line":18,"column":40}},"6":{"start":{"line":22,"column":4},"end":{"line":24,"column":5}},"7":{"start":{"line":23,"column":8},"end":{"line":23,"column":20}},"8":{"start":{"line":26,"column":4},"end":{"line":48,"column":6}},"9":{"start":{"line":30,"column":35},"end":{"line":30,"column":48}}},"fnMap":{"0":{"name":"DocumentManagementScreen","decl":{"start":{"line":11,"column":24},"end":{"line":11,"column":48}},"loc":{"start":{"line":11,"column":51},"end":{"line":49,"column":1}},"line":11},"1":{"name":"(anonymous_1)","decl":{"start":{"line":16,"column":14},"end":{"line":16,"column":15}},"loc":{"start":{"line":16,"column":20},"end":{"line":20,"column":5}},"line":16},"2":{"name":"(anonymous_2)","decl":{"start":{"line":30,"column":29},"end":{"line":30,"column":30}},"loc":{"start":{"line":30,"column":35},"end":{"line":30,"column":48}},"line":30}},"branchMap":{"0":{"loc":{"start":{"line":17,"column":8},"end":{"line":19,"column":9}},"type":"if","locations":[{"start":{"line":17,"column":8},"end":{"line":19,"column":9}},{"start":{},"end":{}}],"line":17},"1":{"loc":{"start":{"line":22,"column":4},"end":{"line":24,"column":5}},"type":"if","locations":[{"start":{"line":22,"column":4},"end":{"line":24,"column":5}},{"start":{},"end":{}}],"line":22}},"s":{"0":0,"1":0,"2":0,"3":0,"4":0,"5":0,"6":0,"7":0,"8":0,"9":0},"f":{"0":0,"1":0,"2":0},"b":{"0":[0,0],"1":[0,0]}}
[...]
,"D:\\bkdocs-frontend\\services\\pushNotification.ts": {"path":"D:\\bkdocs-frontend\\services\\pushNotification.ts","statementMap":{"0":{"start":{"line":8,"column":0},"end":{"line":16,"column":3}},"1":{"start":{"line":9,"column":35},"end":{"line":15,"column":3}},"2":{"start":{"line":23,"column":29},"end":{"line":23,"column":33}},"3":{"start":{"line":26,"column":2},"end":{"line":30,"column":5}},"4":{"start":{"line":33,"column":37},"end":{"line":33,"column":78}},"5":{"start":{"line":34,"column":20},"end":{"line":34,"column":34}},"6":{"start":{"line":36,"column":2},"end":{"line":39,"column":3}},"7":{"start":{"line":37,"column":23},"end":{"line":37,"column":68}},"8":{"start":{"line":38,"column":4},"end":{"line":38,"column":25}},"9":{"start":{"line":41,"column":2},"end":{"line":44,"column":3}},"10":{"start":{"line":42,"column":4},"end":{"line":42,"column":60}},"11":{"start":{"line":43,"column":4},"end":{"line":43,"column":16}},"12":{"start":{"line":46,"column":2},"end":{"line":56,"column":3}},"13":{"start":{"line":49,"column":26},"end":{"line":49,"column":71}},"14":{"start":{"line":50,"column":4},"end":{"line":50,"column":31}},"15":{"start":{"line":52,"column":4},"end":{"line":52,"column":47}},"16":{"start":{"line":54,"column":4},"end":{"line":54,"column":54}},"17":{"start":{"line":55,"column":4},"end":{"line":55,"column":16}},"18":{"start":{"line":59,"column":2},"end":{"line":67,"column":3}},"19":{"start":{"line":60,"column":4},"end":{"line":66,"column":7}},"20":{"start":{"line":69,"column":2},"end":{"line":69,"column":15}},"21":{"start":{"line":77,"column":2},"end":{"line":84,"column":3}},"22":{"start":{"line":78,"column":4},"end":{"line":78,"column":48}},"23":{"start":{"line":79,"column":4},"end":{"line":79,"column":53}},"24":{"start":{"line":80,"column":4},"end":{"line":80,"column":16}},"25":{"start":{"line":82,"column":4},"end":{"line":82,"column":58}},"26":{"start":{"line":83,"column":4},"end":{"line":83,"column":17}},"27":{"start":{"line":91,"column":16},"end":{"line":91,"column":57}},"28":{"start":{"line":93,"column":2},"end":{"line":95,"column":3}},"29":{"start":{"line":94,"column":4},"end":{"line":94,"column":38}},"30":{"start":{"line":104,"column":2},"end":{"line":104,"column":65}},"31":{"start":{"line":113,"column":2},"end":{"line":113,"column":73}},"32":{"start":{"line":120,"column":2},"end":{"line":120,"column":64}}},"fnMap":{"0":{"name":"(anonymous_0)","decl":{"start":{"line":9,"column":22},"end":{"line":9,"column":23}},"loc":{"start":{"line":9,"column":35},"end":{"line":15,"column":3}},"line":9},"1":{"name":"registerForPushNotificationsAsync","decl":{"start":{"line":22,"column":22},"end":{"line":22,"column":55}},"loc":{"start":{"line":22,"column":82},"end":{"line":70,"column":1}},"line":22},"2":{"name":"sendFcmTokenToServer","decl":{"start":{"line":76,"column":22},"end":{"line":76,"column":42}},"loc":{"start":{"line":76,"column":79},"end":{"line":85,"column":1}},"line":76},"3":{"name":"initializePushNotifications","decl":{"start":{"line":90,"column":22},"end":{"line":90,"column":49}},"loc":{"start":{"line":90,"column":67},"end":{"line":96,"column":1}},"line":90},"4":{"name":"addNotificationReceivedListener","decl":{"start":{"line":101,"column":16},"end":{"line":101,"column":47}},"loc":{"start":{"line":103,"column":2},"end":{"line":105,"column":1}},"line":103},"5":{"name":"addNotificationResponseReceivedListener","decl":{"start":{"line":110,"column":16},"end":{"line":110,"column":55}},"loc":{"start":{"line":112,"column":2},"end":{"line":114,"column":1}},"line":112},"6":{"name":"getLastNotificationResponse","decl":{"start":{"line":119,"column":22},"end":{"line":119,"column":49}},"loc":{"start":{"line":119,"column":52},"end":{"line":121,"column":1}},"line":119}},"branchMap":{"0":{"loc":{"start":{"line":36,"column":2},"end":{"line":39,"column":3}},"type":"if","locations":[{"start":{"line":36,"column":2},"end":{"line":39,"column":3}},{"start":{},"end":{}}],"line":36},"1":{"loc":{"start":{"line":41,"column":2},"end":{"line":44,"column":3}},"type":"if","locations":[{"start":{"line":41,"column":2},"end":{"line":44,"column":3}},{"start":{},"end":{}}],"line":41},"2":{"loc":{"start":{"line":59,"column":2},"end":{"line":67,"column":3}},"type":"if","locations":[{"start":{"line":59,"column":2},"end":{"line":67,"column":3}},{"start":{},"end":{}}],"line":59},"3":{"loc":{"start":{"line":93,"column":2},"end":{"line":95,"column":3}},"type":"if","locations":[{"start":{"line":93,"column":2},"end":{"line":95,"column":3}},{"start":{},"end":{}}],"line":93}},"s":{"0":2,"1":0,"2":5,"3":5,"4":5,"5":5,"6":5,"7":0,"8":0,"9":5,"10":0,"11":0,"12":5,"13":5,"14":5,"15":5,"16":0,"17":0,"18":5,"19":0,"20":5,"21":5,"22":5,"23":3,"24":3,"25":2,"26":2,"27":5,"28":5,"29":5,"30":0,"31":8,"32":0},"f":{"0":0,"1":5,"2":5,"3":5,"4":0,"5":8,"6":0},"b":{"0":[0,5],"1":[0,5],"2":[0,5],"3":[5,0]},"_coverageSchema":"1a1c01bbd47fc00a2c39e90264f33305004495a9","hash":"7b3126bb89d8c88daff2277b2c2379e168b11052"}
,"D:\\bkdocs-frontend\\store\\hooks.ts": {"path":"D:\\bkdocs-frontend\\store\\hooks.ts","statementMap":{"0":{"start":{"line":4,"column":30},"end":{"line":4,"column":62}},"1":{"start":{"line":4,"column":36},"end":{"line":4,"column":62}},"2":{"start":{"line":5,"column":63},"end":{"line":5,"column":74}}},"fnMap":{"0":{"name":"(anonymous_0)","decl":{"start":{"line":4,"column":30},"end":{"line":4,"column":31}},"loc":{"start":{"line":4,"column":36},"end":{"line":4,"column":62}},"line":4}},"branchMap":{},"s":{"0":0,"1":0,"2":0},"f":{"0":0},"b":{}}
,"D:\\bkdocs-frontend\\store\\index.ts": {"path":"D:\\bkdocs-frontend\\store\\index.ts","statementMap":{"0":{"start":{"line":4,"column":21},"end":{"line":8,"column":2}}},"fnMap":{},"branchMap":{},"s":{"0":0},"f":{},"b":{}}
,"D:\\bkdocs-frontend\\store\\uploadSlice.ts": {"path":"D:\\bkdocs-frontend\\store\\uploadSlice.ts","statementMap":{"0":{"start":{"line":20,"column":34},"end":{"line":29,"column":1}},"1":{"start":{"line":31,"column":20},"end":{"line":61,"column":2}},"2":{"start":{"line":36,"column":6},"end":{"line":36,"column":42}},"3":{"start":{"line":39,"column":6},"end":{"line":39,"column":35}},"4":{"start":{"line":42,"column":6},"end":{"line":42,"column":41}},"5":{"start":{"line":45,"column":6},"end":{"line":45,"column":47}},"6":{"start":{"line":48,"column":6},"end":{"line":48,"column":46}},"7":{"start":{"line":51,"column":6},"end":{"line":51,"column":43}},"8":{"start":{"line":54,"column":6},"end":{"line":54,"column":44}},"9":{"start":{"line":57,"column":6},"end":{"line":57,"column":40}},"10":{"start":{"line":59,"column":28},"end":{"line":59,"column":40}},"11":{"start":{"line":73,"column":4},"end":{"line":73,"column":23}}},"fnMap":{"0":{"name":"(anonymous_0)","decl":{"start":{"line":35,"column":21},"end":{"line":35,"column":22}},"loc":{"start":{"line":35,"column":76},"end":{"line":37,"column":5}},"line":35},"1":{"name":"(anonymous_1)","decl":{"start":{"line":38,"column":14},"end":{"line":38,"column":15}},"loc":{"start":{"line":38,"column":56},"end":{"line":40,"column":5}},"line":38},"2":{"name":"(anonymous_2)","decl":{"start":{"line":41,"column":20},"end":{"line":41,"column":21}},"loc":{"start":{"line":41,"column":62},"end":{"line":43,"column":5}},"line":41},"3":{"name":"(anonymous_3)","decl":{"start":{"line":44,"column":26},"end":{"line":44,"column":27}},"loc":{"start":{"line":44,"column":70},"end":{"line":46,"column":5}},"line":44},"4":{"name":"(anonymous_4)","decl":{"start":{"line":47,"column":25},"end":{"line":47,"column":26}},"loc":{"start":{"line":47,"column":69},"end":{"line":49,"column":5}},"line":47},"5":{"name":"(anonymous_5)","decl":{"start":{"line":50,"column":22},"end":{"line":50,"column":23}},"loc":{"start":{"line":50,"column":66},"end":{"line":52,"column":5}},"line":50},"6":{"name":"(anonymous_6)","decl":{"start":{"line":53,"column":23},"end":{"line":53,"column":24}},"loc":{"start":{"line":53,"column":67},"end":{"line":55,"column":5}},"line":53},"7":{"name":"(anonymous_7)","decl":{"start":{"line":56,"column":19},"end":{"line":56,"column":20}},"loc":{"start":{"line":56,"column":68},"end":{"line":58,"column":5}},"line":56},"8":{"name":"(anonymous_8)","decl":{"start":{"line":59,"column":22},"end":{"line":59,"column":23}},"loc":{"start":{"line":59,"column":28},"end":{"line":59,"column":40}},"line":59}},"branchMap":{},"s":{"0":1,"1":1,"2":4,"3":7,"4":5,"5":5,"6":4,"7":2,"8":4,"9":4,"10":4,"11":1},"f":{"0":4,"1":7,"2":5,"3":5,"4":4,"5":2,"6":4,"7":4,"8":4},"b":{},"_coverageSchema":"1a1c01bbd47fc00a2c39e90264f33305004495a9","hash":"976315aec74a40bb0312dc1cc2f68ae361ae79d8"}
,"D:\\bkdocs-frontend\\utils\\authEvents.ts": {"path":"D:\\bkdocs-frontend\\utils\\authEvents.ts","statementMap":{"0":{"start":{"line":1,"column":50},"end":{"line":1,"column":54}},"1":{"start":{"line":5,"column":28},"end":{"line":5,"column":32}},"2":{"start":{"line":7,"column":31},"end":{"line":9,"column":1}},"3":{"start":{"line":8,"column":2},"end":{"line":8,"column":25}},"4":{"start":{"line":11,"column":32},"end":{"line":13,"column":1}},"5":{"start":{"line":12,"column":2},"end":{"line":12,"column":26}},"6":{"start":{"line":15,"column":29},"end":{"line":19,"column":1}},"7":{"start":{"line":16,"column":2},"end":{"line":18,"column":3}},"8":{"start":{"line":17,"column":4},"end":{"line":17,"column":26}}},"fnMap":{"0":{"name":"(anonymous_0)","decl":{"start":{"line":7,"column":31},"end":{"line":7,"column":32}},"loc":{"start":{"line":7,"column":51},"end":{"line":9,"column":1}},"line":7},"1":{"name":"(anonymous_1)","decl":{"start":{"line":11,"column":32},"end":{"line":11,"column":33}},"loc":{"start":{"line":11,"column":66},"end":{"line":13,"column":1}},"line":11},"2":{"name":"(anonymous_2)","decl":{"start":{"line":15,"column":29},"end":{"line":15,"column":30}},"loc":{"start":{"line":15,"column":41},"end":{"line":19,"column":1}},"line":15}},"branchMap":{"0":{"loc":{"start":{"line":16,"column":2},"end":{"line":18,"column":3}},"type":"if","locations":[{"start":{"line":16,"column":2},"end":{"line":18,"column":3}},{"start":{},"end":{}}],"line":16}},"s":{"0":2,"1":2,"2":2,"3":0,"4":2,"5":21,"6":2,"7":9,"8":9},"f":{"0":0,"1":21,"2":9},"b":{"0":[9,0]},"_coverageSchema":"1a1c01bbd47fc00a2c39e90264f33305004495a9","hash":"4c90822195dcef1854e9776fdb7739632490123f"}
,"D:\\bkdocs-frontend\\utils\\commentInterface.ts": {"path":"D:\\bkdocs-frontend\\utils\\commentInterface.ts","statementMap":{},"fnMap":{},"branchMap":{},"s":{},"f":{},"b":{}}
,"D:\\bkdocs-frontend\\utils\\constants.ts": {"path":"D:\\bkdocs-frontend\\utils\\constants.ts","statementMap":{"0":{"start":{"line":1,"column":32},"end":{"line":1,"column":46}}},"fnMap":{},"branchMap":{},"s":{"0":3},"f":{},"b":{},"_coverageSchema":"1a1c01bbd47fc00a2c39e90264f33305004495a9","hash":"29e7f7e9f72696269e68c0e7f33a538a2f4aa593"}
,"D:\\bkdocs-frontend\\utils\\docInterface.ts": {"path":"D:\\bkdocs-frontend\\utils\\docInterface.ts","statementMap":{},"fnMap":{},"branchMap":{},"s":{},"f":{},"b":{}}
,"D:\\bkdocs-frontend\\utils\\downloadDocStorage.ts": {"path":"D:\\bkdocs-frontend\\utils\\downloadDocStorage.ts","statementMap":{"0":{"start":{"line":3,"column":28},"end":{"line":3,"column":45}},"1":{"start":{"line":5,"column":37},"end":{"line":45,"column":1}},"2":{"start":{"line":7,"column":4},"end":{"line":13,"column":5}},"3":{"start":{"line":8,"column":19},"end":{"line":8,"column":66}},"4":{"start":{"line":9,"column":6},"end":{"line":9,"column":42}},"5":{"start":{"line":11,"column":6},"end":{"line":11,"column":61}},"6":{"start":{"line":12,"column":6},"end":{"line":12,"column":16}},"7":{"start":{"line":17,"column":4},"end":{"line":25,"column":5}},"8":{"start":{"line":18,"column":18},"end":{"line":18,"column":50}},"9":{"start":{"line":19,"column":6},"end":{"line":22,"column":7}},"10":{"start":{"line":20,"column":8},"end":{"line":20,"column":27}},"11":{"start":{"line":21,"column":8},"end":{"line":21,"column":77}},"12":{"start":{"line":24,"column":6},"end":{"line":24,"column":59}},"13":{"start":{"line":29,"column":4},"end":{"line":35,"column":5}},"14":{"start":{"line":30,"column":18},"end":{"line":30,"column":50}},"15":{"start":{"line":31,"column":23},"end":{"line":31,"column":53}},"16":{"start":{"line":31,"column":40},"end":{"line":31,"column":52}},"17":{"start":{"line":32,"column":6},"end":{"line":32,"column":80}},"18":{"start":{"line":34,"column":6},"end":{"line":34,"column":61}},"19":{"start":{"line":39,"column":4},"end":{"line":43,"column":5}},"20":{"start":{"line":40,"column":6},"end":{"line":40,"column":57}},"21":{"start":{"line":42,"column":6},"end":{"line":42,"column":62}}},"fnMap":{"0":{"name":"(anonymous_0)","decl":{"start":{"line":6,"column":2},"end":{"line":6,"column":3}},"loc":{"start":{"line":6,"column":49},"end":{"line":14,"column":3}},"line":6},"1":{"name":"(anonymous_1)","decl":{"start":{"line":16,"column":2},"end":{"line":16,"column":3}},"loc":{"start":{"line":16,"column":55},"end":{"line":26,"column":3}},"line":16},"2":{"name":"(anonymous_2)","decl":{"start":{"line":28,"column":2},"end":{"line":28,"column":3}},"loc":{"start":{"line":28,"column":58},"end":{"line":36,"column":3}},"line":28},"3":{"name":"(anonymous_3)","decl":{"start":{"line":31,"column":34},"end":{"line":31,"column":35}},"loc":{"start":{"line":31,"column":40},"end":{"line":31,"column":52}},"line":31},"4":{"name":"(anonymous_4)","decl":{"start":{"line":38,"column":2},"end":{"line":38,"column":3}},"loc":{"start":{"line":38,"column":45},"end":{"line":44,"column":3}},"line":38}},"branchMap":{"0":{"loc":{"start":{"line":9,"column":13},"end":{"line":9,"column":41}},"type":"cond-expr","locations":[{"start":{"line":9,"column":20},"end":{"line":9,"column":36}},{"start":{"line":9,"column":39},"end":{"line":9,"column":41}}],"line":9},"1":{"loc":{"start":{"line":19,"column":6},"end":{"line":22,"column":7}},"type":"if","locations":[{"start":{"line":19,"column":6},"end":{"line":22,"column":7}},{"start":{},"end":{}}],"line":19}},"s":{"0":1,"1":1,"2":27,"3":27,"4":24,"5":3,"6":3,"7":11,"8":11,"9":11,"10":9,"11":9,"12":1,"13":8,"14":8,"15":8,"16":13,"17":8,"18":0,"19":3,"20":3,"21":1},"f":{"0":27,"1":11,"2":8,"3":13,"4":3},"b":{"0":[18,6],"1":[9,2]},"_coverageSchema":"1a1c01bbd47fc00a2c39e90264f33305004495a9","hash":"f808a79dbc10305c2b1bd990b68983ffaddaa89b"}
,"D:\\bkdocs-frontend\\utils\\fonts.ts": {"path":"D:\\bkdocs-frontend\\utils\\fonts.ts","statementMap":{"0":{"start":{"line":9,"column":26},"end":{"line":14,"column":1}},"1":{"start":{"line":16,"column":27},"end":{"line":19,"column":1}},"2":{"start":{"line":17,"column":24},"end":{"line":17,"column":44}},"3":{"start":{"line":18,"column":2},"end":{"line":18,"column":21}},"4":{"start":{"line":21,"column":26},"end":{"line":23,"column":10}}},"fnMap":{"0":{"name":"(anonymous_0)","decl":{"start":{"line":16,"column":27},"end":{"line":16,"column":28}},"loc":{"start":{"line":16,"column":33},"end":{"line":19,"column":1}},"line":16}},"branchMap":{},"s":{"0":0,"1":0,"2":0,"3":0,"4":0},"f":{"0":0},"b":{}}
,"D:\\bkdocs-frontend\\utils\\functions.ts": {"path":"D:\\bkdocs-frontend\\utils\\functions.ts","statementMap":{"0":{"start":{"line":1,"column":33},"end":{"line":20,"column":1}},"1":{"start":{"line":2,"column":2},"end":{"line":2,"column":64}},"2":{"start":{"line":2,"column":11},"end":{"line":2,"column":64}},"3":{"start":{"line":4,"column":13},"end":{"line":4,"column":14}},"4":{"start":{"line":5,"column":2},"end":{"line":8,"column":3}},"5":{"start":{"line":5,"column":15},"end":{"line":5,"column":16}},"6":{"start":{"line":6,"column":4},"end":{"line":6,"column":49}},"7":{"start":{"line":7,"column":4},"end":{"line":7,"column":14}},"8":{"start":{"line":10,"column":23},"end":{"line":10,"column":53}},"9":{"start":{"line":12,"column":43},"end":{"line":17,"column":3}},"10":{"start":{"line":19,"column":2},"end":{"line":19,"column":35}},"11":{"start":{"line":22,"column":23},"end":{"line":28,"column":1}},"12":{"start":{"line":23,"column":2},"end":{"line":27,"column":5}},"13":{"start":{"line":30,"column":32},"end":{"line":35,"column":23}},"14":{"start":{"line":31,"column":2},"end":{"line":35,"column":23}}},"fnMap":{"0":{"name":"(anonymous_0)","decl":{"start":{"line":1,"column":33},"end":{"line":1,"column":34}},"loc":{"start":{"line":1,"column":49},"end":{"line":20,"column":1}},"line":1},"1":{"name":"(anonymous_1)","decl":{"start":{"line":22,"column":23},"end":{"line":22,"column":24}},"loc":{"start":{"line":22,"column":41},"end":{"line":28,"column":1}},"line":22},"2":{"name":"(anonymous_2)","decl":{"start":{"line":30,"column":32},"end":{"line":30,"column":33}},"loc":{"start":{"line":31,"column":2},"end":{"line":35,"column":23}},"line":31}},"branchMap":{"0":{"loc":{"start":{"line":2,"column":2},"end":{"line":2,"column":64}},"type":"if","locations":[{"start":{"line":2,"column":2},"end":{"line":2,"column":64}},{"start":{},"end":{}}],"line":2}},"s":{"0":1,"1":15,"2":1,"3":14,"4":14,"5":14,"6":1067,"7":1067,"8":14,"9":14,"10":14,"11":1,"12":6,"13":1,"14":27},"f":{"0":15,"1":6,"2":27},"b":{"0":[1,14]},"_coverageSchema":"1a1c01bbd47fc00a2c39e90264f33305004495a9","hash":"39ca04126aba2598f70a5a1c262c63774c7bc96c"}
,"D:\\bkdocs-frontend\\utils\\notiInterface.ts": {"path":"D:\\bkdocs-frontend\\utils\\notiInterface.ts","statementMap":{},"fnMap":{},"branchMap":{},"s":{},"f":{},"b":{}}
,"D:\\bkdocs-frontend\\utils\\routes.ts": {"path":"D:\\bkdocs-frontend\\utils\\routes.ts","statementMap":{"0":{"start":{"line":1,"column":22},"end":{"line":32,"column":10}}},"fnMap":{},"branchMap":{},"s":{"0":15},"f":{},"b":{},"_coverageSchema":"1a1c01bbd47fc00a2c39e90264f33305004495a9","hash":"4a0ec4256a13fa63c0523a8c98711c43f4f92946"}
,"D:\\bkdocs-frontend\\utils\\theme.ts": {"path":"D:\\bkdocs-frontend\\utils\\theme.ts","statementMap":{"0":{"start":{"line":8,"column":23},"end":{"line":8,"column":32}},"1":{"start":{"line":9,"column":22},"end":{"line":9,"column":28}},"2":{"start":{"line":11,"column":22},"end":{"line":28,"column":1}},"3":{"start":{"line":30,"column":21},"end":{"line":50,"column":2}}},"fnMap":{},"branchMap":{},"s":{"0":3,"1":3,"2":3,"3":3},"f":{},"b":{},"_coverageSchema":"1a1c01bbd47fc00a2c39e90264f33305004495a9","hash":"6a9858b298946c52e73c21899528fc0a1290abb4"}
}
