{"D:\\bkdocs-frontend\\babel.config.js": {"path":"D:\\bkdocs-frontend\\babel.config.js","statementMap":{"0":{"start":{"line":1,"column":0},"end":{"line":12,"column":2}},"1":{"start":{"line":2,"column":2},"end":{"line":2,"column":18}},"2":{"start":{"line":3,"column":2},"end":{"line":11,"column":4}}},"fnMap":{"0":{"name":"(anonymous_0)","decl":{"start":{"line":1,"column":17},"end":{"line":1,"column":18}},"loc":{"start":{"line":1,"column":32},"end":{"line":12,"column":1}},"line":1}},"branchMap":{},"s":{"0":0,"1":0,"2":0},"f":{"0":0},"b":{}}
,"D:\\bkdocs-frontend\\eslint.config.js": {"path":"D:\\bkdocs-frontend\\eslint.config.js","statementMap":{"0":{"start":{"line":2,"column":25},"end":{"line":2,"column":49}},"1":{"start":{"line":3,"column":19},"end":{"line":3,"column":53}},"2":{"start":{"line":5,"column":0},"end":{"line":10,"column":3}}},"fnMap":{},"branchMap":{},"s":{"0":0,"1":0,"2":0},"f":{},"b":{}}
,"D:\\bkdocs-frontend\\expo-env.d.ts": {"path":"D:\\bkdocs-frontend\\expo-env.d.ts","statementMap":{},"fnMap":{},"branchMap":{},"s":{},"f":{},"b":{}}
,"D:\\bkdocs-frontend\\metro.config.js": {"path":"D:\\bkdocs-frontend\\metro.config.js","statementMap":{"0":{"start":{"line":1,"column":29},"end":{"line":1,"column":58}},"1":{"start":{"line":2,"column":27},"end":{"line":2,"column":54}},"2":{"start":{"line":6,"column":4},"end":{"line":6,"column":41}},"3":{"start":{"line":8,"column":15},"end":{"line":8,"column":45}},"4":{"start":{"line":10,"column":0},"end":{"line":10,"column":66}}},"fnMap":{},"branchMap":{},"s":{"0":0,"1":0,"2":0,"3":0,"4":0},"f":{},"b":{}}
,"D:\\bkdocs-frontend\\nativewind-env.d.ts": {"path":"D:\\bkdocs-frontend\\nativewind-env.d.ts","statementMap":{},"fnMap":{},"branchMap":{},"s":{},"f":{},"b":{}}
,"D:\\bkdocs-frontend\\tailwind.config.js": {"path":"D:\\bkdocs-frontend\\tailwind.config.js","statementMap":{"0":{"start":{"line":2,"column":0},"end":{"line":40,"column":1}}},"fnMap":{},"branchMap":{},"s":{"0":0},"f":{},"b":{}}
,"D:\\bkdocs-frontend\\.expo\\types\\router.d.ts": {"path":"D:\\bkdocs-frontend\\.expo\\types\\router.d.ts","statementMap":{},"fnMap":{},"branchMap":{},"s":{},"f":{},"b":{}}
,"D:\\bkdocs-frontend\\api\\apiClient.ts": {"path":"D:\\bkdocs-frontend\\api\\apiClient.ts","statementMap":{"0":{"start":{"line":9,"column":19},"end":{"line":14,"column":2}},"1":{"start":{"line":16,"column":19},"end":{"line":16,"column":24}},"2":{"start":{"line":17,"column":32},"end":{"line":17,"column":37}},"3":{"start":{"line":19,"column":31},"end":{"line":21,"column":1}},"4":{"start":{"line":20,"column":2},"end":{"line":20,"column":23}},"5":{"start":{"line":23,"column":36},"end":{"line":25,"column":1}},"6":{"start":{"line":24,"column":2},"end":{"line":24,"column":36}},"7":{"start":{"line":27,"column":0},"end":{"line":47,"column":2}},"8":{"start":{"line":29,"column":23},"end":{"line":29,"column":39}},"9":{"start":{"line":31,"column":6},"end":{"line":34,"column":48}},"10":{"start":{"line":36,"column":4},"end":{"line":38,"column":5}},"11":{"start":{"line":37,"column":6},"end":{"line":37,"column":78}},"12":{"start":{"line":40,"column":18},"end":{"line":40,"column":62}},"13":{"start":{"line":41,"column":4},"end":{"line":43,"column":5}},"14":{"start":{"line":42,"column":6},"end":{"line":42,"column":55}},"15":{"start":{"line":44,"column":4},"end":{"line":44,"column":18}},"16":{"start":{"line":46,"column":13},"end":{"line":46,"column":34}},"17":{"start":{"line":49,"column":0},"end":{"line":96,"column":2}},"18":{"start":{"line":50,"column":16},"end":{"line":50,"column":24}},"19":{"start":{"line":52,"column":19},"end":{"line":52,"column":41}},"20":{"start":{"line":54,"column":4},"end":{"line":93,"column":5}},"21":{"start":{"line":56,"column":25},"end":{"line":56,"column":48}},"22":{"start":{"line":58,"column":8},"end":{"line":61,"column":50}},"23":{"start":{"line":63,"column":6},"end":{"line":73,"column":7}},"24":{"start":{"line":64,"column":8},"end":{"line":64,"column":28}},"25":{"start":{"line":65,"column":8},"end":{"line":65,"column":56}},"26":{"start":{"line":66,"column":8},"end":{"line":68,"column":18}},"27":{"start":{"line":67,"column":10},"end":{"line":67,"column":32}},"28":{"start":{"line":69,"column":8},"end":{"line":69,"column":77}},"29":{"start":{"line":70,"column":8},"end":{"line":72,"column":18}},"30":{"start":{"line":71,"column":10},"end":{"line":71,"column":44}},"31":{"start":{"line":75,"column":28},"end":{"line":75,"column":51}},"32":{"start":{"line":76,"column":29},"end":{"line":76,"column":44}},"33":{"start":{"line":78,"column":23},"end":{"line":78,"column":67}},"34":{"start":{"line":80,"column":6},"end":{"line":92,"column":7}},"35":{"start":{"line":81,"column":8},"end":{"line":81,"column":41}},"36":{"start":{"line":82,"column":8},"end":{"line":91,"column":9}},"37":{"start":{"line":83,"column":10},"end":{"line":83,"column":42}},"38":{"start":{"line":88,"column":10},"end":{"line":90,"column":19}},"39":{"start":{"line":89,"column":12},"end":{"line":89,"column":46}},"40":{"start":{"line":94,"column":4},"end":{"line":94,"column":33}}},"fnMap":{"0":{"name":"(anonymous_0)","decl":{"start":{"line":19,"column":31},"end":{"line":19,"column":32}},"loc":{"start":{"line":19,"column":37},"end":{"line":21,"column":1}},"line":19},"1":{"name":"(anonymous_1)","decl":{"start":{"line":23,"column":36},"end":{"line":23,"column":37}},"loc":{"start":{"line":23,"column":42},"end":{"line":25,"column":1}},"line":23},"2":{"name":"(anonymous_2)","decl":{"start":{"line":28,"column":2},"end":{"line":28,"column":3}},"loc":{"start":{"line":28,"column":20},"end":{"line":45,"column":3}},"line":28},"3":{"name":"(anonymous_3)","decl":{"start":{"line":46,"column":2},"end":{"line":46,"column":3}},"loc":{"start":{"line":46,"column":13},"end":{"line":46,"column":34}},"line":46},"4":{"name":"(anonymous_4)","decl":{"start":{"line":50,"column":2},"end":{"line":50,"column":3}},"loc":{"start":{"line":50,"column":16},"end":{"line":50,"column":24}},"line":50},"5":{"name":"(anonymous_5)","decl":{"start":{"line":51,"column":2},"end":{"line":51,"column":3}},"loc":{"start":{"line":51,"column":19},"end":{"line":95,"column":3}},"line":51},"6":{"name":"(anonymous_6)","decl":{"start":{"line":88,"column":21},"end":{"line":88,"column":22}},"loc":{"start":{"line":88,"column":27},"end":{"line":90,"column":11}},"line":88}},"branchMap":{"0":{"loc":{"start":{"line":29,"column":23},"end":{"line":29,"column":39}},"type":"binary-expr","locations":[{"start":{"line":29,"column":23},"end":{"line":29,"column":33}},{"start":{"line":29,"column":37},"end":{"line":29,"column":39}}],"line":29},"1":{"loc":{"start":{"line":31,"column":6},"end":{"line":34,"column":48}},"type":"binary-expr","locations":[{"start":{"line":31,"column":6},"end":{"line":31,"column":36}},{"start":{"line":32,"column":6},"end":{"line":32,"column":42}},{"start":{"line":33,"column":6},"end":{"line":33,"column":41}},{"start":{"line":34,"column":6},"end":{"line":34,"column":48}}],"line":31},"2":{"loc":{"start":{"line":36,"column":4},"end":{"line":38,"column":5}},"type":"if","locations":[{"start":{"line":36,"column":4},"end":{"line":38,"column":5}},{"start":{},"end":{}}],"line":36},"3":{"loc":{"start":{"line":36,"column":8},"end":{"line":36,"column":39}},"type":"binary-expr","locations":[{"start":{"line":36,"column":8},"end":{"line":36,"column":20}},{"start":{"line":36,"column":24},"end":{"line":36,"column":39}}],"line":36},"4":{"loc":{"start":{"line":41,"column":4},"end":{"line":43,"column":5}},"type":"if","locations":[{"start":{"line":41,"column":4},"end":{"line":43,"column":5}},{"start":{},"end":{}}],"line":41},"5":{"loc":{"start":{"line":41,"column":8},"end":{"line":41,"column":62}},"type":"binary-expr","locations":[{"start":{"line":41,"column":8},"end":{"line":41,"column":13}},{"start":{"line":41,"column":17},"end":{"line":41,"column":27}},{"start":{"line":41,"column":31},"end":{"line":41,"column":62}}],"line":41},"6":{"loc":{"start":{"line":54,"column":4},"end":{"line":93,"column":5}},"type":"if","locations":[{"start":{"line":54,"column":4},"end":{"line":93,"column":5}},{"start":{"line":74,"column":11},"end":{"line":93,"column":5}}],"line":54},"7":{"loc":{"start":{"line":56,"column":25},"end":{"line":56,"column":48}},"type":"binary-expr","locations":[{"start":{"line":56,"column":25},"end":{"line":56,"column":42}},{"start":{"line":56,"column":46},"end":{"line":56,"column":48}}],"line":56},"8":{"loc":{"start":{"line":58,"column":8},"end":{"line":61,"column":50}},"type":"binary-expr","locations":[{"start":{"line":58,"column":8},"end":{"line":58,"column":38}},{"start":{"line":59,"column":8},"end":{"line":59,"column":44}},{"start":{"line":60,"column":8},"end":{"line":60,"column":43}},{"start":{"line":61,"column":8},"end":{"line":61,"column":50}}],"line":58},"9":{"loc":{"start":{"line":63,"column":6},"end":{"line":73,"column":7}},"type":"if","locations":[{"start":{"line":63,"column":6},"end":{"line":73,"column":7}},{"start":{},"end":{}}],"line":63},"10":{"loc":{"start":{"line":63,"column":10},"end":{"line":63,"column":42}},"type":"binary-expr","locations":[{"start":{"line":63,"column":10},"end":{"line":63,"column":25}},{"start":{"line":63,"column":29},"end":{"line":63,"column":42}}],"line":63},"11":{"loc":{"start":{"line":75,"column":28},"end":{"line":75,"column":51}},"type":"binary-expr","locations":[{"start":{"line":75,"column":28},"end":{"line":75,"column":34}},{"start":{"line":75,"column":38},"end":{"line":75,"column":51}}],"line":75},"12":{"loc":{"start":{"line":80,"column":6},"end":{"line":92,"column":7}},"type":"if","locations":[{"start":{"line":80,"column":6},"end":{"line":92,"column":7}},{"start":{},"end":{}}],"line":80},"13":{"loc":{"start":{"line":80,"column":10},"end":{"line":80,"column":85}},"type":"binary-expr","locations":[{"start":{"line":80,"column":11},"end":{"line":80,"column":24}},{"start":{"line":80,"column":28},"end":{"line":80,"column":42}},{"start":{"line":80,"column":47},"end":{"line":80,"column":55}},{"start":{"line":80,"column":59},"end":{"line":80,"column":85}}],"line":80}},"s":{"0":1,"1":1,"2":1,"3":1,"4":20,"5":1,"6":19,"7":1,"8":3,"9":3,"10":3,"11":0,"12":3,"13":3,"14":1,"15":3,"16":1,"17":1,"18":1,"19":6,"20":6,"21":2,"22":2,"23":2,"24":1,"25":1,"26":1,"27":1,"28":1,"29":1,"30":1,"31":4,"32":4,"33":4,"34":4,"35":2,"36":2,"37":2,"38":2,"39":0,"40":6},"f":{"0":20,"1":19,"2":3,"3":1,"4":1,"5":6,"6":0},"b":{"0":[3,0],"1":[3,2,2,2],"2":[0,3],"3":[3,0],"4":[1,2],"5":[3,2,2],"6":[2,4],"7":[2,0],"8":[2,1,1,1],"9":[1,1],"10":[2,1],"11":[4,3],"12":[2,2],"13":[4,2,3,2]},"_coverageSchema":"1a1c01bbd47fc00a2c39e90264f33305004495a9","hash":"20d69d988a0b31aa9bde41822fc64c3914388f87"}
,"D:\\bkdocs-frontend\\api\\apiRoutes.ts": {"path":"D:\\bkdocs-frontend\\api\\apiRoutes.ts","statementMap":{"0":{"start":{"line":1,"column":25},"end":{"line":1,"column":38}},"1":{"start":{"line":2,"column":31},"end":{"line":2,"column":42}},"2":{"start":{"line":3,"column":30},"end":{"line":3,"column":48}},"3":{"start":{"line":4,"column":37},"end":{"line":4,"column":53}},"4":{"start":{"line":5,"column":42},"end":{"line":5,"column":64}},"5":{"start":{"line":6,"column":34},"end":{"line":6,"column":50}},"6":{"start":{"line":9,"column":29},"end":{"line":9,"column":41}},"7":{"start":{"line":10,"column":36},"end":{"line":10,"column":73}},"8":{"start":{"line":11,"column":37},"end":{"line":11,"column":55}},"9":{"start":{"line":12,"column":46},"end":{"line":12,"column":73}},"10":{"start":{"line":13,"column":36},"end":{"line":13,"column":73}},"11":{"start":{"line":14,"column":43},"end":{"line":14,"column":69}},"12":{"start":{"line":15,"column":43},"end":{"line":15,"column":69}},"13":{"start":{"line":16,"column":35},"end":{"line":16,"column":53}},"14":{"start":{"line":17,"column":35},"end":{"line":17,"column":79}},"15":{"start":{"line":18,"column":39},"end":{"line":18,"column":79}},"16":{"start":{"line":18,"column":55},"end":{"line":18,"column":79}},"17":{"start":{"line":19,"column":37},"end":{"line":19,"column":86}},"18":{"start":{"line":19,"column":53},"end":{"line":19,"column":86}},"19":{"start":{"line":22,"column":25},"end":{"line":22,"column":33}},"20":{"start":{"line":23,"column":35},"end":{"line":23,"column":88}},"21":{"start":{"line":23,"column":51},"end":{"line":23,"column":88}},"22":{"start":{"line":24,"column":42},"end":{"line":24,"column":102}},"23":{"start":{"line":24,"column":58},"end":{"line":24,"column":102}},"24":{"start":{"line":25,"column":29},"end":{"line":25,"column":54}},"25":{"start":{"line":28,"column":33},"end":{"line":28,"column":49}},"26":{"start":{"line":29,"column":37},"end":{"line":29,"column":67}},"27":{"start":{"line":30,"column":39},"end":{"line":30,"column":69}},"28":{"start":{"line":31,"column":37},"end":{"line":31,"column":67}},"29":{"start":{"line":32,"column":39},"end":{"line":32,"column":69}},"30":{"start":{"line":33,"column":45},"end":{"line":33,"column":89}},"31":{"start":{"line":33,"column":61},"end":{"line":33,"column":89}},"32":{"start":{"line":36,"column":25},"end":{"line":36,"column":33}},"33":{"start":{"line":37,"column":38},"end":{"line":37,"column":52}},"34":{"start":{"line":38,"column":32},"end":{"line":38,"column":54}},"35":{"start":{"line":39,"column":38},"end":{"line":39,"column":90}},"36":{"start":{"line":39,"column":58},"end":{"line":39,"column":90}},"37":{"start":{"line":40,"column":34},"end":{"line":40,"column":48}},"38":{"start":{"line":41,"column":34},"end":{"line":41,"column":56}},"39":{"start":{"line":42,"column":31},"end":{"line":42,"column":76}},"40":{"start":{"line":45,"column":36},"end":{"line":45,"column":55}},"41":{"start":{"line":46,"column":33},"end":{"line":46,"column":49}},"42":{"start":{"line":47,"column":43},"end":{"line":47,"column":100}},"43":{"start":{"line":47,"column":63},"end":{"line":47,"column":100}},"44":{"start":{"line":48,"column":43},"end":{"line":48,"column":69}},"45":{"start":{"line":49,"column":41},"end":{"line":49,"column":93}},"46":{"start":{"line":49,"column":60},"end":{"line":49,"column":93}},"47":{"start":{"line":52,"column":22},"end":{"line":52,"column":27}},"48":{"start":{"line":53,"column":27},"end":{"line":53,"column":43}}},"fnMap":{"0":{"name":"(anonymous_0)","decl":{"start":{"line":18,"column":39},"end":{"line":18,"column":40}},"loc":{"start":{"line":18,"column":55},"end":{"line":18,"column":79}},"line":18},"1":{"name":"(anonymous_1)","decl":{"start":{"line":19,"column":37},"end":{"line":19,"column":38}},"loc":{"start":{"line":19,"column":53},"end":{"line":19,"column":86}},"line":19},"2":{"name":"(anonymous_2)","decl":{"start":{"line":23,"column":35},"end":{"line":23,"column":36}},"loc":{"start":{"line":23,"column":51},"end":{"line":23,"column":88}},"line":23},"3":{"name":"(anonymous_3)","decl":{"start":{"line":24,"column":42},"end":{"line":24,"column":43}},"loc":{"start":{"line":24,"column":58},"end":{"line":24,"column":102}},"line":24},"4":{"name":"(anonymous_4)","decl":{"start":{"line":33,"column":45},"end":{"line":33,"column":46}},"loc":{"start":{"line":33,"column":61},"end":{"line":33,"column":89}},"line":33},"5":{"name":"(anonymous_5)","decl":{"start":{"line":39,"column":38},"end":{"line":39,"column":39}},"loc":{"start":{"line":39,"column":58},"end":{"line":39,"column":90}},"line":39},"6":{"name":"(anonymous_6)","decl":{"start":{"line":47,"column":43},"end":{"line":47,"column":44}},"loc":{"start":{"line":47,"column":63},"end":{"line":47,"column":100}},"line":47},"7":{"name":"(anonymous_7)","decl":{"start":{"line":49,"column":41},"end":{"line":49,"column":42}},"loc":{"start":{"line":49,"column":60},"end":{"line":49,"column":93}},"line":49}},"branchMap":{},"s":{"0":16,"1":16,"2":16,"3":16,"4":16,"5":16,"6":16,"7":16,"8":16,"9":16,"10":16,"11":16,"12":16,"13":16,"14":16,"15":16,"16":16,"17":16,"18":1,"19":16,"20":16,"21":13,"22":16,"23":0,"24":16,"25":16,"26":16,"27":16,"28":16,"29":16,"30":16,"31":0,"32":16,"33":16,"34":16,"35":16,"36":3,"37":16,"38":16,"39":16,"40":16,"41":16,"42":16,"43":5,"44":16,"45":16,"46":6,"47":16,"48":16},"f":{"0":16,"1":1,"2":13,"3":0,"4":0,"5":3,"6":5,"7":6},"b":{},"_coverageSchema":"1a1c01bbd47fc00a2c39e90264f33305004495a9","hash":"b8c1c630e24006ec11e905030801589e4cd9eca6"}
,"D:\\bkdocs-frontend\\app\\_layout.tsx": {"path":"D:\\bkdocs-frontend\\app\\_layout.tsx","statementMap":{"0":{"start":{"line":20,"column":0},"end":{"line":43,"column":3}},"1":{"start":{"line":45,"column":20},"end":{"line":45,"column":37}},"2":{"start":{"line":48,"column":22},"end":{"line":48,"column":38}},"3":{"start":{"line":49,"column":39},"end":{"line":49,"column":60}},"4":{"start":{"line":50,"column":22},"end":{"line":50,"column":35}},"5":{"start":{"line":52,"column":2},"end":{"line":56,"column":3}},"6":{"start":{"line":53,"column":4},"end":{"line":55,"column":6}},"7":{"start":{"line":58,"column":26},"end":{"line":111,"column":4}},"8":{"start":{"line":89,"column":44},"end":{"line":97,"column":11}},"9":{"start":{"line":113,"column":2},"end":{"line":135,"column":4}}},"fnMap":{"0":{"name":"RootLayout","decl":{"start":{"line":47,"column":36},"end":{"line":47,"column":46}},"loc":{"start":{"line":47,"column":49},"end":{"line":136,"column":1}},"line":47},"1":{"name":"(anonymous_1)","decl":{"start":{"line":89,"column":17},"end":{"line":89,"column":18}},"loc":{"start":{"line":89,"column":44},"end":{"line":97,"column":11}},"line":89}},"branchMap":{"0":{"loc":{"start":{"line":21,"column":7},"end":{"line":21,"column":47}},"type":"binary-expr","locations":[{"start":{"line":21,"column":7},"end":{"line":21,"column":41}},{"start":{"line":21,"column":45},"end":{"line":21,"column":47}}],"line":21},"1":{"loc":{"start":{"line":24,"column":15},"end":{"line":24,"column":53}},"type":"cond-expr","locations":[{"start":{"line":24,"column":25},"end":{"line":24,"column":38}},{"start":{"line":24,"column":41},"end":{"line":24,"column":53}}],"line":24},"2":{"loc":{"start":{"line":52,"column":2},"end":{"line":56,"column":3}},"type":"if","locations":[{"start":{"line":52,"column":2},"end":{"line":56,"column":3}},{"start":{},"end":{}}],"line":52},"3":{"loc":{"start":{"line":52,"column":6},"end":{"line":52,"column":31}},"type":"binary-expr","locations":[{"start":{"line":52,"column":6},"end":{"line":52,"column":15}},{"start":{"line":52,"column":19},"end":{"line":52,"column":31}}],"line":52},"4":{"loc":{"start":{"line":118,"column":44},"end":{"line":118,"column":93}},"type":"cond-expr","locations":[{"start":{"line":118,"column":69},"end":{"line":118,"column":78}},{"start":{"line":118,"column":81},"end":{"line":118,"column":93}}],"line":118}},"s":{"0":0,"1":0,"2":0,"3":0,"4":0,"5":0,"6":0,"7":0,"8":0,"9":0},"f":{"0":0,"1":0},"b":{"0":[0,0],"1":[0,0],"2":[0,0],"3":[0,0],"4":[0,0]}}
,"D:\\bkdocs-frontend\\app\\index.tsx": {"path":"D:\\bkdocs-frontend\\app\\index.tsx","statementMap":{"0":{"start":{"line":8,"column":41},"end":{"line":8,"column":50}},"1":{"start":{"line":10,"column":2},"end":{"line":12,"column":3}},"2":{"start":{"line":11,"column":4},"end":{"line":11,"column":65}},"3":{"start":{"line":14,"column":2},"end":{"line":14,"column":76}}},"fnMap":{"0":{"name":"Index","decl":{"start":{"line":7,"column":24},"end":{"line":7,"column":29}},"loc":{"start":{"line":7,"column":32},"end":{"line":15,"column":1}},"line":7}},"branchMap":{"0":{"loc":{"start":{"line":10,"column":2},"end":{"line":12,"column":3}},"type":"if","locations":[{"start":{"line":10,"column":2},"end":{"line":12,"column":3}},{"start":{},"end":{}}],"line":10},"1":{"loc":{"start":{"line":14,"column":25},"end":{"line":14,"column":71}},"type":"cond-expr","locations":[{"start":{"line":14,"column":43},"end":{"line":14,"column":54}},{"start":{"line":14,"column":57},"end":{"line":14,"column":71}}],"line":14}},"s":{"0":0,"1":0,"2":0,"3":0},"f":{"0":0},"b":{"0":[0,0],"1":[0,0]}}
,"D:\\bkdocs-frontend\\app\\server-error.tsx": {"path":"D:\\bkdocs-frontend\\app\\server-error.tsx","statementMap":{"0":{"start":{"line":9,"column":17},"end":{"line":9,"column":28}},"1":{"start":{"line":10,"column":21},"end":{"line":10,"column":30}},"2":{"start":{"line":12,"column":22},"end":{"line":18,"column":3}},"3":{"start":{"line":13,"column":4},"end":{"line":17,"column":5}},"4":{"start":{"line":14,"column":6},"end":{"line":14,"column":20}},"5":{"start":{"line":20,"column":23},"end":{"line":28,"column":3}},"6":{"start":{"line":21,"column":4},"end":{"line":27,"column":5}},"7":{"start":{"line":22,"column":6},"end":{"line":22,"column":21}},"8":{"start":{"line":26,"column":6},"end":{"line":26,"column":42}},"9":{"start":{"line":30,"column":2},"end":{"line":69,"column":4}}},"fnMap":{"0":{"name":"ServerErrorScreen","decl":{"start":{"line":8,"column":24},"end":{"line":8,"column":41}},"loc":{"start":{"line":8,"column":44},"end":{"line":70,"column":1}},"line":8},"1":{"name":"(anonymous_1)","decl":{"start":{"line":12,"column":22},"end":{"line":12,"column":23}},"loc":{"start":{"line":12,"column":28},"end":{"line":18,"column":3}},"line":12},"2":{"name":"(anonymous_2)","decl":{"start":{"line":20,"column":23},"end":{"line":20,"column":24}},"loc":{"start":{"line":20,"column":35},"end":{"line":28,"column":3}},"line":20}},"branchMap":{"0":{"loc":{"start":{"line":13,"column":4},"end":{"line":17,"column":5}},"type":"if","locations":[{"start":{"line":13,"column":4},"end":{"line":17,"column":5}},{"start":{"line":15,"column":11},"end":{"line":17,"column":5}}],"line":13}},"s":{"0":0,"1":0,"2":0,"3":0,"4":0,"5":0,"6":0,"7":0,"8":0,"9":0},"f":{"0":0,"1":0,"2":0},"b":{"0":[0,0]}}
,"D:\\bkdocs-frontend\\app\\(app)\\_layout.tsx": {"path":"D:\\bkdocs-frontend\\app\\(app)\\_layout.tsx","statementMap":{"0":{"start":{"line":5,"column":2},"end":{"line":9,"column":4}}},"fnMap":{"0":{"name":"AppLayout","decl":{"start":{"line":4,"column":24},"end":{"line":4,"column":33}},"loc":{"start":{"line":4,"column":36},"end":{"line":10,"column":1}},"line":4}},"branchMap":{},"s":{"0":0},"f":{"0":0},"b":{}}
,"D:\\bkdocs-frontend\\app\\(app)\\(tabs)\\_layout.tsx": {"path":"D:\\bkdocs-frontend\\app\\(app)\\(tabs)\\_layout.tsx","statementMap":{"0":{"start":{"line":12,"column":21},"end":{"line":12,"column":31}},"1":{"start":{"line":13,"column":17},"end":{"line":13,"column":52}},"2":{"start":{"line":14,"column":19},"end":{"line":14,"column":35}},"3":{"start":{"line":16,"column":23},"end":{"line":54,"column":3}},"4":{"start":{"line":17,"column":19},"end":{"line":20,"column":6}},"5":{"start":{"line":21,"column":4},"end":{"line":53,"column":5}},"6":{"start":{"line":22,"column":21},"end":{"line":22,"column":37}},"7":{"start":{"line":23,"column":6},"end":{"line":23,"column":62}},"8":{"start":{"line":25,"column":20},"end":{"line":25,"column":30}},"9":{"start":{"line":27,"column":6},"end":{"line":43,"column":7}},"10":{"start":{"line":28,"column":8},"end":{"line":42,"column":9}},"11":{"start":{"line":29,"column":27},"end":{"line":29,"column":56}},"12":{"start":{"line":30,"column":28},"end":{"line":30,"column":81}},"13":{"start":{"line":31,"column":10},"end":{"line":31,"column":97}},"14":{"start":{"line":33,"column":29},"end":{"line":33,"column":57}},"15":{"start":{"line":34,"column":10},"end":{"line":34,"column":43}},"16":{"start":{"line":36,"column":10},"end":{"line":36,"column":34}},"17":{"start":{"line":37,"column":10},"end":{"line":37,"column":63}},"18":{"start":{"line":39,"column":10},"end":{"line":39,"column":54}},"19":{"start":{"line":40,"column":10},"end":{"line":40,"column":58}},"20":{"start":{"line":41,"column":10},"end":{"line":41,"column":17}},"21":{"start":{"line":45,"column":6},"end":{"line":49,"column":10}},"22":{"start":{"line":51,"column":6},"end":{"line":51,"column":83}},"23":{"start":{"line":52,"column":6},"end":{"line":52,"column":42}},"24":{"start":{"line":56,"column":2},"end":{"line":138,"column":4}},"25":{"start":{"line":91,"column":12},"end":{"line":91,"column":91}},"26":{"start":{"line":100,"column":12},"end":{"line":100,"column":95}},"27":{"start":{"line":109,"column":12},"end":{"line":109,"column":107}},"28":{"start":{"line":114,"column":12},"end":{"line":114,"column":31}},"29":{"start":{"line":115,"column":12},"end":{"line":115,"column":27}},"30":{"start":{"line":124,"column":12},"end":{"line":124,"column":109}},"31":{"start":{"line":133,"column":12},"end":{"line":133,"column":95}}},"fnMap":{"0":{"name":"TabsLayout","decl":{"start":{"line":11,"column":24},"end":{"line":11,"column":34}},"loc":{"start":{"line":11,"column":37},"end":{"line":139,"column":1}},"line":11},"1":{"name":"(anonymous_1)","decl":{"start":{"line":16,"column":23},"end":{"line":16,"column":24}},"loc":{"start":{"line":16,"column":35},"end":{"line":54,"column":3}},"line":16},"2":{"name":"(anonymous_2)","decl":{"start":{"line":90,"column":22},"end":{"line":90,"column":23}},"loc":{"start":{"line":91,"column":12},"end":{"line":91,"column":91}},"line":91},"3":{"name":"(anonymous_3)","decl":{"start":{"line":99,"column":22},"end":{"line":99,"column":23}},"loc":{"start":{"line":100,"column":12},"end":{"line":100,"column":95}},"line":100},"4":{"name":"(anonymous_4)","decl":{"start":{"line":108,"column":22},"end":{"line":108,"column":23}},"loc":{"start":{"line":109,"column":12},"end":{"line":109,"column":107}},"line":109},"5":{"name":"(anonymous_5)","decl":{"start":{"line":113,"column":20},"end":{"line":113,"column":21}},"loc":{"start":{"line":113,"column":27},"end":{"line":116,"column":11}},"line":113},"6":{"name":"(anonymous_6)","decl":{"start":{"line":123,"column":22},"end":{"line":123,"column":23}},"loc":{"start":{"line":124,"column":12},"end":{"line":124,"column":109}},"line":124},"7":{"name":"(anonymous_7)","decl":{"start":{"line":132,"column":22},"end":{"line":132,"column":23}},"loc":{"start":{"line":133,"column":12},"end":{"line":133,"column":95}},"line":133}},"branchMap":{"0":{"loc":{"start":{"line":13,"column":17},"end":{"line":13,"column":52}},"type":"cond-expr","locations":[{"start":{"line":13,"column":26},"end":{"line":13,"column":37}},{"start":{"line":13,"column":40},"end":{"line":13,"column":52}}],"line":13},"1":{"loc":{"start":{"line":21,"column":4},"end":{"line":53,"column":5}},"type":"if","locations":[{"start":{"line":21,"column":4},"end":{"line":53,"column":5}},{"start":{},"end":{}}],"line":21},"2":{"loc":{"start":{"line":21,"column":8},"end":{"line":21,"column":53}},"type":"binary-expr","locations":[{"start":{"line":21,"column":8},"end":{"line":21,"column":24}},{"start":{"line":21,"column":28},"end":{"line":21,"column":53}}],"line":21},"3":{"loc":{"start":{"line":27,"column":6},"end":{"line":43,"column":7}},"type":"if","locations":[{"start":{"line":27,"column":6},"end":{"line":43,"column":7}},{"start":{},"end":{}}],"line":27},"4":{"loc":{"start":{"line":27,"column":10},"end":{"line":27,"column":75}},"type":"binary-expr","locations":[{"start":{"line":27,"column":10},"end":{"line":27,"column":37}},{"start":{"line":27,"column":41},"end":{"line":27,"column":75}}],"line":27},"5":{"loc":{"start":{"line":29,"column":27},"end":{"line":29,"column":56}},"type":"binary-expr","locations":[{"start":{"line":29,"column":27},"end":{"line":29,"column":38}},{"start":{"line":29,"column":42},"end":{"line":29,"column":56}}],"line":29},"6":{"loc":{"start":{"line":47,"column":14},"end":{"line":47,"column":31}},"type":"binary-expr","locations":[{"start":{"line":47,"column":14},"end":{"line":47,"column":25}},{"start":{"line":47,"column":29},"end":{"line":47,"column":31}}],"line":47},"7":{"loc":{"start":{"line":48,"column":18},"end":{"line":48,"column":39}},"type":"binary-expr","locations":[{"start":{"line":48,"column":18},"end":{"line":48,"column":33}},{"start":{"line":48,"column":37},"end":{"line":48,"column":39}}],"line":48},"8":{"loc":{"start":{"line":76,"column":21},"end":{"line":78,"column":45}},"type":"cond-expr","locations":[{"start":{"line":77,"column":14},"end":{"line":77,"column":51}},{"start":{"line":78,"column":14},"end":{"line":78,"column":45}}],"line":76},"9":{"loc":{"start":{"line":79,"column":14},"end":{"line":82,"column":11}},"type":"binary-expr","locations":[{"start":{"line":79,"column":14},"end":{"line":79,"column":20}},{"start":{"line":79,"column":24},"end":{"line":82,"column":11}}],"line":79},"10":{"loc":{"start":{"line":91,"column":28},"end":{"line":91,"column":61}},"type":"cond-expr","locations":[{"start":{"line":91,"column":38},"end":{"line":91,"column":44}},{"start":{"line":91,"column":47},"end":{"line":91,"column":61}}],"line":91},"11":{"loc":{"start":{"line":100,"column":28},"end":{"line":100,"column":65}},"type":"cond-expr","locations":[{"start":{"line":100,"column":38},"end":{"line":100,"column":46}},{"start":{"line":100,"column":49},"end":{"line":100,"column":65}}],"line":100},"12":{"loc":{"start":{"line":109,"column":28},"end":{"line":109,"column":77}},"type":"cond-expr","locations":[{"start":{"line":109,"column":38},"end":{"line":109,"column":52}},{"start":{"line":109,"column":55},"end":{"line":109,"column":77}}],"line":109},"13":{"loc":{"start":{"line":124,"column":28},"end":{"line":124,"column":79}},"type":"cond-expr","locations":[{"start":{"line":124,"column":38},"end":{"line":124,"column":53}},{"start":{"line":124,"column":56},"end":{"line":124,"column":79}}],"line":124},"14":{"loc":{"start":{"line":133,"column":28},"end":{"line":133,"column":65}},"type":"cond-expr","locations":[{"start":{"line":133,"column":38},"end":{"line":133,"column":46}},{"start":{"line":133,"column":49},"end":{"line":133,"column":65}}],"line":133}},"s":{"0":0,"1":0,"2":0,"3":0,"4":0,"5":0,"6":0,"7":0,"8":0,"9":0,"10":0,"11":0,"12":0,"13":0,"14":0,"15":0,"16":0,"17":0,"18":0,"19":0,"20":0,"21":0,"22":0,"23":0,"24":0,"25":0,"26":0,"27":0,"28":0,"29":0,"30":0,"31":0},"f":{"0":0,"1":0,"2":0,"3":0,"4":0,"5":0,"6":0,"7":0},"b":{"0":[0,0],"1":[0,0],"2":[0,0],"3":[0,0],"4":[0,0],"5":[0,0],"6":[0,0],"7":[0,0],"8":[0,0],"9":[0,0],"10":[0,0],"11":[0,0],"12":[0,0],"13":[0,0],"14":[0,0]}}
,"D:\\bkdocs-frontend\\app\\(app)\\(tabs)\\home\\_layout.tsx": {"path":"D:\\bkdocs-frontend\\app\\(app)\\(tabs)\\home\\_layout.tsx","statementMap":{"0":{"start":{"line":5,"column":2},"end":{"line":7,"column":4}}},"fnMap":{"0":{"name":"HomeLayout","decl":{"start":{"line":4,"column":24},"end":{"line":4,"column":34}},"loc":{"start":{"line":4,"column":37},"end":{"line":8,"column":1}},"line":4}},"branchMap":{},"s":{"0":0},"f":{"0":0},"b":{}}
,"D:\\bkdocs-frontend\\app\\(app)\\(tabs)\\home\\index.tsx": {"path":"D:\\bkdocs-frontend\\app\\(app)\\(tabs)\\home\\index.tsx","statementMap":{"0":{"start":{"line":20,"column":27},"end":{"line":53,"column":1}},"1":{"start":{"line":56,"column":22},"end":{"line":56,"column":63}},"2":{"start":{"line":58,"column":4},"end":{"line":72,"column":5}},"3":{"start":{"line":76,"column":45},"end":{"line":76,"column":75}},"4":{"start":{"line":78,"column":37},"end":{"line":78,"column":67}},"5":{"start":{"line":79,"column":39},"end":{"line":79,"column":71}},"6":{"start":{"line":81,"column":24},"end":{"line":81,"column":57}},"7":{"start":{"line":82,"column":28},"end":{"line":82,"column":102}},"8":{"start":{"line":84,"column":38},"end":{"line":98,"column":5}},"9":{"start":{"line":85,"column":6},"end":{"line":97,"column":7}},"10":{"start":{"line":86,"column":8},"end":{"line":90,"column":11}},"11":{"start":{"line":88,"column":12},"end":{"line":88,"column":80}},"12":{"start":{"line":92,"column":8},"end":{"line":96,"column":11}},"13":{"start":{"line":94,"column":12},"end":{"line":94,"column":76}},"14":{"start":{"line":102,"column":6},"end":{"line":104,"column":20}},"15":{"start":{"line":103,"column":29},"end":{"line":103,"column":101}},"16":{"start":{"line":103,"column":67},"end":{"line":103,"column":99}},"17":{"start":{"line":107,"column":4},"end":{"line":109,"column":5}},"18":{"start":{"line":108,"column":6},"end":{"line":108,"column":18}},"19":{"start":{"line":111,"column":4},"end":{"line":149,"column":6}},"20":{"start":{"line":135,"column":12},"end":{"line":145,"column":14}},"21":{"start":{"line":154,"column":53},"end":{"line":154,"column":62}},"22":{"start":{"line":155,"column":19},"end":{"line":155,"column":30}},"23":{"start":{"line":156,"column":54},"end":{"line":156,"column":63}},"24":{"start":{"line":158,"column":40},"end":{"line":158,"column":59}},"25":{"start":{"line":159,"column":38},"end":{"line":159,"column":52}},"26":{"start":{"line":160,"column":46},"end":{"line":160,"column":81}},"27":{"start":{"line":161,"column":56},"end":{"line":161,"column":71}},"28":{"start":{"line":163,"column":67},"end":{"line":163,"column":97}},"29":{"start":{"line":164,"column":22},"end":{"line":164,"column":52}},"30":{"start":{"line":166,"column":20},"end":{"line":166,"column":53}},"31":{"start":{"line":167,"column":33},"end":{"line":167,"column":67}},"32":{"start":{"line":169,"column":37},"end":{"line":169,"column":88}},"33":{"start":{"line":170,"column":39},"end":{"line":170,"column":92}},"34":{"start":{"line":173,"column":2},"end":{"line":215,"column":4}},"35":{"start":{"line":175,"column":32},"end":{"line":211,"column":9}},"36":{"start":{"line":176,"column":12},"end":{"line":210,"column":13}},"37":{"start":{"line":177,"column":16},"end":{"line":177,"column":35}},"38":{"start":{"line":178,"column":16},"end":{"line":178,"column":58}},"39":{"start":{"line":180,"column":33},"end":{"line":180,"column":67}},"40":{"start":{"line":182,"column":32},"end":{"line":182,"column":51}},"41":{"start":{"line":183,"column":48},"end":{"line":185,"column":46}},"42":{"start":{"line":187,"column":16},"end":{"line":191,"column":17}},"43":{"start":{"line":188,"column":18},"end":{"line":188,"column":74}},"44":{"start":{"line":189,"column":18},"end":{"line":189,"column":52}},"45":{"start":{"line":190,"column":18},"end":{"line":190,"column":25}},"46":{"start":{"line":193,"column":34},"end":{"line":201,"column":19}},"47":{"start":{"line":193,"column":58},"end":{"line":201,"column":17}},"48":{"start":{"line":203,"column":16},"end":{"line":203,"column":41}},"49":{"start":{"line":206,"column":16},"end":{"line":206,"column":68}},"50":{"start":{"line":207,"column":16},"end":{"line":207,"column":50}},"51":{"start":{"line":209,"column":16},"end":{"line":209,"column":36}},"52":{"start":{"line":213,"column":8},"end":{"line":213,"column":26}},"53":{"start":{"line":217,"column":19},"end":{"line":217,"column":61}},"54":{"start":{"line":218,"column":21},"end":{"line":218,"column":46}},"55":{"start":{"line":219,"column":29},"end":{"line":219,"column":53}},"56":{"start":{"line":220,"column":16},"end":{"line":220,"column":53}},"57":{"start":{"line":222,"column":30},"end":{"line":228,"column":5}},"58":{"start":{"line":223,"column":8},"end":{"line":227,"column":11}},"59":{"start":{"line":230,"column":44},"end":{"line":248,"column":10}},"60":{"start":{"line":233,"column":23},"end":{"line":233,"column":76}},"61":{"start":{"line":234,"column":24},"end":{"line":234,"column":74}},"62":{"start":{"line":235,"column":26},"end":{"line":235,"column":70}},"63":{"start":{"line":236,"column":27},"end":{"line":240,"column":9}},"64":{"start":{"line":241,"column":22},"end":{"line":241,"column":67}},"65":{"start":{"line":243,"column":8},"end":{"line":247,"column":10}},"66":{"start":{"line":250,"column":4},"end":{"line":284,"column":6}},"67":{"start":{"line":252,"column":10},"end":{"line":252,"column":60}},"68":{"start":{"line":252,"column":53},"end":{"line":252,"column":60}},"69":{"start":{"line":254,"column":26},"end":{"line":254,"column":31}},"70":{"start":{"line":256,"column":10},"end":{"line":278,"column":15}},"71":{"start":{"line":257,"column":12},"end":{"line":257,"column":40}},"72":{"start":{"line":258,"column":12},"end":{"line":277,"column":13}},"73":{"start":{"line":259,"column":28},"end":{"line":270,"column":15}},"74":{"start":{"line":261,"column":30},"end":{"line":261,"column":85}},"75":{"start":{"line":262,"column":31},"end":{"line":262,"column":45}},"76":{"start":{"line":264,"column":31},"end":{"line":266,"column":32}},"77":{"start":{"line":265,"column":41},"end":{"line":265,"column":59}},"78":{"start":{"line":268,"column":18},"end":{"line":268,"column":47}},"79":{"start":{"line":272,"column":14},"end":{"line":274,"column":15}},"80":{"start":{"line":273,"column":16},"end":{"line":273,"column":60}},"81":{"start":{"line":276,"column":14},"end":{"line":276,"column":59}},"82":{"start":{"line":276,"column":30},"end":{"line":276,"column":59}},"83":{"start":{"line":280,"column":10},"end":{"line":282,"column":12}},"84":{"start":{"line":281,"column":12},"end":{"line":281,"column":29}},"85":{"start":{"line":286,"column":4},"end":{"line":453,"column":4}},"86":{"start":{"line":324,"column":29},"end":{"line":324,"column":55}},"87":{"start":{"line":336,"column":29},"end":{"line":336,"column":65}},"88":{"start":{"line":346,"column":29},"end":{"line":346,"column":65}},"89":{"start":{"line":356,"column":29},"end":{"line":356,"column":56}},"90":{"start":{"line":371,"column":31},"end":{"line":371,"column":81}},"91":{"start":{"line":384,"column":31},"end":{"line":384,"column":83}},"92":{"start":{"line":420,"column":22},"end":{"line":422,"column":29}},"93":{"start":{"line":444,"column":16},"end":{"line":444,"column":102}}},"fnMap":{"0":{"name":"Card","decl":{"start":{"line":55,"column":16},"end":{"line":55,"column":20}},"loc":{"start":{"line":55,"column":23},"end":{"line":73,"column":1}},"line":55},"1":{"name":"FacultySection","decl":{"start":{"line":75,"column":9},"end":{"line":75,"column":23}},"loc":{"start":{"line":75,"column":98},"end":{"line":150,"column":3}},"line":75},"2":{"name":"(anonymous_2)","decl":{"start":{"line":84,"column":38},"end":{"line":84,"column":39}},"loc":{"start":{"line":84,"column":44},"end":{"line":98,"column":5}},"line":84},"3":{"name":"(anonymous_3)","decl":{"start":{"line":87,"column":19},"end":{"line":87,"column":20}},"loc":{"start":{"line":87,"column":25},"end":{"line":89,"column":11}},"line":87},"4":{"name":"(anonymous_4)","decl":{"start":{"line":93,"column":19},"end":{"line":93,"column":20}},"loc":{"start":{"line":93,"column":25},"end":{"line":95,"column":11}},"line":93},"5":{"name":"(anonymous_5)","decl":{"start":{"line":103,"column":17},"end":{"line":103,"column":18}},"loc":{"start":{"line":103,"column":29},"end":{"line":103,"column":101}},"line":103},"6":{"name":"(anonymous_6)","decl":{"start":{"line":103,"column":54},"end":{"line":103,"column":55}},"loc":{"start":{"line":103,"column":67},"end":{"line":103,"column":99}},"line":103},"7":{"name":"(anonymous_7)","decl":{"start":{"line":134,"column":20},"end":{"line":134,"column":21}},"loc":{"start":{"line":135,"column":12},"end":{"line":145,"column":14}},"line":135},"8":{"name":"HomeScreen","decl":{"start":{"line":152,"column":24},"end":{"line":152,"column":34}},"loc":{"start":{"line":152,"column":37},"end":{"line":454,"column":1}},"line":152},"9":{"name":"(anonymous_9)","decl":{"start":{"line":174,"column":16},"end":{"line":174,"column":17}},"loc":{"start":{"line":174,"column":22},"end":{"line":214,"column":5}},"line":174},"10":{"name":"(anonymous_10)","decl":{"start":{"line":175,"column":32},"end":{"line":175,"column":33}},"loc":{"start":{"line":175,"column":44},"end":{"line":211,"column":9}},"line":175},"11":{"name":"(anonymous_11)","decl":{"start":{"line":193,"column":48},"end":{"line":193,"column":49}},"loc":{"start":{"line":193,"column":58},"end":{"line":201,"column":17}},"line":193},"12":{"name":"(anonymous_12)","decl":{"start":{"line":222,"column":30},"end":{"line":222,"column":31}},"loc":{"start":{"line":222,"column":49},"end":{"line":228,"column":5}},"line":222},"13":{"name":"(anonymous_13)","decl":{"start":{"line":230,"column":62},"end":{"line":230,"column":63}},"loc":{"start":{"line":230,"column":81},"end":{"line":248,"column":5}},"line":230},"14":{"name":"(anonymous_14)","decl":{"start":{"line":251,"column":18},"end":{"line":251,"column":19}},"loc":{"start":{"line":251,"column":24},"end":{"line":283,"column":7}},"line":251},"15":{"name":"(anonymous_15)","decl":{"start":{"line":256,"column":11},"end":{"line":256,"column":12}},"loc":{"start":{"line":256,"column":23},"end":{"line":278,"column":11}},"line":256},"16":{"name":"(anonymous_16)","decl":{"start":{"line":260,"column":53},"end":{"line":260,"column":54}},"loc":{"start":{"line":260,"column":71},"end":{"line":269,"column":17}},"line":260},"17":{"name":"(anonymous_17)","decl":{"start":{"line":265,"column":29},"end":{"line":265,"column":30}},"loc":{"start":{"line":265,"column":41},"end":{"line":265,"column":59}},"line":265},"18":{"name":"(anonymous_18)","decl":{"start":{"line":280,"column":17},"end":{"line":280,"column":18}},"loc":{"start":{"line":280,"column":23},"end":{"line":282,"column":11}},"line":280},"19":{"name":"(anonymous_19)","decl":{"start":{"line":324,"column":23},"end":{"line":324,"column":24}},"loc":{"start":{"line":324,"column":29},"end":{"line":324,"column":55}},"line":324},"20":{"name":"(anonymous_20)","decl":{"start":{"line":336,"column":23},"end":{"line":336,"column":24}},"loc":{"start":{"line":336,"column":29},"end":{"line":336,"column":65}},"line":336},"21":{"name":"(anonymous_21)","decl":{"start":{"line":346,"column":23},"end":{"line":346,"column":24}},"loc":{"start":{"line":346,"column":29},"end":{"line":346,"column":65}},"line":346},"22":{"name":"(anonymous_22)","decl":{"start":{"line":356,"column":23},"end":{"line":356,"column":24}},"loc":{"start":{"line":356,"column":29},"end":{"line":356,"column":56}},"line":356},"23":{"name":"(anonymous_23)","decl":{"start":{"line":371,"column":25},"end":{"line":371,"column":26}},"loc":{"start":{"line":371,"column":31},"end":{"line":371,"column":81}},"line":371},"24":{"name":"(anonymous_24)","decl":{"start":{"line":384,"column":25},"end":{"line":384,"column":26}},"loc":{"start":{"line":384,"column":31},"end":{"line":384,"column":83}},"line":384},"25":{"name":"(anonymous_25)","decl":{"start":{"line":419,"column":30},"end":{"line":419,"column":31}},"loc":{"start":{"line":420,"column":22},"end":{"line":422,"column":29}},"line":420},"26":{"name":"(anonymous_26)","decl":{"start":{"line":443,"column":27},"end":{"line":443,"column":28}},"loc":{"start":{"line":444,"column":16},"end":{"line":444,"column":102}},"line":444}},"branchMap":{"0":{"loc":{"start":{"line":82,"column":28},"end":{"line":82,"column":102}},"type":"binary-expr","locations":[{"start":{"line":82,"column":28},"end":{"line":82,"column":62}},{"start":{"line":82,"column":66},"end":{"line":82,"column":102}}],"line":82},"1":{"loc":{"start":{"line":85,"column":6},"end":{"line":97,"column":7}},"type":"if","locations":[{"start":{"line":85,"column":6},"end":{"line":97,"column":7}},{"start":{"line":91,"column":13},"end":{"line":97,"column":7}}],"line":85},"2":{"loc":{"start":{"line":102,"column":7},"end":{"line":102,"column":34}},"type":"binary-expr","locations":[{"start":{"line":102,"column":7},"end":{"line":102,"column":28}},{"start":{"line":102,"column":32},"end":{"line":102,"column":34}}],"line":102},"3":{"loc":{"start":{"line":103,"column":30},"end":{"line":103,"column":48}},"type":"binary-expr","locations":[{"start":{"line":103,"column":30},"end":{"line":103,"column":42}},{"start":{"line":103,"column":46},"end":{"line":103,"column":48}}],"line":103},"4":{"loc":{"start":{"line":107,"column":4},"end":{"line":109,"column":5}},"type":"if","locations":[{"start":{"line":107,"column":4},"end":{"line":109,"column":5}},{"start":{},"end":{}}],"line":107},"5":{"loc":{"start":{"line":119,"column":13},"end":{"line":119,"column":46}},"type":"binary-expr","locations":[{"start":{"line":119,"column":13},"end":{"line":119,"column":30}},{"start":{"line":119,"column":34},"end":{"line":119,"column":46}}],"line":119},"6":{"loc":{"start":{"line":122,"column":67},"end":{"line":122,"column":95}},"type":"binary-expr","locations":[{"start":{"line":122,"column":67},"end":{"line":122,"column":76}},{"start":{"line":122,"column":80},"end":{"line":122,"column":95}}],"line":122},"7":{"loc":{"start":{"line":123,"column":13},"end":{"line":129,"column":13}},"type":"cond-expr","locations":[{"start":{"line":124,"column":14},"end":{"line":124,"column":55}},{"start":{"line":126,"column":14},"end":{"line":128,"column":21}}],"line":123},"8":{"loc":{"start":{"line":126,"column":54},"end":{"line":126,"column":106}},"type":"cond-expr","locations":[{"start":{"line":126,"column":68},"end":{"line":126,"column":84}},{"start":{"line":126,"column":87},"end":{"line":126,"column":106}}],"line":126},"9":{"loc":{"start":{"line":127,"column":17},"end":{"line":127,"column":57}},"type":"cond-expr","locations":[{"start":{"line":127,"column":31},"end":{"line":127,"column":44}},{"start":{"line":127,"column":47},"end":{"line":127,"column":57}}],"line":127},"10":{"loc":{"start":{"line":142,"column":25},"end":{"line":142,"column":64}},"type":"binary-expr","locations":[{"start":{"line":142,"column":25},"end":{"line":142,"column":38}},{"start":{"line":142,"column":42},"end":{"line":142,"column":58}},{"start":{"line":142,"column":62},"end":{"line":142,"column":64}}],"line":142},"11":{"loc":{"start":{"line":143,"column":21},"end":{"line":143,"column":35}},"type":"binary-expr","locations":[{"start":{"line":143,"column":21},"end":{"line":143,"column":30}},{"start":{"line":143,"column":34},"end":{"line":143,"column":35}}],"line":143},"12":{"loc":{"start":{"line":144,"column":20},"end":{"line":144,"column":50}},"type":"binary-expr","locations":[{"start":{"line":144,"column":20},"end":{"line":144,"column":28}},{"start":{"line":144,"column":32},"end":{"line":144,"column":44}},{"start":{"line":144,"column":48},"end":{"line":144,"column":50}}],"line":144},"13":{"loc":{"start":{"line":164,"column":22},"end":{"line":164,"column":52}},"type":"binary-expr","locations":[{"start":{"line":164,"column":22},"end":{"line":164,"column":46}},{"start":{"line":164,"column":50},"end":{"line":164,"column":52}}],"line":164},"14":{"loc":{"start":{"line":183,"column":48},"end":{"line":185,"column":46}},"type":"cond-expr","locations":[{"start":{"line":184,"column":20},"end":{"line":184,"column":27}},{"start":{"line":185,"column":21},"end":{"line":185,"column":45}}],"line":183},"15":{"loc":{"start":{"line":185,"column":21},"end":{"line":185,"column":45}},"type":"binary-expr","locations":[{"start":{"line":185,"column":21},"end":{"line":185,"column":39}},{"start":{"line":185,"column":43},"end":{"line":185,"column":45}}],"line":185},"16":{"loc":{"start":{"line":187,"column":16},"end":{"line":191,"column":17}},"type":"if","locations":[{"start":{"line":187,"column":16},"end":{"line":191,"column":17}},{"start":{},"end":{}}],"line":187},"17":{"loc":{"start":{"line":252,"column":10},"end":{"line":252,"column":60}},"type":"if","locations":[{"start":{"line":252,"column":10},"end":{"line":252,"column":60}},{"start":{},"end":{}}],"line":252},"18":{"loc":{"start":{"line":260,"column":17},"end":{"line":260,"column":47}},"type":"binary-expr","locations":[{"start":{"line":260,"column":17},"end":{"line":260,"column":41}},{"start":{"line":260,"column":45},"end":{"line":260,"column":47}}],"line":260},"19":{"loc":{"start":{"line":264,"column":32},"end":{"line":264,"column":52}},"type":"binary-expr","locations":[{"start":{"line":264,"column":32},"end":{"line":264,"column":46}},{"start":{"line":264,"column":50},"end":{"line":264,"column":52}}],"line":264},"20":{"loc":{"start":{"line":265,"column":41},"end":{"line":265,"column":59}},"type":"binary-expr","locations":[{"start":{"line":265,"column":41},"end":{"line":265,"column":53}},{"start":{"line":265,"column":57},"end":{"line":265,"column":59}}],"line":265},"21":{"loc":{"start":{"line":272,"column":14},"end":{"line":274,"column":15}},"type":"if","locations":[{"start":{"line":272,"column":14},"end":{"line":274,"column":15}},{"start":{},"end":{}}],"line":272},"22":{"loc":{"start":{"line":276,"column":14},"end":{"line":276,"column":59}},"type":"if","locations":[{"start":{"line":276,"column":14},"end":{"line":276,"column":59}},{"start":{},"end":{}}],"line":276},"23":{"loc":{"start":{"line":294,"column":24},"end":{"line":294,"column":86}},"type":"cond-expr","locations":[{"start":{"line":294,"column":48},"end":{"line":294,"column":77}},{"start":{"line":294,"column":80},"end":{"line":294,"column":86}}],"line":294},"24":{"loc":{"start":{"line":306,"column":23},"end":{"line":316,"column":30}},"type":"cond-expr","locations":[{"start":{"line":307,"column":26},"end":{"line":307,"column":57}},{"start":{"line":308,"column":26},"end":{"line":316,"column":30}}],"line":306},"25":{"loc":{"start":{"line":308,"column":26},"end":{"line":316,"column":30}},"type":"cond-expr","locations":[{"start":{"line":309,"column":26},"end":{"line":315,"column":33}},{"start":{"line":316,"column":26},"end":{"line":316,"column":30}}],"line":308},"26":{"loc":{"start":{"line":365,"column":11},"end":{"line":395,"column":11}},"type":"binary-expr","locations":[{"start":{"line":365,"column":11},"end":{"line":365,"column":18}},{"start":{"line":366,"column":12},"end":{"line":394,"column":19}}],"line":365},"27":{"loc":{"start":{"line":378,"column":19},"end":{"line":378,"column":46}},"type":"binary-expr","locations":[{"start":{"line":378,"column":19},"end":{"line":378,"column":41}},{"start":{"line":378,"column":45},"end":{"line":378,"column":46}}],"line":378},"28":{"loc":{"start":{"line":391,"column":20},"end":{"line":391,"column":53}},"type":"binary-expr","locations":[{"start":{"line":391,"column":20},"end":{"line":391,"column":48}},{"start":{"line":391,"column":52},"end":{"line":391,"column":53}}],"line":391}},"s":{"0":1,"1":0,"2":0,"3":6,"4":6,"5":6,"6":6,"7":6,"8":6,"9":0,"10":0,"11":0,"12":0,"13":0,"14":6,"15":6,"16":6,"17":6,"18":0,"19":6,"20":6,"21":6,"22":6,"23":6,"24":6,"25":6,"26":6,"27":6,"28":6,"29":6,"30":6,"31":6,"32":6,"33":6,"34":6,"35":2,"36":2,"37":2,"38":2,"39":2,"40":2,"41":2,"42":2,"43":0,"44":0,"45":0,"46":2,"47":2,"48":2,"49":0,"50":0,"51":2,"52":2,"53":6,"54":6,"55":6,"56":6,"57":6,"58":0,"59":6,"60":0,"61":0,"62":0,"63":0,"64":0,"65":0,"66":6,"67":2,"68":0,"69":2,"70":2,"71":2,"72":2,"73":2,"74":2,"75":2,"76":2,"77":2,"78":2,"79":2,"80":2,"81":2,"82":2,"83":2,"84":2,"85":6,"86":0,"87":0,"88":0,"89":0,"90":0,"91":0,"92":2,"93":6},"f":{"0":0,"1":6,"2":0,"3":0,"4":0,"5":6,"6":6,"7":6,"8":6,"9":2,"10":2,"11":2,"12":0,"13":0,"14":2,"15":2,"16":2,"17":2,"18":2,"19":0,"20":0,"21":0,"22":0,"23":0,"24":0,"25":2,"26":6},"b":{"0":[6,6],"1":[0,0],"2":[6,0],"3":[6,0],"4":[0,6],"5":[6,0],"6":[6,6],"7":[0,6],"8":[0,6],"9":[0,6],"10":[6,6,6],"11":[6,6],"12":[6,0,0],"13":[6,0],"14":[2,0],"15":[0,0],"16":[0,2],"17":[0,2],"18":[2,0],"19":[2,0],"20":[2,0],"21":[2,0],"22":[2,0],"23":[0,6],"24":[0,6],"25":[6,0],"26":[6,0],"27":[0,0],"28":[0,0]},"_coverageSchema":"1a1c01bbd47fc00a2c39e90264f33305004495a9","hash":"a5ffbe4b46b76a4170bdea5937dab6f695c377fd"}
,"D:\\bkdocs-frontend\\app\\(app)\\(tabs)\\home\\profile\\[id]\\index.tsx": {"path":"D:\\bkdocs-frontend\\app\\(app)\\(tabs)\\home\\profile\\[id]\\index.tsx","statementMap":{"0":{"start":{"line":11,"column":17},"end":{"line":11,"column":55}},"1":{"start":{"line":12,"column":13},"end":{"line":12,"column":77}},"2":{"start":{"line":13,"column":17},"end":{"line":13,"column":28}},"3":{"start":{"line":14,"column":17},"end":{"line":14,"column":59}},"4":{"start":{"line":16,"column":2},"end":{"line":16,"column":29}},"5":{"start":{"line":18,"column":2},"end":{"line":163,"column":4}},"6":{"start":{"line":22,"column":25},"end":{"line":22,"column":38}},"7":{"start":{"line":37,"column":25},"end":{"line":37,"column":57}},"8":{"start":{"line":113,"column":12},"end":{"line":156,"column":31}},"9":{"start":{"line":115,"column":29},"end":{"line":115,"column":61}}},"fnMap":{"0":{"name":"ProfileScreen","decl":{"start":{"line":10,"column":24},"end":{"line":10,"column":37}},"loc":{"start":{"line":10,"column":40},"end":{"line":164,"column":1}},"line":10},"1":{"name":"(anonymous_1)","decl":{"start":{"line":22,"column":19},"end":{"line":22,"column":20}},"loc":{"start":{"line":22,"column":25},"end":{"line":22,"column":38}},"line":22},"2":{"name":"(anonymous_2)","decl":{"start":{"line":37,"column":19},"end":{"line":37,"column":20}},"loc":{"start":{"line":37,"column":25},"end":{"line":37,"column":57}},"line":37},"3":{"name":"(anonymous_3)","decl":{"start":{"line":111,"column":42},"end":{"line":111,"column":43}},"loc":{"start":{"line":113,"column":12},"end":{"line":156,"column":31}},"line":113},"4":{"name":"(anonymous_4)","decl":{"start":{"line":115,"column":23},"end":{"line":115,"column":24}},"loc":{"start":{"line":115,"column":29},"end":{"line":115,"column":61}},"line":115}},"branchMap":{"0":{"loc":{"start":{"line":12,"column":13},"end":{"line":12,"column":77}},"type":"cond-expr","locations":[{"start":{"line":12,"column":45},"end":{"line":12,"column":54}},{"start":{"line":12,"column":57},"end":{"line":12,"column":77}}],"line":12},"1":{"loc":{"start":{"line":12,"column":57},"end":{"line":12,"column":77}},"type":"binary-expr","locations":[{"start":{"line":12,"column":57},"end":{"line":12,"column":71}},{"start":{"line":12,"column":75},"end":{"line":12,"column":77}}],"line":12}},"s":{"0":0,"1":0,"2":0,"3":0,"4":0,"5":0,"6":0,"7":0,"8":0,"9":0},"f":{"0":0,"1":0,"2":0,"3":0,"4":0},"b":{"0":[0,0],"1":[0,0]}}
,"D:\\bkdocs-frontend\\app\\(app)\\(tabs)\\notification\\index.tsx": {"path":"D:\\bkdocs-frontend\\app\\(app)\\(tabs)\\notification\\index.tsx","statementMap":{"0":{"start":{"line":13,"column":48},"end":{"line":54,"column":1}},"1":{"start":{"line":57,"column":24},"end":{"line":57,"column":40}},"2":{"start":{"line":58,"column":23},"end":{"line":58,"column":45}},"3":{"start":{"line":59,"column":38},"end":{"line":59,"column":62}},"4":{"start":{"line":60,"column":28},"end":{"line":60,"column":47}},"5":{"start":{"line":61,"column":30},"end":{"line":61,"column":50}},"6":{"start":{"line":62,"column":46},"end":{"line":62,"column":74}},"7":{"start":{"line":64,"column":31},"end":{"line":97,"column":23}},"8":{"start":{"line":65,"column":8},"end":{"line":96,"column":9}},"9":{"start":{"line":66,"column":10},"end":{"line":66,"column":29}},"10":{"start":{"line":68,"column":10},"end":{"line":72,"column":13}},"11":{"start":{"line":74,"column":27},"end":{"line":76,"column":12}},"12":{"start":{"line":78,"column":10},"end":{"line":78,"column":57}},"13":{"start":{"line":79,"column":10},"end":{"line":79,"column":86}},"14":{"start":{"line":81,"column":22},"end":{"line":81,"column":41}},"15":{"start":{"line":84,"column":23},"end":{"line":84,"column":38}},"16":{"start":{"line":86,"column":10},"end":{"line":86,"column":101}},"17":{"start":{"line":87,"column":10},"end":{"line":87,"column":51}},"18":{"start":{"line":89,"column":10},"end":{"line":89,"column":60}},"19":{"start":{"line":91,"column":10},"end":{"line":91,"column":63}},"20":{"start":{"line":92,"column":10},"end":{"line":92,"column":96}},"21":{"start":{"line":93,"column":10},"end":{"line":93,"column":71}},"22":{"start":{"line":95,"column":10},"end":{"line":95,"column":30}},"23":{"start":{"line":99,"column":6},"end":{"line":105,"column":8}},"24":{"start":{"line":101,"column":10},"end":{"line":101,"column":58}},"25":{"start":{"line":102,"column":10},"end":{"line":102,"column":31}},"26":{"start":{"line":103,"column":10},"end":{"line":103,"column":62}},"27":{"start":{"line":103,"column":23},"end":{"line":103,"column":61}},"28":{"start":{"line":107,"column":34},"end":{"line":109,"column":5}},"29":{"start":{"line":108,"column":8},"end":{"line":108,"column":42}},"30":{"start":{"line":108,"column":28},"end":{"line":108,"column":40}},"31":{"start":{"line":111,"column":23},"end":{"line":126,"column":5}},"32":{"start":{"line":112,"column":8},"end":{"line":125,"column":9}},"33":{"start":{"line":113,"column":12},"end":{"line":113,"column":75}},"34":{"start":{"line":116,"column":12},"end":{"line":122,"column":14}},"35":{"start":{"line":117,"column":16},"end":{"line":121,"column":17}},"36":{"start":{"line":118,"column":20},"end":{"line":120,"column":30}},"37":{"start":{"line":124,"column":12},"end":{"line":124,"column":70}},"38":{"start":{"line":128,"column":23},"end":{"line":150,"column":5}},"39":{"start":{"line":129,"column":8},"end":{"line":149,"column":9}},"40":{"start":{"line":130,"column":25},"end":{"line":130,"column":45}},"41":{"start":{"line":131,"column":24},"end":{"line":131,"column":34}},"42":{"start":{"line":132,"column":27},"end":{"line":132,"column":57}},"43":{"start":{"line":133,"column":29},"end":{"line":133,"column":61}},"44":{"start":{"line":134,"column":30},"end":{"line":134,"column":67}},"45":{"start":{"line":135,"column":29},"end":{"line":135,"column":71}},"46":{"start":{"line":137,"column":12},"end":{"line":137,"column":48}},"47":{"start":{"line":137,"column":30},"end":{"line":137,"column":48}},"48":{"start":{"line":138,"column":12},"end":{"line":138,"column":63}},"49":{"start":{"line":138,"column":31},"end":{"line":138,"column":63}},"50":{"start":{"line":139,"column":12},"end":{"line":139,"column":64}},"51":{"start":{"line":139,"column":32},"end":{"line":139,"column":64}},"52":{"start":{"line":140,"column":12},"end":{"line":140,"column":62}},"53":{"start":{"line":140,"column":30},"end":{"line":140,"column":62}},"54":{"start":{"line":142,"column":12},"end":{"line":146,"column":15}},"55":{"start":{"line":148,"column":12},"end":{"line":148,"column":30}},"56":{"start":{"line":152,"column":4},"end":{"line":241,"column":6}},"57":{"start":{"line":172,"column":43},"end":{"line":172,"column":56}},"58":{"start":{"line":186,"column":28},"end":{"line":235,"column":40}},"59":{"start":{"line":190,"column":36},"end":{"line":192,"column":37}},"60":{"start":{"line":191,"column":40},"end":{"line":191,"column":68}},"61":{"start":{"line":194,"column":36},"end":{"line":199,"column":37}},"62":{"start":{"line":195,"column":40},"end":{"line":198,"column":50}},"63":{"start":{"line":229,"column":55},"end":{"line":229,"column":82}}},"fnMap":{"0":{"name":"NotificationPage","decl":{"start":{"line":56,"column":24},"end":{"line":56,"column":40}},"loc":{"start":{"line":56,"column":43},"end":{"line":242,"column":1}},"line":56},"1":{"name":"(anonymous_1)","decl":{"start":{"line":64,"column":43},"end":{"line":64,"column":44}},"loc":{"start":{"line":64,"column":55},"end":{"line":97,"column":7}},"line":64},"2":{"name":"(anonymous_2)","decl":{"start":{"line":100,"column":20},"end":{"line":100,"column":21}},"loc":{"start":{"line":100,"column":26},"end":{"line":104,"column":9}},"line":100},"3":{"name":"(anonymous_3)","decl":{"start":{"line":103,"column":17},"end":{"line":103,"column":18}},"loc":{"start":{"line":103,"column":23},"end":{"line":103,"column":61}},"line":103},"4":{"name":"(anonymous_4)","decl":{"start":{"line":107,"column":34},"end":{"line":107,"column":35}},"loc":{"start":{"line":107,"column":40},"end":{"line":109,"column":5}},"line":107},"5":{"name":"(anonymous_5)","decl":{"start":{"line":108,"column":16},"end":{"line":108,"column":17}},"loc":{"start":{"line":108,"column":28},"end":{"line":108,"column":40}},"line":108},"6":{"name":"(anonymous_6)","decl":{"start":{"line":111,"column":23},"end":{"line":111,"column":24}},"loc":{"start":{"line":111,"column":57},"end":{"line":126,"column":5}},"line":111},"7":{"name":"(anonymous_7)","decl":{"start":{"line":116,"column":29},"end":{"line":116,"column":30}},"loc":{"start":{"line":117,"column":16},"end":{"line":121,"column":17}},"line":117},"8":{"name":"(anonymous_8)","decl":{"start":{"line":117,"column":25},"end":{"line":117,"column":26}},"loc":{"start":{"line":118,"column":20},"end":{"line":120,"column":30}},"line":118},"9":{"name":"(anonymous_9)","decl":{"start":{"line":128,"column":23},"end":{"line":128,"column":24}},"loc":{"start":{"line":128,"column":55},"end":{"line":150,"column":5}},"line":128},"10":{"name":"(anonymous_10)","decl":{"start":{"line":172,"column":37},"end":{"line":172,"column":38}},"loc":{"start":{"line":172,"column":43},"end":{"line":172,"column":56}},"line":172},"11":{"name":"(anonymous_11)","decl":{"start":{"line":185,"column":71},"end":{"line":185,"column":72}},"loc":{"start":{"line":186,"column":28},"end":{"line":235,"column":40}},"line":186},"12":{"name":"(anonymous_12)","decl":{"start":{"line":189,"column":41},"end":{"line":189,"column":42}},"loc":{"start":{"line":189,"column":47},"end":{"line":200,"column":33}},"line":189},"13":{"name":"(anonymous_13)","decl":{"start":{"line":229,"column":49},"end":{"line":229,"column":50}},"loc":{"start":{"line":229,"column":55},"end":{"line":229,"column":82}},"line":229}},"branchMap":{"0":{"loc":{"start":{"line":84,"column":23},"end":{"line":84,"column":38}},"type":"binary-expr","locations":[{"start":{"line":84,"column":23},"end":{"line":84,"column":32}},{"start":{"line":84,"column":36},"end":{"line":84,"column":38}}],"line":84},"1":{"loc":{"start":{"line":86,"column":52},"end":{"line":86,"column":99}},"type":"cond-expr","locations":[{"start":{"line":86,"column":74},"end":{"line":86,"column":85}},{"start":{"line":86,"column":88},"end":{"line":86,"column":99}}],"line":86},"2":{"loc":{"start":{"line":89,"column":27},"end":{"line":89,"column":58}},"type":"cond-expr","locations":[{"start":{"line":89,"column":49},"end":{"line":89,"column":53}},{"start":{"line":89,"column":56},"end":{"line":89,"column":58}}],"line":89},"3":{"loc":{"start":{"line":118,"column":20},"end":{"line":120,"column":30}},"type":"cond-expr","locations":[{"start":{"line":119,"column":26},"end":{"line":119,"column":51}},{"start":{"line":120,"column":26},"end":{"line":120,"column":30}}],"line":118},"4":{"loc":{"start":{"line":137,"column":12},"end":{"line":137,"column":48}},"type":"if","locations":[{"start":{"line":137,"column":12},"end":{"line":137,"column":48}},{"start":{},"end":{}}],"line":137},"5":{"loc":{"start":{"line":138,"column":12},"end":{"line":138,"column":63}},"type":"if","locations":[{"start":{"line":138,"column":12},"end":{"line":138,"column":63}},{"start":{},"end":{}}],"line":138},"6":{"loc":{"start":{"line":139,"column":12},"end":{"line":139,"column":64}},"type":"if","locations":[{"start":{"line":139,"column":12},"end":{"line":139,"column":64}},{"start":{},"end":{}}],"line":139},"7":{"loc":{"start":{"line":140,"column":12},"end":{"line":140,"column":62}},"type":"if","locations":[{"start":{"line":140,"column":12},"end":{"line":140,"column":62}},{"start":{},"end":{}}],"line":140},"8":{"loc":{"start":{"line":185,"column":25},"end":{"line":236,"column":26}},"type":"binary-expr","locations":[{"start":{"line":185,"column":25},"end":{"line":185,"column":49}},{"start":{"line":185,"column":53},"end":{"line":236,"column":26}}],"line":185},"9":{"loc":{"start":{"line":188,"column":66},"end":{"line":188,"column":152}},"type":"cond-expr","locations":[{"start":{"line":188,"column":88},"end":{"line":188,"column":117}},{"start":{"line":188,"column":120},"end":{"line":188,"column":152}}],"line":188},"10":{"loc":{"start":{"line":190,"column":36},"end":{"line":192,"column":37}},"type":"if","locations":[{"start":{"line":190,"column":36},"end":{"line":192,"column":37}},{"start":{},"end":{}}],"line":190},"11":{"loc":{"start":{"line":194,"column":36},"end":{"line":199,"column":37}},"type":"if","locations":[{"start":{"line":194,"column":36},"end":{"line":199,"column":37}},{"start":{},"end":{}}],"line":194},"12":{"loc":{"start":{"line":203,"column":107},"end":{"line":203,"column":178}},"type":"cond-expr","locations":[{"start":{"line":203,"column":129},"end":{"line":203,"column":159}},{"start":{"line":203,"column":162},"end":{"line":203,"column":178}}],"line":203},"13":{"loc":{"start":{"line":207,"column":51},"end":{"line":207,"column":94}},"type":"cond-expr","locations":[{"start":{"line":207,"column":73},"end":{"line":207,"column":82}},{"start":{"line":207,"column":85},"end":{"line":207,"column":94}}],"line":207},"14":{"loc":{"start":{"line":211,"column":71},"end":{"line":211,"column":118}},"type":"cond-expr","locations":[{"start":{"line":211,"column":94},"end":{"line":211,"column":113}},{"start":{"line":211,"column":116},"end":{"line":211,"column":118}}],"line":211},"15":{"loc":{"start":{"line":221,"column":37},"end":{"line":223,"column":37}},"type":"binary-expr","locations":[{"start":{"line":221,"column":37},"end":{"line":221,"column":57}},{"start":{"line":222,"column":40},"end":{"line":222,"column":112}}],"line":221},"16":{"loc":{"start":{"line":226,"column":33},"end":{"line":234,"column":33}},"type":"binary-expr","locations":[{"start":{"line":226,"column":33},"end":{"line":226,"column":53}},{"start":{"line":227,"column":36},"end":{"line":233,"column":48}}],"line":226}},"s":{"0":0,"1":0,"2":0,"3":0,"4":0,"5":0,"6":0,"7":0,"8":0,"9":0,"10":0,"11":0,"12":0,"13":0,"14":0,"15":0,"16":0,"17":0,"18":0,"19":0,"20":0,"21":0,"22":0,"23":0,"24":0,"25":0,"26":0,"27":0,"28":0,"29":0,"30":0,"31":0,"32":0,"33":0,"34":0,"35":0,"36":0,"37":0,"38":0,"39":0,"40":0,"41":0,"42":0,"43":0,"44":0,"45":0,"46":0,"47":0,"48":0,"49":0,"50":0,"51":0,"52":0,"53":0,"54":0,"55":0,"56":0,"57":0,"58":0,"59":0,"60":0,"61":0,"62":0,"63":0},"f":{"0":0,"1":0,"2":0,"3":0,"4":0,"5":0,"6":0,"7":0,"8":0,"9":0,"10":0,"11":0,"12":0,"13":0},"b":{"0":[0,0],"1":[0,0],"2":[0,0],"3":[0,0],"4":[0,0],"5":[0,0],"6":[0,0],"7":[0,0],"8":[0,0],"9":[0,0],"10":[0,0],"11":[0,0],"12":[0,0],"13":[0,0],"14":[0,0],"15":[0,0],"16":[0,0]}}
,"D:\\bkdocs-frontend\\app\\(app)\\(tabs)\\profile\\_layout.tsx": {"path":"D:\\bkdocs-frontend\\app\\(app)\\(tabs)\\profile\\_layout.tsx","statementMap":{"0":{"start":{"line":5,"column":2},"end":{"line":7,"column":4}}},"fnMap":{"0":{"name":"ProfileLayout","decl":{"start":{"line":4,"column":24},"end":{"line":4,"column":37}},"loc":{"start":{"line":4,"column":40},"end":{"line":8,"column":1}},"line":4}},"branchMap":{},"s":{"0":0},"f":{"0":0},"b":{}}
,"D:\\bkdocs-frontend\\app\\(app)\\(tabs)\\profile\\edit.tsx": {"path":"D:\\bkdocs-frontend\\app\\(app)\\(tabs)\\profile\\edit.tsx","statementMap":{"0":{"start":{"line":4,"column":4},"end":{"line":6,"column":6}}},"fnMap":{"0":{"name":"EditProfilePage","decl":{"start":{"line":3,"column":24},"end":{"line":3,"column":39}},"loc":{"start":{"line":3,"column":42},"end":{"line":7,"column":1}},"line":3}},"branchMap":{},"s":{"0":6},"f":{"0":6},"b":{},"_coverageSchema":"1a1c01bbd47fc00a2c39e90264f33305004495a9","hash":"2bbeca83d24c0b70e8a95e32d500696d8821da2e"}
,"D:\\bkdocs-frontend\\app\\(app)\\(tabs)\\profile\\following.tsx": {"path":"D:\\bkdocs-frontend\\app\\(app)\\(tabs)\\profile\\following.tsx","statementMap":{"0":{"start":{"line":5,"column":4},"end":{"line":5,"column":60}},"1":{"start":{"line":5,"column":42},"end":{"line":5,"column":55}}},"fnMap":{"0":{"name":"FollowingTabScreen","decl":{"start":{"line":4,"column":24},"end":{"line":4,"column":42}},"loc":{"start":{"line":4,"column":45},"end":{"line":6,"column":1}},"line":4},"1":{"name":"(anonymous_1)","decl":{"start":{"line":5,"column":36},"end":{"line":5,"column":37}},"loc":{"start":{"line":5,"column":42},"end":{"line":5,"column":55}},"line":5}},"branchMap":{},"s":{"0":0,"1":0},"f":{"0":0,"1":0},"b":{}}
,"D:\\bkdocs-frontend\\app\\(app)\\(tabs)\\profile\\index.tsx": {"path":"D:\\bkdocs-frontend\\app\\(app)\\(tabs)\\profile\\index.tsx","statementMap":{"0":{"start":{"line":4,"column":4},"end":{"line":6,"column":6}}},"fnMap":{"0":{"name":"ProfilePage","decl":{"start":{"line":3,"column":24},"end":{"line":3,"column":35}},"loc":{"start":{"line":3,"column":38},"end":{"line":7,"column":1}},"line":3}},"branchMap":{},"s":{"0":0},"f":{"0":0},"b":{}}
,"D:\\bkdocs-frontend\\app\\(app)\\(tabs)\\profile\\me.tsx": {"path":"D:\\bkdocs-frontend\\app\\(app)\\(tabs)\\profile\\me.tsx","statementMap":{},"fnMap":{},"branchMap":{},"s":{},"f":{},"b":{},"_coverageSchema":"1a1c01bbd47fc00a2c39e90264f33305004495a9","hash":"3fd6bb032d3850a1eb98fb7c01667b7552cb9095"}
,"D:\\bkdocs-frontend\\app\\(app)\\(tabs)\\search\\_layout.tsx": {"path":"D:\\bkdocs-frontend\\app\\(app)\\(tabs)\\search\\_layout.tsx","statementMap":{"0":{"start":{"line":5,"column":2},"end":{"line":7,"column":4}}},"fnMap":{"0":{"name":"SearchTabLayout","decl":{"start":{"line":4,"column":24},"end":{"line":4,"column":39}},"loc":{"start":{"line":4,"column":42},"end":{"line":8,"column":1}},"line":4}},"branchMap":{},"s":{"0":0},"f":{"0":0},"b":{}}
,"D:\\bkdocs-frontend\\app\\(app)\\(tabs)\\search\\index.tsx": {"path":"D:\\bkdocs-frontend\\app\\(app)\\(tabs)\\search\\index.tsx","statementMap":{"0":{"start":{"line":4,"column":2},"end":{"line":6,"column":4}}},"fnMap":{"0":{"name":"SearchPage","decl":{"start":{"line":3,"column":24},"end":{"line":3,"column":34}},"loc":{"start":{"line":3,"column":37},"end":{"line":7,"column":1}},"line":3}},"branchMap":{},"s":{"0":0},"f":{"0":0},"b":{}}
,"D:\\bkdocs-frontend\\app\\(app)\\(tabs)\\search\\result.tsx": {"path":"D:\\bkdocs-frontend\\app\\(app)\\(tabs)\\search\\result.tsx","statementMap":{"0":{"start":{"line":4,"column":2},"end":{"line":6,"column":4}}},"fnMap":{"0":{"name":"SearchResultPage","decl":{"start":{"line":3,"column":24},"end":{"line":3,"column":40}},"loc":{"start":{"line":3,"column":43},"end":{"line":7,"column":1}},"line":3}},"branchMap":{},"s":{"0":0},"f":{"0":0},"b":{}}
,"D:\\bkdocs-frontend\\app\\(app)\\(tabs)\\upload\\index.tsx": {"path":"D:\\bkdocs-frontend\\app\\(app)\\(tabs)\\upload\\index.tsx","statementMap":{"0":{"start":{"line":6,"column":2},"end":{"line":6,"column":70}}},"fnMap":{"0":{"name":"UploadPage","decl":{"start":{"line":4,"column":24},"end":{"line":4,"column":34}},"loc":{"start":{"line":4,"column":37},"end":{"line":7,"column":1}},"line":4}},"branchMap":{},"s":{"0":2},"f":{"0":2},"b":{},"_coverageSchema":"1a1c01bbd47fc00a2c39e90264f33305004495a9","hash":"3217227405fd08c75e712bc026822883d869cd8c"}
,"D:\\bkdocs-frontend\\app\\(app)\\admin\\document-management\\index.tsx": {"path":"D:\\bkdocs-frontend\\app\\(app)\\admin\\document-management\\index.tsx","statementMap":{"0":{"start":{"line":12,"column":28},"end":{"line":12,"column":37}},"1":{"start":{"line":13,"column":19},"end":{"line":13,"column":30}},"2":{"start":{"line":14,"column":20},"end":{"line":14,"column":49}},"3":{"start":{"line":16,"column":4},"end":{"line":20,"column":26}},"4":{"start":{"line":17,"column":8},"end":{"line":19,"column":9}},"5":{"start":{"line":18,"column":12},"end":{"line":18,"column":40}},"6":{"start":{"line":22,"column":4},"end":{"line":24,"column":5}},"7":{"start":{"line":23,"column":8},"end":{"line":23,"column":20}},"8":{"start":{"line":26,"column":4},"end":{"line":48,"column":6}},"9":{"start":{"line":30,"column":35},"end":{"line":30,"column":48}}},"fnMap":{"0":{"name":"DocumentManagementScreen","decl":{"start":{"line":11,"column":24},"end":{"line":11,"column":48}},"loc":{"start":{"line":11,"column":51},"end":{"line":49,"column":1}},"line":11},"1":{"name":"(anonymous_1)","decl":{"start":{"line":16,"column":14},"end":{"line":16,"column":15}},"loc":{"start":{"line":16,"column":20},"end":{"line":20,"column":5}},"line":16},"2":{"name":"(anonymous_2)","decl":{"start":{"line":30,"column":29},"end":{"line":30,"column":30}},"loc":{"start":{"line":30,"column":35},"end":{"line":30,"column":48}},"line":30}},"branchMap":{"0":{"loc":{"start":{"line":17,"column":8},"end":{"line":19,"column":9}},"type":"if","locations":[{"start":{"line":17,"column":8},"end":{"line":19,"column":9}},{"start":{},"end":{}}],"line":17},"1":{"loc":{"start":{"line":22,"column":4},"end":{"line":24,"column":5}},"type":"if","locations":[{"start":{"line":22,"column":4},"end":{"line":24,"column":5}},{"start":{},"end":{}}],"line":22}},"s":{"0":0,"1":0,"2":0,"3":0,"4":0,"5":0,"6":0,"7":0,"8":0,"9":0},"f":{"0":0,"1":0,"2":0},"b":{"0":[0,0],"1":[0,0]}}
,"D:\\bkdocs-frontend\\app\\(app)\\admin\\member-management\\index.tsx": {"path":"D:\\bkdocs-frontend\\app\\(app)\\admin\\member-management\\index.tsx","statementMap":{"0":{"start":{"line":12,"column":28},"end":{"line":12,"column":37}},"1":{"start":{"line":13,"column":19},"end":{"line":13,"column":30}},"2":{"start":{"line":14,"column":20},"end":{"line":14,"column":49}},"3":{"start":{"line":16,"column":4},"end":{"line":20,"column":26}},"4":{"start":{"line":17,"column":8},"end":{"line":19,"column":9}},"5":{"start":{"line":18,"column":12},"end":{"line":18,"column":40}},"6":{"start":{"line":22,"column":4},"end":{"line":24,"column":5}},"7":{"start":{"line":23,"column":8},"end":{"line":23,"column":20}},"8":{"start":{"line":26,"column":4},"end":{"line":48,"column":6}},"9":{"start":{"line":30,"column":35},"end":{"line":30,"column":48}}},"fnMap":{"0":{"name":"MemberManagementScreen","decl":{"start":{"line":11,"column":24},"end":{"line":11,"column":46}},"loc":{"start":{"line":11,"column":49},"end":{"line":49,"column":1}},"line":11},"1":{"name":"(anonymous_1)","decl":{"start":{"line":16,"column":14},"end":{"line":16,"column":15}},"loc":{"start":{"line":16,"column":20},"end":{"line":20,"column":5}},"line":16},"2":{"name":"(anonymous_2)","decl":{"start":{"line":30,"column":29},"end":{"line":30,"column":30}},"loc":{"start":{"line":30,"column":35},"end":{"line":30,"column":48}},"line":30}},"branchMap":{"0":{"loc":{"start":{"line":17,"column":8},"end":{"line":19,"column":9}},"type":"if","locations":[{"start":{"line":17,"column":8},"end":{"line":19,"column":9}},{"start":{},"end":{}}],"line":17},"1":{"loc":{"start":{"line":22,"column":4},"end":{"line":24,"column":5}},"type":"if","locations":[{"start":{"line":22,"column":4},"end":{"line":24,"column":5}},{"start":{},"end":{}}],"line":22}},"s":{"0":0,"1":0,"2":0,"3":0,"4":0,"5":0,"6":0,"7":0,"8":0,"9":0},"f":{"0":0,"1":0,"2":0},"b":{"0":[0,0],"1":[0,0]}}
,"D:\\bkdocs-frontend\\app\\(app)\\all-comment\\index.tsx": {"path":"D:\\bkdocs-frontend\\app\\(app)\\all-comment\\index.tsx","statementMap":{"0":{"start":{"line":28,"column":38},"end":{"line":63,"column":1}},"1":{"start":{"line":66,"column":24},"end":{"line":66,"column":40}},"2":{"start":{"line":67,"column":23},"end":{"line":67,"column":45}},"3":{"start":{"line":69,"column":19},"end":{"line":69,"column":58}},"4":{"start":{"line":70,"column":15},"end":{"line":70,"column":73}},"5":{"start":{"line":72,"column":28},"end":{"line":72,"column":47}},"6":{"start":{"line":73,"column":34},"end":{"line":73,"column":54}},"7":{"start":{"line":74,"column":34},"end":{"line":74,"column":62}},"8":{"start":{"line":75,"column":34},"end":{"line":75,"column":49}},"9":{"start":{"line":76,"column":38},"end":{"line":76,"column":73}},"10":{"start":{"line":77,"column":52},"end":{"line":77,"column":81}},"11":{"start":{"line":79,"column":4},"end":{"line":107,"column":12}},"12":{"start":{"line":80,"column":8},"end":{"line":80,"column":24}},"13":{"start":{"line":80,"column":17},"end":{"line":80,"column":24}},"14":{"start":{"line":82,"column":24},"end":{"line":82,"column":29}},"15":{"start":{"line":83,"column":8},"end":{"line":102,"column":12}},"16":{"start":{"line":85,"column":16},"end":{"line":100,"column":17}},"17":{"start":{"line":86,"column":20},"end":{"line":86,"column":37}},"18":{"start":{"line":87,"column":32},"end":{"line":87,"column":70}},"19":{"start":{"line":88,"column":35},"end":{"line":88,"column":77}},"20":{"start":{"line":89,"column":36},"end":{"line":89,"column":53}},"21":{"start":{"line":90,"column":33},"end":{"line":90,"column":47}},"22":{"start":{"line":91,"column":20},"end":{"line":94,"column":21}},"23":{"start":{"line":92,"column":24},"end":{"line":92,"column":47}},"24":{"start":{"line":93,"column":24},"end":{"line":93,"column":54}},"25":{"start":{"line":96,"column":20},"end":{"line":96,"column":48}},"26":{"start":{"line":99,"column":20},"end":{"line":99,"column":54}},"27":{"start":{"line":99,"column":36},"end":{"line":99,"column":54}},"28":{"start":{"line":104,"column":8},"end":{"line":106,"column":9}},"29":{"start":{"line":105,"column":12},"end":{"line":105,"column":29}},"30":{"start":{"line":108,"column":4},"end":{"line":220,"column":6}},"31":{"start":{"line":127,"column":43},"end":{"line":127,"column":56}},"32":{"start":{"line":138,"column":36},"end":{"line":172,"column":43}},"33":{"start":{"line":151,"column":56},"end":{"line":151,"column":120}},"34":{"start":{"line":159,"column":82},"end":{"line":159,"column":119}},"35":{"start":{"line":183,"column":38},"end":{"line":183,"column":63}},"36":{"start":{"line":192,"column":39},"end":{"line":192,"column":64}}},"fnMap":{"0":{"name":"AllComment","decl":{"start":{"line":65,"column":24},"end":{"line":65,"column":34}},"loc":{"start":{"line":65,"column":37},"end":{"line":221,"column":1}},"line":65},"1":{"name":"(anonymous_1)","decl":{"start":{"line":79,"column":14},"end":{"line":79,"column":15}},"loc":{"start":{"line":79,"column":20},"end":{"line":107,"column":5}},"line":79},"2":{"name":"(anonymous_2)","decl":{"start":{"line":84,"column":12},"end":{"line":84,"column":13}},"loc":{"start":{"line":84,"column":24},"end":{"line":101,"column":13}},"line":84},"3":{"name":"(anonymous_3)","decl":{"start":{"line":104,"column":15},"end":{"line":104,"column":16}},"loc":{"start":{"line":104,"column":21},"end":{"line":106,"column":9}},"line":104},"4":{"name":"(anonymous_4)","decl":{"start":{"line":127,"column":37},"end":{"line":127,"column":38}},"loc":{"start":{"line":127,"column":43},"end":{"line":127,"column":56}},"line":127},"5":{"name":"(anonymous_5)","decl":{"start":{"line":137,"column":44},"end":{"line":137,"column":45}},"loc":{"start":{"line":138,"column":36},"end":{"line":172,"column":43}},"line":138},"6":{"name":"(anonymous_6)","decl":{"start":{"line":150,"column":94},"end":{"line":150,"column":95}},"loc":{"start":{"line":151,"column":56},"end":{"line":151,"column":120}},"line":151},"7":{"name":"(anonymous_7)","decl":{"start":{"line":159,"column":76},"end":{"line":159,"column":77}},"loc":{"start":{"line":159,"column":82},"end":{"line":159,"column":119}},"line":159},"8":{"name":"(anonymous_8)","decl":{"start":{"line":183,"column":32},"end":{"line":183,"column":33}},"loc":{"start":{"line":183,"column":38},"end":{"line":183,"column":63}},"line":183},"9":{"name":"(anonymous_9)","decl":{"start":{"line":192,"column":33},"end":{"line":192,"column":34}},"loc":{"start":{"line":192,"column":39},"end":{"line":192,"column":64}},"line":192}},"branchMap":{"0":{"loc":{"start":{"line":70,"column":15},"end":{"line":70,"column":73}},"type":"cond-expr","locations":[{"start":{"line":70,"column":47},"end":{"line":70,"column":56}},{"start":{"line":70,"column":59},"end":{"line":70,"column":73}}],"line":70},"1":{"loc":{"start":{"line":80,"column":8},"end":{"line":80,"column":24}},"type":"if","locations":[{"start":{"line":80,"column":8},"end":{"line":80,"column":24}},{"start":{},"end":{}}],"line":80},"2":{"loc":{"start":{"line":91,"column":20},"end":{"line":94,"column":21}},"type":"if","locations":[{"start":{"line":91,"column":20},"end":{"line":94,"column":21}},{"start":{},"end":{}}],"line":91},"3":{"loc":{"start":{"line":92,"column":35},"end":{"line":92,"column":45}},"type":"binary-expr","locations":[{"start":{"line":92,"column":35},"end":{"line":92,"column":39}},{"start":{"line":92,"column":43},"end":{"line":92,"column":45}}],"line":92},"4":{"loc":{"start":{"line":93,"column":37},"end":{"line":93,"column":52}},"type":"binary-expr","locations":[{"start":{"line":93,"column":37},"end":{"line":93,"column":44}},{"start":{"line":93,"column":48},"end":{"line":93,"column":52}}],"line":93},"5":{"loc":{"start":{"line":99,"column":20},"end":{"line":99,"column":54}},"type":"if","locations":[{"start":{"line":99,"column":20},"end":{"line":99,"column":54}},{"start":{},"end":{}}],"line":99},"6":{"loc":{"start":{"line":158,"column":52},"end":{"line":168,"column":53}},"type":"binary-expr","locations":[{"start":{"line":158,"column":52},"end":{"line":158,"column":68}},{"start":{"line":159,"column":56},"end":{"line":167,"column":68}}],"line":158},"7":{"loc":{"start":{"line":206,"column":21},"end":{"line":216,"column":21}},"type":"binary-expr","locations":[{"start":{"line":206,"column":21},"end":{"line":206,"column":37}},{"start":{"line":207,"column":24},"end":{"line":215,"column":26}}],"line":206}},"s":{"0":0,"1":0,"2":0,"3":0,"4":0,"5":0,"6":0,"7":0,"8":0,"9":0,"10":0,"11":0,"12":0,"13":0,"14":0,"15":0,"16":0,"17":0,"18":0,"19":0,"20":0,"21":0,"22":0,"23":0,"24":0,"25":0,"26":0,"27":0,"28":0,"29":0,"30":0,"31":0,"32":0,"33":0,"34":0,"35":0,"36":0},"f":{"0":0,"1":0,"2":0,"3":0,"4":0,"5":0,"6":0,"7":0,"8":0,"9":0},"b":{"0":[0,0],"1":[0,0],"2":[0,0],"3":[0,0],"4":[0,0],"5":[0,0],"6":[0,0],"7":[0,0]}}
[...]
,"D:\\bkdocs-frontend\\models\\auth.type.ts": {"path":"D:\\bkdocs-frontend\\models\\auth.type.ts","statementMap":{},"fnMap":{},"branchMap":{},"s":{},"f":{},"b":{}}
,"D:\\bkdocs-frontend\\models\\document.type.ts": {"path":"D:\\bkdocs-frontend\\models\\document.type.ts","statementMap":{},"fnMap":{},"branchMap":{},"s":{},"f":{},"b":{}}
,"D:\\bkdocs-frontend\\models\\faculty.type.ts": {"path":"D:\\bkdocs-frontend\\models\\faculty.type.ts","statementMap":{},"fnMap":{},"branchMap":{},"s":{},"f":{},"b":{}}
,"D:\\bkdocs-frontend\\models\\notification.type.ts": {"path":"D:\\bkdocs-frontend\\models\\notification.type.ts","statementMap":{},"fnMap":{},"branchMap":{},"s":{},"f":{},"b":{}}
,"D:\\bkdocs-frontend\\models\\search.type.ts": {"path":"D:\\bkdocs-frontend\\models\\search.type.ts","statementMap":{},"fnMap":{},"branchMap":{},"s":{},"f":{},"b":{}}
,"D:\\bkdocs-frontend\\models\\subject.type.ts": {"path":"D:\\bkdocs-frontend\\models\\subject.type.ts","statementMap":{},"fnMap":{},"branchMap":{},"s":{},"f":{},"b":{}}
,"D:\\bkdocs-frontend\\models\\suggest.type.ts": {"path":"D:\\bkdocs-frontend\\models\\suggest.type.ts","statementMap":{},"fnMap":{},"branchMap":{},"s":{},"f":{},"b":{}}
,"D:\\bkdocs-frontend\\models\\user.type.ts": {"path":"D:\\bkdocs-frontend\\models\\user.type.ts","statementMap":{},"fnMap":{},"branchMap":{},"s":{},"f":{},"b":{}}
,"D:\\bkdocs-frontend\\scripts\\reset-project.js": {"path":"D:\\bkdocs-frontend\\scripts\\reset-project.js","statementMap":{"0":{"start":{"line":9,"column":11},"end":{"line":9,"column":24}},"1":{"start":{"line":10,"column":13},"end":{"line":10,"column":28}},"2":{"start":{"line":11,"column":17},"end":{"line":11,"column":36}},"3":{"start":{"line":13,"column":13},"end":{"line":13,"column":26}},"4":{"start":{"line":14,"column":16},"end":{"line":14,"column":70}},"5":{"start":{"line":15,"column":19},"end":{"line":15,"column":32}},"6":{"start":{"line":16,"column":18},"end":{"line":16,"column":23}},"7":{"start":{"line":17,"column":23},"end":{"line":17,"column":50}},"8":{"start":{"line":19,"column":21},"end":{"line":34,"column":1}},"9":{"start":{"line":36,"column":22},"end":{"line":41,"column":1}},"10":{"start":{"line":43,"column":11},"end":{"line":46,"column":2}},"11":{"start":{"line":48,"column":24},"end":{"line":99,"column":1}},"12":{"start":{"line":49,"column":2},"end":{"line":98,"column":3}},"13":{"start":{"line":50,"column":4},"end":{"line":54,"column":5}},"14":{"start":{"line":52,"column":6},"end":{"line":52,"column":67}},"15":{"start":{"line":53,"column":6},"end":{"line":53,"column":58}},"16":{"start":{"line":57,"column":4},"end":{"line":71,"column":5}},"17":{"start":{"line":58,"column":25},"end":{"line":58,"column":45}},"18":{"start":{"line":59,"column":6},"end":{"line":70,"column":7}},"19":{"start":{"line":60,"column":8},"end":{"line":67,"column":9}},"20":{"start":{"line":61,"column":29},"end":{"line":61,"column":61}},"21":{"start":{"line":62,"column":10},"end":{"line":62,"column":59}},"22":{"start":{"line":63,"column":10},"end":{"line":63,"column":68}},"23":{"start":{"line":65,"column":10},"end":{"line":65,"column":77}},"24":{"start":{"line":66,"column":10},"end":{"line":66,"column":44}},"25":{"start":{"line":69,"column":8},"end":{"line":69,"column":60}},"26":{"start":{"line":74,"column":26},"end":{"line":74,"column":52}},"27":{"start":{"line":75,"column":4},"end":{"line":75,"column":64}},"28":{"start":{"line":76,"column":4},"end":{"line":76,"column":52}},"29":{"start":{"line":79,"column":22},"end":{"line":79,"column":59}},"30":{"start":{"line":80,"column":4},"end":{"line":80,"column":57}},"31":{"start":{"line":81,"column":4},"end":{"line":81,"column":45}},"32":{"start":{"line":84,"column":23},"end":{"line":84,"column":62}},"33":{"start":{"line":85,"column":4},"end":{"line":85,"column":59}},"34":{"start":{"line":86,"column":4},"end":{"line":86,"column":47}},"35":{"start":{"line":88,"column":4},"end":{"line":88,"column":59}},"36":{"start":{"line":89,"column":4},"end":{"line":95,"column":6}},"37":{"start":{"line":97,"column":4},"end":{"line":97,"column":71}},"38":{"start":{"line":101,"column":0},"end":{"line":112,"column":2}},"39":{"start":{"line":104,"column":22},"end":{"line":104,"column":56}},"40":{"start":{"line":105,"column":4},"end":{"line":110,"column":5}},"41":{"start":{"line":106,"column":6},"end":{"line":106,"column":59}},"42":{"start":{"line":106,"column":47},"end":{"line":106,"column":57}},"43":{"start":{"line":108,"column":6},"end":{"line":108,"column":63}},"44":{"start":{"line":109,"column":6},"end":{"line":109,"column":17}}},"fnMap":{"0":{"name":"(anonymous_0)","decl":{"start":{"line":48,"column":24},"end":{"line":48,"column":25}},"loc":{"start":{"line":48,"column":45},"end":{"line":99,"column":1}},"line":48},"1":{"name":"(anonymous_1)","decl":{"start":{"line":103,"column":2},"end":{"line":103,"column":3}},"loc":{"start":{"line":103,"column":14},"end":{"line":111,"column":3}},"line":103},"2":{"name":"(anonymous_2)","decl":{"start":{"line":106,"column":41},"end":{"line":106,"column":42}},"loc":{"start":{"line":106,"column":47},"end":{"line":106,"column":57}},"line":106}},"branchMap":{"0":{"loc":{"start":{"line":50,"column":4},"end":{"line":54,"column":5}},"type":"if","locations":[{"start":{"line":50,"column":4},"end":{"line":54,"column":5}},{"start":{},"end":{}}],"line":50},"1":{"loc":{"start":{"line":59,"column":6},"end":{"line":70,"column":7}},"type":"if","locations":[{"start":{"line":59,"column":6},"end":{"line":70,"column":7}},{"start":{"line":68,"column":13},"end":{"line":70,"column":7}}],"line":59},"2":{"loc":{"start":{"line":60,"column":8},"end":{"line":67,"column":9}},"type":"if","locations":[{"start":{"line":60,"column":8},"end":{"line":67,"column":9}},{"start":{"line":64,"column":15},"end":{"line":67,"column":9}}],"line":60},"3":{"loc":{"start":{"line":91,"column":8},"end":{"line":93,"column":14}},"type":"cond-expr","locations":[{"start":{"line":92,"column":12},"end":{"line":92,"column":87}},{"start":{"line":93,"column":12},"end":{"line":93,"column":14}}],"line":91},"4":{"loc":{"start":{"line":104,"column":22},"end":{"line":104,"column":56}},"type":"binary-expr","locations":[{"start":{"line":104,"column":22},"end":{"line":104,"column":49}},{"start":{"line":104,"column":53},"end":{"line":104,"column":56}}],"line":104},"5":{"loc":{"start":{"line":105,"column":4},"end":{"line":110,"column":5}},"type":"if","locations":[{"start":{"line":105,"column":4},"end":{"line":110,"column":5}},{"start":{"line":107,"column":11},"end":{"line":110,"column":5}}],"line":105},"6":{"loc":{"start":{"line":105,"column":8},"end":{"line":105,"column":46}},"type":"binary-expr","locations":[{"start":{"line":105,"column":8},"end":{"line":105,"column":25}},{"start":{"line":105,"column":29},"end":{"line":105,"column":46}}],"line":105}},"s":{"0":0,"1":0,"2":0,"3":0,"4":0,"5":0,"6":0,"7":0,"8":0,"9":0,"10":0,"11":0,"12":0,"13":0,"14":0,"15":0,"16":0,"17":0,"18":0,"19":0,"20":0,"21":0,"22":0,"23":0,"24":0,"25":0,"26":0,"27":0,"28":0,"29":0,"30":0,"31":0,"32":0,"33":0,"34":0,"35":0,"36":0,"37":0,"38":0,"39":0,"40":0,"41":0,"42":0,"43":0,"44":0},"f":{"0":0,"1":0,"2":0},"b":{"0":[0,0],"1":[0,0],"2":[0,0],"3":[0,0],"4":[0,0],"5":[0,0],"6":[0,0]}}
,"D:\\bkdocs-frontend\\store\\hooks.ts": {"path":"D:\\bkdocs-frontend\\store\\hooks.ts","statementMap":{"0":{"start":{"line":4,"column":30},"end":{"line":4,"column":62}},"1":{"start":{"line":4,"column":36},"end":{"line":4,"column":62}},"2":{"start":{"line":5,"column":63},"end":{"line":5,"column":74}}},"fnMap":{"0":{"name":"(anonymous_0)","decl":{"start":{"line":4,"column":30},"end":{"line":4,"column":31}},"loc":{"start":{"line":4,"column":36},"end":{"line":4,"column":62}},"line":4}},"branchMap":{},"s":{"0":0,"1":0,"2":0},"f":{"0":0},"b":{}}
,"D:\\bkdocs-frontend\\store\\index.ts": {"path":"D:\\bkdocs-frontend\\store\\index.ts","statementMap":{"0":{"start":{"line":4,"column":21},"end":{"line":8,"column":2}}},"fnMap":{},"branchMap":{},"s":{"0":0},"f":{},"b":{}}
,"D:\\bkdocs-frontend\\store\\uploadSlice.ts": {"path":"D:\\bkdocs-frontend\\store\\uploadSlice.ts","statementMap":{"0":{"start":{"line":20,"column":34},"end":{"line":29,"column":1}},"1":{"start":{"line":31,"column":20},"end":{"line":61,"column":2}},"2":{"start":{"line":36,"column":6},"end":{"line":36,"column":42}},"3":{"start":{"line":39,"column":6},"end":{"line":39,"column":35}},"4":{"start":{"line":42,"column":6},"end":{"line":42,"column":41}},"5":{"start":{"line":45,"column":6},"end":{"line":45,"column":47}},"6":{"start":{"line":48,"column":6},"end":{"line":48,"column":46}},"7":{"start":{"line":51,"column":6},"end":{"line":51,"column":43}},"8":{"start":{"line":54,"column":6},"end":{"line":54,"column":44}},"9":{"start":{"line":57,"column":6},"end":{"line":57,"column":40}},"10":{"start":{"line":59,"column":28},"end":{"line":59,"column":40}},"11":{"start":{"line":73,"column":4},"end":{"line":73,"column":23}}},"fnMap":{"0":{"name":"(anonymous_0)","decl":{"start":{"line":35,"column":21},"end":{"line":35,"column":22}},"loc":{"start":{"line":35,"column":76},"end":{"line":37,"column":5}},"line":35},"1":{"name":"(anonymous_1)","decl":{"start":{"line":38,"column":14},"end":{"line":38,"column":15}},"loc":{"start":{"line":38,"column":56},"end":{"line":40,"column":5}},"line":38},"2":{"name":"(anonymous_2)","decl":{"start":{"line":41,"column":20},"end":{"line":41,"column":21}},"loc":{"start":{"line":41,"column":62},"end":{"line":43,"column":5}},"line":41},"3":{"name":"(anonymous_3)","decl":{"start":{"line":44,"column":26},"end":{"line":44,"column":27}},"loc":{"start":{"line":44,"column":70},"end":{"line":46,"column":5}},"line":44},"4":{"name":"(anonymous_4)","decl":{"start":{"line":47,"column":25},"end":{"line":47,"column":26}},"loc":{"start":{"line":47,"column":69},"end":{"line":49,"column":5}},"line":47},"5":{"name":"(anonymous_5)","decl":{"start":{"line":50,"column":22},"end":{"line":50,"column":23}},"loc":{"start":{"line":50,"column":66},"end":{"line":52,"column":5}},"line":50},"6":{"name":"(anonymous_6)","decl":{"start":{"line":53,"column":23},"end":{"line":53,"column":24}},"loc":{"start":{"line":53,"column":67},"end":{"line":55,"column":5}},"line":53},"7":{"name":"(anonymous_7)","decl":{"start":{"line":56,"column":19},"end":{"line":56,"column":20}},"loc":{"start":{"line":56,"column":68},"end":{"line":58,"column":5}},"line":56},"8":{"name":"(anonymous_8)","decl":{"start":{"line":59,"column":22},"end":{"line":59,"column":23}},"loc":{"start":{"line":59,"column":28},"end":{"line":59,"column":40}},"line":59}},"branchMap":{},"s":{"0":1,"1":1,"2":4,"3":7,"4":5,"5":5,"6":4,"7":2,"8":4,"9":4,"10":4,"11":1},"f":{"0":4,"1":7,"2":5,"3":5,"4":4,"5":2,"6":4,"7":4,"8":4},"b":{},"_coverageSchema":"1a1c01bbd47fc00a2c39e90264f33305004495a9","hash":"976315aec74a40bb0312dc1cc2f68ae361ae79d8"}
,"D:\\bkdocs-frontend\\utils\\authEvents.ts": {"path":"D:\\bkdocs-frontend\\utils\\authEvents.ts","statementMap":{"0":{"start":{"line":1,"column":50},"end":{"line":1,"column":54}},"1":{"start":{"line":3,"column":32},"end":{"line":5,"column":1}},"2":{"start":{"line":4,"column":2},"end":{"line":4,"column":26}},"3":{"start":{"line":7,"column":29},"end":{"line":11,"column":1}},"4":{"start":{"line":8,"column":2},"end":{"line":10,"column":3}},"5":{"start":{"line":9,"column":4},"end":{"line":9,"column":26}}},"fnMap":{"0":{"name":"(anonymous_0)","decl":{"start":{"line":3,"column":32},"end":{"line":3,"column":33}},"loc":{"start":{"line":3,"column":66},"end":{"line":5,"column":1}},"line":3},"1":{"name":"(anonymous_1)","decl":{"start":{"line":7,"column":29},"end":{"line":7,"column":30}},"loc":{"start":{"line":7,"column":41},"end":{"line":11,"column":1}},"line":7}},"branchMap":{"0":{"loc":{"start":{"line":8,"column":2},"end":{"line":10,"column":3}},"type":"if","locations":[{"start":{"line":8,"column":2},"end":{"line":10,"column":3}},{"start":{},"end":{}}],"line":8}},"s":{"0":1,"1":1,"2":21,"3":1,"4":9,"5":9},"f":{"0":21,"1":9},"b":{"0":[9,0]},"_coverageSchema":"1a1c01bbd47fc00a2c39e90264f33305004495a9","hash":"f6215034f8247002a364e2586710eca2130ebeea"}
,"D:\\bkdocs-frontend\\utils\\commentInterface.ts": {"path":"D:\\bkdocs-frontend\\utils\\commentInterface.ts","statementMap":{},"fnMap":{},"branchMap":{},"s":{},"f":{},"b":{}}
,"D:\\bkdocs-frontend\\utils\\constants.ts": {"path":"D:\\bkdocs-frontend\\utils\\constants.ts","statementMap":{"0":{"start":{"line":1,"column":32},"end":{"line":1,"column":46}}},"fnMap":{},"branchMap":{},"s":{"0":3},"f":{},"b":{},"_coverageSchema":"1a1c01bbd47fc00a2c39e90264f33305004495a9","hash":"29e7f7e9f72696269e68c0e7f33a538a2f4aa593"}
,"D:\\bkdocs-frontend\\utils\\docInterface.ts": {"path":"D:\\bkdocs-frontend\\utils\\docInterface.ts","statementMap":{},"fnMap":{},"branchMap":{},"s":{},"f":{},"b":{}}
,"D:\\bkdocs-frontend\\utils\\downloadDocStorage.ts": {"path":"D:\\bkdocs-frontend\\utils\\downloadDocStorage.ts","statementMap":{"0":{"start":{"line":3,"column":28},"end":{"line":3,"column":45}},"1":{"start":{"line":5,"column":37},"end":{"line":45,"column":1}},"2":{"start":{"line":7,"column":4},"end":{"line":13,"column":5}},"3":{"start":{"line":8,"column":19},"end":{"line":8,"column":66}},"4":{"start":{"line":9,"column":6},"end":{"line":9,"column":42}},"5":{"start":{"line":11,"column":6},"end":{"line":11,"column":61}},"6":{"start":{"line":12,"column":6},"end":{"line":12,"column":16}},"7":{"start":{"line":17,"column":4},"end":{"line":25,"column":5}},"8":{"start":{"line":18,"column":18},"end":{"line":18,"column":50}},"9":{"start":{"line":19,"column":6},"end":{"line":22,"column":7}},"10":{"start":{"line":20,"column":8},"end":{"line":20,"column":27}},"11":{"start":{"line":21,"column":8},"end":{"line":21,"column":77}},"12":{"start":{"line":24,"column":6},"end":{"line":24,"column":59}},"13":{"start":{"line":29,"column":4},"end":{"line":35,"column":5}},"14":{"start":{"line":30,"column":18},"end":{"line":30,"column":50}},"15":{"start":{"line":31,"column":23},"end":{"line":31,"column":53}},"16":{"start":{"line":31,"column":40},"end":{"line":31,"column":52}},"17":{"start":{"line":32,"column":6},"end":{"line":32,"column":80}},"18":{"start":{"line":34,"column":6},"end":{"line":34,"column":61}},"19":{"start":{"line":39,"column":4},"end":{"line":43,"column":5}},"20":{"start":{"line":40,"column":6},"end":{"line":40,"column":57}},"21":{"start":{"line":42,"column":6},"end":{"line":42,"column":62}}},"fnMap":{"0":{"name":"(anonymous_0)","decl":{"start":{"line":6,"column":2},"end":{"line":6,"column":3}},"loc":{"start":{"line":6,"column":49},"end":{"line":14,"column":3}},"line":6},"1":{"name":"(anonymous_1)","decl":{"start":{"line":16,"column":2},"end":{"line":16,"column":3}},"loc":{"start":{"line":16,"column":55},"end":{"line":26,"column":3}},"line":16},"2":{"name":"(anonymous_2)","decl":{"start":{"line":28,"column":2},"end":{"line":28,"column":3}},"loc":{"start":{"line":28,"column":58},"end":{"line":36,"column":3}},"line":28},"3":{"name":"(anonymous_3)","decl":{"start":{"line":31,"column":34},"end":{"line":31,"column":35}},"loc":{"start":{"line":31,"column":40},"end":{"line":31,"column":52}},"line":31},"4":{"name":"(anonymous_4)","decl":{"start":{"line":38,"column":2},"end":{"line":38,"column":3}},"loc":{"start":{"line":38,"column":45},"end":{"line":44,"column":3}},"line":38}},"branchMap":{"0":{"loc":{"start":{"line":9,"column":13},"end":{"line":9,"column":41}},"type":"cond-expr","locations":[{"start":{"line":9,"column":20},"end":{"line":9,"column":36}},{"start":{"line":9,"column":39},"end":{"line":9,"column":41}}],"line":9},"1":{"loc":{"start":{"line":19,"column":6},"end":{"line":22,"column":7}},"type":"if","locations":[{"start":{"line":19,"column":6},"end":{"line":22,"column":7}},{"start":{},"end":{}}],"line":19}},"s":{"0":1,"1":1,"2":27,"3":27,"4":24,"5":3,"6":3,"7":11,"8":11,"9":11,"10":9,"11":9,"12":1,"13":8,"14":8,"15":8,"16":13,"17":8,"18":0,"19":3,"20":3,"21":1},"f":{"0":27,"1":11,"2":8,"3":13,"4":3},"b":{"0":[18,6],"1":[9,2]},"_coverageSchema":"1a1c01bbd47fc00a2c39e90264f33305004495a9","hash":"f808a79dbc10305c2b1bd990b68983ffaddaa89b"}
,"D:\\bkdocs-frontend\\utils\\fonts.ts": {"path":"D:\\bkdocs-frontend\\utils\\fonts.ts","statementMap":{"0":{"start":{"line":3,"column":26},"end":{"line":8,"column":1}},"1":{"start":{"line":10,"column":27},"end":{"line":13,"column":1}},"2":{"start":{"line":11,"column":24},"end":{"line":11,"column":44}},"3":{"start":{"line":12,"column":2},"end":{"line":12,"column":21}},"4":{"start":{"line":15,"column":26},"end":{"line":17,"column":10}}},"fnMap":{"0":{"name":"(anonymous_0)","decl":{"start":{"line":10,"column":27},"end":{"line":10,"column":28}},"loc":{"start":{"line":10,"column":33},"end":{"line":13,"column":1}},"line":10}},"branchMap":{},"s":{"0":0,"1":0,"2":0,"3":0,"4":0},"f":{"0":0},"b":{}}
,"D:\\bkdocs-frontend\\utils\\functions.ts": {"path":"D:\\bkdocs-frontend\\utils\\functions.ts","statementMap":{"0":{"start":{"line":1,"column":33},"end":{"line":20,"column":1}},"1":{"start":{"line":2,"column":2},"end":{"line":2,"column":64}},"2":{"start":{"line":2,"column":11},"end":{"line":2,"column":64}},"3":{"start":{"line":4,"column":13},"end":{"line":4,"column":14}},"4":{"start":{"line":5,"column":2},"end":{"line":8,"column":3}},"5":{"start":{"line":5,"column":15},"end":{"line":5,"column":16}},"6":{"start":{"line":6,"column":4},"end":{"line":6,"column":49}},"7":{"start":{"line":7,"column":4},"end":{"line":7,"column":14}},"8":{"start":{"line":10,"column":23},"end":{"line":10,"column":53}},"9":{"start":{"line":12,"column":43},"end":{"line":17,"column":3}},"10":{"start":{"line":19,"column":2},"end":{"line":19,"column":35}},"11":{"start":{"line":22,"column":23},"end":{"line":28,"column":1}},"12":{"start":{"line":23,"column":2},"end":{"line":27,"column":5}},"13":{"start":{"line":30,"column":32},"end":{"line":35,"column":23}},"14":{"start":{"line":31,"column":2},"end":{"line":35,"column":23}}},"fnMap":{"0":{"name":"(anonymous_0)","decl":{"start":{"line":1,"column":33},"end":{"line":1,"column":34}},"loc":{"start":{"line":1,"column":49},"end":{"line":20,"column":1}},"line":1},"1":{"name":"(anonymous_1)","decl":{"start":{"line":22,"column":23},"end":{"line":22,"column":24}},"loc":{"start":{"line":22,"column":41},"end":{"line":28,"column":1}},"line":22},"2":{"name":"(anonymous_2)","decl":{"start":{"line":30,"column":32},"end":{"line":30,"column":33}},"loc":{"start":{"line":31,"column":2},"end":{"line":35,"column":23}},"line":31}},"branchMap":{"0":{"loc":{"start":{"line":2,"column":2},"end":{"line":2,"column":64}},"type":"if","locations":[{"start":{"line":2,"column":2},"end":{"line":2,"column":64}},{"start":{},"end":{}}],"line":2}},"s":{"0":1,"1":15,"2":1,"3":14,"4":14,"5":14,"6":1067,"7":1067,"8":14,"9":14,"10":14,"11":1,"12":6,"13":1,"14":27},"f":{"0":15,"1":6,"2":27},"b":{"0":[1,14]},"_coverageSchema":"1a1c01bbd47fc00a2c39e90264f33305004495a9","hash":"39ca04126aba2598f70a5a1c262c63774c7bc96c"}
,"D:\\bkdocs-frontend\\utils\\notiInterface.ts": {"path":"D:\\bkdocs-frontend\\utils\\notiInterface.ts","statementMap":{},"fnMap":{},"branchMap":{},"s":{},"f":{},"b":{}}
,"D:\\bkdocs-frontend\\utils\\routes.ts": {"path":"D:\\bkdocs-frontend\\utils\\routes.ts","statementMap":{"0":{"start":{"line":1,"column":22},"end":{"line":32,"column":10}}},"fnMap":{},"branchMap":{},"s":{"0":15},"f":{},"b":{},"_coverageSchema":"1a1c01bbd47fc00a2c39e90264f33305004495a9","hash":"4a0ec4256a13fa63c0523a8c98711c43f4f92946"}
,"D:\\bkdocs-frontend\\utils\\theme.ts": {"path":"D:\\bkdocs-frontend\\utils\\theme.ts","statementMap":{"0":{"start":{"line":8,"column":23},"end":{"line":8,"column":32}},"1":{"start":{"line":9,"column":22},"end":{"line":9,"column":28}},"2":{"start":{"line":11,"column":22},"end":{"line":28,"column":1}},"3":{"start":{"line":30,"column":21},"end":{"line":50,"column":2}}},"fnMap":{},"branchMap":{},"s":{"0":2,"1":2,"2":2,"3":2},"f":{},"b":{},"_coverageSchema":"1a1c01bbd47fc00a2c39e90264f33305004495a9","hash":"6a9858b298946c52e73c21899528fc0a1290abb4"}
}
