TN:
SF:app.config.js
FNF:0
FNH:0
LF:0
LH:0
BRDA:30,0,0,0
BRDA:30,0,1,0
BRF:2
BRH:0
end_of_record
TN:
SF:babel.config.js
FN:1,(anonymous_0)
FNF:1
FNH:0
FNDA:0,(anonymous_0)
DA:1,0
DA:2,0
DA:3,0
LF:3
LH:0
BRF:0
BRH:0
end_of_record
TN:
SF:eslint.config.js
FNF:0
FNH:0
DA:2,0
DA:3,0
DA:5,0
LF:3
LH:0
BRF:0
BRH:0
end_of_record
TN:
SF:expo-env.d.ts
FNF:0
FNH:0
LF:0
LH:0
BRF:0
BRH:0
end_of_record
TN:
SF:metro.config.js
FNF:0
FNH:0
DA:1,0
DA:2,0
DA:6,0
DA:8,0
DA:10,0
LF:5
LH:0
BRF:0
BRH:0
end_of_record
TN:
SF:nativewind-env.d.ts
FNF:0
FNH:0
LF:0
LH:0
BRF:0
BRH:0
end_of_record
TN:
SF:tailwind.config.js
FNF:0
FNH:0
DA:2,0
LF:1
LH:0
BRF:0
BRH:0
end_of_record
TN:
SF:.expo\types\router.d.ts
FNF:0
FNH:0
LF:0
LH:0
BRF:0
BRH:0
end_of_record
TN:
SF:api\apiClient.ts
FN:19,(anonymous_0)
FN:23,(anonymous_1)
FN:28,(anonymous_2)
FN:46,(anonymous_3)
FN:50,(anonymous_4)
FN:51,(anonymous_5)
FN:92,(anonymous_6)
FNF:7
FNH:6
FNDA:20,(anonymous_0)
FNDA:19,(anonymous_1)
FNDA:3,(anonymous_2)
FNDA:1,(anonymous_3)
FNDA:1,(anonymous_4)
FNDA:6,(anonymous_5)
FNDA:0,(anonymous_6)
DA:9,2
DA:16,2
DA:17,2
DA:19,2
DA:20,20
DA:23,2
DA:24,19
DA:27,2
DA:29,3
DA:31,3
DA:36,3
DA:37,0
DA:40,3
DA:41,3
DA:42,1
DA:44,3
DA:46,1
DA:49,2
DA:50,1
DA:52,6
DA:54,6
DA:56,2
DA:58,2
DA:63,2
DA:64,1
DA:65,1
DA:66,1
DA:67,1
DA:70,1
DA:71,1
DA:72,1
DA:73,1
DA:79,4
DA:80,4
DA:82,4
DA:84,4
DA:85,2
DA:86,2
DA:87,2
DA:92,2
DA:93,0
DA:98,6
LF:42
LH:40
BRDA:29,0,0,3
BRDA:29,0,1,0
BRDA:31,1,0,3
BRDA:31,1,1,2
BRDA:31,1,2,2
BRDA:31,1,3,2
BRDA:36,2,0,0
BRDA:36,2,1,3
BRDA:36,3,0,3
BRDA:36,3,1,0
BRDA:41,4,0,1
BRDA:41,4,1,2
BRDA:41,5,0,3
BRDA:41,5,1,2
BRDA:41,5,2,2
BRDA:54,6,0,2
BRDA:54,6,1,4
BRDA:56,7,0,2
BRDA:56,7,1,0
BRDA:58,8,0,2
BRDA:58,8,1,1
BRDA:58,8,2,1
BRDA:58,8,3,1
BRDA:63,9,0,1
BRDA:63,9,1,1
BRDA:63,10,0,2
BRDA:63,10,1,1
BRDA:70,11,0,1
BRDA:70,11,1,0
BRDA:79,12,0,4
BRDA:79,12,1,3
BRDA:84,13,0,2
BRDA:84,13,1,2
BRDA:84,14,0,4
BRDA:84,14,1,2
BRDA:84,14,2,3
BRDA:84,14,3,2
BRF:37
BRH:32
end_of_record
TN:
SF:api\apiRoutes.ts
FN:18,(anonymous_0)
FN:19,(anonymous_1)
FN:23,(anonymous_2)
FN:24,(anonymous_3)
FN:34,(anonymous_4)
FN:40,(anonymous_5)
FN:48,(anonymous_6)
FN:50,(anonymous_7)
FNF:8
FNH:6
FNDA:54,(anonymous_0)
FNDA:8,(anonymous_1)
FNDA:48,(anonymous_2)
FNDA:0,(anonymous_3)
FNDA:0,(anonymous_4)
FNDA:3,(anonymous_5)
FNDA:7,(anonymous_6)
FNDA:8,(anonymous_7)
DA:1,20
DA:2,20
DA:3,20
DA:4,20
DA:5,20
DA:6,20
DA:9,20
DA:10,20
DA:11,20
DA:12,20
DA:13,20
DA:14,20
DA:15,20
DA:16,20
DA:17,20
DA:18,54
DA:19,20
DA:22,20
DA:23,48
DA:24,20
DA:25,20
DA:28,20
DA:29,20
DA:30,20
DA:31,20
DA:32,20
DA:33,20
DA:34,20
DA:37,20
DA:38,20
DA:39,20
DA:40,20
DA:41,20
DA:42,20
DA:43,20
DA:46,20
DA:47,20
DA:48,20
DA:49,20
DA:50,20
DA:53,20
DA:54,20
LF:42
LH:42
BRF:0
BRH:0
end_of_record
TN:
SF:app\_layout.tsx
FN:50,RootLayout
FN:58,(anonymous_1)
FN:64,(anonymous_2)
FN:82,(anonymous_3)
FN:91,(anonymous_4)
FN:92,(anonymous_5)
FN:97,(anonymous_6)
FN:137,(anonymous_7)
FNF:8
FNH:6
FNDA:8,RootLayout
FNDA:8,(anonymous_1)
FNDA:8,(anonymous_2)
FNDA:8,(anonymous_3)
FNDA:8,(anonymous_4)
FNDA:0,(anonymous_5)
FNDA:8,(anonymous_6)
FNDA:0,(anonymous_7)
DA:23,1
DA:48,1
DA:51,8
DA:52,8
DA:53,8
DA:54,8
DA:55,8
DA:58,8
DA:59,8
DA:60,8
DA:64,8
DA:65,8
DA:67,8
DA:70,8
DA:71,0
DA:72,0
DA:76,8
DA:77,8
DA:79,8
DA:82,8
DA:83,8
DA:84,8
DA:85,8
DA:91,8
DA:92,8
DA:93,0
DA:94,0
DA:97,8
DA:100,8
DA:101,2
DA:106,6
DA:137,0
DA:161,6
LF:33
LH:28
BRDA:24,0,0,1
BRDA:24,0,1,1
BRDA:27,1,0,1
BRDA:27,1,1,0
BRDA:65,2,0,0
BRDA:65,2,1,8
BRDA:67,3,0,8
BRDA:67,3,1,8
BRDA:70,4,0,0
BRDA:70,4,1,8
BRDA:71,5,0,0
BRDA:71,5,1,0
BRDA:83,6,0,8
BRDA:83,6,1,0
BRDA:84,7,0,8
BRDA:84,7,1,8
BRDA:93,8,0,0
BRDA:93,8,1,0
BRDA:100,9,0,2
BRDA:100,9,1,6
BRDA:100,10,0,8
BRDA:100,10,1,7
BRDA:166,11,0,1
BRDA:166,11,1,5
BRF:24
BRH:16
end_of_record
TN:
SF:app\index.tsx
FN:10,Index
FN:14,(anonymous_1)
FN:15,(anonymous_2)
FNF:3
FNH:0
FNDA:0,Index
FNDA:0,(anonymous_1)
FNDA:0,(anonymous_2)
DA:8,0
DA:11,0
DA:12,0
DA:14,0
DA:15,0
DA:16,0
DA:17,0
DA:18,0
DA:20,0
DA:21,0
DA:24,0
DA:27,0
DA:28,0
DA:32,0
DA:33,0
DA:37,0
DA:38,0
DA:42,0
LF:18
LH:0
BRDA:27,0,0,0
BRDA:27,0,1,0
BRDA:27,1,0,0
BRDA:27,1,1,0
BRDA:32,2,0,0
BRDA:32,2,1,0
BRDA:37,3,0,0
BRDA:37,3,1,0
BRF:8
BRH:0
end_of_record
TN:
SF:app\server-error.tsx
FN:9,ServerErrorScreen
FN:14,(anonymous_1)
FN:28,(anonymous_2)
FNF:3
FNH:0
FNDA:0,ServerErrorScreen
FNDA:0,(anonymous_1)
FNDA:0,(anonymous_2)
DA:10,0
DA:11,0
DA:12,0
DA:14,0
DA:15,0
DA:16,0
DA:17,0
DA:19,0
DA:21,0
DA:24,0
DA:28,0
DA:29,0
DA:30,0
DA:34,0
DA:38,0
LF:15
LH:0
BRF:0
BRH:0
end_of_record
TN:
SF:app\(app)\_layout.tsx
FN:4,AppLayout
FNF:1
FNH:0
FNDA:0,AppLayout
DA:5,0
LF:1
LH:0
BRF:0
BRH:0
end_of_record
TN:
SF:app\(app)\(tabs)\_layout.tsx
FN:11,TabsLayout
FN:16,(anonymous_1)
FN:94,(anonymous_2)
FN:103,(anonymous_3)
FN:112,(anonymous_4)
FN:117,(anonymous_5)
FN:127,(anonymous_6)
FN:136,(anonymous_7)
FNF:8
FNH:3
FNDA:8,TabsLayout
FNDA:4,(anonymous_1)
FNDA:0,(anonymous_2)
FNDA:0,(anonymous_3)
FNDA:0,(anonymous_4)
FNDA:4,(anonymous_5)
FNDA:0,(anonymous_6)
FNDA:0,(anonymous_7)
DA:12,8
DA:13,8
DA:14,8
DA:16,8
DA:18,4
DA:19,4
DA:21,4
DA:25,4
DA:26,3
DA:27,3
DA:29,3
DA:31,3
DA:32,2
DA:33,2
DA:34,2
DA:35,2
DA:37,2
DA:38,2
DA:40,1
DA:41,1
DA:43,1
DA:44,1
DA:45,1
DA:49,2
DA:55,2
DA:56,2
DA:60,8
DA:95,0
DA:104,0
DA:113,0
DA:118,4
DA:119,4
DA:128,0
DA:137,0
LF:34
LH:29
BRDA:13,0,0,1
BRDA:13,0,1,7
BRDA:25,1,0,3
BRDA:25,1,1,1
BRDA:25,2,0,4
BRDA:25,2,1,3
BRDA:31,3,0,2
BRDA:31,3,1,1
BRDA:31,4,0,3
BRDA:31,4,1,2
BRDA:33,5,0,2
BRDA:33,5,1,0
BRDA:51,6,0,2
BRDA:51,6,1,0
BRDA:52,7,0,2
BRDA:52,7,1,0
BRDA:80,8,0,1
BRDA:80,8,1,7
BRDA:83,9,0,8
BRDA:83,9,1,1
BRDA:95,10,0,0
BRDA:95,10,1,0
BRDA:104,11,0,0
BRDA:104,11,1,0
BRDA:113,12,0,0
BRDA:113,12,1,0
BRDA:128,13,0,0
BRDA:128,13,1,0
BRDA:137,14,0,0
BRDA:137,14,1,0
BRF:30
BRH:17
end_of_record
TN:
SF:app\(app)\(tabs)\home\_layout.tsx
FN:4,HomeLayout
FNF:1
FNH:0
FNDA:0,HomeLayout
DA:5,0
LF:1
LH:0
BRF:0
BRH:0
end_of_record
TN:
SF:app\(app)\(tabs)\home\index.tsx
FN:55,Card
FN:75,FacultySection
FN:84,(anonymous_2)
FN:87,(anonymous_3)
FN:93,(anonymous_4)
FN:103,(anonymous_5)
FN:103,(anonymous_6)
FN:134,(anonymous_7)
FN:152,HomeScreen
FN:174,(anonymous_9)
FN:175,(anonymous_10)
FN:193,(anonymous_11)
FN:222,(anonymous_12)
FN:230,(anonymous_13)
FN:251,(anonymous_14)
FN:256,(anonymous_15)
FN:260,(anonymous_16)
FN:265,(anonymous_17)
FN:280,(anonymous_18)
FN:324,(anonymous_19)
FN:336,(anonymous_20)
FN:346,(anonymous_21)
FN:356,(anonymous_22)
FN:371,(anonymous_23)
FN:384,(anonymous_24)
FN:419,(anonymous_25)
FN:443,(anonymous_26)
FNF:27
FNH:23
FNDA:1,Card
FNDA:69,FacultySection
FNDA:2,(anonymous_2)
FNDA:0,(anonymous_3)
FNDA:0,(anonymous_4)
FNDA:66,(anonymous_5)
FNDA:96,(anonymous_6)
FNDA:84,(anonymous_7)
FNDA:69,HomeScreen
FNDA:23,(anonymous_9)
FNDA:23,(anonymous_10)
FNDA:23,(anonymous_11)
FNDA:0,(anonymous_12)
FNDA:0,(anonymous_13)
FNDA:23,(anonymous_14)
FNDA:23,(anonymous_15)
FNDA:23,(anonymous_16)
FNDA:22,(anonymous_17)
FNDA:23,(anonymous_18)
FNDA:1,(anonymous_19)
FNDA:1,(anonymous_20)
FNDA:1,(anonymous_21)
FNDA:1,(anonymous_22)
FNDA:1,(anonymous_23)
FNDA:1,(anonymous_24)
FNDA:23,(anonymous_25)
FNDA:69,(anonymous_26)
DA:20,1
DA:56,1
DA:58,1
DA:76,69
DA:78,69
DA:79,69
DA:81,69
DA:82,69
DA:84,69
DA:85,2
DA:86,1
DA:88,0
DA:92,1
DA:94,0
DA:102,69
DA:103,96
DA:107,69
DA:108,6
DA:111,63
DA:135,84
DA:154,69
DA:155,69
DA:156,69
DA:158,69
DA:159,69
DA:160,69
DA:161,69
DA:163,69
DA:164,69
DA:166,69
DA:167,69
DA:169,69
DA:170,69
DA:173,69
DA:175,23
DA:176,23
DA:177,23
DA:178,23
DA:180,23
DA:182,23
DA:183,23
DA:187,23
DA:188,0
DA:189,0
DA:190,0
DA:193,23
DA:203,23
DA:206,0
DA:207,0
DA:209,23
DA:213,23
DA:217,69
DA:218,69
DA:219,69
DA:220,69
DA:222,69
DA:223,0
DA:230,69
DA:233,0
DA:234,0
DA:235,0
DA:236,0
DA:241,0
DA:243,0
DA:250,69
DA:252,23
DA:254,23
DA:256,23
DA:257,23
DA:258,23
DA:259,23
DA:261,23
DA:262,23
DA:264,23
DA:265,22
DA:268,23
DA:272,23
DA:273,23
DA:276,23
DA:280,23
DA:281,23
DA:286,69
DA:324,1
DA:336,1
DA:346,1
DA:356,1
DA:371,1
DA:384,1
DA:420,23
DA:444,69
LF:90
LH:76
BRDA:82,0,0,69
BRDA:82,0,1,66
BRDA:85,1,0,1
BRDA:85,1,1,1
BRDA:102,2,0,69
BRDA:102,2,1,3
BRDA:103,3,0,66
BRDA:103,3,1,0
BRDA:107,4,0,6
BRDA:107,4,1,63
BRDA:119,5,0,63
BRDA:119,5,1,0
BRDA:122,6,0,63
BRDA:122,6,1,63
BRDA:123,7,0,3
BRDA:123,7,1,60
BRDA:126,8,0,3
BRDA:126,8,1,57
BRDA:127,9,0,3
BRDA:127,9,1,57
BRDA:142,10,0,84
BRDA:142,10,1,84
BRDA:142,10,2,84
BRDA:143,11,0,84
BRDA:143,11,1,84
BRDA:144,12,0,84
BRDA:144,12,1,0
BRDA:144,12,2,0
BRDA:164,13,0,69
BRDA:164,13,1,0
BRDA:183,14,0,22
BRDA:183,14,1,1
BRDA:185,15,0,1
BRDA:185,15,1,0
BRDA:187,16,0,0
BRDA:187,16,1,23
BRDA:252,17,0,0
BRDA:252,17,1,23
BRDA:260,18,0,23
BRDA:260,18,1,0
BRDA:264,19,0,23
BRDA:264,19,1,0
BRDA:265,20,0,22
BRDA:265,20,1,0
BRDA:272,21,0,23
BRDA:272,21,1,0
BRDA:276,22,0,23
BRDA:276,22,1,0
BRDA:294,23,0,3
BRDA:294,23,1,66
BRDA:306,24,0,3
BRDA:306,24,1,66
BRDA:308,25,0,66
BRDA:308,25,1,0
BRDA:365,26,0,69
BRDA:365,26,1,9
BRDA:378,27,0,9
BRDA:378,27,1,0
BRDA:391,28,0,9
BRDA:391,28,1,0
BRF:60
BRH:44
end_of_record
TN:
SF:app\(app)\(tabs)\home\profile\[id]\index.tsx
FN:10,ProfileScreen
FN:22,(anonymous_1)
FN:37,(anonymous_2)
FN:111,(anonymous_3)
FN:115,(anonymous_4)
FNF:5
FNH:0
FNDA:0,ProfileScreen
FNDA:0,(anonymous_1)
FNDA:0,(anonymous_2)
FNDA:0,(anonymous_3)
FNDA:0,(anonymous_4)
DA:11,0
DA:12,0
DA:13,0
DA:14,0
DA:16,0
DA:18,0
DA:22,0
DA:37,0
DA:113,0
DA:115,0
LF:10
LH:0
BRDA:12,0,0,0
BRDA:12,0,1,0
BRDA:12,1,0,0
BRDA:12,1,1,0
BRF:4
BRH:0
end_of_record
TN:
SF:app\(app)\(tabs)\notification\index.tsx
FN:56,NotificationPage
FN:64,(anonymous_1)
FN:100,(anonymous_2)
FN:103,(anonymous_3)
FN:107,(anonymous_4)
FN:108,(anonymous_5)
FN:111,(anonymous_6)
FN:116,(anonymous_7)
FN:117,(anonymous_8)
FN:128,(anonymous_9)
FN:172,(anonymous_10)
FN:185,(anonymous_11)
FN:189,(anonymous_12)
FNF:13
FNH:0
FNDA:0,NotificationPage
FNDA:0,(anonymous_1)
FNDA:0,(anonymous_2)
FNDA:0,(anonymous_3)
FNDA:0,(anonymous_4)
FNDA:0,(anonymous_5)
FNDA:0,(anonymous_6)
FNDA:0,(anonymous_7)
FNDA:0,(anonymous_8)
FNDA:0,(anonymous_9)
FNDA:0,(anonymous_10)
FNDA:0,(anonymous_11)
FNDA:0,(anonymous_12)
DA:13,0
DA:57,0
DA:58,0
DA:59,0
DA:60,0
DA:61,0
DA:62,0
DA:64,0
DA:65,0
DA:66,0
DA:68,0
DA:74,0
DA:78,0
DA:79,0
DA:81,0
DA:84,0
DA:86,0
DA:87,0
DA:89,0
DA:91,0
DA:92,0
DA:93,0
DA:95,0
DA:99,0
DA:101,0
DA:102,0
DA:103,0
DA:107,0
DA:108,0
DA:111,0
DA:112,0
DA:113,0
DA:116,0
DA:117,0
DA:118,0
DA:124,0
DA:128,0
DA:129,0
DA:130,0
DA:131,0
DA:132,0
DA:133,0
DA:134,0
DA:135,0
DA:137,0
DA:138,0
DA:139,0
DA:140,0
DA:142,0
DA:148,0
DA:152,0
DA:172,0
DA:186,0
DA:190,0
DA:191,0
DA:194,0
DA:195,0
LF:57
LH:0
BRDA:84,0,0,0
BRDA:84,0,1,0
BRDA:86,1,0,0
BRDA:86,1,1,0
BRDA:89,2,0,0
BRDA:89,2,1,0
BRDA:118,3,0,0
BRDA:118,3,1,0
BRDA:137,4,0,0
BRDA:137,4,1,0
BRDA:138,5,0,0
BRDA:138,5,1,0
BRDA:139,6,0,0
BRDA:139,6,1,0
BRDA:140,7,0,0
BRDA:140,7,1,0
BRDA:185,8,0,0
BRDA:185,8,1,0
BRDA:188,9,0,0
BRDA:188,9,1,0
BRDA:190,10,0,0
BRDA:190,10,1,0
BRDA:194,11,0,0
BRDA:194,11,1,0
BRDA:203,12,0,0
BRDA:203,12,1,0
BRDA:207,13,0,0
BRDA:207,13,1,0
BRDA:211,14,0,0
BRDA:211,14,1,0
BRDA:221,15,0,0
BRDA:221,15,1,0
BRF:32
BRH:0
end_of_record
TN:
SF:app\(app)\(tabs)\profile\_layout.tsx
FN:4,ProfileLayout
FNF:1
FNH:0
FNDA:0,ProfileLayout
DA:5,0
LF:1
LH:0
BRF:0
BRH:0
end_of_record
TN:
SF:app\(app)\(tabs)\profile\edit.tsx
FN:3,EditProfilePage
FNF:1
FNH:1
FNDA:6,EditProfilePage
DA:4,6
LF:1
LH:1
BRF:0
BRH:0
end_of_record
TN:
SF:app\(app)\(tabs)\profile\following.tsx
FN:4,FollowingTabScreen
FN:5,(anonymous_1)
FNF:2
FNH:0
FNDA:0,FollowingTabScreen
FNDA:0,(anonymous_1)
DA:5,0
LF:1
LH:0
BRF:0
BRH:0
end_of_record
TN:
SF:app\(app)\(tabs)\profile\index.tsx
FN:3,ProfilePage
FNF:1
FNH:0
FNDA:0,ProfilePage
DA:4,0
LF:1
LH:0
BRF:0
BRH:0
end_of_record
TN:
SF:app\(app)\(tabs)\profile\me.tsx
FNF:0
FNH:0
LF:0
LH:0
BRF:0
BRH:0
end_of_record
TN:
SF:app\(app)\(tabs)\search\_layout.tsx
FN:4,SearchTabLayout
FNF:1
FNH:0
FNDA:0,SearchTabLayout
DA:5,0
LF:1
LH:0
BRF:0
BRH:0
end_of_record
TN:
SF:app\(app)\(tabs)\search\index.tsx
FN:3,SearchPage
FNF:1
FNH:0
FNDA:0,SearchPage
DA:4,0
LF:1
LH:0
BRF:0
BRH:0
end_of_record
TN:
SF:app\(app)\(tabs)\search\result.tsx
FN:3,SearchResultPage
FNF:1
FNH:0
FNDA:0,SearchResultPage
DA:4,0
LF:1
LH:0
BRF:0
BRH:0
end_of_record
TN:
SF:app\(app)\(tabs)\upload\index.tsx
FN:4,UploadPage
FNF:1
FNH:1
FNDA:2,UploadPage
DA:6,2
LF:1
LH:1
BRF:0
BRH:0
end_of_record
TN:
SF:app\(app)\admin\document-management\index.tsx
FN:11,DocumentManagementScreen
FN:16,(anonymous_1)
FN:30,(anonymous_2)
FNF:3
FNH:0
FNDA:0,DocumentManagementScreen
FNDA:0,(anonymous_1)
FNDA:0,(anonymous_2)
DA:12,0
DA:13,0
DA:14,0
DA:16,0
DA:17,0
DA:18,0
DA:22,0
DA:23,0
DA:26,0
DA:30,0
LF:10
LH:0
BRDA:17,0,0,0
BRDA:17,0,1,0
BRDA:22,1,0,0
BRDA:22,1,1,0
BRF:4
BRH:0
end_of_record
TN:
SF:app\(app)\admin\member-management\index.tsx
FN:11,MemberManagementScreen
FN:16,(anonymous_1)
FN:30,(anonymous_2)
FNF:3
FNH:0
FNDA:0,MemberManagementScreen
FNDA:0,(anonymous_1)
FNDA:0,(anonymous_2)
DA:12,0
DA:13,0
DA:14,0
DA:16,0
DA:17,0
DA:18,0
DA:22,0
DA:23,0
DA:26,0
DA:30,0
LF:10
LH:0
BRDA:17,0,0,0
BRDA:17,0,1,0
BRDA:22,1,0,0
BRDA:22,1,1,0
BRF:4
BRH:0
end_of_record
TN:
SF:app\(app)\all-comment\index.tsx
FN:65,AllComment
FN:79,(anonymous_1)
FN:84,(anonymous_2)
FN:104,(anonymous_3)
FN:127,(anonymous_4)
FN:137,(anonymous_5)
FN:150,(anonymous_6)
FN:159,(anonymous_7)
FN:183,(anonymous_8)
FN:192,(anonymous_9)
FNF:10
FNH:0
FNDA:0,AllComment
FNDA:0,(anonymous_1)
FNDA:0,(anonymous_2)
FNDA:0,(anonymous_3)
FNDA:0,(anonymous_4)
FNDA:0,(anonymous_5)
FNDA:0,(anonymous_6)
FNDA:0,(anonymous_7)
FNDA:0,(anonymous_8)
FNDA:0,(anonymous_9)
DA:28,0
DA:66,0
DA:67,0
DA:69,0
DA:70,0
DA:72,0
DA:73,0
DA:74,0
DA:75,0
DA:76,0
DA:77,0
DA:79,0
DA:80,0
DA:82,0
DA:83,0
DA:85,0
DA:86,0
DA:87,0
DA:88,0
DA:89,0
DA:90,0
DA:91,0
DA:92,0
DA:93,0
DA:96,0
DA:99,0
DA:104,0
DA:105,0
DA:108,0
DA:127,0
DA:138,0
DA:151,0
DA:159,0
DA:183,0
DA:192,0
LF:35
LH:0
BRDA:70,0,0,0
BRDA:70,0,1,0
BRDA:80,1,0,0
BRDA:80,1,1,0
BRDA:91,2,0,0
BRDA:91,2,1,0
BRDA:92,3,0,0
BRDA:92,3,1,0
BRDA:93,4,0,0
BRDA:93,4,1,0
BRDA:99,5,0,0
BRDA:99,5,1,0
BRDA:158,6,0,0
BRDA:158,6,1,0
BRDA:206,7,0,0
BRDA:206,7,1,0
BRF:16
BRH:0
end_of_record
TN:
SF:app\(app)\chatbot\index.tsx
FN:26,ChatbotScreen
FN:37,(anonymous_1)
FN:49,(anonymous_2)
FN:50,(anonymous_3)
FN:55,(anonymous_4)
FN:75,(anonymous_5)
FN:82,(anonymous_6)
FN:97,(anonymous_7)
FN:108,(anonymous_8)
FN:120,(anonymous_9)
FN:126,(anonymous_10)
FN:130,(anonymous_11)
FN:137,(anonymous_12)
FN:153,(anonymous_13)
FN:173,(anonymous_14)
FN:253,(anonymous_15)
FN:259,(anonymous_16)
FN:274,(anonymous_17)
FN:296,(anonymous_18)
FN:299,(anonymous_19)
FN:324,(anonymous_20)
FN:350,(anonymous_21)
FNF:22
FNH:18
FNDA:83,ChatbotScreen
FNDA:25,(anonymous_1)
FNDA:64,(anonymous_2)
FNDA:61,(anonymous_3)
FNDA:17,(anonymous_4)
FNDA:6,(anonymous_5)
FNDA:4,(anonymous_6)
FNDA:9,(anonymous_7)
FNDA:3,(anonymous_8)
FNDA:1,(anonymous_9)
FNDA:2,(anonymous_10)
FNDA:1,(anonymous_11)
FNDA:0,(anonymous_12)
FNDA:0,(anonymous_13)
FNDA:95,(anonymous_14)
FNDA:2,(anonymous_15)
FNDA:1,(anonymous_16)
FNDA:0,(anonymous_17)
FNDA:4,(anonymous_18)
FNDA:1,(anonymous_19)
FNDA:0,(anonymous_20)
FNDA:95,(anonymous_21)
DA:27,83
DA:28,83
DA:29,83
DA:30,83
DA:31,83
DA:32,83
DA:33,83
DA:35,83
DA:37,83
DA:38,25
DA:40,24
DA:41,24
DA:45,24
DA:49,83
DA:50,64
DA:51,61
DA:55,83
DA:56,17
DA:58,15
DA:64,15
DA:65,15
DA:66,15
DA:67,15
DA:71,15
DA:72,15
DA:77,6
DA:78,2
DA:80,4
DA:82,4
DA:88,15
DA:91,15
DA:99,9
DA:101,9
DA:106,9
DA:110,3
DA:114,3
DA:120,83
DA:121,1
DA:124,83
DA:126,83
DA:127,2
DA:130,83
DA:131,1
DA:137,83
DA:138,0
DA:139,0
DA:140,0
DA:142,0
DA:144,0
DA:145,0
DA:146,0
DA:149,0
DA:150,0
DA:153,0
DA:163,0
DA:166,0
DA:167,0
DA:170,0
DA:173,83
DA:174,95
DA:176,95
DA:254,2
DA:255,2
DA:256,2
DA:259,1
DA:272,0
DA:275,0
DA:276,0
DA:277,0
DA:283,0
DA:297,4
DA:299,1
DA:314,83
DA:324,0
DA:350,95
LF:75
LH:55
BRDA:38,0,0,24
BRDA:38,0,1,1
BRDA:38,1,0,25
BRDA:38,1,1,24
BRDA:56,2,0,2
BRDA:56,2,1,15
BRDA:56,3,0,17
BRDA:56,3,1,16
BRDA:71,4,0,15
BRDA:71,4,1,13
BRDA:72,5,0,13
BRDA:72,5,1,2
BRDA:77,6,0,2
BRDA:77,6,1,4
BRDA:77,7,0,6
BRDA:77,7,1,4
BRDA:77,7,2,2
BRDA:103,8,0,9
BRDA:103,8,1,0
BRDA:104,9,0,9
BRDA:104,9,1,0
BRDA:112,10,0,3
BRDA:112,10,1,2
BRDA:112,10,2,1
BRDA:145,11,0,0
BRDA:145,11,1,0
BRDA:155,12,0,0
BRDA:155,12,1,0
BRDA:166,13,0,0
BRDA:166,13,1,0
BRDA:170,14,0,0
BRDA:170,14,1,0
BRDA:179,15,0,20
BRDA:179,15,1,75
BRDA:182,16,0,20
BRDA:182,16,1,75
BRDA:187,17,0,20
BRDA:187,17,1,75
BRDA:198,18,0,4
BRDA:198,18,1,71
BRDA:207,19,0,4
BRDA:207,19,1,71
BRDA:214,20,0,4
BRDA:214,20,1,71
BRDA:221,21,0,4
BRDA:221,21,1,71
BRDA:225,22,0,4
BRDA:225,22,1,71
BRDA:229,23,0,4
BRDA:229,23,1,71
BRDA:233,24,0,4
BRDA:233,24,1,71
BRDA:237,25,0,4
BRDA:237,25,1,71
BRDA:247,26,0,4
BRDA:247,26,1,71
BRDA:255,27,0,2
BRDA:255,27,1,0
BRDA:263,28,0,1
BRDA:263,28,1,1
BRDA:276,29,0,0
BRDA:276,29,1,0
BRDA:294,30,0,95
BRDA:294,30,1,75
BRDA:294,30,2,14
BRDA:294,30,3,3
BRDA:317,31,0,83
BRDA:317,31,1,0
BRDA:319,32,0,83
BRDA:319,32,1,0
BRDA:352,33,0,83
BRDA:352,33,1,7
BRDA:389,34,0,83
BRDA:389,34,1,18
BRDA:390,35,0,17
BRDA:390,35,1,66
BRDA:390,36,0,83
BRDA:390,36,1,18
BRDA:396,37,0,7
BRDA:396,37,1,76
BRDA:402,38,0,17
BRDA:402,38,1,59
BRF:82
BRH:67
end_of_record
TN:
SF:app\(app)\doc-detail\index.tsx
FN:72,DownloadDoc
FN:92,(anonymous_1)
FN:96,(anonymous_2)
FN:111,(anonymous_3)
FN:116,(anonymous_4)
FN:140,(anonymous_5)
FN:142,(anonymous_6)
FN:143,(anonymous_7)
FN:176,(anonymous_8)
FN:183,(anonymous_9)
FN:191,(anonymous_10)
FN:201,(anonymous_11)
FN:218,(anonymous_12)
FN:222,(anonymous_13)
FN:233,(anonymous_14)
FN:236,(anonymous_15)
FN:247,(anonymous_16)
FN:282,saveWithSAFAndroid
FN:305,(anonymous_18)
FN:316,(anonymous_19)
FN:394,(anonymous_20)
FN:398,(anonymous_21)
FN:413,(anonymous_22)
FN:416,(anonymous_23)
FN:427,(anonymous_24)
FN:454,(anonymous_25)
FN:462,(anonymous_26)
FN:483,(anonymous_27)
FN:487,(anonymous_28)
FN:488,(anonymous_29)
FN:489,(anonymous_30)
FN:548,(anonymous_31)
FN:560,(anonymous_32)
FN:596,(anonymous_33)
FN:620,(anonymous_34)
FN:633,(anonymous_35)
FN:646,(anonymous_36)
FN:655,(anonymous_37)
FN:689,(anonymous_38)
FN:698,(anonymous_39)
FNF:40
FNH:34
FNDA:91,DownloadDoc
FNDA:24,(anonymous_1)
FNDA:24,(anonymous_2)
FNDA:24,(anonymous_3)
FNDA:91,(anonymous_4)
FNDA:3,(anonymous_5)
FNDA:0,(anonymous_6)
FNDA:3,(anonymous_7)
FNDA:0,(anonymous_8)
FNDA:24,(anonymous_9)
FNDA:0,(anonymous_10)
FNDA:3,(anonymous_11)
FNDA:24,(anonymous_12)
FNDA:24,(anonymous_13)
FNDA:5,(anonymous_14)
FNDA:5,(anonymous_15)
FNDA:24,(anonymous_16)
FNDA:3,saveWithSAFAndroid
FNDA:6,(anonymous_18)
FNDA:8,(anonymous_19)
FNDA:24,(anonymous_20)
FNDA:24,(anonymous_21)
FNDA:5,(anonymous_22)
FNDA:5,(anonymous_23)
FNDA:24,(anonymous_24)
FNDA:1,(anonymous_25)
FNDA:1,(anonymous_26)
FNDA:0,(anonymous_27)
FNDA:115,(anonymous_28)
FNDA:91,(anonymous_29)
FNDA:1,(anonymous_30)
FNDA:13,(anonymous_31)
FNDA:2,(anonymous_32)
FNDA:1,(anonymous_33)
FNDA:1,(anonymous_34)
FNDA:13,(anonymous_35)
FNDA:59,(anonymous_36)
FNDA:0,(anonymous_37)
FNDA:0,(anonymous_38)
FNDA:1,(anonymous_39)
DA:47,1
DA:48,1
DA:73,91
DA:74,91
DA:76,91
DA:77,91
DA:78,91
DA:80,91
DA:81,91
DA:82,91
DA:83,91
DA:84,91
DA:85,91
DA:86,91
DA:87,91
DA:88,91
DA:89,91
DA:90,91
DA:92,91
DA:93,24
DA:95,24
DA:96,24
DA:97,24
DA:98,24
DA:99,24
DA:100,24
DA:101,24
DA:102,24
DA:104,24
DA:107,24
DA:111,24
DA:112,24
DA:116,91
DA:117,91
DA:119,3
DA:140,3
DA:141,3
DA:142,3
DA:143,3
DA:147,3
DA:176,0
DA:183,91
DA:184,24
DA:186,24
DA:187,0
DA:190,24
DA:191,0
DA:192,0
DA:193,0
DA:198,24
DA:201,91
DA:202,3
DA:215,3
DA:218,91
DA:219,24
DA:221,24
DA:222,24
DA:223,24
DA:224,24
DA:225,24
DA:227,24
DA:229,24
DA:230,24
DA:232,24
DA:233,24
DA:235,24
DA:236,24
DA:237,5
DA:239,24
DA:243,24
DA:247,24
DA:248,24
DA:253,91
DA:255,91
DA:256,91
DA:257,91
DA:258,91
DA:261,91
DA:267,91
DA:268,91
DA:270,91
DA:271,91
DA:274,91
DA:283,3
DA:284,3
DA:286,3
DA:287,3
DA:289,2
DA:291,1
DA:295,1
DA:299,1
DA:301,1
DA:305,91
DA:306,6
DA:307,6
DA:308,6
DA:309,6
DA:310,6
DA:312,0
DA:316,91
DA:317,8
DA:318,8
DA:320,8
DA:322,8
DA:323,8
DA:324,7
DA:327,7
DA:334,7
DA:335,1
DA:336,1
DA:339,6
DA:343,6
DA:344,6
DA:346,6
DA:348,6
DA:349,0
DA:352,6
DA:353,6
DA:354,6
DA:356,6
DA:357,6
DA:359,6
DA:360,3
DA:361,3
DA:363,3
DA:364,1
DA:365,1
DA:366,2
DA:367,1
DA:368,1
DA:370,1
DA:371,1
DA:373,3
DA:375,3
DA:376,2
DA:378,2
DA:379,2
DA:381,1
DA:383,3
DA:386,1
DA:387,1
DA:389,8
DA:393,91
DA:395,24
DA:397,24
DA:398,24
DA:399,24
DA:401,24
DA:402,24
DA:403,24
DA:406,24
DA:407,24
DA:408,24
DA:409,24
DA:410,24
DA:412,24
DA:413,24
DA:415,24
DA:416,24
DA:417,5
DA:419,24
DA:423,24
DA:427,24
DA:428,24
DA:433,91
DA:454,1
DA:462,1
DA:484,0
DA:485,0
DA:487,115
DA:489,91
DA:548,13
DA:560,2
DA:596,1
DA:620,1
DA:634,13
DA:647,59
DA:655,0
DA:689,0
DA:698,1
LF:180
LH:169
BRDA:77,0,0,91
BRDA:77,0,1,0
BRDA:93,1,0,0
BRDA:93,1,1,24
BRDA:101,2,0,24
BRDA:101,2,1,0
BRDA:104,3,0,24
BRDA:104,3,1,0
BRDA:104,4,0,24
BRDA:104,4,1,24
BRDA:107,5,0,24
BRDA:107,5,1,0
BRDA:117,6,0,88
BRDA:117,6,1,3
BRDA:141,7,0,3
BRDA:141,7,1,0
BRDA:186,8,0,0
BRDA:186,8,1,24
BRDA:186,9,0,24
BRDA:186,9,1,0
BRDA:190,10,0,0
BRDA:190,10,1,24
BRDA:190,11,0,24
BRDA:190,11,1,0
BRDA:192,12,0,0
BRDA:192,12,1,0
BRDA:192,13,0,0
BRDA:192,13,1,0
BRDA:192,13,2,0
BRDA:215,14,0,3
BRDA:215,14,1,0
BRDA:219,15,0,0
BRDA:219,15,1,24
BRDA:227,16,0,24
BRDA:227,16,1,0
BRDA:229,17,0,24
BRDA:229,17,1,0
BRDA:232,18,0,24
BRDA:232,18,1,0
BRDA:235,19,0,24
BRDA:235,19,1,0
BRDA:235,20,0,24
BRDA:235,20,1,24
BRDA:243,21,0,24
BRDA:243,21,1,0
BRDA:261,22,0,0
BRDA:261,22,1,91
BRDA:261,23,0,91
BRDA:261,23,1,0
BRDA:263,24,0,0
BRDA:263,24,1,91
BRDA:263,25,0,91
BRDA:263,25,1,0
BRDA:267,26,0,91
BRDA:267,26,1,91
BRDA:268,27,0,0
BRDA:268,27,1,91
BRDA:271,28,0,0
BRDA:271,28,1,91
BRDA:287,29,0,1
BRDA:287,29,1,2
BRDA:306,30,0,0
BRDA:306,30,1,6
BRDA:317,31,0,0
BRDA:317,31,1,8
BRDA:318,32,0,0
BRDA:318,32,1,8
BRDA:327,33,0,7
BRDA:327,33,1,1
BRDA:327,33,2,1
BRDA:327,33,3,1
BRDA:327,33,4,1
BRDA:327,33,5,1
BRDA:327,34,0,6
BRDA:327,34,1,1
BRDA:334,35,0,1
BRDA:334,35,1,6
BRDA:334,36,0,7
BRDA:334,36,1,6
BRDA:339,37,0,6
BRDA:339,37,1,6
BRDA:344,38,0,6
BRDA:344,38,1,0
BRDA:348,39,0,0
BRDA:348,39,1,6
BRDA:356,40,0,6
BRDA:356,40,1,6
BRDA:359,41,0,3
BRDA:359,41,1,3
BRDA:363,42,0,1
BRDA:363,42,1,2
BRDA:366,43,0,1
BRDA:366,43,1,1
BRDA:375,44,0,2
BRDA:375,44,1,1
BRDA:395,45,0,0
BRDA:395,45,1,24
BRDA:402,46,0,24
BRDA:402,46,1,0
BRDA:408,47,0,24
BRDA:408,47,1,0
BRDA:409,48,0,24
BRDA:409,48,1,0
BRDA:412,49,0,24
BRDA:412,49,1,0
BRDA:415,50,0,24
BRDA:415,50,1,0
BRDA:415,51,0,24
BRDA:415,51,1,24
BRDA:423,52,0,24
BRDA:423,52,1,0
BRDA:436,53,0,0
BRDA:436,53,1,91
BRDA:478,54,0,0
BRDA:478,54,1,91
BRDA:492,55,0,0
BRDA:492,55,1,91
BRDA:492,56,0,91
BRDA:492,56,1,0
BRDA:508,57,0,91
BRDA:508,57,1,0
BRDA:529,58,0,0
BRDA:529,58,1,91
BRDA:536,59,0,91
BRDA:536,59,1,91
BRDA:541,60,0,0
BRDA:541,60,1,91
BRDA:542,61,0,91
BRDA:542,61,1,91
BRDA:546,62,0,0
BRDA:546,62,1,91
BRDA:547,63,0,7
BRDA:547,63,1,84
BRDA:549,64,0,91
BRDA:549,64,1,0
BRDA:558,65,0,91
BRDA:558,65,1,91
BRDA:561,66,0,1
BRDA:561,66,1,90
BRDA:563,67,0,1
BRDA:563,67,1,90
BRDA:568,68,0,91
BRDA:568,68,1,0
BRDA:576,69,0,91
BRDA:576,69,1,91
BRDA:576,70,0,0
BRDA:576,70,1,91
BRDA:577,71,0,91
BRDA:577,71,1,91
BRDA:582,72,0,91
BRDA:582,72,1,91
BRDA:588,73,0,1
BRDA:588,73,1,90
BRDA:601,74,0,0
BRDA:601,74,1,90
BRDA:602,75,0,0
BRDA:602,75,1,90
BRDA:603,76,0,0
BRDA:603,76,1,90
BRDA:604,77,0,0
BRDA:604,77,1,90
BRDA:605,78,0,0
BRDA:605,78,1,90
BRDA:614,79,0,91
BRDA:614,79,1,0
BRDA:616,80,0,7
BRDA:616,80,1,84
BRDA:625,81,0,0
BRDA:625,81,1,91
BRDA:654,82,0,13
BRDA:654,82,1,6
BRDA:682,83,0,8
BRDA:682,83,1,83
BRDA:713,84,0,91
BRDA:713,84,1,0
BRF:175
BRH:116
end_of_record
TN:
SF:app\(app)\faculty\index.tsx
FN:3,FacultyPage
FNF:1
FNH:0
FNDA:0,FacultyPage
DA:5,0
LF:1
LH:0
BRF:0
BRH:0
end_of_record
TN:
SF:app\(app)\following\index.tsx
FN:4,FollowingPage
FN:6,(anonymous_1)
FNF:2
FNH:0
FNDA:0,FollowingPage
FNDA:0,(anonymous_1)
DA:5,0
DA:6,0
LF:2
LH:0
BRF:0
BRH:0
end_of_record
TN:
SF:app\(app)\notification-detail\index.tsx
FN:9,NotificationDetail
FN:18,(anonymous_1)
FN:30,(anonymous_2)
FN:59,(anonymous_3)
FNF:4
FNH:0
FNDA:0,NotificationDetail
FNDA:0,(anonymous_1)
FNDA:0,(anonymous_2)
FNDA:0,(anonymous_3)
DA:10,0
DA:11,0
DA:13,0
DA:14,0
DA:16,0
DA:18,0
DA:19,0
DA:20,0
DA:21,0
DA:23,0
DA:25,0
DA:28,0
DA:30,0
DA:31,0
DA:32,0
DA:33,0
DA:41,0
DA:45,0
DA:59,0
LF:19
LH:0
BRDA:14,0,0,0
BRDA:14,0,1,0
BRDA:20,1,0,0
BRDA:20,1,1,0
BRDA:70,2,0,0
BRDA:70,2,1,0
BRDA:83,3,0,0
BRDA:83,3,1,0
BRF:8
BRH:0
end_of_record
TN:
SF:app\(app)\pdf-viewer\index.tsx
FN:12,PdfViewer
FN:24,(anonymous_1)
FN:25,(anonymous_2)
FN:77,(anonymous_3)
FN:102,(anonymous_4)
FN:134,(anonymous_5)
FN:135,(anonymous_6)
FN:155,createPdfJsHtml
FNF:8
FNH:6
FNDA:22,PdfViewer
FNDA:11,(anonymous_1)
FNDA:11,(anonymous_2)
FNDA:1,(anonymous_3)
FNDA:1,(anonymous_4)
FNDA:0,(anonymous_5)
FNDA:0,(anonymous_6)
FNDA:1,createPdfJsHtml
DA:13,22
DA:14,22
DA:16,22
DA:17,22
DA:18,22
DA:20,22
DA:21,22
DA:22,22
DA:24,22
DA:25,11
DA:26,11
DA:27,2
DA:28,2
DA:29,2
DA:32,9
DA:34,9
DA:35,9
DA:36,3
DA:37,1
DA:38,1
DA:40,2
DA:42,2
DA:43,1
DA:44,1
DA:45,1
DA:48,1
DA:50,1
DA:51,1
DA:52,1
DA:55,6
DA:58,6
DA:61,0
DA:62,0
DA:63,0
DA:67,11
DA:70,22
DA:71,3
DA:77,1
DA:87,19
DA:102,1
DA:134,0
DA:136,0
DA:137,0
DA:138,0
DA:156,1
DA:157,1
DA:159,1
LF:47
LH:40
BRDA:17,0,0,16
BRDA:17,0,1,6
BRDA:18,1,0,12
BRDA:18,1,1,10
BRDA:18,2,0,10
BRDA:18,2,1,8
BRDA:26,3,0,2
BRDA:26,3,1,9
BRDA:35,4,0,3
BRDA:35,4,1,6
BRDA:36,5,0,1
BRDA:36,5,1,2
BRDA:42,6,0,1
BRDA:42,6,1,1
BRDA:70,7,0,3
BRDA:70,7,1,19
BRDA:73,8,0,0
BRDA:73,8,1,3
BRDA:116,9,0,19
BRDA:116,9,1,11
BRDA:122,10,0,0
BRDA:122,10,1,11
BRDA:130,11,0,19
BRDA:130,11,1,8
BRDA:156,12,0,0
BRDA:156,12,1,1
BRDA:157,13,0,0
BRDA:157,13,1,1
BRF:28
BRH:24
end_of_record
TN:
SF:app\(app)\profile\[id]\index.tsx
FN:13,ProfileScreen
FN:30,(anonymous_1)
FN:38,(anonymous_2)
FN:40,(anonymous_3)
FN:46,(anonymous_4)
FN:52,(anonymous_5)
FN:62,(anonymous_6)
FN:166,(anonymous_7)
FN:175,(anonymous_8)
FN:191,(anonymous_9)
FN:224,(anonymous_10)
FN:240,(anonymous_11)
FN:254,(anonymous_12)
FN:263,(anonymous_13)
FNF:14
FNH:14
FNDA:14,ProfileScreen
FNDA:14,(anonymous_1)
FNDA:2,(anonymous_2)
FNDA:1,(anonymous_3)
FNDA:1,(anonymous_4)
FNDA:13,(anonymous_5)
FNDA:12,(anonymous_6)
FNDA:12,(anonymous_7)
FNDA:1,(anonymous_8)
FNDA:1,(anonymous_9)
FNDA:1,(anonymous_10)
FNDA:1,(anonymous_11)
FNDA:25,(anonymous_12)
FNDA:13,(anonymous_13)
DA:14,14
DA:15,14
DA:16,14
DA:17,14
DA:18,14
DA:20,14
DA:27,14
DA:28,14
DA:30,14
DA:31,14
DA:34,14
DA:35,14
DA:36,14
DA:38,14
DA:39,2
DA:41,1
DA:46,14
DA:47,1
DA:48,1
DA:52,14
DA:53,13
DA:54,13
DA:55,13
DA:56,3
DA:57,0
DA:58,0
DA:59,0
DA:62,14
DA:63,12
DA:166,14
DA:167,12
DA:168,1
DA:175,14
DA:176,1
DA:177,1
DA:186,14
DA:187,2
DA:191,1
DA:220,12
DA:224,1
DA:240,1
DA:254,25
DA:264,13
LF:43
LH:40
BRDA:15,0,0,14
BRDA:15,0,1,0
BRDA:15,1,0,0
BRDA:15,1,1,0
BRDA:31,2,0,14
BRDA:31,2,1,0
BRDA:35,3,0,14
BRDA:35,3,1,2
BRDA:47,4,0,1
BRDA:47,4,1,0
BRDA:47,5,0,1
BRDA:47,5,1,1
BRDA:53,6,0,0
BRDA:53,6,1,13
BRDA:55,7,0,10
BRDA:55,7,1,3
BRDA:56,8,0,3
BRDA:56,8,1,0
BRDA:56,9,0,3
BRDA:56,9,1,2
BRDA:57,10,0,0
BRDA:57,10,1,0
BRDA:57,11,0,0
BRDA:57,11,1,0
BRDA:58,12,0,0
BRDA:58,12,1,0
BRDA:58,13,0,0
BRDA:58,13,1,0
BRDA:64,14,0,0
BRDA:64,14,1,12
BRDA:75,15,0,12
BRDA:75,15,1,0
BRDA:79,16,0,0
BRDA:79,16,1,12
BRDA:99,17,0,12
BRDA:99,17,1,10
BRDA:105,18,0,1
BRDA:105,18,1,9
BRDA:108,19,0,1
BRDA:108,19,1,9
BRDA:109,20,0,0
BRDA:109,20,1,1
BRDA:113,21,0,1
BRDA:113,21,1,8
BRDA:115,22,0,1
BRDA:115,22,1,8
BRDA:167,23,0,11
BRDA:167,23,1,1
BRDA:176,24,0,0
BRDA:176,24,1,1
BRDA:186,25,0,2
BRDA:186,25,1,12
BRDA:238,26,0,2
BRDA:238,26,1,10
BRDA:270,27,0,13
BRDA:270,27,1,13
BRDA:272,28,0,13
BRDA:272,28,1,0
BRF:58
BRH:37
end_of_record
TN:
SF:app\(app)\saved-doc\index.tsx
FN:22,SavedDoc
FN:31,(anonymous_1)
FN:34,(anonymous_2)
FN:40,(anonymous_3)
FN:62,(anonymous_4)
FN:83,(anonymous_5)
FN:93,(anonymous_6)
FNF:7
FNH:0
FNDA:0,SavedDoc
FNDA:0,(anonymous_1)
FNDA:0,(anonymous_2)
FNDA:0,(anonymous_3)
FNDA:0,(anonymous_4)
FNDA:0,(anonymous_5)
FNDA:0,(anonymous_6)
DA:23,0
DA:25,0
DA:26,0
DA:27,0
DA:29,0
DA:31,0
DA:32,0
DA:34,0
DA:35,0
DA:36,0
DA:38,0
DA:40,0
DA:41,0
DA:42,0
DA:43,0
DA:45,0
DA:46,0
DA:50,0
DA:52,0
DA:53,0
DA:56,0
DA:60,0
DA:62,0
DA:63,0
DA:67,0
DA:83,0
DA:94,0
LF:27
LH:0
BRDA:52,0,0,0
BRDA:52,0,1,0
BRDA:56,1,0,0
BRDA:56,1,1,0
BRF:4
BRH:0
end_of_record
TN:
SF:app\(app)\select-faculty\index.tsx
FN:13,SelectFacultyScreen
FN:19,(anonymous_1)
FN:27,(anonymous_2)
FN:31,(anonymous_3)
FN:33,(anonymous_4)
FN:39,(anonymous_5)
FN:44,(anonymous_6)
FN:44,(anonymous_7)
FN:48,(anonymous_8)
FN:50,(anonymous_9)
FN:51,(anonymous_10)
FN:54,(anonymous_11)
FN:54,(anonymous_12)
FN:55,(anonymous_13)
FN:60,(anonymous_14)
FN:73,(anonymous_15)
FN:104,(anonymous_16)
FN:115,(anonymous_17)
FN:117,(anonymous_18)
FN:118,(anonymous_19)
FN:139,(anonymous_20)
FN:140,(anonymous_21)
FNF:22
FNH:20
FNDA:15,SelectFacultyScreen
FNDA:8,(anonymous_1)
FNDA:0,(anonymous_2)
FNDA:8,(anonymous_3)
FNDA:1,(anonymous_4)
FNDA:8,(anonymous_5)
FNDA:10,(anonymous_6)
FNDA:36,(anonymous_7)
FNDA:13,(anonymous_8)
FNDA:3,(anonymous_9)
FNDA:3,(anonymous_10)
FNDA:13,(anonymous_11)
FNDA:17,(anonymous_12)
FNDA:2,(anonymous_13)
FNDA:4,(anonymous_14)
FNDA:0,(anonymous_15)
FNDA:5,(anonymous_16)
FNDA:58,(anonymous_17)
FNDA:50,(anonymous_18)
FNDA:3,(anonymous_19)
FNDA:1,(anonymous_20)
FNDA:1,(anonymous_21)
DA:14,15
DA:15,15
DA:16,15
DA:19,15
DA:20,8
DA:21,8
DA:22,8
DA:27,15
DA:29,15
DA:30,15
DA:31,15
DA:33,8
DA:34,1
DA:35,1
DA:39,15
DA:40,8
DA:43,15
DA:44,36
DA:48,15
DA:50,15
DA:51,3
DA:54,17
DA:55,15
DA:56,2
DA:57,1
DA:59,1
DA:60,4
DA:61,1
DA:65,15
DA:73,0
DA:105,5
DA:115,58
DA:118,50
DA:140,1
DA:142,1
DA:143,1
LF:36
LH:35
BRDA:20,0,0,8
BRDA:20,0,1,0
BRDA:40,1,0,8
BRDA:40,1,1,1
BRDA:56,2,0,1
BRDA:56,2,1,1
BRDA:84,3,0,2
BRDA:84,3,1,13
BRDA:102,4,0,1
BRDA:102,4,1,14
BRDA:120,5,0,50
BRDA:120,5,1,7
BRF:12
BRH:11
end_of_record
TN:
SF:app\(app)\select-images\index.tsx
FN:12,SelectImagesScreen
FN:19,(anonymous_1)
FN:20,(anonymous_2)
FN:23,(anonymous_3)
FN:26,(anonymous_4)
FN:27,(anonymous_5)
FN:39,(anonymous_6)
FN:43,(anonymous_7)
FN:45,(anonymous_8)
FN:48,(anonymous_9)
FN:50,(anonymous_10)
FN:55,(anonymous_11)
FN:56,(anonymous_12)
FN:56,(anonymous_13)
FN:65,(anonymous_14)
FN:76,(anonymous_15)
FN:83,(anonymous_16)
FN:101,(anonymous_17)
FN:105,(anonymous_18)
FN:123,(anonymous_19)
FN:133,(anonymous_20)
FNF:21
FNH:0
FNDA:0,SelectImagesScreen
FNDA:0,(anonymous_1)
FNDA:0,(anonymous_2)
FNDA:0,(anonymous_3)
FNDA:0,(anonymous_4)
FNDA:0,(anonymous_5)
FNDA:0,(anonymous_6)
FNDA:0,(anonymous_7)
FNDA:0,(anonymous_8)
FNDA:0,(anonymous_9)
FNDA:0,(anonymous_10)
FNDA:0,(anonymous_11)
FNDA:0,(anonymous_12)
FNDA:0,(anonymous_13)
FNDA:0,(anonymous_14)
FNDA:0,(anonymous_15)
FNDA:0,(anonymous_16)
FNDA:0,(anonymous_17)
FNDA:0,(anonymous_18)
FNDA:0,(anonymous_19)
FNDA:0,(anonymous_20)
DA:13,0
DA:14,0
DA:15,0
DA:16,0
DA:19,0
DA:20,0
DA:22,0
DA:23,0
DA:24,0
DA:26,0
DA:27,0
DA:28,0
DA:29,0
DA:30,0
DA:31,0
DA:34,0
DA:39,0
DA:43,0
DA:44,0
DA:45,0
DA:46,0
DA:48,0
DA:49,0
DA:50,0
DA:51,0
DA:55,0
DA:56,0
DA:59,0
DA:61,0
DA:65,0
DA:77,0
DA:78,0
DA:80,0
DA:83,0
DA:102,0
DA:105,0
DA:123,0
DA:134,0
DA:135,0
DA:137,0
DA:139,0
LF:41
LH:0
BRDA:16,0,0,0
BRDA:16,0,1,0
BRDA:22,1,0,0
BRDA:22,1,1,0
BRDA:22,2,0,0
BRDA:22,2,1,0
BRDA:29,3,0,0
BRDA:29,3,1,0
BRDA:39,4,0,0
BRDA:39,4,1,0
BRDA:44,5,0,0
BRDA:44,5,1,0
BRDA:45,6,0,0
BRDA:45,6,1,0
BRDA:50,7,0,0
BRDA:50,7,1,0
BRDA:78,8,0,0
BRDA:78,8,1,0
BRDA:87,9,0,0
BRDA:87,9,1,0
BRDA:97,10,0,0
BRDA:97,10,1,0
BRDA:134,11,0,0
BRDA:134,11,1,0
BRDA:135,12,0,0
BRDA:135,12,1,0
BRF:26
BRH:0
end_of_record
TN:
SF:app\(app)\select-list\index.tsx
FN:12,SelectListScreen
FN:15,(anonymous_1)
FN:19,(anonymous_2)
FN:21,(anonymous_3)
FN:26,(anonymous_4)
FN:26,(anonymous_5)
FN:32,(anonymous_6)
FN:32,(anonymous_7)
FN:38,(anonymous_8)
FN:59,(anonymous_9)
FN:70,(anonymous_10)
FN:71,(anonymous_11)
FN:72,(anonymous_12)
FN:88,(anonymous_13)
FNF:14
FNH:0
FNDA:0,SelectListScreen
FNDA:0,(anonymous_1)
FNDA:0,(anonymous_2)
FNDA:0,(anonymous_3)
FNDA:0,(anonymous_4)
FNDA:0,(anonymous_5)
FNDA:0,(anonymous_6)
FNDA:0,(anonymous_7)
FNDA:0,(anonymous_8)
FNDA:0,(anonymous_9)
FNDA:0,(anonymous_10)
FNDA:0,(anonymous_11)
FNDA:0,(anonymous_12)
FNDA:0,(anonymous_13)
DA:13,0
DA:14,0
DA:15,0
DA:17,0
DA:18,0
DA:19,0
DA:21,0
DA:22,0
DA:25,0
DA:26,0
DA:32,0
DA:34,0
DA:38,0
DA:60,0
DA:70,0
DA:72,0
DA:89,0
DA:90,0
DA:91,0
LF:19
LH:0
BRDA:19,0,0,0
BRDA:19,0,1,0
BRDA:22,1,0,0
BRDA:22,1,1,0
BRDA:32,2,0,0
BRDA:32,2,1,0
BRDA:57,3,0,0
BRDA:57,3,1,0
BRDA:74,4,0,0
BRDA:74,4,1,0
BRDA:89,5,0,0
BRDA:89,5,1,0
BRF:12
BRH:0
end_of_record
TN:
SF:app\(app)\select-subject\index.tsx
FN:13,SelectSubjectScreen
FN:16,(anonymous_1)
FN:20,(anonymous_2)
FN:29,(anonymous_3)
FN:31,(anonymous_4)
FN:36,(anonymous_5)
FN:36,(anonymous_6)
FN:40,(anonymous_7)
FN:40,(anonymous_8)
FN:46,(anonymous_9)
FN:67,(anonymous_10)
FN:78,(anonymous_11)
FN:79,(anonymous_12)
FN:80,(anonymous_13)
FN:99,(anonymous_14)
FNF:15
FNH:0
FNDA:0,SelectSubjectScreen
FNDA:0,(anonymous_1)
FNDA:0,(anonymous_2)
FNDA:0,(anonymous_3)
FNDA:0,(anonymous_4)
FNDA:0,(anonymous_5)
FNDA:0,(anonymous_6)
FNDA:0,(anonymous_7)
FNDA:0,(anonymous_8)
FNDA:0,(anonymous_9)
FNDA:0,(anonymous_10)
FNDA:0,(anonymous_11)
FNDA:0,(anonymous_12)
FNDA:0,(anonymous_13)
FNDA:0,(anonymous_14)
DA:14,0
DA:15,0
DA:16,0
DA:17,0
DA:20,0
DA:21,0
DA:22,0
DA:23,0
DA:27,0
DA:28,0
DA:29,0
DA:31,0
DA:32,0
DA:35,0
DA:36,0
DA:40,0
DA:42,0
DA:46,0
DA:68,0
DA:78,0
DA:80,0
DA:100,0
DA:101,0
DA:102,0
LF:24
LH:0
BRDA:21,0,0,0
BRDA:21,0,1,0
BRDA:29,1,0,0
BRDA:29,1,1,0
BRDA:32,2,0,0
BRDA:32,2,1,0
BRDA:40,3,0,0
BRDA:40,3,1,0
BRDA:65,4,0,0
BRDA:65,4,1,0
BRDA:82,5,0,0
BRDA:82,5,1,0
BRDA:100,6,0,0
BRDA:100,6,1,0
BRF:14
BRH:0
end_of_record
TN:
SF:app\(app)\subject\index.tsx
FN:3,SubjectPage
FNF:1
FNH:0
FNDA:0,SubjectPage
DA:4,0
LF:1
LH:0
BRF:0
BRH:0
end_of_record
TN:
SF:app\(app)\upload-detail\index.tsx
FN:3,UploadDetailPage
FNF:1
FNH:0
FNDA:0,UploadDetailPage
DA:4,0
LF:1
LH:0
BRF:0
BRH:0
end_of_record
TN:
SF:app\(app)\write-comment\index.tsx
FN:24,WriteComment
FN:38,(anonymous_1)
FN:87,(anonymous_2)
FN:110,(anonymous_3)
FN:119,(anonymous_4)
FN:141,(anonymous_5)
FN:146,(anonymous_6)
FN:147,(anonymous_7)
FN:147,(anonymous_8)
FN:150,(anonymous_9)
FN:154,(anonymous_10)
FN:164,(anonymous_11)
FN:188,(anonymous_12)
FN:205,(anonymous_13)
FN:205,(anonymous_14)
FN:208,(anonymous_15)
FN:208,(anonymous_16)
FN:211,(anonymous_17)
FN:211,(anonymous_18)
FN:214,(anonymous_19)
FN:214,(anonymous_20)
FN:217,(anonymous_21)
FN:217,(anonymous_22)
FN:244,(anonymous_23)
FN:248,(anonymous_24)
FN:271,(anonymous_25)
FN:281,(anonymous_26)
FNF:27
FNH:0
FNDA:0,WriteComment
FNDA:0,(anonymous_1)
FNDA:0,(anonymous_2)
FNDA:0,(anonymous_3)
FNDA:0,(anonymous_4)
FNDA:0,(anonymous_5)
FNDA:0,(anonymous_6)
FNDA:0,(anonymous_7)
FNDA:0,(anonymous_8)
FNDA:0,(anonymous_9)
FNDA:0,(anonymous_10)
FNDA:0,(anonymous_11)
FNDA:0,(anonymous_12)
FNDA:0,(anonymous_13)
FNDA:0,(anonymous_14)
FNDA:0,(anonymous_15)
FNDA:0,(anonymous_16)
FNDA:0,(anonymous_17)
FNDA:0,(anonymous_18)
FNDA:0,(anonymous_19)
FNDA:0,(anonymous_20)
FNDA:0,(anonymous_21)
FNDA:0,(anonymous_22)
FNDA:0,(anonymous_23)
FNDA:0,(anonymous_24)
FNDA:0,(anonymous_25)
FNDA:0,(anonymous_26)
DA:25,0
DA:26,0
DA:28,0
DA:29,0
DA:31,0
DA:32,0
DA:34,0
DA:35,0
DA:36,0
DA:38,0
DA:39,0
DA:40,0
DA:41,0
DA:42,0
DA:44,0
DA:45,0
DA:46,0
DA:48,0
DA:49,0
DA:50,0
DA:53,0
DA:55,0
DA:56,0
DA:57,0
DA:59,0
DA:60,0
DA:61,0
DA:63,0
DA:64,0
DA:65,0
DA:67,0
DA:74,0
DA:75,0
DA:76,0
DA:77,0
DA:79,0
DA:87,0
DA:89,0
DA:90,0
DA:91,0
DA:94,0
DA:95,0
DA:98,0
DA:99,0
DA:100,0
DA:101,0
DA:104,0
DA:105,0
DA:107,0
DA:108,0
DA:110,0
DA:111,0
DA:112,0
DA:113,0
DA:114,0
DA:116,0
DA:119,0
DA:120,0
DA:121,0
DA:122,0
DA:123,0
DA:126,0
DA:127,0
DA:128,0
DA:129,0
DA:132,0
DA:139,0
DA:141,0
DA:142,0
DA:143,0
DA:146,0
DA:147,0
DA:150,0
DA:151,0
DA:153,0
DA:154,0
DA:155,0
DA:156,0
DA:157,0
DA:158,0
DA:160,0
DA:164,0
DA:167,0
DA:188,0
DA:205,0
DA:208,0
DA:211,0
DA:214,0
DA:217,0
DA:245,0
DA:248,0
DA:271,0
DA:281,0
LF:93
LH:0
BRDA:26,0,0,0
BRDA:26,0,1,0
BRDA:40,1,0,0
BRDA:40,1,1,0
BRDA:44,2,0,0
BRDA:44,2,1,0
BRDA:48,3,0,0
BRDA:48,3,1,0
BRDA:63,4,0,0
BRDA:63,4,1,0
BRDA:64,5,0,0
BRDA:64,5,1,0
BRDA:65,6,0,0
BRDA:65,6,1,0
BRDA:75,7,0,0
BRDA:75,7,1,0
BRDA:81,8,0,0
BRDA:81,8,1,0
BRDA:89,9,0,0
BRDA:89,9,1,0
BRDA:91,10,0,0
BRDA:91,10,1,0
BRDA:95,11,0,0
BRDA:95,11,1,0
BRDA:98,12,0,0
BRDA:98,12,1,0
BRDA:99,13,0,0
BRDA:99,13,1,0
BRDA:108,14,0,0
BRDA:108,14,1,0
BRDA:111,15,0,0
BRDA:111,15,1,0
BRDA:111,16,0,0
BRDA:111,16,1,0
BRDA:114,17,0,0
BRDA:114,17,1,0
BRDA:121,18,0,0
BRDA:121,18,1,0
BRDA:127,19,0,0
BRDA:127,19,1,0
BRDA:139,20,0,0
BRDA:139,20,1,0
BRDA:141,21,0,0
BRDA:141,21,1,0
BRDA:151,22,0,0
BRDA:151,22,1,0
BRDA:158,23,0,0
BRDA:158,23,1,0
BRDA:158,24,0,0
BRDA:158,24,1,0
BRDA:183,25,0,0
BRDA:183,25,1,0
BRDA:192,26,0,0
BRDA:192,26,1,0
BRDA:197,27,0,0
BRDA:197,27,1,0
BRDA:205,28,0,0
BRDA:205,28,1,0
BRDA:206,29,0,0
BRDA:206,29,1,0
BRDA:206,30,0,0
BRDA:206,30,1,0
BRDA:206,31,0,0
BRDA:206,31,1,0
BRDA:208,32,0,0
BRDA:208,32,1,0
BRDA:209,33,0,0
BRDA:209,33,1,0
BRDA:209,34,0,0
BRDA:209,34,1,0
BRDA:209,35,0,0
BRDA:209,35,1,0
BRDA:211,36,0,0
BRDA:211,36,1,0
BRDA:212,37,0,0
BRDA:212,37,1,0
BRDA:212,38,0,0
BRDA:212,38,1,0
BRDA:212,39,0,0
BRDA:212,39,1,0
BRDA:214,40,0,0
BRDA:214,40,1,0
BRDA:215,41,0,0
BRDA:215,41,1,0
BRDA:215,42,0,0
BRDA:215,42,1,0
BRDA:215,43,0,0
BRDA:215,43,1,0
BRDA:217,44,0,0
BRDA:217,44,1,0
BRDA:218,45,0,0
BRDA:218,45,1,0
BRDA:218,46,0,0
BRDA:218,46,1,0
BRDA:218,47,0,0
BRDA:218,47,1,0
BRDA:233,48,0,0
BRDA:233,48,1,0
BRDA:236,49,0,0
BRDA:236,49,1,0
BRDA:268,50,0,0
BRDA:268,50,1,0
BRDA:278,51,0,0
BRDA:278,51,1,0
BRF:104
BRH:0
end_of_record
TN:
SF:app\(public)\_layout.tsx
FN:4,PublicLayout
FNF:1
FNH:0
FNDA:0,PublicLayout
DA:5,0
LF:1
LH:0
BRF:0
BRH:0
end_of_record
TN:
SF:app\(public)\forgot-password\index.tsx
FN:10,ForgotPasswordScreen
FN:13,(anonymous_1)
FNF:2
FNH:2
FNDA:10,ForgotPasswordScreen
FNDA:3,(anonymous_1)
DA:11,10
DA:13,10
DA:14,3
DA:15,3
DA:16,3
DA:18,1
DA:20,1
DA:25,1
DA:27,2
DA:28,2
DA:30,3
DA:34,10
LF:12
LH:12
BRDA:27,0,0,2
BRDA:27,0,1,1
BRF:2
BRH:2
end_of_record
TN:
SF:app\(public)\login\index.tsx
FN:9,LoginScreen
FN:14,(anonymous_1)
FNF:2
FNH:2
FNDA:10,LoginScreen
FNDA:3,(anonymous_1)
DA:10,10
DA:11,10
DA:12,10
DA:14,10
DA:15,3
DA:16,3
DA:17,3
DA:19,1
DA:20,1
DA:21,1
DA:23,2
DA:24,2
DA:26,3
DA:30,10
LF:14
LH:14
BRDA:20,0,0,0
BRDA:20,0,1,1
BRDA:23,1,0,1
BRDA:23,1,1,1
BRF:4
BRH:3
end_of_record
TN:
SF:app\(public)\new-password\index.tsx
FN:10,NewPasswordScreen
FN:14,(anonymous_1)
FN:15,(anonymous_2)
FN:21,(anonymous_3)
FN:36,(anonymous_4)
FN:57,(anonymous_5)
FNF:6
FNH:4
FNDA:13,NewPasswordScreen
FNDA:5,(anonymous_1)
FNDA:5,(anonymous_2)
FNDA:0,(anonymous_3)
FNDA:2,(anonymous_4)
FNDA:0,(anonymous_5)
DA:11,13
DA:12,13
DA:14,13
DA:15,5
DA:16,5
DA:17,5
DA:19,5
DA:20,1
DA:21,0
DA:23,1
DA:26,4
DA:28,0
DA:29,0
DA:33,5
DA:36,13
DA:37,2
DA:38,0
DA:39,0
DA:42,2
DA:43,2
DA:45,2
DA:51,1
DA:56,1
DA:57,0
DA:60,1
DA:61,1
DA:62,1
DA:64,2
DA:68,13
LF:29
LH:23
BRDA:19,0,0,1
BRDA:19,0,1,4
BRDA:37,1,0,0
BRDA:37,1,1,2
BRDA:61,2,0,1
BRDA:61,2,1,0
BRF:6
BRH:4
end_of_record
TN:
SF:app\(public)\onboard\index.tsx
FN:20,OnboardScreen
FN:26,(anonymous_1)
FN:36,(anonymous_2)
FN:38,(anonymous_3)
FN:72,(anonymous_4)
FNF:5
FNH:5
FNDA:7,OnboardScreen
FNDA:2,(anonymous_1)
FNDA:1,(anonymous_2)
FNDA:3,(anonymous_3)
FNDA:21,(anonymous_4)
DA:17,1
DA:18,1
DA:21,7
DA:22,7
DA:23,7
DA:24,7
DA:26,7
DA:27,2
DA:28,2
DA:29,2
DA:31,0
DA:33,2
DA:36,7
DA:38,7
DA:39,3
DA:40,3
DA:41,1
DA:42,1
DA:44,2
DA:45,2
DA:46,2
DA:49,7
DA:73,21
LF:23
LH:22
BRDA:40,0,0,1
BRDA:40,0,1,2
BRDA:75,1,0,7
BRDA:75,1,1,14
BRF:4
BRH:4
end_of_record
TN:
SF:app\(public)\otp-code\index.tsx
FN:11,OtpCodeScreen
FN:16,(anonymous_1)
FN:17,(anonymous_2)
FN:38,(anonymous_3)
FN:68,(anonymous_4)
FNF:5
FNH:4
FNDA:18,OtpCodeScreen
FNDA:6,(anonymous_1)
FNDA:6,(anonymous_2)
FNDA:3,(anonymous_3)
FNDA:0,(anonymous_4)
DA:12,18
DA:13,18
DA:14,18
DA:16,18
DA:17,6
DA:19,6
DA:20,6
DA:21,2
DA:22,2
DA:23,2
DA:24,2
DA:28,4
DA:29,4
DA:30,4
DA:31,4
DA:32,4
DA:35,6
DA:38,18
DA:39,3
DA:40,3
DA:41,3
DA:46,2
DA:47,2
DA:48,0
DA:51,2
DA:52,1
DA:53,1
DA:55,1
DA:57,1
DA:61,1
DA:64,1
DA:65,1
DA:67,1
DA:68,0
DA:71,1
DA:72,1
DA:75,1
DA:76,1
DA:78,3
DA:82,18
LF:40
LH:38
BRDA:20,0,0,2
BRDA:20,0,1,4
BRDA:29,1,0,4
BRDA:29,1,1,0
BRDA:47,2,0,0
BRDA:47,2,1,2
BRDA:51,3,0,1
BRDA:51,3,1,1
BRDA:53,4,0,0
BRDA:53,4,1,1
BRDA:75,5,0,1
BRDA:75,5,1,0
BRF:12
BRH:8
end_of_record
TN:
SF:app\(public)\signup\index.tsx
FN:10,LoginScreen
FN:14,(anonymous_1)
FNF:2
FNH:2
FNDA:10,LoginScreen
FNDA:3,(anonymous_1)
DA:11,10
DA:12,10
DA:14,10
DA:15,3
DA:16,3
DA:17,3
DA:18,3
DA:19,3
DA:21,3
DA:22,1
DA:25,1
DA:32,1
DA:34,2
DA:35,2
DA:36,2
DA:37,2
DA:39,2
DA:40,2
DA:42,3
DA:46,10
LF:20
LH:20
BRDA:39,0,0,2
BRDA:39,0,1,1
BRF:2
BRH:2
end_of_record
TN:
SF:components\external-link.tsx
FN:7,ExternalLink
FN:13,(anonymous_1)
FNF:2
FNH:0
FNDA:0,ExternalLink
FNDA:0,(anonymous_1)
DA:8,0
DA:14,0
DA:16,0
DA:18,0
LF:4
LH:0
BRDA:14,0,0,0
BRDA:14,0,1,0
BRF:2
BRH:0
end_of_record
TN:
SF:components\haptic-tab.tsx
FN:5,HapticTab
FN:9,(anonymous_1)
FNF:2
FNH:0
FNDA:0,HapticTab
FNDA:0,(anonymous_1)
DA:6,0
DA:10,0
DA:12,0
DA:14,0
LF:4
LH:0
BRDA:10,0,0,0
BRDA:10,0,1,0
BRF:2
BRH:0
end_of_record
TN:
SF:components\hello-wave.tsx
FN:3,HelloWave
FNF:1
FNH:0
FNDA:0,HelloWave
DA:4,0
LF:1
LH:0
BRF:0
BRH:0
end_of_record
TN:
SF:components\parallax-scroll-view.tsx
FN:21,ParallaxScrollView
FN:30,(anonymous_1)
FNF:2
FNH:0
FNDA:0,ParallaxScrollView
FNDA:0,(anonymous_1)
DA:14,0
DA:26,0
DA:27,0
DA:28,0
DA:29,0
DA:30,0
DA:31,0
DA:47,0
DA:65,0
LF:9
LH:0
BRDA:27,0,0,0
BRDA:27,0,1,0
BRF:2
BRH:0
end_of_record
TN:
SF:components\splash-screen.tsx
FN:9,SplashScreen
FN:13,(anonymous_1)
FN:28,(anonymous_2)
FN:33,(anonymous_3)
FN:38,(anonymous_4)
FNF:5
FNH:0
FNDA:0,SplashScreen
FNDA:0,(anonymous_1)
FNDA:0,(anonymous_2)
FNDA:0,(anonymous_3)
FNDA:0,(anonymous_4)
DA:10,0
DA:11,0
DA:13,0
DA:14,0
DA:28,0
DA:29,0
DA:34,0
DA:38,0
DA:41,0
LF:9
LH:0
BRDA:9,0,0,0
BRF:1
BRH:0
end_of_record
TN:
SF:components\theme-wrapper.tsx
FN:8,ThemeWrapper
FNF:1
FNH:0
FNDA:0,ThemeWrapper
DA:9,0
DA:11,0
LF:2
LH:0
BRDA:12,0,0,0
BRDA:12,0,1,0
BRF:2
BRH:0
end_of_record
TN:
SF:components\themed-text.tsx
FN:11,ThemedText
FNF:1
FNH:0
FNDA:0,ThemedText
DA:18,0
DA:20,0
DA:36,0
LF:3
LH:0
BRDA:15,0,0,0
BRDA:24,1,0,0
BRDA:24,1,1,0
BRDA:25,2,0,0
BRDA:25,2,1,0
BRDA:26,3,0,0
BRDA:26,3,1,0
BRDA:27,4,0,0
BRDA:27,4,1,0
BRDA:28,5,0,0
BRDA:28,5,1,0
BRF:11
BRH:0
end_of_record
TN:
SF:components\themed-view.tsx
FN:10,ThemedView
FNF:1
FNH:0
FNDA:0,ThemedView
DA:11,0
DA:13,0
LF:2
LH:0
BRF:0
BRH:0
end_of_record
TN:
SF:components\Admin\DocumentManagement.tsx
FN:7,DocumentManagement
FN:20,(anonymous_1)
FN:22,(anonymous_2)
FN:31,(anonymous_3)
FN:40,(anonymous_4)
FN:53,(anonymous_5)
FN:91,(anonymous_6)
FN:101,(anonymous_7)
FN:120,(anonymous_8)
FN:168,(anonymous_9)
FN:177,(anonymous_10)
FNF:11
FNH:10
FNDA:33,DocumentManagement
FNDA:32,(anonymous_1)
FNDA:3,(anonymous_2)
FNDA:4,(anonymous_3)
FNDA:3,(anonymous_4)
FNDA:3,(anonymous_5)
FNDA:0,(anonymous_6)
FNDA:3,(anonymous_7)
FNDA:90,(anonymous_8)
FNDA:3,(anonymous_9)
FNDA:4,(anonymous_10)
DA:8,33
DA:15,33
DA:17,33
DA:18,33
DA:20,33
DA:22,33
DA:23,3
DA:24,3
DA:25,2
DA:27,1
DA:31,33
DA:32,4
DA:41,3
DA:42,3
DA:43,2
DA:45,1
DA:53,33
DA:54,3
DA:55,1
DA:59,33
DA:91,0
DA:102,3
DA:103,3
DA:104,3
DA:108,3
DA:121,90
DA:168,3
DA:177,4
LF:28
LH:27
BRDA:15,0,0,33
BRDA:15,0,1,29
BRDA:20,1,0,33
BRDA:20,1,1,2
BRDA:54,2,0,1
BRDA:54,2,1,2
BRDA:54,3,0,3
BRDA:54,3,1,2
BRDA:90,4,0,33
BRDA:90,4,1,4
BRDA:104,5,0,3
BRDA:104,5,1,0
BRDA:114,6,0,1
BRDA:114,6,1,32
BRDA:137,7,0,60
BRDA:137,7,1,30
BRDA:153,8,0,60
BRDA:153,8,1,30
BRDA:154,9,0,90
BRDA:154,9,1,30
BRDA:169,10,0,90
BRDA:169,10,1,87
BRDA:178,11,0,90
BRDA:178,11,1,87
BRDA:190,12,0,32
BRDA:190,12,1,2
BRDA:190,12,2,2
BRDA:198,13,0,32
BRDA:198,13,1,2
BRF:29
BRH:28
end_of_record
TN:
SF:components\Admin\MemberManagement.tsx
FN:7,MemberManagement
FN:13,(anonymous_1)
FN:17,(anonymous_2)
FN:26,(anonymous_3)
FN:39,(anonymous_4)
FN:79,(anonymous_5)
FN:96,(anonymous_6)
FN:151,(anonymous_7)
FN:161,(anonymous_8)
FNF:9
FNH:8
FNDA:39,MemberManagement
FNDA:104,(anonymous_1)
FNDA:5,(anonymous_2)
FNDA:3,(anonymous_3)
FNDA:3,(anonymous_4)
FNDA:0,(anonymous_5)
FNDA:89,(anonymous_6)
FNDA:3,(anonymous_7)
FNDA:5,(anonymous_8)
DA:8,39
DA:9,39
DA:10,39
DA:11,39
DA:13,39
DA:14,104
DA:17,39
DA:18,5
DA:27,3
DA:28,3
DA:29,2
DA:31,1
DA:39,39
DA:40,3
DA:41,3
DA:42,2
DA:44,1
DA:48,39
DA:79,0
DA:97,89
DA:151,3
DA:161,5
LF:22
LH:21
BRDA:9,0,0,2
BRDA:78,1,0,39
BRDA:78,1,1,6
BRDA:90,2,0,1
BRDA:90,2,1,38
BRDA:100,3,0,29
BRDA:100,3,1,60
BRDA:118,4,0,30
BRDA:118,4,1,59
BRDA:124,5,0,29
BRDA:124,5,1,60
BRDA:126,6,0,89
BRDA:126,6,1,29
BRDA:137,7,0,89
BRDA:137,7,1,29
BRDA:149,8,0,29
BRDA:149,8,1,60
BRDA:174,9,0,38
BRDA:174,9,1,6
BRDA:174,9,2,6
BRF:20
BRH:20
end_of_record
TN:
SF:components\Admin\api\index.ts
FN:10,(anonymous_0)
FN:19,(anonymous_1)
FN:36,(anonymous_2)
FN:42,(anonymous_3)
FN:49,(anonymous_4)
FN:56,(anonymous_5)
FN:63,(anonymous_6)
FN:67,(anonymous_7)
FN:74,(anonymous_8)
FN:78,(anonymous_9)
FN:111,(anonymous_10)
FN:130,(anonymous_11)
FN:133,(anonymous_12)
FN:140,(anonymous_13)
FN:148,(anonymous_14)
FN:155,(anonymous_15)
FN:162,(anonymous_16)
FN:166,(anonymous_17)
FN:173,(anonymous_18)
FN:177,(anonymous_19)
FNF:20
FNH:20
FNDA:5,(anonymous_0)
FNDA:2,(anonymous_1)
FNDA:4,(anonymous_2)
FNDA:2,(anonymous_3)
FNDA:3,(anonymous_4)
FNDA:2,(anonymous_5)
FNDA:2,(anonymous_6)
FNDA:1,(anonymous_7)
FNDA:2,(anonymous_8)
FNDA:1,(anonymous_9)
FNDA:6,(anonymous_10)
FNDA:3,(anonymous_11)
FNDA:2,(anonymous_12)
FNDA:9,(anonymous_13)
FNDA:3,(anonymous_14)
FNDA:3,(anonymous_15)
FNDA:2,(anonymous_16)
FNDA:1,(anonymous_17)
FNDA:2,(anonymous_18)
FNDA:1,(anonymous_19)
DA:10,2
DA:11,5
DA:12,5
DA:13,5
DA:19,2
DA:20,2
DA:36,2
DA:37,4
DA:38,4
DA:39,4
DA:42,2
DA:43,2
DA:49,2
DA:50,3
DA:53,3
DA:56,2
DA:57,2
DA:60,2
DA:63,2
DA:64,2
DA:65,2
DA:68,1
DA:69,1
DA:74,2
DA:75,2
DA:76,2
DA:79,1
DA:80,1
DA:111,2
DA:120,6
DA:127,6
DA:130,2
DA:131,3
DA:134,2
DA:141,9
DA:142,9
DA:143,9
DA:148,2
DA:149,3
DA:152,3
DA:155,2
DA:156,3
DA:159,2
DA:162,2
DA:163,2
DA:164,2
DA:167,1
DA:168,1
DA:173,2
DA:174,2
DA:175,2
DA:178,1
DA:179,1
LF:53
LH:53
BRDA:12,0,0,5
BRDA:12,0,1,1
BRDA:14,1,0,5
BRDA:14,1,1,2
BRDA:15,2,0,5
BRDA:15,2,1,3
BRDA:38,3,0,4
BRDA:38,3,1,1
BRDA:39,4,0,3
BRDA:39,4,1,1
BRDA:112,5,0,2
BRDA:113,6,0,2
BRDA:124,7,0,6
BRDA:124,7,1,3
BRDA:127,8,0,6
BRDA:127,8,1,1
BRDA:133,9,0,0
BRDA:143,10,0,5
BRDA:143,10,1,4
BRF:19
BRH:18
end_of_record
TN:
SF:components\Chatbot\api\index.ts
FN:29,(anonymous_0)
FN:34,(anonymous_1)
FNF:2
FNH:0
FNDA:0,(anonymous_0)
FNDA:0,(anonymous_1)
DA:29,0
DA:30,0
DA:31,0
DA:34,0
DA:35,0
LF:5
LH:0
BRF:0
BRH:0
end_of_record
TN:
SF:components\DocumentCard\index.tsx
FN:20,DocumentCard
FN:25,(anonymous_1)
FNF:2
FNH:2
FNDA:18,DocumentCard
FNDA:1,(anonymous_1)
DA:21,18
DA:23,18
DA:26,1
LF:3
LH:3
BRDA:35,0,0,17
BRDA:35,0,1,1
BRDA:59,1,0,18
BRDA:59,1,1,1
BRDA:65,2,0,18
BRDA:65,2,1,1
BRF:6
BRH:6
end_of_record
TN:
SF:components\FacultyCard\index.tsx
FN:14,FacultyCard
FN:18,(anonymous_1)
FNF:2
FNH:2
FNDA:9,FacultyCard
FNDA:1,(anonymous_1)
DA:15,9
DA:16,9
DA:18,1
LF:3
LH:3
BRDA:23,0,0,1
BRDA:23,0,1,8
BRF:2
BRH:2
end_of_record
TN:
SF:components\FacultyScreen\index.tsx
FN:12,FacultyScreen
FN:23,(anonymous_1)
FN:29,(anonymous_2)
FN:34,(anonymous_3)
FN:44,(anonymous_4)
FN:47,(anonymous_5)
FN:58,(anonymous_6)
FN:61,(anonymous_7)
FN:71,(anonymous_8)
FN:92,(anonymous_9)
FN:156,(anonymous_10)
FN:161,(anonymous_11)
FN:180,(anonymous_12)
FNF:13
FNH:13
FNDA:11,FacultyScreen
FNDA:11,(anonymous_1)
FNDA:5,(anonymous_2)
FNDA:1,(anonymous_3)
FNDA:1,(anonymous_4)
FNDA:1,(anonymous_5)
FNDA:4,(anonymous_6)
FNDA:1,(anonymous_7)
FNDA:1,(anonymous_8)
FNDA:1,(anonymous_9)
FNDA:5,(anonymous_10)
FNDA:4,(anonymous_11)
FNDA:1,(anonymous_12)
DA:13,11
DA:14,11
DA:15,11
DA:17,11
DA:18,11
DA:19,11
DA:20,11
DA:23,11
DA:24,11
DA:25,9
DA:29,11
DA:30,5
DA:32,5
DA:33,2
DA:35,1
DA:43,3
DA:45,1
DA:48,1
DA:58,11
DA:59,4
DA:60,2
DA:62,1
DA:70,2
DA:72,1
DA:82,11
DA:83,11
DA:85,11
DA:92,1
DA:157,5
DA:161,4
DA:181,1
LF:31
LH:31
BRDA:24,0,0,9
BRDA:24,0,1,2
BRDA:24,1,0,11
BRDA:24,1,1,9
BRDA:25,2,0,9
BRDA:25,2,1,0
BRDA:30,3,0,0
BRDA:30,3,1,5
BRDA:32,4,0,2
BRDA:32,4,1,3
BRDA:59,5,0,2
BRDA:59,5,1,2
BRDA:82,6,0,11
BRDA:82,6,1,11
BRDA:83,7,0,11
BRDA:83,7,1,11
BRDA:96,8,0,2
BRDA:96,8,1,9
BRDA:96,9,0,9
BRDA:96,9,1,0
BRDA:106,10,0,2
BRDA:106,10,1,9
BRDA:114,11,0,9
BRDA:114,11,1,0
BRDA:117,12,0,9
BRDA:117,12,1,0
BRDA:136,13,0,4
BRDA:136,13,1,5
BRDA:141,14,0,0
BRDA:141,14,1,9
BRDA:142,15,0,0
BRDA:142,15,1,0
BRDA:145,16,0,4
BRDA:145,16,1,5
BRDA:149,17,0,4
BRDA:149,17,1,5
BRDA:155,18,0,5
BRDA:155,18,1,4
BRDA:155,19,0,9
BRDA:155,19,1,9
BRDA:164,20,0,0
BRDA:164,20,1,5
BRDA:168,21,0,2
BRDA:168,21,1,3
BRDA:172,22,0,2
BRDA:172,22,1,3
BRDA:178,23,0,1
BRDA:178,23,1,4
BRDA:178,24,0,5
BRDA:178,24,1,5
BRDA:190,25,0,1
BRDA:190,25,1,1
BRF:52
BRH:43
end_of_record
TN:
SF:components\FacultyScreen\api\index.ts
FN:6,(anonymous_0)
FN:11,(anonymous_1)
FN:14,(anonymous_2)
FN:19,(anonymous_3)
FN:24,(anonymous_4)
FN:29,(anonymous_5)
FN:33,(anonymous_6)
FN:34,(anonymous_7)
FN:40,(anonymous_8)
FN:44,(anonymous_9)
FN:45,(anonymous_10)
FN:51,(anonymous_11)
FN:56,(anonymous_12)
FN:60,(anonymous_13)
FN:61,(anonymous_14)
FN:67,(anonymous_15)
FN:72,(anonymous_16)
FN:76,(anonymous_17)
FN:77,(anonymous_18)
FNF:19
FNH:19
FNDA:4,(anonymous_0)
FNDA:3,(anonymous_1)
FNDA:1,(anonymous_2)
FNDA:3,(anonymous_3)
FNDA:2,(anonymous_4)
FNDA:2,(anonymous_5)
FNDA:1,(anonymous_6)
FNDA:1,(anonymous_7)
FNDA:2,(anonymous_8)
FNDA:1,(anonymous_9)
FNDA:1,(anonymous_10)
FNDA:2,(anonymous_11)
FNDA:2,(anonymous_12)
FNDA:1,(anonymous_13)
FNDA:1,(anonymous_14)
FNDA:2,(anonymous_15)
FNDA:2,(anonymous_16)
FNDA:1,(anonymous_17)
FNDA:1,(anonymous_18)
DA:6,2
DA:7,4
DA:8,3
DA:11,2
DA:12,3
DA:14,1
DA:19,2
DA:20,3
DA:21,2
DA:24,2
DA:25,2
DA:26,2
DA:29,2
DA:30,2
DA:32,2
DA:33,1
DA:35,1
DA:40,2
DA:41,2
DA:43,2
DA:44,1
DA:46,1
DA:51,2
DA:52,2
DA:53,2
DA:56,2
DA:57,2
DA:59,2
DA:60,1
DA:62,1
DA:67,2
DA:68,2
DA:69,2
DA:72,2
DA:73,2
DA:75,2
DA:76,1
DA:78,1
LF:38
LH:38
BRF:0
BRH:0
end_of_record
TN:
SF:components\FollowingScreen\index.tsx
FN:17,FollowingScreen
FN:45,(anonymous_1)
FN:47,(anonymous_2)
FN:59,(anonymous_3)
FN:77,(anonymous_4)
FN:99,(anonymous_5)
FN:119,(anonymous_6)
FNF:7
FNH:7
FNDA:10,FollowingScreen
FNDA:40,(anonymous_1)
FNDA:4,(anonymous_2)
FNDA:3,(anonymous_3)
FNDA:4,(anonymous_4)
FNDA:4,(anonymous_5)
FNDA:4,(anonymous_6)
DA:18,10
DA:19,10
DA:21,10
DA:46,40
DA:47,4
DA:60,3
DA:78,4
DA:100,4
DA:120,4
LF:9
LH:9
BRDA:24,0,0,10
BRDA:24,0,1,1
BRDA:33,1,0,10
BRDA:33,1,1,9
BRDA:49,2,0,10
BRDA:49,2,1,30
BRDA:51,3,0,10
BRDA:51,3,1,30
BRDA:57,4,0,1
BRDA:57,4,1,9
BRDA:68,5,0,8
BRDA:68,5,1,1
BRDA:70,6,0,8
BRDA:70,6,1,3
BRDA:70,6,2,6
BRDA:70,6,3,5
BRDA:70,6,4,4
BRDA:92,7,0,8
BRDA:92,7,1,3
BRDA:92,7,2,6
BRDA:92,7,3,5
BRDA:92,7,4,4
BRDA:112,8,0,8
BRDA:112,8,1,3
BRDA:112,8,2,6
BRDA:112,8,3,5
BRDA:112,8,4,4
BRDA:132,9,0,8
BRDA:132,9,1,7
BRDA:132,9,2,2
BRDA:132,9,3,1
BRDA:132,9,4,2
BRDA:132,9,5,1
BRDA:132,9,6,2
BRF:34
BRH:34
end_of_record
TN:
SF:components\FormField\index.tsx
FN:13,(anonymous_0)
FNF:1
FNH:1
FNDA:25,(anonymous_0)
DA:13,1
DA:21,25
LF:2
LH:2
BRDA:18,0,0,23
BRDA:19,1,0,21
BRDA:30,2,0,3
BRDA:30,2,1,22
BRDA:44,3,0,3
BRDA:44,3,1,22
BRF:6
BRH:6
end_of_record
TN:
SF:components\Profile\edit.tsx
FN:12,EditProfileScreen
FN:27,(anonymous_1)
FN:41,(anonymous_2)
FN:50,(anonymous_3)
FN:56,(anonymous_4)
FN:111,(anonymous_5)
FN:167,(anonymous_6)
FN:257,(anonymous_7)
FN:271,(anonymous_8)
FN:289,(anonymous_9)
FN:298,(anonymous_10)
FN:305,(anonymous_11)
FN:308,(anonymous_12)
FNF:13
FNH:10
FNDA:52,EditProfileScreen
FNDA:24,(anonymous_1)
FNDA:22,(anonymous_2)
FNDA:1,(anonymous_3)
FNDA:10,(anonymous_4)
FNDA:3,(anonymous_5)
FNDA:0,(anonymous_6)
FNDA:1,(anonymous_7)
FNDA:4,(anonymous_8)
FNDA:0,(anonymous_9)
FNDA:0,(anonymous_10)
FNDA:100,(anonymous_11)
FNDA:1,(anonymous_12)
DA:13,52
DA:14,52
DA:15,52
DA:16,52
DA:18,52
DA:19,52
DA:20,52
DA:21,52
DA:22,52
DA:23,52
DA:24,52
DA:25,52
DA:27,52
DA:28,24
DA:29,22
DA:30,22
DA:31,22
DA:32,22
DA:34,22
DA:35,12
DA:39,22
DA:40,22
DA:41,22
DA:43,22
DA:44,22
DA:50,52
DA:51,1
DA:52,1
DA:53,1
DA:56,52
DA:58,10
DA:59,10
DA:60,1
DA:61,1
DA:64,9
DA:65,1
DA:66,1
DA:69,8
DA:70,1
DA:71,1
DA:75,7
DA:76,7
DA:78,7
DA:79,7
DA:80,7
DA:81,0
DA:82,0
DA:85,7
DA:86,7
DA:88,7
DA:89,2
DA:90,2
DA:93,5
DA:96,5
DA:97,5
DA:104,4
DA:107,1
DA:111,52
DA:112,3
DA:113,3
DA:115,3
DA:116,1
DA:117,1
DA:120,2
DA:127,1
DA:128,1
DA:129,1
DA:132,1
DA:133,1
DA:137,1
DA:144,1
DA:148,52
DA:149,2
DA:158,50
DA:167,0
DA:257,1
DA:273,4
DA:274,4
DA:275,4
DA:289,0
DA:298,0
DA:306,100
DA:308,1
LF:83
LH:78
BRDA:28,0,0,22
BRDA:28,0,1,2
BRDA:29,1,0,22
BRDA:29,1,1,0
BRDA:30,2,0,22
BRDA:30,2,1,0
BRDA:31,3,0,22
BRDA:31,3,1,0
BRDA:32,4,0,22
BRDA:32,4,1,0
BRDA:34,5,0,12
BRDA:34,5,1,10
BRDA:39,6,0,22
BRDA:39,6,1,0
BRDA:39,7,0,22
BRDA:39,7,1,22
BRDA:43,8,0,22
BRDA:43,8,1,0
BRDA:59,9,0,1
BRDA:59,9,1,9
BRDA:64,10,0,1
BRDA:64,10,1,8
BRDA:69,11,0,1
BRDA:69,11,1,7
BRDA:78,12,0,7
BRDA:78,12,1,0
BRDA:80,13,0,0
BRDA:80,13,1,7
BRDA:88,14,0,2
BRDA:88,14,1,5
BRDA:88,15,0,7
BRDA:88,15,1,6
BRDA:99,16,0,5
BRDA:99,16,1,0
BRDA:107,17,0,1
BRDA:107,17,1,0
BRDA:115,18,0,1
BRDA:115,18,1,2
BRDA:127,19,0,1
BRDA:127,19,1,0
BRDA:127,20,0,1
BRDA:127,20,1,1
BRDA:132,21,0,1
BRDA:132,21,1,0
BRDA:133,22,0,1
BRDA:133,22,1,0
BRDA:148,23,0,2
BRDA:148,23,1,50
BRDA:161,24,0,50
BRDA:161,24,1,0
BRDA:163,25,0,50
BRDA:163,25,1,0
BRDA:186,26,0,0
BRDA:186,26,1,50
BRDA:261,27,0,33
BRDA:261,27,1,17
BRDA:262,28,0,50
BRDA:262,28,1,17
BRDA:274,29,0,4
BRDA:274,29,1,0
BRDA:310,30,0,33
BRDA:310,30,1,67
BRDA:318,31,0,100
BRDA:318,31,1,33
BRF:64
BRH:47
end_of_record
TN:
SF:components\Profile\index.tsx
FN:17,(anonymous_0)
FN:37,ProfileScreen
FN:45,(anonymous_2)
FN:55,(anonymous_3)
FN:71,(anonymous_4)
FN:166,(anonymous_5)
FN:173,(anonymous_6)
FN:180,(anonymous_7)
FN:187,(anonymous_8)
FNF:9
FNH:9
FNDA:28,(anonymous_0)
FNDA:7,ProfileScreen
FNDA:1,(anonymous_2)
FNDA:1,(anonymous_3)
FNDA:1,(anonymous_4)
FNDA:1,(anonymous_5)
FNDA:1,(anonymous_6)
FNDA:1,(anonymous_7)
FNDA:1,(anonymous_8)
DA:17,1
DA:18,28
DA:38,7
DA:39,7
DA:40,7
DA:41,7
DA:43,7
DA:45,7
DA:46,1
DA:47,1
DA:50,7
DA:55,1
DA:71,1
DA:167,1
DA:174,1
DA:181,1
DA:188,1
LF:17
LH:17
BRDA:79,0,0,1
BRDA:79,0,1,6
BRDA:90,1,0,5
BRDA:90,1,1,1
BRDA:94,2,0,1
BRDA:94,2,1,4
BRF:6
BRH:6
end_of_record
TN:
SF:components\Profile\me.tsx
FN:11,MeScreen
FN:26,(anonymous_1)
FN:30,(anonymous_2)
FN:36,(anonymous_3)
FN:46,(anonymous_4)
FN:132,(anonymous_5)
FN:141,(anonymous_6)
FN:145,(anonymous_7)
FN:165,(anonymous_8)
FN:181,(anonymous_9)
FN:194,(anonymous_10)
FN:203,(anonymous_11)
FNF:12
FNH:12
FNDA:20,MeScreen
FNDA:20,(anonymous_1)
FNDA:2,(anonymous_2)
FNDA:10,(anonymous_3)
FNDA:20,(anonymous_4)
FNDA:20,(anonymous_5)
FNDA:15,(anonymous_6)
FNDA:4,(anonymous_7)
FNDA:1,(anonymous_8)
FNDA:1,(anonymous_9)
FNDA:16,(anonymous_10)
FNDA:10,(anonymous_11)
DA:12,20
DA:13,20
DA:20,20
DA:22,20
DA:24,20
DA:26,20
DA:27,20
DA:30,20
DA:31,2
DA:32,1
DA:36,20
DA:37,10
DA:38,6
DA:39,6
DA:40,4
DA:41,3
DA:42,2
DA:43,1
DA:46,20
DA:47,20
DA:132,20
DA:133,20
DA:134,1
DA:141,20
DA:142,15
DA:143,1
DA:146,4
DA:154,14
DA:161,20
DA:165,1
DA:181,1
DA:194,16
DA:204,10
LF:33
LH:33
BRDA:20,0,0,20
BRDA:20,0,1,5
BRDA:27,1,0,20
BRDA:27,1,1,1
BRDA:31,2,0,1
BRDA:31,2,1,1
BRDA:31,3,0,2
BRDA:31,3,1,1
BRDA:37,4,0,4
BRDA:37,4,1,6
BRDA:39,5,0,2
BRDA:39,5,1,4
BRDA:40,6,0,1
BRDA:40,6,1,3
BRDA:40,7,0,4
BRDA:40,7,1,3
BRDA:41,8,0,1
BRDA:41,8,1,2
BRDA:41,9,0,3
BRDA:41,9,1,2
BRDA:42,10,0,1
BRDA:42,10,1,1
BRDA:42,11,0,2
BRDA:42,11,1,1
BRDA:48,12,0,3
BRDA:48,12,1,17
BRDA:59,13,0,15
BRDA:59,13,1,2
BRDA:63,14,0,9
BRDA:63,14,1,6
BRDA:133,15,0,19
BRDA:133,15,1,1
BRDA:142,16,0,1
BRDA:142,16,1,14
BRDA:211,17,0,10
BRDA:211,17,1,10
BRDA:213,18,0,10
BRDA:213,18,1,9
BRF:38
BRH:38
end_of_record
TN:
SF:components\Profile\api\index.ts
FN:7,(anonymous_0)
FN:12,(anonymous_1)
FN:20,(anonymous_2)
FN:25,(anonymous_3)
FN:28,(anonymous_4)
FN:39,(anonymous_5)
FN:46,(anonymous_6)
FN:49,(anonymous_7)
FN:52,(anonymous_8)
FN:70,(anonymous_9)
FN:102,(anonymous_10)
FN:107,(anonymous_11)
FN:113,(anonymous_12)
FN:122,(anonymous_13)
FNF:14
FNH:5
FNDA:2,(anonymous_0)
FNDA:0,(anonymous_1)
FNDA:2,(anonymous_2)
FNDA:0,(anonymous_3)
FNDA:0,(anonymous_4)
FNDA:2,(anonymous_5)
FNDA:0,(anonymous_6)
FNDA:0,(anonymous_7)
FNDA:0,(anonymous_8)
FNDA:3,(anonymous_9)
FNDA:0,(anonymous_10)
FNDA:0,(anonymous_11)
FNDA:3,(anonymous_12)
FNDA:0,(anonymous_13)
DA:7,1
DA:8,2
DA:9,1
DA:12,1
DA:13,0
DA:20,1
DA:21,2
DA:22,2
DA:25,1
DA:26,0
DA:28,0
DA:39,1
DA:40,2
DA:43,2
DA:46,1
DA:47,0
DA:50,0
DA:53,0
DA:70,1
DA:71,3
DA:73,3
DA:74,2
DA:77,3
DA:78,1
DA:81,3
DA:82,1
DA:85,3
DA:86,1
DA:93,3
DA:99,3
DA:102,1
DA:103,0
DA:105,0
DA:108,0
DA:113,1
DA:114,3
DA:115,3
DA:116,3
DA:117,1
DA:119,2
DA:122,1
DA:123,0
LF:42
LH:32
BRDA:16,0,0,0
BRDA:16,0,1,0
BRDA:46,1,0,0
BRDA:49,2,0,0
BRDA:53,3,0,0
BRDA:53,3,1,0
BRDA:73,4,0,2
BRDA:73,4,1,1
BRDA:77,5,0,1
BRDA:77,5,1,2
BRDA:81,6,0,1
BRDA:81,6,1,2
BRDA:85,7,0,1
BRDA:85,7,1,2
BRDA:116,8,0,1
BRDA:116,8,1,2
BRDA:116,9,0,3
BRDA:116,9,1,2
BRF:18
BRH:12
end_of_record
TN:
SF:components\SubjectCard\index.tsx
FN:14,SubjectCard
FN:18,(anonymous_1)
FNF:2
FNH:2
FNDA:9,SubjectCard
FNDA:1,(anonymous_1)
DA:15,9
DA:16,9
DA:18,1
LF:3
LH:3
BRDA:23,0,0,1
BRDA:23,0,1,8
BRF:2
BRH:2
end_of_record
TN:
SF:components\Upload\detail.tsx
FN:16,UploadDetailScreen
FN:24,(anonymous_1)
FN:29,(anonymous_2)
FN:49,(anonymous_3)
FN:57,(anonymous_4)
FN:60,(anonymous_5)
FN:82,(anonymous_6)
FN:118,(anonymous_7)
FN:119,(anonymous_8)
FN:122,(anonymous_9)
FN:125,(anonymous_10)
FN:141,(anonymous_11)
FN:186,(anonymous_12)
FN:240,(anonymous_13)
FN:250,(anonymous_14)
FN:254,(anonymous_15)
FN:276,(anonymous_16)
FN:303,(anonymous_17)
FN:311,(anonymous_18)
FN:328,(anonymous_19)
FN:367,(anonymous_20)
FN:382,(anonymous_21)
FNF:22
FNH:19
FNDA:27,UploadDetailScreen
FNDA:27,(anonymous_1)
FNDA:27,(anonymous_2)
FNDA:27,(anonymous_3)
FNDA:0,(anonymous_4)
FNDA:3,(anonymous_5)
FNDA:11,(anonymous_6)
FNDA:5,(anonymous_7)
FNDA:5,(anonymous_8)
FNDA:5,(anonymous_9)
FNDA:5,(anonymous_10)
FNDA:4,(anonymous_11)
FNDA:2,(anonymous_12)
FNDA:1,(anonymous_13)
FNDA:1,(anonymous_14)
FNDA:1,(anonymous_15)
FNDA:0,(anonymous_16)
FNDA:0,(anonymous_17)
FNDA:1,(anonymous_18)
FNDA:1,(anonymous_19)
FNDA:1,(anonymous_20)
FNDA:1,(anonymous_21)
DA:17,27
DA:18,27
DA:19,27
DA:20,27
DA:23,27
DA:24,27
DA:25,27
DA:26,27
DA:29,27
DA:30,27
DA:31,27
DA:32,27
DA:36,27
DA:40,27
DA:41,27
DA:42,27
DA:43,27
DA:44,27
DA:45,27
DA:46,27
DA:47,27
DA:49,27
DA:50,27
DA:53,27
DA:54,1
DA:55,1
DA:57,27
DA:60,27
DA:61,3
DA:62,3
DA:63,3
DA:64,1
DA:65,1
DA:67,2
DA:74,1
DA:75,1
DA:78,1
DA:82,27
DA:84,11
DA:85,11
DA:86,1
DA:87,1
DA:91,10
DA:92,1
DA:93,1
DA:96,9
DA:97,1
DA:98,1
DA:101,8
DA:102,1
DA:103,1
DA:106,7
DA:107,1
DA:108,1
DA:111,6
DA:112,1
DA:113,1
DA:117,5
DA:118,5
DA:119,5
DA:121,5
DA:122,5
DA:124,5
DA:125,5
DA:127,5
DA:128,1
DA:129,1
DA:132,4
DA:134,4
DA:137,4
DA:138,4
DA:141,4
DA:142,4
DA:143,3
DA:145,3
DA:146,3
DA:150,3
DA:151,2
DA:154,2
DA:155,2
DA:156,2
DA:160,0
DA:162,1
DA:163,1
DA:166,1
DA:171,4
DA:172,2
DA:173,1
DA:174,1
DA:175,1
DA:182,3
DA:185,3
DA:187,2
DA:188,2
DA:189,2
DA:190,2
DA:198,3
DA:200,3
DA:215,3
DA:231,1
DA:232,1
DA:235,1
DA:237,1
DA:240,1
DA:244,3
DA:245,3
DA:249,27
DA:250,1
DA:254,1
DA:276,0
DA:303,0
DA:311,1
DA:329,1
DA:367,1
DA:382,1
LF:115
LH:112
BRDA:30,0,0,27
BRDA:30,0,1,0
BRDA:53,1,0,1
BRDA:53,1,1,26
BRDA:53,2,0,27
BRDA:53,2,1,11
BRDA:53,2,2,1
BRDA:63,3,0,1
BRDA:63,3,1,2
BRDA:74,4,0,1
BRDA:74,4,1,0
BRDA:74,5,0,1
BRDA:74,5,1,1
BRDA:85,6,0,1
BRDA:85,6,1,10
BRDA:91,7,0,1
BRDA:91,7,1,9
BRDA:96,8,0,1
BRDA:96,8,1,8
BRDA:101,9,0,1
BRDA:101,9,1,7
BRDA:106,10,0,1
BRDA:106,10,1,6
BRDA:111,11,0,1
BRDA:111,11,1,5
BRDA:117,12,0,5
BRDA:117,12,1,0
BRDA:127,13,0,1
BRDA:127,13,1,4
BRDA:127,14,0,5
BRDA:127,14,1,4
BRDA:137,15,0,4
BRDA:137,15,1,0
BRDA:138,16,0,4
BRDA:138,16,1,0
BRDA:142,17,0,3
BRDA:142,17,1,1
BRDA:142,18,0,4
BRDA:142,18,1,1
BRDA:154,19,0,2
BRDA:154,19,1,0
BRDA:154,20,0,2
BRDA:154,20,1,2
BRDA:171,21,0,2
BRDA:171,21,1,2
BRDA:173,22,0,1
BRDA:173,22,1,0
BRDA:188,23,0,2
BRDA:188,23,1,0
BRDA:212,24,0,1
BRDA:212,24,1,2
BRDA:227,25,0,1
BRDA:227,25,1,2
BRDA:245,26,0,3
BRDA:245,26,1,2
BRDA:265,27,0,2
BRDA:265,27,1,25
BRDA:287,28,0,0
BRDA:287,28,1,27
BRDA:292,29,0,27
BRDA:292,29,1,0
BRDA:295,30,0,27
BRDA:295,30,1,0
BRDA:317,31,0,27
BRDA:317,31,1,2
BRDA:346,32,0,27
BRDA:346,32,1,13
BRDA:353,33,0,2
BRDA:353,33,1,11
BRDA:373,34,0,27
BRDA:373,34,1,11
BRDA:375,35,0,1
BRDA:375,35,1,10
BRDA:388,36,0,27
BRDA:388,36,1,11
BRDA:390,37,0,1
BRDA:390,37,1,10
BRDA:407,38,0,0
BRDA:407,38,1,27
BRF:79
BRH:67
end_of_record
TN:
SF:components\Upload\api\index.ts
FN:28,(anonymous_0)
FN:66,(anonymous_1)
FN:95,(anonymous_2)
FN:99,(anonymous_3)
FNF:4
FNH:2
FNDA:9,(anonymous_0)
FNDA:2,(anonymous_1)
FNDA:0,(anonymous_2)
FNDA:0,(anonymous_3)
DA:28,1
DA:29,9
DA:32,9
DA:39,9
DA:42,9
DA:45,9
DA:48,9
DA:51,9
DA:52,1
DA:56,9
DA:57,1
DA:65,9
DA:66,1
DA:67,2
DA:75,9
DA:86,9
DA:92,6
DA:95,1
DA:96,0
DA:97,0
DA:100,0
LF:21
LH:18
BRDA:51,0,0,1
BRDA:51,0,1,8
BRDA:56,1,0,1
BRDA:56,1,1,8
BRDA:65,2,0,1
BRDA:65,2,1,8
BRDA:65,3,0,9
BRDA:65,3,1,2
BRF:8
BRH:8
end_of_record
TN:
SF:components\UserCard\index.tsx
FN:18,UserCard
FN:26,(anonymous_1)
FN:30,(anonymous_2)
FN:37,(anonymous_3)
FN:47,(anonymous_4)
FNF:5
FNH:0
FNDA:0,UserCard
FNDA:0,(anonymous_1)
FNDA:0,(anonymous_2)
FNDA:0,(anonymous_3)
FNDA:0,(anonymous_4)
DA:19,0
DA:20,0
DA:21,0
DA:22,0
DA:24,0
DA:26,0
DA:27,0
DA:29,0
DA:32,0
DA:33,0
DA:34,0
DA:38,0
DA:47,0
DA:48,0
DA:51,0
LF:15
LH:0
BRDA:32,0,0,0
BRDA:32,0,1,0
BRDA:59,1,0,0
BRDA:59,1,1,0
BRDA:69,2,0,0
BRDA:69,2,1,0
BRDA:76,3,0,0
BRDA:76,3,1,0
BRDA:81,4,0,0
BRDA:81,4,1,0
BRDA:85,5,0,0
BRDA:85,5,1,0
BRF:12
BRH:0
end_of_record
TN:
SF:components\UserCard\api\index.ts
FN:6,(anonymous_0)
FN:11,(anonymous_1)
FN:15,(anonymous_2)
FN:16,(anonymous_3)
FN:21,(anonymous_4)
FN:34,(anonymous_5)
FN:39,(anonymous_6)
FN:41,(anonymous_7)
FNF:8
FNH:1
FNDA:5,(anonymous_0)
FNDA:0,(anonymous_1)
FNDA:0,(anonymous_2)
FNDA:0,(anonymous_3)
FNDA:0,(anonymous_4)
FNDA:0,(anonymous_5)
FNDA:0,(anonymous_6)
FNDA:0,(anonymous_7)
DA:6,1
DA:7,5
DA:8,3
DA:11,1
DA:12,0
DA:14,0
DA:15,0
DA:17,0
DA:19,0
DA:21,0
DA:22,0
DA:23,0
DA:32,0
DA:35,0
DA:36,0
DA:40,0
DA:41,0
DA:42,0
DA:43,0
DA:49,0
DA:50,0
LF:21
LH:4
BRDA:22,0,0,0
BRDA:22,0,1,0
BRDA:26,1,0,0
BRDA:26,1,1,0
BRDA:35,2,0,0
BRDA:35,2,1,0
BRDA:40,3,0,0
BRDA:40,3,1,0
BRDA:42,4,0,0
BRDA:42,4,1,0
BRF:10
BRH:0
end_of_record
TN:
SF:components\auth\ForgotPasswordForm.tsx
FN:12,ForgotPasswordForm
FN:19,(anonymous_1)
FN:32,(anonymous_2)
FN:49,(anonymous_3)
FNF:4
FNH:4
FNDA:27,ForgotPasswordForm
FNDA:6,(anonymous_1)
FNDA:6,(anonymous_2)
FNDA:1,(anonymous_3)
DA:13,27
DA:14,27
DA:16,27
DA:17,27
DA:19,27
DA:20,6
DA:22,6
DA:23,1
DA:24,5
DA:25,1
DA:28,6
DA:29,6
DA:32,27
DA:33,6
DA:34,4
DA:38,27
DA:49,1
LF:17
LH:17
BRDA:12,0,0,13
BRDA:22,1,0,1
BRDA:22,1,1,5
BRDA:24,2,0,1
BRDA:24,2,1,4
BRDA:33,3,0,4
BRDA:33,3,1,2
BRDA:40,4,0,27
BRDA:40,4,1,0
BRDA:42,5,0,27
BRDA:42,5,1,0
BRDA:64,6,0,2
BRDA:64,6,1,25
BRDA:65,7,0,2
BRDA:65,7,1,25
BRDA:93,8,0,27
BRDA:93,8,1,2
BRF:17
BRH:15
end_of_record
TN:
SF:components\auth\LoginForm.tsx
FN:21,LoginForm
FN:30,(anonymous_1)
FN:49,(anonymous_2)
FN:104,(anonymous_3)
FN:152,(anonymous_4)
FN:169,(anonymous_5)
FN:179,(anonymous_6)
FNF:7
FNH:5
FNDA:46,LoginForm
FNDA:10,(anonymous_1)
FNDA:10,(anonymous_2)
FNDA:0,(anonymous_3)
FNDA:0,(anonymous_4)
FNDA:1,(anonymous_5)
FNDA:1,(anonymous_6)
DA:22,46
DA:23,46
DA:24,46
DA:25,46
DA:27,46
DA:28,46
DA:30,46
DA:31,10
DA:33,10
DA:34,2
DA:35,8
DA:36,1
DA:39,10
DA:40,2
DA:41,8
DA:42,1
DA:45,10
DA:46,10
DA:49,46
DA:50,10
DA:51,5
DA:55,46
DA:104,0
DA:152,0
DA:169,1
DA:179,1
LF:26
LH:24
BRDA:21,0,0,29
BRDA:33,1,0,2
BRDA:33,1,1,8
BRDA:35,2,0,1
BRDA:35,2,1,7
BRDA:39,3,0,2
BRDA:39,3,1,8
BRDA:41,4,0,1
BRDA:41,4,1,7
BRDA:50,5,0,5
BRDA:50,5,1,5
BRDA:57,6,0,46
BRDA:57,6,1,0
BRDA:59,7,0,46
BRDA:59,7,1,0
BRDA:65,8,0,0
BRDA:65,8,1,46
BRDA:83,9,0,3
BRDA:83,9,1,43
BRDA:84,10,0,3
BRDA:84,10,1,43
BRDA:113,11,0,46
BRDA:113,11,1,3
BRDA:123,12,0,3
BRDA:123,12,1,43
BRDA:124,13,0,3
BRDA:124,13,1,43
BRDA:157,14,0,0
BRDA:157,14,1,46
BRDA:163,15,0,46
BRDA:163,15,1,3
BRF:31
BRH:27
end_of_record
TN:
SF:components\auth\NewPasswordForm.tsx
FN:12,NewPasswordForm
FN:23,(anonymous_1)
FN:42,(anonymous_2)
FN:61,(anonymous_3)
FN:98,(anonymous_4)
FN:108,(anonymous_5)
FN:159,(anonymous_6)
FNF:7
FNH:3
FNDA:40,NewPasswordForm
FNDA:7,(anonymous_1)
FNDA:7,(anonymous_2)
FNDA:0,(anonymous_3)
FNDA:0,(anonymous_4)
FNDA:0,(anonymous_5)
FNDA:0,(anonymous_6)
DA:13,40
DA:14,40
DA:15,40
DA:16,40
DA:17,40
DA:19,40
DA:20,40
DA:21,40
DA:23,40
DA:24,7
DA:26,7
DA:27,1
DA:28,6
DA:29,1
DA:32,7
DA:33,2
DA:34,5
DA:35,1
DA:38,7
DA:39,7
DA:42,40
DA:43,7
DA:44,3
DA:48,40
DA:61,0
DA:98,0
DA:108,0
DA:159,0
LF:28
LH:24
BRDA:12,0,0,22
BRDA:26,1,0,1
BRDA:26,1,1,6
BRDA:28,2,0,1
BRDA:28,2,1,5
BRDA:32,3,0,2
BRDA:32,3,1,5
BRDA:34,4,0,1
BRDA:34,4,1,4
BRDA:43,5,0,3
BRDA:43,5,1,4
BRDA:50,6,0,40
BRDA:50,6,1,0
BRDA:52,7,0,40
BRDA:52,7,1,0
BRDA:77,8,0,2
BRDA:77,8,1,38
BRDA:78,9,0,2
BRDA:78,9,1,38
BRDA:113,10,0,0
BRDA:113,10,1,40
BRDA:119,11,0,40
BRDA:119,11,1,2
BRDA:129,12,0,3
BRDA:129,12,1,37
BRDA:130,13,0,3
BRDA:130,13,1,37
BRDA:164,14,0,0
BRDA:164,14,1,40
BRDA:170,15,0,40
BRDA:170,15,1,3
BRF:31
BRH:27
end_of_record
TN:
SF:components\auth\OtpCodeForm.tsx
FN:13,OtpCodeForm
FN:24,(anonymous_1)
FN:25,(anonymous_2)
FN:34,(anonymous_3)
FN:44,(anonymous_4)
FN:61,(anonymous_5)
FN:75,(anonymous_6)
FN:76,(anonymous_7)
FN:96,(anonymous_8)
FN:97,(anonymous_9)
FN:116,(anonymous_10)
FN:117,(anonymous_11)
FN:136,(anonymous_12)
FN:137,(anonymous_13)
FNF:14
FNH:10
FNDA:54,OtpCodeForm
FNDA:6,(anonymous_1)
FNDA:20,(anonymous_2)
FNDA:22,(anonymous_3)
FNDA:1,(anonymous_4)
FNDA:0,(anonymous_5)
FNDA:8,(anonymous_6)
FNDA:0,(anonymous_7)
FNDA:6,(anonymous_8)
FNDA:1,(anonymous_9)
FNDA:4,(anonymous_10)
FNDA:0,(anonymous_11)
FNDA:4,(anonymous_12)
FNDA:0,(anonymous_13)
DA:14,54
DA:15,54
DA:17,54
DA:24,54
DA:25,20
DA:26,4
DA:27,4
DA:28,4
DA:30,2
DA:34,54
DA:35,22
DA:36,22
DA:37,22
DA:39,22
DA:40,18
DA:44,54
DA:45,1
DA:46,0
DA:50,54
DA:61,0
DA:75,8
DA:76,0
DA:96,6
DA:97,1
DA:116,4
DA:117,0
DA:136,4
DA:137,0
LF:28
LH:23
BRDA:13,0,0,23
BRDA:25,1,0,4
BRDA:25,1,1,2
BRDA:39,2,0,18
BRDA:39,2,1,4
BRDA:39,3,0,22
BRDA:39,3,1,22
BRDA:45,4,0,0
BRDA:45,4,1,1
BRDA:45,5,0,1
BRDA:45,5,1,1
BRDA:45,5,2,0
BRDA:52,6,0,54
BRDA:52,6,1,0
BRDA:54,7,0,54
BRDA:54,7,1,0
BRDA:89,8,0,2
BRDA:89,8,1,52
BRDA:90,9,0,2
BRDA:90,9,1,52
BRDA:105,10,0,2
BRDA:105,10,1,52
BRDA:106,11,0,2
BRDA:106,11,1,52
BRDA:125,12,0,2
BRDA:125,12,1,52
BRDA:126,13,0,2
BRDA:126,13,1,52
BRDA:145,14,0,2
BRDA:145,14,1,52
BRDA:146,15,0,2
BRDA:146,15,1,52
BRDA:155,16,0,54
BRDA:155,16,1,2
BRF:34
BRH:30
end_of_record
TN:
SF:components\auth\SignupForm.tsx
FN:22,SignupForm
FN:40,(anonymous_1)
FN:45,(anonymous_2)
FN:52,(anonymous_3)
FN:59,(anonymous_4)
FN:88,(anonymous_5)
FN:140,(anonymous_6)
FN:182,(anonymous_7)
FN:232,(anonymous_8)
FN:285,(anonymous_9)
FN:310,(anonymous_10)
FNF:11
FNH:7
FNDA:58,SignupForm
FNDA:17,(anonymous_1)
FNDA:24,(anonymous_2)
FNDA:24,(anonymous_3)
FNDA:9,(anonymous_4)
FNDA:9,(anonymous_5)
FNDA:0,(anonymous_6)
FNDA:0,(anonymous_7)
FNDA:0,(anonymous_8)
FNDA:0,(anonymous_9)
FNDA:1,(anonymous_10)
DA:23,58
DA:24,58
DA:25,58
DA:26,58
DA:27,58
DA:28,58
DA:29,58
DA:30,58
DA:32,58
DA:33,58
DA:34,58
DA:35,58
DA:36,58
DA:37,58
DA:40,58
DA:41,17
DA:45,58
DA:46,24
DA:47,7
DA:48,7
DA:52,58
DA:53,24
DA:54,7
DA:55,7
DA:59,58
DA:60,9
DA:62,9
DA:63,1
DA:66,9
DA:67,2
DA:68,7
DA:69,1
DA:72,9
DA:73,2
DA:74,7
DA:75,1
DA:78,9
DA:79,2
DA:80,7
DA:81,1
DA:84,9
DA:85,9
DA:88,58
DA:89,9
DA:90,4
DA:94,58
DA:140,0
DA:182,0
DA:232,0
DA:285,0
DA:310,1
LF:51
LH:47
BRDA:22,0,0,35
BRDA:46,1,0,7
BRDA:46,1,1,17
BRDA:46,2,0,24
BRDA:46,2,1,7
BRDA:53,3,0,7
BRDA:53,3,1,17
BRDA:53,4,0,24
BRDA:53,4,1,7
BRDA:62,5,0,1
BRDA:62,5,1,8
BRDA:66,6,0,2
BRDA:66,6,1,7
BRDA:68,7,0,1
BRDA:68,7,1,6
BRDA:72,8,0,2
BRDA:72,8,1,7
BRDA:74,9,0,1
BRDA:74,9,1,6
BRDA:78,10,0,2
BRDA:78,10,1,7
BRDA:80,11,0,1
BRDA:80,11,1,6
BRDA:89,12,0,4
BRDA:89,12,1,5
BRDA:96,13,0,58
BRDA:96,13,1,0
BRDA:98,14,0,58
BRDA:98,14,1,0
BRDA:104,15,0,0
BRDA:104,15,1,58
BRDA:122,16,0,1
BRDA:122,16,1,57
BRDA:123,17,0,1
BRDA:123,17,1,57
BRDA:161,18,0,3
BRDA:161,18,1,55
BRDA:162,19,0,3
BRDA:162,19,1,55
BRDA:192,20,0,58
BRDA:192,20,1,3
BRDA:202,21,0,3
BRDA:202,21,1,55
BRDA:203,22,0,3
BRDA:203,22,1,55
BRDA:237,23,0,0
BRDA:237,23,1,58
BRDA:243,24,0,58
BRDA:243,24,1,3
BRDA:255,25,0,3
BRDA:255,25,1,55
BRDA:256,26,0,3
BRDA:256,26,1,55
BRDA:290,27,0,0
BRDA:290,27,1,58
BRDA:296,28,0,58
BRDA:296,28,1,3
BRF:57
BRH:52
end_of_record
TN:
SF:components\onboard\constants.ts
FNF:0
FNH:0
DA:3,0
LF:1
LH:0
BRF:0
BRH:0
end_of_record
TN:
SF:components\onboard\interfaces.ts
FNF:0
FNH:0
LF:0
LH:0
BRF:0
BRH:0
end_of_record
TN:
SF:components\searchResultScreen\index.tsx
FN:18,SearchResultScreen
FN:38,(anonymous_1)
FN:39,(anonymous_2)
FN:43,(anonymous_3)
FN:46,(anonymous_4)
FN:52,(anonymous_5)
FN:72,(anonymous_6)
FN:83,(anonymous_7)
FN:91,(anonymous_8)
FN:94,(anonymous_9)
FN:105,(anonymous_10)
FN:120,(anonymous_11)
FN:122,(anonymous_12)
FN:138,(anonymous_13)
FN:141,(anonymous_14)
FN:161,(anonymous_15)
FN:172,(anonymous_16)
FN:196,(anonymous_17)
FN:205,(anonymous_18)
FN:232,(anonymous_19)
FN:241,(anonymous_20)
FN:264,(anonymous_21)
FN:273,(anonymous_22)
FN:306,(anonymous_23)
FN:308,(anonymous_24)
FN:310,(anonymous_25)
FN:318,(anonymous_26)
FN:326,(anonymous_27)
FN:340,(anonymous_28)
FN:343,(anonymous_29)
FN:343,(anonymous_30)
FN:368,(anonymous_31)
FN:371,(anonymous_32)
FN:371,(anonymous_33)
FN:391,(anonymous_34)
FN:394,(anonymous_35)
FN:394,(anonymous_36)
FN:416,(anonymous_37)
FN:424,(anonymous_38)
FNF:39
FNH:36
FNDA:49,SearchResultScreen
FNDA:23,(anonymous_1)
FNDA:1,(anonymous_2)
FNDA:23,(anonymous_3)
FNDA:19,(anonymous_4)
FNDA:2,(anonymous_5)
FNDA:1,(anonymous_6)
FNDA:3,(anonymous_7)
FNDA:1,(anonymous_8)
FNDA:1,(anonymous_9)
FNDA:9,(anonymous_10)
FNDA:245,(anonymous_11)
FNDA:1,(anonymous_12)
FNDA:8,(anonymous_13)
FNDA:1,(anonymous_14)
FNDA:4,(anonymous_15)
FNDA:37,(anonymous_16)
FNDA:4,(anonymous_17)
FNDA:36,(anonymous_18)
FNDA:4,(anonymous_19)
FNDA:36,(anonymous_20)
FNDA:4,(anonymous_21)
FNDA:36,(anonymous_22)
FNDA:0,(anonymous_23)
FNDA:0,(anonymous_24)
FNDA:0,(anonymous_25)
FNDA:1,(anonymous_26)
FNDA:2,(anonymous_27)
FNDA:147,(anonymous_28)
FNDA:4,(anonymous_29)
FNDA:4,(anonymous_30)
FNDA:196,(anonymous_31)
FNDA:2,(anonymous_32)
FNDA:2,(anonymous_33)
FNDA:49,(anonymous_34)
FNDA:2,(anonymous_35)
FNDA:2,(anonymous_36)
FNDA:1,(anonymous_37)
FNDA:1,(anonymous_38)
DA:19,49
DA:20,49
DA:21,49
DA:22,49
DA:23,49
DA:24,49
DA:25,49
DA:26,49
DA:27,49
DA:28,49
DA:29,49
DA:30,49
DA:31,49
DA:32,49
DA:34,49
DA:36,49
DA:38,49
DA:39,23
DA:40,1
DA:43,23
DA:46,49
DA:47,19
DA:48,0
DA:52,49
DA:53,2
DA:55,2
DA:56,2
DA:58,2
DA:65,49
DA:72,1
DA:84,3
DA:85,3
DA:86,3
DA:88,0
DA:91,1
DA:95,1
DA:96,1
DA:97,1
DA:106,9
DA:107,9
DA:121,245
DA:122,1
DA:139,8
DA:141,1
DA:162,4
DA:173,37
DA:197,4
DA:206,36
DA:233,4
DA:242,36
DA:265,4
DA:274,36
DA:306,0
DA:308,0
DA:319,1
DA:326,2
DA:341,147
DA:343,4
DA:369,196
DA:371,2
DA:392,49
DA:394,2
DA:416,1
DA:425,1
DA:426,1
DA:427,1
LF:66
LH:62
BRDA:21,0,0,49
BRDA:21,0,1,0
BRDA:28,1,0,49
BRDA:28,1,1,0
BRDA:31,2,0,49
BRDA:31,2,1,0
BRDA:47,3,0,0
BRDA:47,3,1,19
BRDA:47,4,0,19
BRDA:47,4,1,0
BRDA:55,5,0,2
BRDA:55,5,1,0
BRDA:85,6,0,3
BRDA:85,6,1,0
BRDA:85,7,0,3
BRDA:85,7,1,3
BRDA:93,8,0,49
BRDA:93,8,1,6
BRDA:113,9,0,49
BRDA:113,9,1,1
BRDA:113,10,0,49
BRDA:113,10,1,48
BRDA:119,11,0,4
BRDA:119,11,1,45
BRDA:124,12,0,49
BRDA:124,12,1,196
BRDA:126,13,0,49
BRDA:126,13,1,196
BRDA:133,14,0,4
BRDA:133,14,1,45
BRDA:136,15,0,4
BRDA:136,15,1,45
BRDA:156,16,0,45
BRDA:156,16,1,38
BRDA:156,17,0,44
BRDA:156,17,1,1
BRDA:156,18,0,44
BRDA:156,18,1,37
BRDA:159,19,0,1
BRDA:159,19,1,37
BRDA:170,20,0,37
BRDA:170,20,1,0
BRDA:170,21,0,37
BRDA:170,21,1,37
BRDA:191,22,0,45
BRDA:191,22,1,37
BRDA:191,23,0,44
BRDA:191,23,1,1
BRDA:191,24,0,44
BRDA:191,24,1,37
BRDA:194,25,0,1
BRDA:194,25,1,36
BRDA:203,26,0,36
BRDA:203,26,1,0
BRDA:203,27,0,36
BRDA:203,27,1,36
BRDA:227,28,0,45
BRDA:227,28,1,37
BRDA:227,29,0,44
BRDA:227,29,1,1
BRDA:227,30,0,44
BRDA:227,30,1,37
BRDA:230,31,0,1
BRDA:230,31,1,36
BRDA:239,32,0,36
BRDA:239,32,1,0
BRDA:239,33,0,36
BRDA:239,33,1,36
BRDA:259,34,0,45
BRDA:259,34,1,37
BRDA:259,35,0,44
BRDA:259,35,1,1
BRDA:259,36,0,44
BRDA:259,36,1,37
BRDA:262,37,0,1
BRDA:262,37,1,36
BRDA:271,38,0,36
BRDA:271,38,1,0
BRDA:271,39,0,36
BRDA:271,39,1,36
BRDA:291,40,0,45
BRDA:291,40,1,38
BRDA:291,40,2,7
BRDA:291,40,3,1
BRDA:291,40,4,6
BRDA:291,40,5,1
BRDA:291,40,6,5
BRDA:291,40,7,1
BRDA:291,40,8,4
BRDA:291,40,9,4
BRDA:315,41,0,49
BRDA:315,41,1,9
BRDA:315,42,0,49
BRDA:315,42,1,39
BRDA:343,43,0,1
BRDA:343,43,1,3
BRDA:344,44,0,4
BRDA:344,44,1,143
BRDA:349,45,0,4
BRDA:349,45,1,143
BRDA:371,46,0,1
BRDA:371,46,1,1
BRDA:372,47,0,1
BRDA:372,47,1,195
BRDA:377,48,0,1
BRDA:377,48,1,195
BRDA:394,49,0,1
BRDA:394,49,1,1
BRDA:395,50,0,1
BRDA:395,50,1,48
BRDA:400,51,0,1
BRDA:400,51,1,48
BRF:112
BRH:101
end_of_record
TN:
SF:components\searchResultScreen\api\index.ts
FN:6,(anonymous_0)
FN:15,(anonymous_1)
FN:26,(anonymous_2)
FN:29,(anonymous_3)
FN:34,(anonymous_4)
FN:39,(anonymous_5)
FNF:6
FNH:3
FNDA:7,(anonymous_0)
FNDA:6,(anonymous_1)
FNDA:0,(anonymous_2)
FNDA:0,(anonymous_3)
FNDA:2,(anonymous_4)
FNDA:0,(anonymous_5)
DA:6,1
DA:11,7
DA:15,6
DA:19,7
DA:21,7
DA:22,7
DA:26,1
DA:27,0
DA:29,0
DA:34,1
DA:35,2
DA:36,1
DA:39,1
DA:40,0
LF:14
LH:11
BRDA:8,0,0,3
BRDA:9,1,0,5
BRDA:15,2,0,6
BRDA:15,2,1,5
BRDA:30,3,0,0
BRDA:30,3,1,0
BRF:6
BRH:4
end_of_record
TN:
SF:components\searchScreen\index.tsx
FN:11,SearchScreen
FN:21,(anonymous_1)
FN:22,(anonymous_2)
FN:26,(anonymous_3)
FN:29,(anonymous_4)
FN:30,(anonymous_5)
FN:34,(anonymous_6)
FN:38,(anonymous_7)
FN:41,(anonymous_8)
FN:44,(anonymous_9)
FN:48,(anonymous_10)
FN:65,(anonymous_11)
FN:78,(anonymous_12)
FN:81,(anonymous_13)
FN:99,(anonymous_14)
FN:102,(anonymous_15)
FN:121,(anonymous_16)
FN:126,(anonymous_17)
FNF:18
FNH:17
FNDA:24,SearchScreen
FNDA:18,(anonymous_1)
FNDA:6,(anonymous_2)
FNDA:18,(anonymous_3)
FNDA:10,(anonymous_4)
FNDA:5,(anonymous_5)
FNDA:10,(anonymous_6)
FNDA:10,(anonymous_7)
FNDA:0,(anonymous_8)
FNDA:10,(anonymous_9)
FNDA:4,(anonymous_10)
FNDA:1,(anonymous_11)
FNDA:2,(anonymous_12)
FNDA:1,(anonymous_13)
FNDA:8,(anonymous_14)
FNDA:2,(anonymous_15)
FNDA:4,(anonymous_16)
FNDA:2,(anonymous_17)
DA:12,24
DA:13,24
DA:14,24
DA:15,24
DA:16,24
DA:17,24
DA:19,24
DA:21,24
DA:22,18
DA:23,6
DA:26,18
DA:29,24
DA:30,10
DA:31,5
DA:34,10
DA:37,24
DA:39,10
DA:40,10
DA:41,10
DA:42,0
DA:44,10
DA:48,24
DA:49,4
DA:50,3
DA:51,3
DA:58,24
DA:65,1
DA:78,2
DA:82,1
DA:83,1
DA:100,8
DA:102,2
DA:122,4
DA:127,2
LF:34
LH:33
BRDA:49,0,0,3
BRDA:49,0,1,1
BRDA:80,1,0,24
BRDA:80,1,1,12
BRDA:97,2,0,12
BRDA:97,2,1,12
BRDA:99,3,0,12
BRDA:99,3,1,0
BRDA:120,4,0,1
BRDA:120,4,1,11
BRDA:126,5,0,11
BRDA:126,5,1,0
BRF:12
BRH:10
end_of_record
TN:
SF:components\searchScreen\api\index.ts
FN:6,(anonymous_0)
FN:17,(anonymous_1)
FN:24,(anonymous_2)
FN:39,(anonymous_3)
FN:42,(anonymous_4)
FNF:5
FNH:2
FNDA:5,(anonymous_0)
FNDA:0,(anonymous_1)
FNDA:5,(anonymous_2)
FNDA:0,(anonymous_3)
FNDA:0,(anonymous_4)
DA:6,1
DA:7,5
DA:8,5
DA:9,4
DA:10,4
DA:12,1
DA:13,1
DA:17,1
DA:18,0
DA:24,1
DA:25,5
DA:26,5
DA:31,4
DA:32,4
DA:34,1
DA:35,1
DA:39,1
DA:40,0
DA:42,0
LF:19
LH:16
BRDA:10,0,0,1
BRDA:10,0,1,3
BRDA:32,1,0,3
BRDA:32,1,1,1
BRDA:43,2,0,0
BRDA:43,2,1,0
BRF:6
BRH:4
end_of_record
TN:
SF:components\searchScreen\utils\constants.ts
FNF:0
FNH:0
DA:1,1
LF:1
LH:1
BRF:0
BRH:0
end_of_record
TN:
SF:components\subjectScreen\index.tsx
FN:12,SubjectScreen
FN:25,(anonymous_1)
FN:32,(anonymous_2)
FN:37,(anonymous_3)
FN:42,(anonymous_4)
FN:52,(anonymous_5)
FN:72,(anonymous_6)
FN:140,(anonymous_7)
FN:150,(anonymous_8)
FNF:9
FNH:9
FNDA:10,SubjectScreen
FNDA:10,(anonymous_1)
FNDA:10,(anonymous_2)
FNDA:4,(anonymous_3)
FNDA:1,(anonymous_4)
FNDA:1,(anonymous_5)
FNDA:1,(anonymous_6)
FNDA:1,(anonymous_7)
FNDA:2,(anonymous_8)
DA:13,10
DA:14,10
DA:15,10
DA:17,10
DA:19,10
DA:21,10
DA:22,10
DA:25,10
DA:26,10
DA:27,7
DA:32,10
DA:33,10
DA:34,7
DA:37,10
DA:38,4
DA:40,4
DA:41,2
DA:43,1
DA:51,2
DA:53,1
DA:63,10
DA:65,10
DA:72,1
DA:141,1
DA:142,0
DA:144,1
DA:151,2
LF:27
LH:26
BRDA:26,0,0,7
BRDA:26,0,1,3
BRDA:26,1,0,10
BRDA:26,1,1,7
BRDA:27,2,0,7
BRDA:27,2,1,0
BRDA:33,3,0,3
BRDA:33,3,1,7
BRDA:34,4,0,7
BRDA:34,4,1,5
BRDA:34,4,2,5
BRDA:38,5,0,0
BRDA:38,5,1,4
BRDA:40,6,0,2
BRDA:40,6,1,2
BRDA:63,7,0,10
BRDA:63,7,1,9
BRDA:76,8,0,1
BRDA:76,8,1,9
BRDA:76,9,0,9
BRDA:76,9,1,2
BRDA:86,10,0,1
BRDA:86,10,1,9
BRDA:94,11,0,7
BRDA:94,11,1,2
BRDA:97,12,0,7
BRDA:97,12,1,1
BRDA:116,13,0,3
BRDA:116,13,1,4
BRDA:121,14,0,1
BRDA:121,14,1,6
BRDA:122,15,0,0
BRDA:122,15,1,1
BRDA:125,16,0,3
BRDA:125,16,1,3
BRDA:129,17,0,3
BRDA:129,17,1,3
BRDA:138,18,0,1
BRDA:138,18,1,6
BRDA:141,19,0,0
BRDA:141,19,1,1
BRDA:141,20,0,1
BRDA:141,20,1,1
BRDA:158,21,0,2
BRDA:158,21,1,2
BRF:45
BRH:41
end_of_record
TN:
SF:components\subjectScreen\api\index.ts
FN:6,(anonymous_0)
FN:11,(anonymous_1)
FN:14,(anonymous_2)
FN:19,(anonymous_3)
FN:24,(anonymous_4)
FN:29,(anonymous_5)
FN:33,(anonymous_6)
FN:34,(anonymous_7)
FN:40,(anonymous_8)
FN:44,(anonymous_9)
FN:45,(anonymous_10)
FNF:11
FNH:3
FNDA:3,(anonymous_0)
FNDA:0,(anonymous_1)
FNDA:0,(anonymous_2)
FNDA:2,(anonymous_3)
FNDA:2,(anonymous_4)
FNDA:0,(anonymous_5)
FNDA:0,(anonymous_6)
FNDA:0,(anonymous_7)
FNDA:0,(anonymous_8)
FNDA:0,(anonymous_9)
FNDA:0,(anonymous_10)
DA:6,1
DA:7,3
DA:8,2
DA:11,1
DA:12,0
DA:14,0
DA:19,1
DA:20,2
DA:21,1
DA:24,1
DA:25,2
DA:26,1
DA:29,1
DA:30,0
DA:32,0
DA:33,0
DA:35,0
DA:40,1
DA:41,0
DA:43,0
DA:44,0
DA:46,0
LF:22
LH:12
BRF:0
BRH:0
end_of_record
TN:
SF:components\ui\collapsible.tsx
FN:10,Collapsible
FN:18,(anonymous_1)
FN:18,(anonymous_2)
FNF:3
FNH:0
FNDA:0,Collapsible
FNDA:0,(anonymous_1)
FNDA:0,(anonymous_2)
DA:11,0
DA:12,0
DA:14,0
DA:18,0
DA:35,0
LF:5
LH:0
BRDA:12,0,0,0
BRDA:12,0,1,0
BRDA:24,1,0,0
BRDA:24,1,1,0
BRDA:25,2,0,0
BRDA:25,2,1,0
BRDA:30,3,0,0
BRDA:30,3,1,0
BRF:8
BRH:0
end_of_record
TN:
SF:components\ui\home-suggest-card.tsx
FN:8,SuggestCard
FN:19,(anonymous_1)
FN:27,(anonymous_2)
FN:31,(anonymous_3)
FN:47,(anonymous_4)
FN:56,(anonymous_5)
FN:67,(anonymous_6)
FN:97,(anonymous_7)
FN:104,(anonymous_8)
FNF:9
FNH:5
FNDA:14,SuggestCard
FNDA:0,(anonymous_1)
FNDA:14,(anonymous_2)
FNDA:26,(anonymous_3)
FNDA:0,(anonymous_4)
FNDA:1,(anonymous_5)
FNDA:14,(anonymous_6)
FNDA:0,(anonymous_7)
FNDA:0,(anonymous_8)
DA:9,14
DA:11,14
DA:12,14
DA:14,14
DA:15,14
DA:17,14
DA:19,14
DA:20,0
DA:24,0
DA:27,14
DA:28,14
DA:29,14
DA:31,26
DA:33,13
DA:34,13
DA:35,1
DA:36,1
DA:39,12
DA:40,12
DA:41,12
DA:44,0
DA:47,14
DA:48,0
DA:49,0
DA:51,0
DA:52,0
DA:56,14
DA:57,1
DA:58,1
DA:67,14
DA:68,14
DA:70,13
DA:71,13
DA:72,13
DA:73,13
DA:76,0
DA:79,14
DA:98,0
DA:105,0
LF:39
LH:29
BRDA:17,0,0,14
BRDA:17,0,1,0
BRDA:28,1,0,14
BRDA:28,1,1,0
BRDA:29,2,0,1
BRDA:29,2,1,13
BRDA:34,3,0,1
BRDA:34,3,1,12
BRDA:40,4,0,12
BRDA:40,4,1,0
BRDA:51,5,0,0
BRDA:51,5,1,0
BRDA:51,6,0,0
BRDA:51,6,1,0
BRDA:57,7,0,1
BRDA:57,7,1,0
BRDA:68,8,0,1
BRDA:68,8,1,13
BRDA:70,9,0,13
BRDA:70,9,1,0
BRDA:72,10,0,0
BRDA:72,10,1,13
BRF:22
BRH:12
end_of_record
TN:
SF:components\ui\icon-symbol.ios.tsx
FN:4,IconSymbol
FNF:1
FNH:0
FNDA:0,IconSymbol
DA:17,0
LF:1
LH:0
BRDA:6,0,0,0
BRDA:9,1,0,0
BRF:2
BRH:0
end_of_record
TN:
SF:components\ui\icon-symbol.tsx
FN:28,IconSymbol
FNF:1
FNH:0
FNDA:0,IconSymbol
DA:16,0
DA:40,0
LF:2
LH:0
BRDA:30,0,0,0
BRF:1
BRH:0
end_of_record
TN:
SF:components\ui\saved-doc-card.tsx
FN:10,SavedDocCard
FN:16,(anonymous_1)
FN:22,(anonymous_2)
FN:26,(anonymous_3)
FN:64,(anonymous_4)
FN:109,(anonymous_5)
FN:112,(anonymous_6)
FN:115,(anonymous_7)
FN:169,(anonymous_8)
FN:179,(anonymous_9)
FNF:10
FNH:8
FNDA:9,SavedDocCard
FNDA:6,(anonymous_1)
FNDA:4,(anonymous_2)
FNDA:6,(anonymous_3)
FNDA:1,(anonymous_4)
FNDA:5,(anonymous_5)
FNDA:29,(anonymous_6)
FNDA:1,(anonymous_7)
FNDA:0,(anonymous_8)
FNDA:0,(anonymous_9)
DA:11,9
DA:13,9
DA:14,9
DA:16,9
DA:17,6
DA:22,9
DA:23,4
DA:26,9
DA:27,6
DA:28,6
DA:30,6
DA:32,6
DA:33,6
DA:34,6
DA:36,6
DA:37,40
DA:38,40
DA:40,40
DA:41,4
DA:42,4
DA:43,4
DA:47,6
DA:49,6
DA:50,2
DA:51,1
DA:52,1
DA:53,1
DA:54,1
DA:57,1
DA:64,1
DA:71,1
DA:74,4
DA:75,1
DA:76,1
DA:77,1
DA:78,1
DA:81,3
DA:82,1
DA:83,1
DA:90,1
DA:94,2
DA:95,2
DA:96,1
DA:101,1
DA:104,0
DA:105,0
DA:109,9
DA:110,5
DA:111,5
DA:112,29
DA:115,9
DA:116,1
DA:117,1
DA:130,1
DA:133,9
DA:169,0
DA:179,0
LF:57
LH:53
BRDA:11,0,0,9
BRDA:11,0,1,0
BRDA:40,1,0,4
BRDA:40,1,1,36
BRDA:49,2,0,2
BRDA:49,2,1,4
BRDA:50,3,0,1
BRDA:50,3,1,1
BRDA:50,4,0,2
BRDA:50,4,1,2
BRDA:50,4,2,1
BRDA:74,5,0,1
BRDA:74,5,1,3
BRDA:74,6,0,4
BRDA:74,6,1,3
BRDA:81,7,0,1
BRDA:81,7,1,2
BRDA:95,8,0,1
BRDA:95,8,1,1
BRDA:110,9,0,0
BRDA:110,9,1,5
BRDA:130,10,0,1
BRDA:130,10,1,0
BRDA:130,11,0,1
BRDA:130,11,1,0
BRDA:136,12,0,9
BRDA:136,12,1,0
BRDA:208,13,0,9
BRDA:208,13,1,2
BRF:29
BRH:24
end_of_record
TN:
SF:contexts\AuthContext.tsx
FN:25,(anonymous_0)
FN:32,(anonymous_1)
FN:53,(anonymous_2)
FN:54,(anonymous_3)
FN:81,(anonymous_4)
FN:86,(anonymous_5)
FN:110,(anonymous_6)
FN:120,(anonymous_7)
FN:124,(anonymous_8)
FN:130,(anonymous_9)
FN:147,(anonymous_10)
FN:157,(anonymous_11)
FN:159,(anonymous_12)
FNF:13
FNH:11
FNDA:33,(anonymous_0)
FNDA:7,(anonymous_1)
FNDA:15,(anonymous_2)
FNDA:15,(anonymous_3)
FNDA:0,(anonymous_4)
FNDA:5,(anonymous_5)
FNDA:1,(anonymous_6)
FNDA:15,(anonymous_7)
FNDA:2,(anonymous_8)
FNDA:33,(anonymous_9)
FNDA:35,(anonymous_10)
FNDA:1,(anonymous_11)
FNDA:0,(anonymous_12)
DA:23,1
DA:25,1
DA:26,33
DA:27,33
DA:28,33
DA:29,33
DA:32,33
DA:33,7
DA:34,7
DA:35,6
DA:36,6
DA:39,6
DA:45,6
DA:47,1
DA:48,1
DA:49,1
DA:53,33
DA:54,15
DA:55,15
DA:56,15
DA:57,15
DA:58,15
DA:59,5
DA:61,5
DA:62,5
DA:64,4
DA:68,1
DA:69,1
DA:70,1
DA:74,15
DA:75,15
DA:78,15
DA:81,33
DA:82,0
DA:83,0
DA:86,33
DA:87,5
DA:88,5
DA:89,2
DA:90,2
DA:91,1
DA:93,1
DA:94,1
DA:95,1
DA:97,1
DA:98,1
DA:100,1
DA:102,4
DA:103,4
DA:104,4
DA:105,4
DA:106,4
DA:110,33
DA:111,1
DA:112,1
DA:113,1
DA:116,1
DA:117,1
DA:120,33
DA:121,15
DA:124,33
DA:125,2
DA:126,1
DA:130,33
DA:140,33
DA:147,1
DA:148,35
DA:149,35
DA:150,2
DA:152,33
DA:157,1
DA:158,1
DA:159,1
DA:160,0
DA:161,0
DA:162,0
DA:164,0
LF:77
LH:71
BRDA:58,0,0,5
BRDA:58,0,1,10
BRDA:90,1,0,1
BRDA:90,1,1,1
BRDA:105,2,0,4
BRDA:105,2,1,3
BRDA:105,3,0,1
BRDA:105,3,1,2
BRDA:125,4,0,1
BRDA:125,4,1,1
BRDA:149,5,0,2
BRDA:149,5,1,33
BRDA:160,6,0,0
BRDA:160,6,1,0
BRF:14
BRH:12
end_of_record
TN:
SF:contexts\ThemeContext.tsx
FN:10,ThemeProvider
FN:21,useTheme
FNF:2
FNH:0
FNDA:0,ThemeProvider
FNDA:0,useTheme
DA:8,0
DA:11,0
DA:12,0
DA:14,0
DA:22,0
DA:23,0
DA:24,0
DA:26,0
LF:8
LH:0
BRDA:23,0,0,0
BRDA:23,0,1,0
BRF:2
BRH:0
end_of_record
TN:
SF:contexts\UserContext.tsx
FN:14,(anonymous_0)
FN:19,(anonymous_1)
FN:32,(anonymous_2)
FNF:3
FNH:3
FNDA:17,(anonymous_0)
FNDA:16,(anonymous_1)
FNDA:19,(anonymous_2)
DA:12,1
DA:14,1
DA:15,17
DA:17,17
DA:19,17
DA:25,17
DA:32,1
DA:33,19
DA:34,19
DA:35,2
DA:37,17
LF:11
LH:11
BRDA:20,0,0,11
BRDA:20,0,1,5
BRDA:21,1,0,11
BRDA:21,1,1,5
BRDA:34,2,0,2
BRDA:34,2,1,17
BRF:6
BRH:6
end_of_record
TN:
SF:hooks\use-color-scheme.ts
FNF:0
FNH:0
LF:0
LH:0
BRF:0
BRH:0
end_of_record
TN:
SF:hooks\use-color-scheme.web.ts
FN:7,useColorScheme
FN:10,(anonymous_1)
FNF:2
FNH:0
FNDA:0,useColorScheme
FNDA:0,(anonymous_1)
DA:8,0
DA:10,0
DA:11,0
DA:14,0
DA:16,0
DA:17,0
DA:20,0
LF:7
LH:0
BRDA:16,0,0,0
BRDA:16,0,1,0
BRF:2
BRH:0
end_of_record
TN:
SF:hooks\use-splash-screen.ts
FN:3,useSplashScreen
FN:6,(anonymous_1)
FN:7,(anonymous_2)
FN:11,(anonymous_3)
FN:14,(anonymous_4)
FNF:5
FNH:0
FNDA:0,useSplashScreen
FNDA:0,(anonymous_1)
FNDA:0,(anonymous_2)
FNDA:0,(anonymous_3)
FNDA:0,(anonymous_4)
DA:4,0
DA:6,0
DA:7,0
DA:8,0
DA:11,0
DA:14,0
DA:15,0
DA:18,0
LF:8
LH:0
BRDA:3,0,0,0
BRF:1
BRH:0
end_of_record
TN:
SF:hooks\use-theme-color.ts
FN:9,useThemeColor
FNF:1
FNH:0
FNDA:0,useThemeColor
DA:13,0
DA:14,0
DA:16,0
DA:17,0
DA:19,0
LF:5
LH:0
BRDA:13,0,0,0
BRDA:13,0,1,0
BRDA:16,1,0,0
BRDA:16,1,1,0
BRF:4
BRH:0
end_of_record
TN:
SF:models\auth.type.ts
FNF:0
FNH:0
LF:0
LH:0
BRF:0
BRH:0
end_of_record
TN:
SF:models\document.type.ts
FNF:0
FNH:0
LF:0
LH:0
BRF:0
BRH:0
end_of_record
TN:
SF:models\faculty.type.ts
FNF:0
FNH:0
LF:0
LH:0
BRF:0
BRH:0
end_of_record
TN:
SF:models\notification.type.ts
FNF:0
FNH:0
LF:0
LH:0
BRF:0
BRH:0
end_of_record
TN:
SF:models\search.type.ts
FNF:0
FNH:0
LF:0
LH:0
BRF:0
BRH:0
end_of_record
TN:
SF:models\subject.type.ts
FNF:0
FNH:0
LF:0
LH:0
BRF:0
BRH:0
end_of_record
TN:
SF:models\suggest.type.ts
FNF:0
FNH:0
LF:0
LH:0
BRF:0
BRH:0
end_of_record
TN:
SF:models\user.type.ts
FNF:0
FNH:0
LF:0
LH:0
BRF:0
BRH:0
end_of_record
TN:
SF:scripts\reset-project.js
FN:48,(anonymous_0)
FN:103,(anonymous_1)
FN:106,(anonymous_2)
FNF:3
FNH:0
FNDA:0,(anonymous_0)
FNDA:0,(anonymous_1)
FNDA:0,(anonymous_2)
DA:9,0
DA:10,0
DA:11,0
DA:13,0
DA:14,0
DA:15,0
DA:16,0
DA:17,0
DA:19,0
DA:36,0
DA:43,0
DA:48,0
DA:49,0
DA:50,0
DA:52,0
DA:53,0
DA:57,0
DA:58,0
DA:59,0
DA:60,0
DA:61,0
DA:62,0
DA:63,0
DA:65,0
DA:66,0
DA:69,0
DA:74,0
DA:75,0
DA:76,0
DA:79,0
DA:80,0
DA:81,0
DA:84,0
DA:85,0
DA:86,0
DA:88,0
DA:89,0
DA:97,0
DA:101,0
DA:104,0
DA:105,0
DA:106,0
DA:108,0
DA:109,0
LF:44
LH:0
BRDA:50,0,0,0
BRDA:50,0,1,0
BRDA:59,1,0,0
BRDA:59,1,1,0
BRDA:60,2,0,0
BRDA:60,2,1,0
BRDA:91,3,0,0
BRDA:91,3,1,0
BRDA:104,4,0,0
BRDA:104,4,1,0
BRDA:105,5,0,0
BRDA:105,5,1,0
BRDA:105,6,0,0
BRDA:105,6,1,0
BRF:14
BRH:0
end_of_record
TN:
SF:services\analytics.ts
FN:11,(anonymous_0)
FN:23,(anonymous_1)
FN:35,(anonymous_2)
FN:49,(anonymous_3)
FN:65,(anonymous_4)
FN:69,(anonymous_5)
FN:73,(anonymous_6)
FN:77,(anonymous_7)
FN:85,(anonymous_8)
FN:92,(anonymous_9)
FN:100,(anonymous_10)
FN:108,(anonymous_11)
FN:114,(anonymous_12)
FN:120,(anonymous_13)
FN:127,(anonymous_14)
FN:134,(anonymous_15)
FN:140,(anonymous_16)
FN:153,(anonymous_17)
FN:164,(anonymous_18)
FN:181,(anonymous_19)
FN:188,(anonymous_20)
FN:203,(anonymous_21)
FN:235,(anonymous_22)
FN:239,(anonymous_23)
FN:250,(anonymous_24)
FN:276,(anonymous_25)
FN:289,(anonymous_26)
FN:293,(anonymous_27)
FN:297,(anonymous_28)
FN:301,(anonymous_29)
FN:314,(anonymous_30)
FN:328,(anonymous_31)
FN:345,(anonymous_32)
FN:379,(anonymous_33)
FN:391,(anonymous_34)
FNF:35
FNH:35
FNDA:209,(anonymous_0)
FNDA:2,(anonymous_1)
FNDA:5,(anonymous_2)
FNDA:11,(anonymous_3)
FNDA:3,(anonymous_4)
FNDA:3,(anonymous_5)
FNDA:4,(anonymous_6)
FNDA:25,(anonymous_7)
FNDA:7,(anonymous_8)
FNDA:2,(anonymous_9)
FNDA:3,(anonymous_10)
FNDA:1,(anonymous_11)
FNDA:1,(anonymous_12)
FNDA:1,(anonymous_13)
FNDA:8,(anonymous_14)
FNDA:1,(anonymous_15)
FNDA:25,(anonymous_16)
FNDA:1,(anonymous_17)
FNDA:1,(anonymous_18)
FNDA:9,(anonymous_19)
FNDA:10,(anonymous_20)
FNDA:71,(anonymous_21)
FNDA:37,(anonymous_22)
FNDA:33,(anonymous_23)
FNDA:37,(anonymous_24)
FNDA:3,(anonymous_25)
FNDA:9,(anonymous_26)
FNDA:9,(anonymous_27)
FNDA:1,(anonymous_28)
FNDA:1,(anonymous_29)
FNDA:4,(anonymous_30)
FNDA:2,(anonymous_31)
FNDA:2,(anonymous_32)
FNDA:2,(anonymous_33)
FNDA:2,(anonymous_34)
DA:11,12
DA:12,209
DA:13,209
DA:14,185
DA:16,24
DA:23,12
DA:24,2
DA:25,2
DA:26,1
DA:28,1
DA:35,12
DA:36,5
DA:37,5
DA:38,6
DA:40,1
DA:42,4
DA:49,12
DA:50,11
DA:51,11
DA:55,8
DA:57,3
DA:65,12
DA:66,3
DA:69,12
DA:70,3
DA:73,12
DA:74,4
DA:77,12
DA:78,25
DA:85,12
DA:86,7
DA:92,12
DA:93,2
DA:100,12
DA:101,3
DA:108,12
DA:109,1
DA:114,12
DA:115,1
DA:120,12
DA:121,1
DA:127,12
DA:128,8
DA:134,12
DA:135,1
DA:140,12
DA:141,25
DA:153,12
DA:154,1
DA:164,12
DA:165,1
DA:176,12
DA:181,12
DA:182,9
DA:188,12
DA:189,10
DA:190,10
DA:191,9
DA:192,9
DA:196,9
DA:203,12
DA:209,71
DA:218,12
DA:227,12
DA:235,12
DA:236,37
DA:239,12
DA:240,33
DA:250,12
DA:251,37
DA:258,12
DA:276,12
DA:278,3
DA:279,2
DA:280,1
DA:282,3
DA:289,12
DA:290,9
DA:293,12
DA:294,9
DA:297,12
DA:298,1
DA:301,12
DA:302,1
DA:314,12
DA:315,4
DA:316,4
DA:317,3
DA:318,3
DA:320,1
DA:321,1
DA:328,12
DA:329,2
DA:330,2
DA:331,1
DA:332,1
DA:335,2
DA:336,1
DA:338,1
DA:345,12
DA:349,2
DA:350,2
DA:352,2
DA:353,2
DA:354,1
DA:356,1
DA:357,1
DA:358,1
DA:359,1
DA:362,1
DA:364,1
DA:366,1
DA:367,1
DA:368,1
DA:369,1
DA:372,1
DA:379,12
DA:380,2
DA:381,2
DA:382,1
DA:384,1
DA:391,12
DA:392,2
DA:393,2
DA:394,1
DA:396,1
LF:126
LH:126
BRDA:53,0,0,11
BRDA:53,0,1,10
BRDA:65,1,0,1
BRDA:69,2,0,1
BRDA:190,3,0,9
BRDA:190,3,1,1
BRDA:207,4,0,0
BRDA:235,5,0,1
BRDA:239,6,0,1
BRDA:278,7,0,1
BRDA:278,7,1,2
BRDA:279,8,0,1
BRDA:279,8,1,1
BRDA:330,9,0,1
BRDA:330,9,1,1
BRDA:356,10,0,1
BRDA:356,10,1,0
BRDA:366,11,0,1
BRDA:366,11,1,0
BRDA:382,12,0,1
BRDA:382,12,1,0
BRDA:394,13,0,1
BRDA:394,13,1,0
BRF:23
BRH:18
end_of_record
TN:
SF:services\pushNotification.ts
FN:9,(anonymous_0)
FN:22,registerForPushNotificationsAsync
FN:76,sendFcmTokenToServer
FN:90,initializePushNotifications
FN:101,addNotificationReceivedListener
FN:110,addNotificationResponseReceivedListener
FN:119,getLastNotificationResponse
FNF:7
FNH:7
FNDA:1,(anonymous_0)
FNDA:14,registerForPushNotificationsAsync
FNDA:8,sendFcmTokenToServer
FNDA:7,initializePushNotifications
FNDA:1,addNotificationReceivedListener
FNDA:9,addNotificationResponseReceivedListener
FNDA:1,getLastNotificationResponse
DA:8,4
DA:9,1
DA:23,14
DA:26,14
DA:33,14
DA:34,14
DA:36,14
DA:37,4
DA:38,4
DA:41,14
DA:42,3
DA:43,3
DA:46,11
DA:49,11
DA:50,10
DA:52,10
DA:54,1
DA:55,1
DA:59,10
DA:60,1
DA:69,10
DA:77,8
DA:78,8
DA:79,5
DA:80,5
DA:82,3
DA:83,3
DA:91,7
DA:93,7
DA:94,6
DA:104,1
DA:113,9
DA:120,1
LF:33
LH:33
BRDA:36,0,0,4
BRDA:36,0,1,10
BRDA:41,1,0,3
BRDA:41,1,1,11
BRDA:59,2,0,1
BRDA:59,2,1,9
BRDA:93,3,0,6
BRDA:93,3,1,1
BRF:8
BRH:8
end_of_record
TN:
SF:store\hooks.ts
FN:4,(anonymous_0)
FNF:1
FNH:0
FNDA:0,(anonymous_0)
DA:4,0
DA:5,0
LF:2
LH:0
BRF:0
BRH:0
end_of_record
TN:
SF:store\index.ts
FNF:0
FNH:0
DA:4,0
LF:1
LH:0
BRF:0
BRH:0
end_of_record
TN:
SF:store\uploadSlice.ts
FN:35,(anonymous_0)
FN:38,(anonymous_1)
FN:41,(anonymous_2)
FN:44,(anonymous_3)
FN:47,(anonymous_4)
FN:50,(anonymous_5)
FN:53,(anonymous_6)
FN:56,(anonymous_7)
FN:59,(anonymous_8)
FNF:9
FNH:9
FNDA:4,(anonymous_0)
FNDA:7,(anonymous_1)
FNDA:5,(anonymous_2)
FNDA:5,(anonymous_3)
FNDA:4,(anonymous_4)
FNDA:2,(anonymous_5)
FNDA:4,(anonymous_6)
FNDA:4,(anonymous_7)
FNDA:4,(anonymous_8)
DA:20,1
DA:31,1
DA:36,4
DA:39,7
DA:42,5
DA:45,5
DA:48,4
DA:51,2
DA:54,4
DA:57,4
DA:59,4
DA:73,1
LF:12
LH:12
BRF:0
BRH:0
end_of_record
TN:
SF:utils\authEvents.ts
FN:7,(anonymous_0)
FN:11,(anonymous_1)
FN:15,(anonymous_2)
FNF:3
FNH:2
FNDA:0,(anonymous_0)
FNDA:21,(anonymous_1)
FNDA:9,(anonymous_2)
DA:1,2
DA:5,2
DA:7,2
DA:8,0
DA:11,2
DA:12,21
DA:15,2
DA:16,9
DA:17,9
LF:9
LH:8
BRDA:16,0,0,9
BRDA:16,0,1,0
BRF:2
BRH:1
end_of_record
TN:
SF:utils\commentInterface.ts
FNF:0
FNH:0
LF:0
LH:0
BRF:0
BRH:0
end_of_record
TN:
SF:utils\constants.ts
FNF:0
FNH:0
DA:1,3
LF:1
LH:1
BRF:0
BRH:0
end_of_record
TN:
SF:utils\docInterface.ts
FNF:0
FNH:0
LF:0
LH:0
BRF:0
BRH:0
end_of_record
TN:
SF:utils\downloadDocStorage.ts
FN:6,(anonymous_0)
FN:16,(anonymous_1)
FN:28,(anonymous_2)
FN:31,(anonymous_3)
FN:38,(anonymous_4)
FNF:5
FNH:5
FNDA:27,(anonymous_0)
FNDA:11,(anonymous_1)
FNDA:8,(anonymous_2)
FNDA:13,(anonymous_3)
FNDA:3,(anonymous_4)
DA:3,1
DA:5,1
DA:7,27
DA:8,27
DA:9,24
DA:11,3
DA:12,3
DA:17,11
DA:18,11
DA:19,11
DA:20,9
DA:21,9
DA:24,1
DA:29,8
DA:30,8
DA:31,13
DA:32,8
DA:34,0
DA:39,3
DA:40,3
DA:42,1
LF:21
LH:20
BRDA:9,0,0,18
BRDA:9,0,1,6
BRDA:19,1,0,9
BRDA:19,1,1,2
BRF:4
BRH:4
end_of_record
TN:
SF:utils\fonts.ts
FN:16,(anonymous_0)
FNF:1
FNH:0
FNDA:0,(anonymous_0)
DA:9,0
DA:16,0
DA:17,0
DA:18,0
DA:21,0
LF:5
LH:0
BRF:0
BRH:0
end_of_record
TN:
SF:utils\functions.ts
FN:1,(anonymous_0)
FN:22,(anonymous_1)
FN:30,(anonymous_2)
FNF:3
FNH:3
FNDA:15,(anonymous_0)
FNDA:6,(anonymous_1)
FNDA:27,(anonymous_2)
DA:1,1
DA:2,15
DA:4,14
DA:5,14
DA:6,1067
DA:7,1067
DA:10,14
DA:12,14
DA:19,14
DA:22,1
DA:23,6
DA:30,1
DA:31,27
LF:13
LH:13
BRDA:2,0,0,1
BRDA:2,0,1,14
BRF:2
BRH:2
end_of_record
TN:
SF:utils\notiInterface.ts
FNF:0
FNH:0
LF:0
LH:0
BRF:0
BRH:0
end_of_record
TN:
SF:utils\routes.ts
FNF:0
FNH:0
DA:1,18
LF:1
LH:1
BRF:0
BRH:0
end_of_record
TN:
SF:utils\theme.ts
FNF:0
FNH:0
DA:8,3
DA:9,3
DA:11,3
DA:30,3
LF:4
LH:4
BRF:0
BRH:0
end_of_record
