TN:
SF:babel.config.js
FN:1,(anonymous_0)
FNF:1
FNH:0
FNDA:0,(anonymous_0)
DA:1,0
DA:2,0
DA:3,0
LF:3
LH:0
BRF:0
BRH:0
end_of_record
TN:
SF:eslint.config.js
FNF:0
FNH:0
DA:2,0
DA:3,0
DA:5,0
LF:3
LH:0
BRF:0
BRH:0
end_of_record
TN:
SF:expo-env.d.ts
FNF:0
FNH:0
LF:0
LH:0
BRF:0
BRH:0
end_of_record
TN:
SF:metro.config.js
FNF:0
FNH:0
DA:1,0
DA:2,0
DA:6,0
DA:8,0
DA:10,0
LF:5
LH:0
BRF:0
BRH:0
end_of_record
TN:
SF:nativewind-env.d.ts
FNF:0
FNH:0
LF:0
LH:0
BRF:0
BRH:0
end_of_record
TN:
SF:tailwind.config.js
FNF:0
FNH:0
DA:2,0
LF:1
LH:0
BRF:0
BRH:0
end_of_record
TN:
SF:.expo\types\router.d.ts
FNF:0
FNH:0
LF:0
LH:0
BRF:0
BRH:0
end_of_record
TN:
SF:api\apiClient.ts
FN:19,(anonymous_0)
FN:23,(anonymous_1)
FN:28,(anonymous_2)
FN:46,(anonymous_3)
FN:50,(anonymous_4)
FN:51,(anonymous_5)
FN:88,(anonymous_6)
FNF:7
FNH:6
FNDA:20,(anonymous_0)
FNDA:19,(anonymous_1)
FNDA:3,(anonymous_2)
FNDA:1,(anonymous_3)
FNDA:1,(anonymous_4)
FNDA:6,(anonymous_5)
FNDA:0,(anonymous_6)
DA:9,1
DA:16,1
DA:17,1
DA:19,1
DA:20,20
DA:23,1
DA:24,19
DA:27,1
DA:29,3
DA:31,3
DA:36,3
DA:37,0
DA:40,3
DA:41,3
DA:42,1
DA:44,3
DA:46,1
DA:49,1
DA:50,1
DA:52,6
DA:54,6
DA:56,2
DA:58,2
DA:63,2
DA:64,1
DA:65,1
DA:66,1
DA:67,1
DA:69,1
DA:70,1
DA:71,1
DA:75,4
DA:76,4
DA:78,4
DA:80,4
DA:81,2
DA:82,2
DA:83,2
DA:88,2
DA:89,0
DA:94,6
LF:41
LH:39
BRDA:29,0,0,3
BRDA:29,0,1,0
BRDA:31,1,0,3
BRDA:31,1,1,2
BRDA:31,1,2,2
BRDA:31,1,3,2
BRDA:36,2,0,0
BRDA:36,2,1,3
BRDA:36,3,0,3
BRDA:36,3,1,0
BRDA:41,4,0,1
BRDA:41,4,1,2
BRDA:41,5,0,3
BRDA:41,5,1,2
BRDA:41,5,2,2
BRDA:54,6,0,2
BRDA:54,6,1,4
BRDA:56,7,0,2
BRDA:56,7,1,0
BRDA:58,8,0,2
BRDA:58,8,1,1
BRDA:58,8,2,1
BRDA:58,8,3,1
BRDA:63,9,0,1
BRDA:63,9,1,1
BRDA:63,10,0,2
BRDA:63,10,1,1
BRDA:75,11,0,4
BRDA:75,11,1,3
BRDA:80,12,0,2
BRDA:80,12,1,2
BRDA:80,13,0,4
BRDA:80,13,1,2
BRDA:80,13,2,3
BRDA:80,13,3,2
BRF:35
BRH:31
end_of_record
TN:
SF:api\apiRoutes.ts
FN:18,(anonymous_0)
FN:19,(anonymous_1)
FN:23,(anonymous_2)
FN:24,(anonymous_3)
FN:33,(anonymous_4)
FN:39,(anonymous_5)
FN:47,(anonymous_6)
FN:49,(anonymous_7)
FNF:8
FNH:6
FNDA:140,(anonymous_0)
FNDA:8,(anonymous_1)
FNDA:134,(anonymous_2)
FNDA:0,(anonymous_3)
FNDA:0,(anonymous_4)
FNDA:3,(anonymous_5)
FNDA:7,(anonymous_6)
FNDA:8,(anonymous_7)
DA:1,16
DA:2,16
DA:3,16
DA:4,16
DA:5,16
DA:6,16
DA:9,16
DA:10,16
DA:11,16
DA:12,16
DA:13,16
DA:14,16
DA:15,16
DA:16,16
DA:17,16
DA:18,140
DA:19,16
DA:22,16
DA:23,134
DA:24,16
DA:25,16
DA:28,16
DA:29,16
DA:30,16
DA:31,16
DA:32,16
DA:33,16
DA:36,16
DA:37,16
DA:38,16
DA:39,16
DA:40,16
DA:41,16
DA:42,16
DA:45,16
DA:46,16
DA:47,16
DA:48,16
DA:49,16
DA:52,16
DA:53,16
LF:41
LH:41
BRF:0
BRH:0
end_of_record
TN:
SF:app\_layout.tsx
FN:47,RootLayout
FN:89,(anonymous_1)
FNF:2
FNH:1
FNDA:8,RootLayout
FNDA:0,(anonymous_1)
DA:20,1
DA:45,1
DA:48,8
DA:49,8
DA:50,8
DA:52,8
DA:53,2
DA:58,6
DA:89,0
DA:113,6
LF:10
LH:9
BRDA:21,0,0,1
BRDA:21,0,1,1
BRDA:24,1,0,1
BRDA:24,1,1,0
BRDA:52,2,0,2
BRDA:52,2,1,6
BRDA:52,3,0,8
BRDA:52,3,1,7
BRDA:118,4,0,1
BRDA:118,4,1,5
BRF:10
BRH:9
end_of_record
TN:
SF:app\index.tsx
FN:7,Index
FNF:1
FNH:0
FNDA:0,Index
DA:8,0
DA:10,0
DA:11,0
DA:14,0
LF:4
LH:0
BRDA:10,0,0,0
BRDA:10,0,1,0
BRDA:14,1,0,0
BRDA:14,1,1,0
BRF:4
BRH:0
end_of_record
TN:
SF:app\server-error.tsx
FN:8,ServerErrorScreen
FN:12,(anonymous_1)
FN:20,(anonymous_2)
FNF:3
FNH:0
FNDA:0,ServerErrorScreen
FNDA:0,(anonymous_1)
FNDA:0,(anonymous_2)
DA:9,0
DA:10,0
DA:12,0
DA:13,0
DA:14,0
DA:20,0
DA:21,0
DA:22,0
DA:26,0
DA:30,0
LF:10
LH:0
BRDA:13,0,0,0
BRDA:13,0,1,0
BRF:2
BRH:0
end_of_record
TN:
SF:app\(app)\_layout.tsx
FN:4,AppLayout
FNF:1
FNH:0
FNDA:0,AppLayout
DA:5,0
LF:1
LH:0
BRF:0
BRH:0
end_of_record
TN:
SF:app\(app)\(tabs)\_layout.tsx
FN:11,TabsLayout
FN:16,(anonymous_1)
FN:90,(anonymous_2)
FN:99,(anonymous_3)
FN:108,(anonymous_4)
FN:113,(anonymous_5)
FN:123,(anonymous_6)
FN:132,(anonymous_7)
FNF:8
FNH:3
FNDA:8,TabsLayout
FNDA:4,(anonymous_1)
FNDA:0,(anonymous_2)
FNDA:0,(anonymous_3)
FNDA:0,(anonymous_4)
FNDA:4,(anonymous_5)
FNDA:0,(anonymous_6)
FNDA:0,(anonymous_7)
DA:12,8
DA:13,8
DA:14,8
DA:16,8
DA:17,4
DA:21,4
DA:22,3
DA:23,3
DA:25,3
DA:27,3
DA:28,2
DA:29,2
DA:30,2
DA:31,2
DA:33,2
DA:34,2
DA:36,1
DA:37,1
DA:39,1
DA:40,1
DA:41,1
DA:45,2
DA:51,2
DA:52,2
DA:56,8
DA:91,0
DA:100,0
DA:109,0
DA:114,4
DA:115,4
DA:124,0
DA:133,0
LF:32
LH:27
BRDA:13,0,0,1
BRDA:13,0,1,7
BRDA:21,1,0,3
BRDA:21,1,1,1
BRDA:21,2,0,4
BRDA:21,2,1,3
BRDA:27,3,0,2
BRDA:27,3,1,1
BRDA:27,4,0,3
BRDA:27,4,1,2
BRDA:29,5,0,2
BRDA:29,5,1,0
BRDA:47,6,0,2
BRDA:47,6,1,0
BRDA:48,7,0,2
BRDA:48,7,1,0
BRDA:76,8,0,1
BRDA:76,8,1,7
BRDA:79,9,0,8
BRDA:79,9,1,1
BRDA:91,10,0,0
BRDA:91,10,1,0
BRDA:100,11,0,0
BRDA:100,11,1,0
BRDA:109,12,0,0
BRDA:109,12,1,0
BRDA:124,13,0,0
BRDA:124,13,1,0
BRDA:133,14,0,0
BRDA:133,14,1,0
BRF:30
BRH:17
end_of_record
TN:
SF:app\(app)\(tabs)\home\_layout.tsx
FN:4,HomeLayout
FNF:1
FNH:0
FNDA:0,HomeLayout
DA:5,0
LF:1
LH:0
BRF:0
BRH:0
end_of_record
TN:
SF:app\(app)\(tabs)\home\index.tsx
FN:55,Card
FN:75,FacultySection
FN:84,(anonymous_2)
FN:87,(anonymous_3)
FN:93,(anonymous_4)
FN:103,(anonymous_5)
FN:103,(anonymous_6)
FN:134,(anonymous_7)
FN:152,HomeScreen
FN:174,(anonymous_9)
FN:175,(anonymous_10)
FN:193,(anonymous_11)
FN:222,(anonymous_12)
FN:230,(anonymous_13)
FN:251,(anonymous_14)
FN:256,(anonymous_15)
FN:260,(anonymous_16)
FN:265,(anonymous_17)
FN:280,(anonymous_18)
FN:324,(anonymous_19)
FN:336,(anonymous_20)
FN:346,(anonymous_21)
FN:356,(anonymous_22)
FN:371,(anonymous_23)
FN:384,(anonymous_24)
FN:419,(anonymous_25)
FN:443,(anonymous_26)
FNF:27
FNH:23
FNDA:1,Card
FNDA:69,FacultySection
FNDA:2,(anonymous_2)
FNDA:0,(anonymous_3)
FNDA:0,(anonymous_4)
FNDA:66,(anonymous_5)
FNDA:96,(anonymous_6)
FNDA:84,(anonymous_7)
FNDA:69,HomeScreen
FNDA:23,(anonymous_9)
FNDA:23,(anonymous_10)
FNDA:23,(anonymous_11)
FNDA:0,(anonymous_12)
FNDA:0,(anonymous_13)
FNDA:23,(anonymous_14)
FNDA:23,(anonymous_15)
FNDA:23,(anonymous_16)
FNDA:22,(anonymous_17)
FNDA:23,(anonymous_18)
FNDA:1,(anonymous_19)
FNDA:1,(anonymous_20)
FNDA:1,(anonymous_21)
FNDA:1,(anonymous_22)
FNDA:1,(anonymous_23)
FNDA:1,(anonymous_24)
FNDA:23,(anonymous_25)
FNDA:69,(anonymous_26)
DA:20,1
DA:56,1
DA:58,1
DA:76,69
DA:78,69
DA:79,69
DA:81,69
DA:82,69
DA:84,69
DA:85,2
DA:86,1
DA:88,0
DA:92,1
DA:94,0
DA:102,69
DA:103,96
DA:107,69
DA:108,6
DA:111,63
DA:135,84
DA:154,69
DA:155,69
DA:156,69
DA:158,69
DA:159,69
DA:160,69
DA:161,69
DA:163,69
DA:164,69
DA:166,69
DA:167,69
DA:169,69
DA:170,69
DA:173,69
DA:175,23
DA:176,23
DA:177,23
DA:178,23
DA:180,23
DA:182,23
DA:183,23
DA:187,23
DA:188,0
DA:189,0
DA:190,0
DA:193,23
DA:203,23
DA:206,0
DA:207,0
DA:209,23
DA:213,23
DA:217,69
DA:218,69
DA:219,69
DA:220,69
DA:222,69
DA:223,0
DA:230,69
DA:233,0
DA:234,0
DA:235,0
DA:236,0
DA:241,0
DA:243,0
DA:250,69
DA:252,23
DA:254,23
DA:256,23
DA:257,23
DA:258,23
DA:259,23
DA:261,23
DA:262,23
DA:264,23
DA:265,22
DA:268,23
DA:272,23
DA:273,23
DA:276,23
DA:280,23
DA:281,23
DA:286,69
DA:324,1
DA:336,1
DA:346,1
DA:356,1
DA:371,1
DA:384,1
DA:420,23
DA:444,69
LF:90
LH:76
BRDA:82,0,0,69
BRDA:82,0,1,66
BRDA:85,1,0,1
BRDA:85,1,1,1
BRDA:102,2,0,69
BRDA:102,2,1,3
BRDA:103,3,0,66
BRDA:103,3,1,0
BRDA:107,4,0,6
BRDA:107,4,1,63
BRDA:119,5,0,63
BRDA:119,5,1,0
BRDA:122,6,0,63
BRDA:122,6,1,63
BRDA:123,7,0,3
BRDA:123,7,1,60
BRDA:126,8,0,3
BRDA:126,8,1,57
BRDA:127,9,0,3
BRDA:127,9,1,57
BRDA:142,10,0,84
BRDA:142,10,1,84
BRDA:142,10,2,84
BRDA:143,11,0,84
BRDA:143,11,1,84
BRDA:144,12,0,84
BRDA:144,12,1,0
BRDA:144,12,2,0
BRDA:164,13,0,69
BRDA:164,13,1,0
BRDA:183,14,0,22
BRDA:183,14,1,1
BRDA:185,15,0,1
BRDA:185,15,1,0
BRDA:187,16,0,0
BRDA:187,16,1,23
BRDA:252,17,0,0
BRDA:252,17,1,23
BRDA:260,18,0,23
BRDA:260,18,1,0
BRDA:264,19,0,23
BRDA:264,19,1,0
BRDA:265,20,0,22
BRDA:265,20,1,0
BRDA:272,21,0,23
BRDA:272,21,1,0
BRDA:276,22,0,23
BRDA:276,22,1,0
BRDA:294,23,0,3
BRDA:294,23,1,66
BRDA:306,24,0,3
BRDA:306,24,1,66
BRDA:308,25,0,66
BRDA:308,25,1,0
BRDA:365,26,0,69
BRDA:365,26,1,9
BRDA:378,27,0,9
BRDA:378,27,1,0
BRDA:391,28,0,9
BRDA:391,28,1,0
BRF:60
BRH:44
end_of_record
TN:
SF:app\(app)\(tabs)\home\profile\[id]\index.tsx
FN:10,ProfileScreen
FN:22,(anonymous_1)
FN:37,(anonymous_2)
FN:111,(anonymous_3)
FN:115,(anonymous_4)
FNF:5
FNH:0
FNDA:0,ProfileScreen
FNDA:0,(anonymous_1)
FNDA:0,(anonymous_2)
FNDA:0,(anonymous_3)
FNDA:0,(anonymous_4)
DA:11,0
DA:12,0
DA:13,0
DA:14,0
DA:16,0
DA:18,0
DA:22,0
DA:37,0
DA:113,0
DA:115,0
LF:10
LH:0
BRDA:12,0,0,0
BRDA:12,0,1,0
BRDA:12,1,0,0
BRDA:12,1,1,0
BRF:4
BRH:0
end_of_record
TN:
SF:app\(app)\(tabs)\notification\index.tsx
FN:56,NotificationPage
FN:64,(anonymous_1)
FN:100,(anonymous_2)
FN:103,(anonymous_3)
FN:107,(anonymous_4)
FN:108,(anonymous_5)
FN:111,(anonymous_6)
FN:116,(anonymous_7)
FN:117,(anonymous_8)
FN:128,(anonymous_9)
FN:172,(anonymous_10)
FN:185,(anonymous_11)
FN:189,(anonymous_12)
FN:229,(anonymous_13)
FNF:14
FNH:0
FNDA:0,NotificationPage
FNDA:0,(anonymous_1)
FNDA:0,(anonymous_2)
FNDA:0,(anonymous_3)
FNDA:0,(anonymous_4)
FNDA:0,(anonymous_5)
FNDA:0,(anonymous_6)
FNDA:0,(anonymous_7)
FNDA:0,(anonymous_8)
FNDA:0,(anonymous_9)
FNDA:0,(anonymous_10)
FNDA:0,(anonymous_11)
FNDA:0,(anonymous_12)
FNDA:0,(anonymous_13)
DA:13,0
DA:57,0
DA:58,0
DA:59,0
DA:60,0
DA:61,0
DA:62,0
DA:64,0
DA:65,0
DA:66,0
DA:68,0
DA:74,0
DA:78,0
DA:79,0
DA:81,0
DA:84,0
DA:86,0
DA:87,0
DA:89,0
DA:91,0
DA:92,0
DA:93,0
DA:95,0
DA:99,0
DA:101,0
DA:102,0
DA:103,0
DA:107,0
DA:108,0
DA:111,0
DA:112,0
DA:113,0
DA:116,0
DA:117,0
DA:118,0
DA:124,0
DA:128,0
DA:129,0
DA:130,0
DA:131,0
DA:132,0
DA:133,0
DA:134,0
DA:135,0
DA:137,0
DA:138,0
DA:139,0
DA:140,0
DA:142,0
DA:148,0
DA:152,0
DA:172,0
DA:186,0
DA:190,0
DA:191,0
DA:194,0
DA:195,0
DA:229,0
LF:58
LH:0
BRDA:84,0,0,0
BRDA:84,0,1,0
BRDA:86,1,0,0
BRDA:86,1,1,0
BRDA:89,2,0,0
BRDA:89,2,1,0
BRDA:118,3,0,0
BRDA:118,3,1,0
BRDA:137,4,0,0
BRDA:137,4,1,0
BRDA:138,5,0,0
BRDA:138,5,1,0
BRDA:139,6,0,0
BRDA:139,6,1,0
BRDA:140,7,0,0
BRDA:140,7,1,0
BRDA:185,8,0,0
BRDA:185,8,1,0
BRDA:188,9,0,0
BRDA:188,9,1,0
BRDA:190,10,0,0
BRDA:190,10,1,0
BRDA:194,11,0,0
BRDA:194,11,1,0
BRDA:203,12,0,0
BRDA:203,12,1,0
BRDA:207,13,0,0
BRDA:207,13,1,0
BRDA:211,14,0,0
BRDA:211,14,1,0
BRDA:221,15,0,0
BRDA:221,15,1,0
BRDA:226,16,0,0
BRDA:226,16,1,0
BRF:34
BRH:0
end_of_record
TN:
SF:app\(app)\(tabs)\profile\_layout.tsx
FN:4,ProfileLayout
FNF:1
FNH:0
FNDA:0,ProfileLayout
DA:5,0
LF:1
LH:0
BRF:0
BRH:0
end_of_record
TN:
SF:app\(app)\(tabs)\profile\edit.tsx
FN:3,EditProfilePage
FNF:1
FNH:1
FNDA:6,EditProfilePage
DA:4,6
LF:1
LH:1
BRF:0
BRH:0
end_of_record
TN:
SF:app\(app)\(tabs)\profile\following.tsx
FN:4,FollowingTabScreen
FN:5,(anonymous_1)
FNF:2
FNH:0
FNDA:0,FollowingTabScreen
FNDA:0,(anonymous_1)
DA:5,0
LF:1
LH:0
BRF:0
BRH:0
end_of_record
TN:
SF:app\(app)\(tabs)\profile\index.tsx
FN:3,ProfilePage
FNF:1
FNH:0
FNDA:0,ProfilePage
DA:4,0
LF:1
LH:0
BRF:0
BRH:0
end_of_record
TN:
SF:app\(app)\(tabs)\profile\me.tsx
FNF:0
FNH:0
LF:0
LH:0
BRF:0
BRH:0
end_of_record
TN:
SF:app\(app)\(tabs)\search\_layout.tsx
FN:4,SearchTabLayout
FNF:1
FNH:0
FNDA:0,SearchTabLayout
DA:5,0
LF:1
LH:0
BRF:0
BRH:0
end_of_record
TN:
SF:app\(app)\(tabs)\search\index.tsx
FN:3,SearchPage
FNF:1
FNH:0
FNDA:0,SearchPage
DA:4,0
LF:1
LH:0
BRF:0
BRH:0
end_of_record
TN:
SF:app\(app)\(tabs)\search\result.tsx
FN:3,SearchResultPage
FNF:1
FNH:0
FNDA:0,SearchResultPage
DA:4,0
LF:1
LH:0
BRF:0
BRH:0
end_of_record
TN:
SF:app\(app)\(tabs)\upload\index.tsx
FN:4,UploadPage
FNF:1
FNH:1
FNDA:2,UploadPage
DA:6,2
LF:1
LH:1
BRF:0
BRH:0
end_of_record
TN:
SF:app\(app)\admin\document-management\index.tsx
FN:11,DocumentManagementScreen
FN:16,(anonymous_1)
FN:30,(anonymous_2)
FNF:3
FNH:0
FNDA:0,DocumentManagementScreen
FNDA:0,(anonymous_1)
FNDA:0,(anonymous_2)
DA:12,0
DA:13,0
DA:14,0
DA:16,0
DA:17,0
DA:18,0
DA:22,0
DA:23,0
DA:26,0
DA:30,0
LF:10
LH:0
BRDA:17,0,0,0
BRDA:17,0,1,0
BRDA:22,1,0,0
BRDA:22,1,1,0
BRF:4
BRH:0
end_of_record
TN:
SF:app\(app)\admin\member-management\index.tsx
FN:11,MemberManagementScreen
FN:16,(anonymous_1)
FN:30,(anonymous_2)
FNF:3
FNH:0
FNDA:0,MemberManagementScreen
FNDA:0,(anonymous_1)
FNDA:0,(anonymous_2)
DA:12,0
DA:13,0
DA:14,0
DA:16,0
DA:17,0
DA:18,0
DA:22,0
DA:23,0
DA:26,0
DA:30,0
LF:10
LH:0
BRDA:17,0,0,0
BRDA:17,0,1,0
BRDA:22,1,0,0
BRDA:22,1,1,0
BRF:4
BRH:0
end_of_record
TN:
SF:app\(app)\all-comment\index.tsx
FN:65,AllComment
FN:79,(anonymous_1)
FN:84,(anonymous_2)
FN:104,(anonymous_3)
FN:127,(anonymous_4)
FN:137,(anonymous_5)
FN:150,(anonymous_6)
FN:159,(anonymous_7)
FN:183,(anonymous_8)
FN:192,(anonymous_9)
FNF:10
FNH:0
FNDA:0,AllComment
FNDA:0,(anonymous_1)
FNDA:0,(anonymous_2)
FNDA:0,(anonymous_3)
FNDA:0,(anonymous_4)
FNDA:0,(anonymous_5)
FNDA:0,(anonymous_6)
FNDA:0,(anonymous_7)
FNDA:0,(anonymous_8)
FNDA:0,(anonymous_9)
DA:28,0
DA:66,0
DA:67,0
DA:69,0
DA:70,0
DA:72,0
DA:73,0
DA:74,0
DA:75,0
DA:76,0
DA:77,0
DA:79,0
DA:80,0
DA:82,0
DA:83,0
DA:85,0
DA:86,0
DA:87,0
DA:88,0
DA:89,0
DA:90,0
DA:91,0
DA:92,0
DA:93,0
DA:96,0
DA:99,0
DA:104,0
DA:105,0
DA:108,0
DA:127,0
DA:138,0
DA:151,0
DA:159,0
DA:183,0
DA:192,0
LF:35
LH:0
BRDA:70,0,0,0
BRDA:70,0,1,0
BRDA:80,1,0,0
BRDA:80,1,1,0
BRDA:91,2,0,0
BRDA:91,2,1,0
BRDA:92,3,0,0
BRDA:92,3,1,0
BRDA:93,4,0,0
BRDA:93,4,1,0
BRDA:99,5,0,0
BRDA:99,5,1,0
BRDA:158,6,0,0
BRDA:158,6,1,0
BRDA:206,7,0,0
BRDA:206,7,1,0
BRF:16
BRH:0
end_of_record
TN:
SF:app\(app)\chatbot\index.tsx
FN:25,ChatbotScreen
FN:36,(anonymous_1)
FN:46,(anonymous_2)
FN:47,(anonymous_3)
FN:52,(anonymous_4)
FN:72,(anonymous_5)
FN:79,(anonymous_6)
FN:91,(anonymous_7)
FN:100,(anonymous_8)
FN:112,(anonymous_9)
FN:118,(anonymous_10)
FN:122,(anonymous_11)
FN:129,(anonymous_12)
FN:145,(anonymous_13)
FN:165,(anonymous_14)
FN:246,(anonymous_15)
FN:252,(anonymous_16)
FN:267,(anonymous_17)
FN:289,(anonymous_18)
FN:292,(anonymous_19)
FN:316,(anonymous_20)
FN:342,(anonymous_21)
FNF:22
FNH:14
FNDA:75,ChatbotScreen
FNDA:23,(anonymous_1)
FNDA:58,(anonymous_2)
FNDA:54,(anonymous_3)
FNDA:15,(anonymous_4)
FNDA:6,(anonymous_5)
FNDA:4,(anonymous_6)
FNDA:7,(anonymous_7)
FNDA:3,(anonymous_8)
FNDA:1,(anonymous_9)
FNDA:0,(anonymous_10)
FNDA:0,(anonymous_11)
FNDA:0,(anonymous_12)
FNDA:0,(anonymous_13)
FNDA:85,(anonymous_14)
FNDA:0,(anonymous_15)
FNDA:0,(anonymous_16)
FNDA:0,(anonymous_17)
FNDA:4,(anonymous_18)
FNDA:1,(anonymous_19)
FNDA:0,(anonymous_20)
FNDA:85,(anonymous_21)
DA:26,75
DA:27,75
DA:28,75
DA:29,75
DA:30,75
DA:31,75
DA:32,75
DA:34,75
DA:36,75
DA:37,23
DA:38,22
DA:42,22
DA:46,75
DA:47,58
DA:48,54
DA:52,75
DA:53,15
DA:55,13
DA:61,13
DA:62,13
DA:63,13
DA:64,13
DA:68,13
DA:69,13
DA:74,6
DA:75,2
DA:77,4
DA:79,4
DA:85,13
DA:93,7
DA:98,7
DA:102,3
DA:106,3
DA:112,75
DA:113,1
DA:116,75
DA:118,75
DA:119,0
DA:122,75
DA:123,0
DA:129,75
DA:130,0
DA:131,0
DA:132,0
DA:134,0
DA:136,0
DA:137,0
DA:138,0
DA:141,0
DA:142,0
DA:145,0
DA:155,0
DA:158,0
DA:159,0
DA:162,0
DA:165,75
DA:166,85
DA:168,85
DA:247,0
DA:248,0
DA:249,0
DA:252,0
DA:265,0
DA:268,0
DA:269,0
DA:270,0
DA:276,0
DA:290,4
DA:292,1
DA:307,75
DA:316,0
DA:342,85
LF:72
LH:46
BRDA:37,0,0,22
BRDA:37,0,1,1
BRDA:37,1,0,23
BRDA:37,1,1,22
BRDA:53,2,0,2
BRDA:53,2,1,13
BRDA:53,3,0,15
BRDA:53,3,1,14
BRDA:68,4,0,13
BRDA:68,4,1,11
BRDA:69,5,0,11
BRDA:69,5,1,2
BRDA:74,6,0,2
BRDA:74,6,1,4
BRDA:74,7,0,6
BRDA:74,7,1,4
BRDA:74,7,2,2
BRDA:95,8,0,7
BRDA:95,8,1,0
BRDA:96,9,0,7
BRDA:96,9,1,0
BRDA:104,10,0,3
BRDA:104,10,1,2
BRDA:104,10,2,1
BRDA:137,11,0,0
BRDA:137,11,1,0
BRDA:147,12,0,0
BRDA:147,12,1,0
BRDA:158,13,0,0
BRDA:158,13,1,0
BRDA:162,14,0,0
BRDA:162,14,1,0
BRDA:171,15,0,18
BRDA:171,15,1,67
BRDA:175,16,0,18
BRDA:175,16,1,67
BRDA:180,17,0,18
BRDA:180,17,1,67
BRDA:191,18,0,0
BRDA:191,18,1,67
BRDA:200,19,0,0
BRDA:200,19,1,67
BRDA:207,20,0,0
BRDA:207,20,1,67
BRDA:214,21,0,0
BRDA:214,21,1,67
BRDA:218,22,0,0
BRDA:218,22,1,67
BRDA:222,23,0,0
BRDA:222,23,1,67
BRDA:226,24,0,0
BRDA:226,24,1,67
BRDA:230,25,0,0
BRDA:230,25,1,67
BRDA:240,26,0,0
BRDA:240,26,1,67
BRDA:248,27,0,0
BRDA:248,27,1,0
BRDA:256,28,0,0
BRDA:256,28,1,0
BRDA:269,29,0,0
BRDA:269,29,1,0
BRDA:287,30,0,85
BRDA:287,30,1,67
BRDA:287,30,2,12
BRDA:287,30,3,3
BRDA:310,31,0,75
BRDA:310,31,1,0
BRDA:344,32,0,75
BRDA:344,32,1,7
BRDA:381,33,0,75
BRDA:381,33,1,16
BRDA:383,34,0,15
BRDA:383,34,1,60
BRDA:383,35,0,75
BRDA:383,35,1,16
BRDA:389,36,0,7
BRDA:389,36,1,68
BRDA:395,37,0,15
BRDA:395,37,1,53
BRF:80
BRH:54
end_of_record
TN:
SF:app\(app)\doc-detail\index.tsx
FN:71,DownloadDoc
FN:91,(anonymous_1)
FN:95,(anonymous_2)
FN:106,(anonymous_3)
FN:111,(anonymous_4)
FN:135,(anonymous_5)
FN:137,(anonymous_6)
FN:138,(anonymous_7)
FN:171,(anonymous_8)
FN:178,(anonymous_9)
FN:186,(anonymous_10)
FN:196,(anonymous_11)
FN:213,(anonymous_12)
FN:217,(anonymous_13)
FN:228,(anonymous_14)
FN:231,(anonymous_15)
FN:242,(anonymous_16)
FN:277,saveWithSAFAndroid
FN:300,(anonymous_18)
FN:311,(anonymous_19)
FN:383,(anonymous_20)
FN:387,(anonymous_21)
FN:402,(anonymous_22)
FN:405,(anonymous_23)
FN:416,(anonymous_24)
FN:443,(anonymous_25)
FN:450,(anonymous_26)
FN:470,(anonymous_27)
FN:474,(anonymous_28)
FN:475,(anonymous_29)
FN:476,(anonymous_30)
FN:535,(anonymous_31)
FN:547,(anonymous_32)
FN:583,(anonymous_33)
FN:607,(anonymous_34)
FN:620,(anonymous_35)
FN:633,(anonymous_36)
FN:642,(anonymous_37)
FN:676,(anonymous_38)
FN:685,(anonymous_39)
FNF:40
FNH:20
FNDA:113,DownloadDoc
FNDA:21,(anonymous_1)
FNDA:21,(anonymous_2)
FNDA:21,(anonymous_3)
FNDA:113,(anonymous_4)
FNDA:12,(anonymous_5)
FNDA:0,(anonymous_6)
FNDA:12,(anonymous_7)
FNDA:0,(anonymous_8)
FNDA:21,(anonymous_9)
FNDA:0,(anonymous_10)
FNDA:3,(anonymous_11)
FNDA:21,(anonymous_12)
FNDA:21,(anonymous_13)
FNDA:0,(anonymous_14)
FNDA:0,(anonymous_15)
FNDA:21,(anonymous_16)
FNDA:3,saveWithSAFAndroid
FNDA:6,(anonymous_18)
FNDA:8,(anonymous_19)
FNDA:113,(anonymous_20)
FNDA:113,(anonymous_21)
FNDA:0,(anonymous_22)
FNDA:0,(anonymous_23)
FNDA:0,(anonymous_24)
FNDA:0,(anonymous_25)
FNDA:0,(anonymous_26)
FNDA:0,(anonymous_27)
FNDA:134,(anonymous_28)
FNDA:113,(anonymous_29)
FNDA:0,(anonymous_30)
FNDA:0,(anonymous_31)
FNDA:2,(anonymous_32)
FNDA:0,(anonymous_33)
FNDA:0,(anonymous_34)
FNDA:0,(anonymous_35)
FNDA:0,(anonymous_36)
FNDA:0,(anonymous_37)
FNDA:0,(anonymous_38)
FNDA:0,(anonymous_39)
DA:46,1
DA:47,1
DA:72,113
DA:73,113
DA:75,113
DA:76,113
DA:77,113
DA:79,113
DA:80,113
DA:81,113
DA:82,113
DA:83,113
DA:84,113
DA:85,113
DA:86,113
DA:87,113
DA:88,113
DA:89,113
DA:91,113
DA:92,21
DA:94,21
DA:95,21
DA:96,21
DA:97,21
DA:98,21
DA:99,21
DA:100,21
DA:102,21
DA:106,21
DA:107,21
DA:111,113
DA:112,113
DA:114,12
DA:135,12
DA:136,12
DA:137,12
DA:138,12
DA:142,12
DA:171,0
DA:178,113
DA:179,21
DA:181,21
DA:182,0
DA:185,21
DA:186,0
DA:187,0
DA:188,0
DA:193,21
DA:196,113
DA:197,3
DA:210,3
DA:213,113
DA:214,21
DA:216,21
DA:217,21
DA:218,21
DA:219,21
DA:220,21
DA:222,21
DA:224,21
DA:225,21
DA:227,21
DA:228,21
DA:230,21
DA:231,21
DA:232,0
DA:234,21
DA:238,21
DA:242,21
DA:243,21
DA:248,113
DA:250,113
DA:251,113
DA:252,113
DA:253,113
DA:256,113
DA:262,113
DA:263,113
DA:265,113
DA:266,113
DA:269,113
DA:278,3
DA:279,3
DA:281,3
DA:282,3
DA:284,2
DA:286,1
DA:290,1
DA:294,1
DA:296,1
DA:300,113
DA:301,6
DA:302,6
DA:303,6
DA:304,6
DA:305,6
DA:307,0
DA:311,113
DA:312,8
DA:313,8
DA:315,8
DA:317,8
DA:318,8
DA:319,7
DA:322,7
DA:329,7
DA:330,1
DA:331,1
DA:334,6
DA:338,6
DA:339,6
DA:341,6
DA:343,6
DA:344,0
DA:347,6
DA:348,6
DA:349,6
DA:351,6
DA:352,3
DA:353,3
DA:355,3
DA:356,1
DA:357,1
DA:358,2
DA:359,1
DA:360,1
DA:362,1
DA:363,1
DA:365,3
DA:367,3
DA:368,2
DA:370,1
DA:372,3
DA:375,1
DA:376,1
DA:378,8
DA:382,113
DA:384,113
DA:386,113
DA:387,113
DA:388,113
DA:390,113
DA:391,113
DA:392,113
DA:395,113
DA:396,113
DA:397,113
DA:398,113
DA:399,113
DA:401,113
DA:402,113
DA:404,113
DA:405,113
DA:406,0
DA:408,113
DA:412,113
DA:416,113
DA:417,0
DA:422,113
DA:443,0
DA:450,0
DA:471,0
DA:472,0
DA:474,134
DA:476,113
DA:535,0
DA:547,2
DA:583,0
DA:607,0
DA:621,0
DA:634,0
DA:642,0
DA:676,0
DA:685,0
LF:174
LH:152
BRDA:76,0,0,113
BRDA:76,0,1,0
BRDA:92,1,0,0
BRDA:92,1,1,21
BRDA:100,2,0,21
BRDA:100,2,1,0
BRDA:102,3,0,21
BRDA:102,3,1,0
BRDA:112,4,0,101
BRDA:112,4,1,12
BRDA:136,5,0,12
BRDA:136,5,1,0
BRDA:181,6,0,0
BRDA:181,6,1,21
BRDA:181,7,0,21
BRDA:181,7,1,0
BRDA:185,8,0,0
BRDA:185,8,1,21
BRDA:185,9,0,21
BRDA:185,9,1,0
BRDA:187,10,0,0
BRDA:187,10,1,0
BRDA:187,11,0,0
BRDA:187,11,1,0
BRDA:187,11,2,0
BRDA:210,12,0,3
BRDA:210,12,1,0
BRDA:214,13,0,0
BRDA:214,13,1,21
BRDA:222,14,0,21
BRDA:222,14,1,0
BRDA:224,15,0,21
BRDA:224,15,1,0
BRDA:227,16,0,21
BRDA:227,16,1,0
BRDA:230,17,0,21
BRDA:230,17,1,0
BRDA:230,18,0,21
BRDA:230,18,1,21
BRDA:238,19,0,21
BRDA:238,19,1,0
BRDA:256,20,0,0
BRDA:256,20,1,113
BRDA:256,21,0,113
BRDA:256,21,1,0
BRDA:258,22,0,0
BRDA:258,22,1,113
BRDA:258,23,0,113
BRDA:258,23,1,0
BRDA:262,24,0,113
BRDA:262,24,1,113
BRDA:263,25,0,0
BRDA:263,25,1,113
BRDA:266,26,0,0
BRDA:266,26,1,113
BRDA:282,27,0,1
BRDA:282,27,1,2
BRDA:301,28,0,0
BRDA:301,28,1,6
BRDA:312,29,0,0
BRDA:312,29,1,8
BRDA:313,30,0,0
BRDA:313,30,1,8
BRDA:322,31,0,7
BRDA:322,31,1,1
BRDA:322,31,2,1
BRDA:322,31,3,1
BRDA:322,31,4,1
BRDA:322,31,5,1
BRDA:322,32,0,6
BRDA:322,32,1,1
BRDA:329,33,0,1
BRDA:329,33,1,6
BRDA:329,34,0,7
BRDA:329,34,1,6
BRDA:334,35,0,6
BRDA:334,35,1,6
BRDA:339,36,0,6
BRDA:339,36,1,0
BRDA:343,37,0,0
BRDA:343,37,1,6
BRDA:351,38,0,3
BRDA:351,38,1,3
BRDA:355,39,0,1
BRDA:355,39,1,2
BRDA:358,40,0,1
BRDA:358,40,1,1
BRDA:367,41,0,2
BRDA:367,41,1,1
BRDA:384,42,0,0
BRDA:384,42,1,113
BRDA:391,43,0,113
BRDA:391,43,1,0
BRDA:397,44,0,113
BRDA:397,44,1,0
BRDA:398,45,0,113
BRDA:398,45,1,0
BRDA:401,46,0,113
BRDA:401,46,1,0
BRDA:404,47,0,113
BRDA:404,47,1,0
BRDA:404,48,0,113
BRDA:404,48,1,113
BRDA:412,49,0,113
BRDA:412,49,1,0
BRDA:425,50,0,0
BRDA:425,50,1,113
BRDA:465,51,0,0
BRDA:465,51,1,113
BRDA:479,52,0,0
BRDA:479,52,1,113
BRDA:479,53,0,113
BRDA:479,53,1,0
BRDA:495,54,0,113
BRDA:495,54,1,0
BRDA:516,55,0,0
BRDA:516,55,1,113
BRDA:523,56,0,113
BRDA:523,56,1,113
BRDA:528,57,0,0
BRDA:528,57,1,113
BRDA:529,58,0,113
BRDA:529,58,1,113
BRDA:533,59,0,0
BRDA:533,59,1,113
BRDA:534,60,0,0
BRDA:534,60,1,113
BRDA:536,61,0,113
BRDA:536,61,1,0
BRDA:545,62,0,113
BRDA:545,62,1,113
BRDA:548,63,0,2
BRDA:548,63,1,111
BRDA:550,64,0,2
BRDA:550,64,1,111
BRDA:555,65,0,113
BRDA:555,65,1,0
BRDA:563,66,0,113
BRDA:563,66,1,113
BRDA:563,67,0,0
BRDA:563,67,1,113
BRDA:564,68,0,113
BRDA:564,68,1,113
BRDA:569,69,0,113
BRDA:569,69,1,113
BRDA:575,70,0,0
BRDA:575,70,1,113
BRDA:588,71,0,0
BRDA:588,71,1,113
BRDA:589,72,0,0
BRDA:589,72,1,113
BRDA:590,73,0,0
BRDA:590,73,1,113
BRDA:591,74,0,0
BRDA:591,74,1,113
BRDA:592,75,0,0
BRDA:592,75,1,113
BRDA:601,76,0,113
BRDA:601,76,1,0
BRDA:603,77,0,0
BRDA:603,77,1,113
BRDA:612,78,0,0
BRDA:612,78,1,113
BRDA:641,79,0,0
BRDA:641,79,1,0
BRDA:669,80,0,10
BRDA:669,80,1,103
BRDA:699,81,0,113
BRDA:699,81,1,0
BRF:169
BRH:106
end_of_record
TN:
SF:app\(app)\faculty\index.tsx
FN:3,FacultyPage
FNF:1
FNH:0
FNDA:0,FacultyPage
DA:5,0
LF:1
LH:0
BRF:0
BRH:0
end_of_record
TN:
SF:app\(app)\following\index.tsx
FN:4,FollowingPage
FN:6,(anonymous_1)
FNF:2
FNH:0
FNDA:0,FollowingPage
FNDA:0,(anonymous_1)
DA:5,0
DA:6,0
LF:2
LH:0
BRF:0
BRH:0
end_of_record
TN:
SF:app\(app)\notification-detail\index.tsx
FN:9,NotificationDetail
FN:18,(anonymous_1)
FN:30,(anonymous_2)
FN:59,(anonymous_3)
FNF:4
FNH:0
FNDA:0,NotificationDetail
FNDA:0,(anonymous_1)
FNDA:0,(anonymous_2)
FNDA:0,(anonymous_3)
DA:10,0
DA:11,0
DA:13,0
DA:14,0
DA:16,0
DA:18,0
DA:19,0
DA:20,0
DA:21,0
DA:23,0
DA:25,0
DA:28,0
DA:30,0
DA:31,0
DA:32,0
DA:33,0
DA:41,0
DA:45,0
DA:59,0
LF:19
LH:0
BRDA:14,0,0,0
BRDA:14,0,1,0
BRDA:20,1,0,0
BRDA:20,1,1,0
BRDA:70,2,0,0
BRDA:70,2,1,0
BRDA:83,3,0,0
BRDA:83,3,1,0
BRF:8
BRH:0
end_of_record
TN:
SF:app\(app)\pdf-viewer\index.tsx
FN:11,PdfViewer
FN:23,(anonymous_1)
FN:24,(anonymous_2)
FN:76,(anonymous_3)
FN:101,(anonymous_4)
FN:133,(anonymous_5)
FN:134,(anonymous_6)
FN:154,createPdfJsHtml
FNF:8
FNH:6
FNDA:22,PdfViewer
FNDA:11,(anonymous_1)
FNDA:11,(anonymous_2)
FNDA:1,(anonymous_3)
FNDA:1,(anonymous_4)
FNDA:0,(anonymous_5)
FNDA:0,(anonymous_6)
FNDA:1,createPdfJsHtml
DA:12,22
DA:13,22
DA:15,22
DA:16,22
DA:17,22
DA:19,22
DA:20,22
DA:21,22
DA:23,22
DA:24,11
DA:25,11
DA:26,2
DA:27,2
DA:28,2
DA:31,9
DA:33,9
DA:34,9
DA:35,3
DA:36,1
DA:37,1
DA:39,2
DA:41,2
DA:42,1
DA:43,1
DA:44,1
DA:47,1
DA:49,1
DA:50,1
DA:51,1
DA:54,6
DA:57,6
DA:60,0
DA:61,0
DA:62,0
DA:66,11
DA:69,22
DA:70,3
DA:76,1
DA:86,19
DA:101,1
DA:133,0
DA:135,0
DA:136,0
DA:137,0
DA:155,1
DA:156,1
DA:158,1
LF:47
LH:40
BRDA:16,0,0,16
BRDA:16,0,1,6
BRDA:17,1,0,12
BRDA:17,1,1,10
BRDA:17,2,0,10
BRDA:17,2,1,8
BRDA:25,3,0,2
BRDA:25,3,1,9
BRDA:34,4,0,3
BRDA:34,4,1,6
BRDA:35,5,0,1
BRDA:35,5,1,2
BRDA:41,6,0,1
BRDA:41,6,1,1
BRDA:69,7,0,3
BRDA:69,7,1,19
BRDA:72,8,0,0
BRDA:72,8,1,3
BRDA:115,9,0,19
BRDA:115,9,1,11
BRDA:121,10,0,0
BRDA:121,10,1,11
BRDA:129,11,0,19
BRDA:129,11,1,8
BRDA:155,12,0,0
BRDA:155,12,1,1
BRDA:156,13,0,0
BRDA:156,13,1,1
BRF:28
BRH:24
end_of_record
TN:
SF:app\(app)\profile\[id]\index.tsx
FN:13,ProfileScreen
FN:30,(anonymous_1)
FN:38,(anonymous_2)
FN:40,(anonymous_3)
FN:46,(anonymous_4)
FN:52,(anonymous_5)
FN:62,(anonymous_6)
FN:166,(anonymous_7)
FN:175,(anonymous_8)
FN:191,(anonymous_9)
FN:224,(anonymous_10)
FN:240,(anonymous_11)
FN:254,(anonymous_12)
FN:263,(anonymous_13)
FNF:14
FNH:14
FNDA:14,ProfileScreen
FNDA:14,(anonymous_1)
FNDA:2,(anonymous_2)
FNDA:1,(anonymous_3)
FNDA:1,(anonymous_4)
FNDA:13,(anonymous_5)
FNDA:12,(anonymous_6)
FNDA:12,(anonymous_7)
FNDA:1,(anonymous_8)
FNDA:1,(anonymous_9)
FNDA:1,(anonymous_10)
FNDA:1,(anonymous_11)
FNDA:25,(anonymous_12)
FNDA:13,(anonymous_13)
DA:14,14
DA:15,14
DA:16,14
DA:17,14
DA:18,14
DA:20,14
DA:27,14
DA:28,14
DA:30,14
DA:31,14
DA:34,14
DA:35,14
DA:36,14
DA:38,14
DA:39,2
DA:41,1
DA:46,14
DA:47,1
DA:48,1
DA:52,14
DA:53,13
DA:54,13
DA:55,13
DA:56,3
DA:57,0
DA:58,0
DA:59,0
DA:62,14
DA:63,12
DA:166,14
DA:167,12
DA:168,1
DA:175,14
DA:176,1
DA:177,1
DA:186,14
DA:187,2
DA:191,1
DA:220,12
DA:224,1
DA:240,1
DA:254,25
DA:264,13
LF:43
LH:40
BRDA:15,0,0,14
BRDA:15,0,1,0
BRDA:15,1,0,0
BRDA:15,1,1,0
BRDA:31,2,0,14
BRDA:31,2,1,0
BRDA:35,3,0,14
BRDA:35,3,1,2
BRDA:47,4,0,1
BRDA:47,4,1,0
BRDA:47,5,0,1
BRDA:47,5,1,1
BRDA:53,6,0,0
BRDA:53,6,1,13
BRDA:55,7,0,10
BRDA:55,7,1,3
BRDA:56,8,0,3
BRDA:56,8,1,0
BRDA:56,9,0,3
BRDA:56,9,1,2
BRDA:57,10,0,0
BRDA:57,10,1,0
BRDA:57,11,0,0
BRDA:57,11,1,0
BRDA:58,12,0,0
BRDA:58,12,1,0
BRDA:58,13,0,0
BRDA:58,13,1,0
BRDA:64,14,0,0
BRDA:64,14,1,12
BRDA:75,15,0,12
BRDA:75,15,1,0
BRDA:79,16,0,0
BRDA:79,16,1,12
BRDA:99,17,0,12
BRDA:99,17,1,10
BRDA:105,18,0,1
BRDA:105,18,1,9
BRDA:108,19,0,1
BRDA:108,19,1,9
BRDA:109,20,0,0
BRDA:109,20,1,1
BRDA:113,21,0,1
BRDA:113,21,1,8
BRDA:115,22,0,1
BRDA:115,22,1,8
BRDA:167,23,0,11
BRDA:167,23,1,1
BRDA:176,24,0,0
BRDA:176,24,1,1
BRDA:186,25,0,2
BRDA:186,25,1,12
BRDA:238,26,0,2
BRDA:238,26,1,10
BRDA:270,27,0,13
BRDA:270,27,1,13
BRDA:272,28,0,13
BRDA:272,28,1,0
BRF:58
BRH:37
end_of_record
TN:
SF:app\(app)\saved-doc\index.tsx
FN:22,SavedDoc
FN:31,(anonymous_1)
FN:34,(anonymous_2)
FN:40,(anonymous_3)
FN:62,(anonymous_4)
FN:83,(anonymous_5)
FN:93,(anonymous_6)
FNF:7
FNH:0
FNDA:0,SavedDoc
FNDA:0,(anonymous_1)
FNDA:0,(anonymous_2)
FNDA:0,(anonymous_3)
FNDA:0,(anonymous_4)
FNDA:0,(anonymous_5)
FNDA:0,(anonymous_6)
DA:23,0
DA:25,0
DA:26,0
DA:27,0
DA:29,0
DA:31,0
DA:32,0
DA:34,0
DA:35,0
DA:36,0
DA:38,0
DA:40,0
DA:41,0
DA:42,0
DA:43,0
DA:45,0
DA:46,0
DA:50,0
DA:52,0
DA:53,0
DA:56,0
DA:60,0
DA:62,0
DA:63,0
DA:67,0
DA:83,0
DA:94,0
LF:27
LH:0
BRDA:52,0,0,0
BRDA:52,0,1,0
BRDA:56,1,0,0
BRDA:56,1,1,0
BRF:4
BRH:0
end_of_record
TN:
SF:app\(app)\select-faculty\index.tsx
FN:12,SelectFacultyScreen
FN:17,(anonymous_1)
FN:21,(anonymous_2)
FN:23,(anonymous_3)
FN:29,(anonymous_4)
FN:34,(anonymous_5)
FN:34,(anonymous_6)
FN:38,(anonymous_7)
FN:40,(anonymous_8)
FN:41,(anonymous_9)
FN:44,(anonymous_10)
FN:44,(anonymous_11)
FN:45,(anonymous_12)
FN:50,(anonymous_13)
FN:63,(anonymous_14)
FN:94,(anonymous_15)
FN:105,(anonymous_16)
FN:107,(anonymous_17)
FN:108,(anonymous_18)
FN:129,(anonymous_19)
FN:130,(anonymous_20)
FNF:21
FNH:0
FNDA:0,SelectFacultyScreen
FNDA:0,(anonymous_1)
FNDA:0,(anonymous_2)
FNDA:0,(anonymous_3)
FNDA:0,(anonymous_4)
FNDA:0,(anonymous_5)
FNDA:0,(anonymous_6)
FNDA:0,(anonymous_7)
FNDA:0,(anonymous_8)
FNDA:0,(anonymous_9)
FNDA:0,(anonymous_10)
FNDA:0,(anonymous_11)
FNDA:0,(anonymous_12)
FNDA:0,(anonymous_13)
FNDA:0,(anonymous_14)
FNDA:0,(anonymous_15)
FNDA:0,(anonymous_16)
FNDA:0,(anonymous_17)
FNDA:0,(anonymous_18)
FNDA:0,(anonymous_19)
FNDA:0,(anonymous_20)
DA:13,0
DA:14,0
DA:17,0
DA:19,0
DA:20,0
DA:21,0
DA:23,0
DA:24,0
DA:25,0
DA:29,0
DA:30,0
DA:33,0
DA:34,0
DA:38,0
DA:40,0
DA:41,0
DA:44,0
DA:45,0
DA:46,0
DA:47,0
DA:49,0
DA:50,0
DA:51,0
DA:55,0
DA:63,0
DA:95,0
DA:105,0
DA:108,0
DA:130,0
DA:132,0
DA:133,0
LF:31
LH:0
BRDA:30,0,0,0
BRDA:30,0,1,0
BRDA:46,1,0,0
BRDA:46,1,1,0
BRDA:74,2,0,0
BRDA:74,2,1,0
BRDA:92,3,0,0
BRDA:92,3,1,0
BRDA:110,4,0,0
BRDA:110,4,1,0
BRF:10
BRH:0
end_of_record
TN:
SF:app\(app)\select-images\index.tsx
FN:12,SelectImagesScreen
FN:19,(anonymous_1)
FN:20,(anonymous_2)
FN:23,(anonymous_3)
FN:26,(anonymous_4)
FN:27,(anonymous_5)
FN:39,(anonymous_6)
FN:43,(anonymous_7)
FN:45,(anonymous_8)
FN:48,(anonymous_9)
FN:50,(anonymous_10)
FN:55,(anonymous_11)
FN:56,(anonymous_12)
FN:56,(anonymous_13)
FN:65,(anonymous_14)
FN:76,(anonymous_15)
FN:83,(anonymous_16)
FN:101,(anonymous_17)
FN:105,(anonymous_18)
FN:123,(anonymous_19)
FN:133,(anonymous_20)
FNF:21
FNH:0
FNDA:0,SelectImagesScreen
FNDA:0,(anonymous_1)
FNDA:0,(anonymous_2)
FNDA:0,(anonymous_3)
FNDA:0,(anonymous_4)
FNDA:0,(anonymous_5)
FNDA:0,(anonymous_6)
FNDA:0,(anonymous_7)
FNDA:0,(anonymous_8)
FNDA:0,(anonymous_9)
FNDA:0,(anonymous_10)
FNDA:0,(anonymous_11)
FNDA:0,(anonymous_12)
FNDA:0,(anonymous_13)
FNDA:0,(anonymous_14)
FNDA:0,(anonymous_15)
FNDA:0,(anonymous_16)
FNDA:0,(anonymous_17)
FNDA:0,(anonymous_18)
FNDA:0,(anonymous_19)
FNDA:0,(anonymous_20)
DA:13,0
DA:14,0
DA:15,0
DA:16,0
DA:19,0
DA:20,0
DA:22,0
DA:23,0
DA:24,0
DA:26,0
DA:27,0
DA:28,0
DA:29,0
DA:30,0
DA:31,0
DA:34,0
DA:39,0
DA:43,0
DA:44,0
DA:45,0
DA:46,0
DA:48,0
DA:49,0
DA:50,0
DA:51,0
DA:55,0
DA:56,0
DA:59,0
DA:61,0
DA:65,0
DA:77,0
DA:78,0
DA:80,0
DA:83,0
DA:102,0
DA:105,0
DA:123,0
DA:134,0
DA:135,0
DA:137,0
DA:139,0
LF:41
LH:0
BRDA:16,0,0,0
BRDA:16,0,1,0
BRDA:22,1,0,0
BRDA:22,1,1,0
BRDA:22,2,0,0
BRDA:22,2,1,0
BRDA:29,3,0,0
BRDA:29,3,1,0
BRDA:39,4,0,0
BRDA:39,4,1,0
BRDA:44,5,0,0
BRDA:44,5,1,0
BRDA:45,6,0,0
BRDA:45,6,1,0
BRDA:50,7,0,0
BRDA:50,7,1,0
BRDA:78,8,0,0
BRDA:78,8,1,0
BRDA:87,9,0,0
BRDA:87,9,1,0
BRDA:97,10,0,0
BRDA:97,10,1,0
BRDA:134,11,0,0
BRDA:134,11,1,0
BRDA:135,12,0,0
BRDA:135,12,1,0
BRF:26
BRH:0
end_of_record
TN:
SF:app\(app)\select-list\index.tsx
FN:12,SelectListScreen
FN:15,(anonymous_1)
FN:19,(anonymous_2)
FN:21,(anonymous_3)
FN:26,(anonymous_4)
FN:26,(anonymous_5)
FN:32,(anonymous_6)
FN:32,(anonymous_7)
FN:38,(anonymous_8)
FN:59,(anonymous_9)
FN:70,(anonymous_10)
FN:71,(anonymous_11)
FN:72,(anonymous_12)
FN:88,(anonymous_13)
FNF:14
FNH:0
FNDA:0,SelectListScreen
FNDA:0,(anonymous_1)
FNDA:0,(anonymous_2)
FNDA:0,(anonymous_3)
FNDA:0,(anonymous_4)
FNDA:0,(anonymous_5)
FNDA:0,(anonymous_6)
FNDA:0,(anonymous_7)
FNDA:0,(anonymous_8)
FNDA:0,(anonymous_9)
FNDA:0,(anonymous_10)
FNDA:0,(anonymous_11)
FNDA:0,(anonymous_12)
FNDA:0,(anonymous_13)
DA:13,0
DA:14,0
DA:15,0
DA:17,0
DA:18,0
DA:19,0
DA:21,0
DA:22,0
DA:25,0
DA:26,0
DA:32,0
DA:34,0
DA:38,0
DA:60,0
DA:70,0
DA:72,0
DA:89,0
DA:90,0
DA:91,0
LF:19
LH:0
BRDA:19,0,0,0
BRDA:19,0,1,0
BRDA:22,1,0,0
BRDA:22,1,1,0
BRDA:32,2,0,0
BRDA:32,2,1,0
BRDA:57,3,0,0
BRDA:57,3,1,0
BRDA:74,4,0,0
BRDA:74,4,1,0
BRDA:89,5,0,0
BRDA:89,5,1,0
BRF:12
BRH:0
end_of_record
TN:
SF:app\(app)\select-subject\index.tsx
FN:12,SelectSubjectScreen
FN:15,(anonymous_1)
FN:19,(anonymous_2)
FN:21,(anonymous_3)
FN:26,(anonymous_4)
FN:26,(anonymous_5)
FN:30,(anonymous_6)
FN:30,(anonymous_7)
FN:36,(anonymous_8)
FN:57,(anonymous_9)
FN:68,(anonymous_10)
FN:69,(anonymous_11)
FN:70,(anonymous_12)
FN:89,(anonymous_13)
FNF:14
FNH:0
FNDA:0,SelectSubjectScreen
FNDA:0,(anonymous_1)
FNDA:0,(anonymous_2)
FNDA:0,(anonymous_3)
FNDA:0,(anonymous_4)
FNDA:0,(anonymous_5)
FNDA:0,(anonymous_6)
FNDA:0,(anonymous_7)
FNDA:0,(anonymous_8)
FNDA:0,(anonymous_9)
FNDA:0,(anonymous_10)
FNDA:0,(anonymous_11)
FNDA:0,(anonymous_12)
FNDA:0,(anonymous_13)
DA:13,0
DA:14,0
DA:15,0
DA:17,0
DA:18,0
DA:19,0
DA:21,0
DA:22,0
DA:25,0
DA:26,0
DA:30,0
DA:32,0
DA:36,0
DA:58,0
DA:68,0
DA:70,0
DA:90,0
DA:91,0
DA:92,0
LF:19
LH:0
BRDA:19,0,0,0
BRDA:19,0,1,0
BRDA:22,1,0,0
BRDA:22,1,1,0
BRDA:30,2,0,0
BRDA:30,2,1,0
BRDA:55,3,0,0
BRDA:55,3,1,0
BRDA:72,4,0,0
BRDA:72,4,1,0
BRDA:90,5,0,0
BRDA:90,5,1,0
BRF:12
BRH:0
end_of_record
TN:
SF:app\(app)\subject\index.tsx
FN:3,SubjectPage
FNF:1
FNH:0
FNDA:0,SubjectPage
DA:4,0
LF:1
LH:0
BRF:0
BRH:0
end_of_record
TN:
SF:app\(app)\upload-detail\index.tsx
FN:3,UploadDetailPage
FNF:1
FNH:0
FNDA:0,UploadDetailPage
DA:4,0
LF:1
LH:0
BRF:0
BRH:0
end_of_record
TN:
SF:app\(app)\write-comment\index.tsx
FN:24,WriteComment
FN:38,(anonymous_1)
FN:87,(anonymous_2)
FN:110,(anonymous_3)
FN:119,(anonymous_4)
FN:141,(anonymous_5)
FN:146,(anonymous_6)
FN:147,(anonymous_7)
FN:147,(anonymous_8)
FN:150,(anonymous_9)
FN:154,(anonymous_10)
FN:164,(anonymous_11)
FN:188,(anonymous_12)
FN:205,(anonymous_13)
FN:205,(anonymous_14)
FN:208,(anonymous_15)
FN:208,(anonymous_16)
FN:211,(anonymous_17)
FN:211,(anonymous_18)
FN:214,(anonymous_19)
FN:214,(anonymous_20)
FN:217,(anonymous_21)
FN:217,(anonymous_22)
FN:244,(anonymous_23)
FN:248,(anonymous_24)
FN:271,(anonymous_25)
FN:281,(anonymous_26)
FNF:27
FNH:0
FNDA:0,WriteComment
FNDA:0,(anonymous_1)
FNDA:0,(anonymous_2)
FNDA:0,(anonymous_3)
FNDA:0,(anonymous_4)
FNDA:0,(anonymous_5)
FNDA:0,(anonymous_6)
FNDA:0,(anonymous_7)
FNDA:0,(anonymous_8)
FNDA:0,(anonymous_9)
FNDA:0,(anonymous_10)
FNDA:0,(anonymous_11)
FNDA:0,(anonymous_12)
FNDA:0,(anonymous_13)
FNDA:0,(anonymous_14)
FNDA:0,(anonymous_15)
FNDA:0,(anonymous_16)
FNDA:0,(anonymous_17)
FNDA:0,(anonymous_18)
FNDA:0,(anonymous_19)
FNDA:0,(anonymous_20)
FNDA:0,(anonymous_21)
FNDA:0,(anonymous_22)
FNDA:0,(anonymous_23)
FNDA:0,(anonymous_24)
FNDA:0,(anonymous_25)
FNDA:0,(anonymous_26)
DA:25,0
DA:26,0
DA:28,0
DA:29,0
DA:31,0
DA:32,0
DA:34,0
DA:35,0
DA:36,0
DA:38,0
DA:39,0
DA:40,0
DA:41,0
DA:42,0
DA:44,0
DA:45,0
DA:46,0
DA:48,0
DA:49,0
DA:50,0
DA:53,0
DA:55,0
DA:56,0
DA:57,0
DA:59,0
DA:60,0
DA:61,0
DA:63,0
DA:64,0
DA:65,0
DA:67,0
DA:74,0
DA:75,0
DA:76,0
DA:77,0
DA:79,0
DA:87,0
DA:89,0
DA:90,0
DA:91,0
DA:94,0
DA:95,0
DA:98,0
DA:99,0
DA:100,0
DA:101,0
DA:104,0
DA:105,0
DA:107,0
DA:108,0
DA:110,0
DA:111,0
DA:112,0
DA:113,0
DA:114,0
DA:116,0
DA:119,0
DA:120,0
DA:121,0
DA:122,0
DA:123,0
DA:126,0
DA:127,0
DA:128,0
DA:129,0
DA:132,0
DA:139,0
DA:141,0
DA:142,0
DA:143,0
DA:146,0
DA:147,0
DA:150,0
DA:151,0
DA:153,0
DA:154,0
DA:155,0
DA:156,0
DA:157,0
DA:158,0
DA:160,0
DA:164,0
DA:167,0
DA:188,0
DA:205,0
DA:208,0
DA:211,0
DA:214,0
DA:217,0
DA:245,0
DA:248,0
DA:271,0
DA:281,0
LF:93
LH:0
BRDA:26,0,0,0
BRDA:26,0,1,0
BRDA:40,1,0,0
BRDA:40,1,1,0
BRDA:44,2,0,0
BRDA:44,2,1,0
BRDA:48,3,0,0
BRDA:48,3,1,0
BRDA:63,4,0,0
BRDA:63,4,1,0
BRDA:64,5,0,0
BRDA:64,5,1,0
BRDA:65,6,0,0
BRDA:65,6,1,0
BRDA:75,7,0,0
BRDA:75,7,1,0
BRDA:81,8,0,0
BRDA:81,8,1,0
BRDA:89,9,0,0
BRDA:89,9,1,0
BRDA:91,10,0,0
BRDA:91,10,1,0
BRDA:95,11,0,0
BRDA:95,11,1,0
BRDA:98,12,0,0
BRDA:98,12,1,0
BRDA:99,13,0,0
BRDA:99,13,1,0
BRDA:108,14,0,0
BRDA:108,14,1,0
BRDA:111,15,0,0
BRDA:111,15,1,0
BRDA:111,16,0,0
BRDA:111,16,1,0
BRDA:114,17,0,0
BRDA:114,17,1,0
BRDA:121,18,0,0
BRDA:121,18,1,0
BRDA:127,19,0,0
BRDA:127,19,1,0
BRDA:139,20,0,0
BRDA:139,20,1,0
BRDA:141,21,0,0
BRDA:141,21,1,0
BRDA:151,22,0,0
BRDA:151,22,1,0
BRDA:158,23,0,0
BRDA:158,23,1,0
BRDA:158,24,0,0
BRDA:158,24,1,0
BRDA:183,25,0,0
BRDA:183,25,1,0
BRDA:192,26,0,0
BRDA:192,26,1,0
BRDA:197,27,0,0
BRDA:197,27,1,0
BRDA:205,28,0,0
BRDA:205,28,1,0
BRDA:206,29,0,0
BRDA:206,29,1,0
BRDA:206,30,0,0
BRDA:206,30,1,0
BRDA:206,31,0,0
BRDA:206,31,1,0
BRDA:208,32,0,0
BRDA:208,32,1,0
BRDA:209,33,0,0
BRDA:209,33,1,0
BRDA:209,34,0,0
BRDA:209,34,1,0
BRDA:209,35,0,0
BRDA:209,35,1,0
BRDA:211,36,0,0
BRDA:211,36,1,0
BRDA:212,37,0,0
BRDA:212,37,1,0
BRDA:212,38,0,0
BRDA:212,38,1,0
BRDA:212,39,0,0
BRDA:212,39,1,0
BRDA:214,40,0,0
BRDA:214,40,1,0
BRDA:215,41,0,0
BRDA:215,41,1,0
BRDA:215,42,0,0
BRDA:215,42,1,0
BRDA:215,43,0,0
BRDA:215,43,1,0
BRDA:217,44,0,0
BRDA:217,44,1,0
BRDA:218,45,0,0
BRDA:218,45,1,0
BRDA:218,46,0,0
BRDA:218,46,1,0
BRDA:218,47,0,0
BRDA:218,47,1,0
BRDA:233,48,0,0
BRDA:233,48,1,0
BRDA:236,49,0,0
BRDA:236,49,1,0
BRDA:268,50,0,0
BRDA:268,50,1,0
BRDA:278,51,0,0
BRDA:278,51,1,0
BRF:104
BRH:0
end_of_record
TN:
SF:app\(public)\_layout.tsx
FN:4,PublicLayout
FNF:1
FNH:0
FNDA:0,PublicLayout
DA:5,0
LF:1
LH:0
BRF:0
BRH:0
end_of_record
TN:
SF:app\(public)\forgot-password\index.tsx
FN:10,ForgotPasswordScreen
FN:13,(anonymous_1)
FNF:2
FNH:2
FNDA:10,ForgotPasswordScreen
FNDA:3,(anonymous_1)
DA:11,10
DA:13,10
DA:14,3
DA:15,3
DA:16,3
DA:18,1
DA:20,1
DA:25,1
DA:27,2
DA:28,2
DA:30,3
DA:34,10
LF:12
LH:12
BRDA:27,0,0,2
BRDA:27,0,1,1
BRF:2
BRH:2
end_of_record
TN:
SF:app\(public)\login\index.tsx
FN:8,LoginScreen
FN:13,(anonymous_1)
FNF:2
FNH:2
FNDA:10,LoginScreen
FNDA:3,(anonymous_1)
DA:9,10
DA:10,10
DA:11,10
DA:13,10
DA:14,3
DA:15,3
DA:16,3
DA:17,1
DA:19,2
DA:20,2
DA:22,3
DA:26,10
LF:12
LH:12
BRDA:19,0,0,1
BRDA:19,0,1,1
BRF:2
BRH:2
end_of_record
TN:
SF:app\(public)\new-password\index.tsx
FN:10,NewPasswordScreen
FN:14,(anonymous_1)
FN:15,(anonymous_2)
FN:21,(anonymous_3)
FN:36,(anonymous_4)
FN:57,(anonymous_5)
FNF:6
FNH:4
FNDA:13,NewPasswordScreen
FNDA:5,(anonymous_1)
FNDA:5,(anonymous_2)
FNDA:0,(anonymous_3)
FNDA:2,(anonymous_4)
FNDA:0,(anonymous_5)
DA:11,13
DA:12,13
DA:14,13
DA:15,5
DA:16,5
DA:17,5
DA:19,5
DA:20,1
DA:21,0
DA:23,1
DA:26,4
DA:28,0
DA:29,0
DA:33,5
DA:36,13
DA:37,2
DA:38,0
DA:39,0
DA:42,2
DA:43,2
DA:45,2
DA:51,1
DA:56,1
DA:57,0
DA:60,1
DA:61,1
DA:62,1
DA:64,2
DA:68,13
LF:29
LH:23
BRDA:19,0,0,1
BRDA:19,0,1,4
BRDA:37,1,0,0
BRDA:37,1,1,2
BRDA:61,2,0,1
BRDA:61,2,1,0
BRF:6
BRH:4
end_of_record
TN:
SF:app\(public)\onboard\index.tsx
FN:17,OnboardScreen
FN:24,(anonymous_1)
FN:26,(anonymous_2)
FN:60,(anonymous_3)
FNF:4
FNH:4
FNDA:7,OnboardScreen
FNDA:1,(anonymous_1)
FNDA:3,(anonymous_2)
FNDA:21,(anonymous_3)
DA:15,1
DA:18,7
DA:19,7
DA:20,7
DA:21,7
DA:24,7
DA:26,7
DA:27,3
DA:28,3
DA:29,1
DA:30,1
DA:32,2
DA:33,2
DA:34,2
DA:37,7
DA:61,21
LF:16
LH:16
BRDA:28,0,0,1
BRDA:28,0,1,2
BRDA:63,1,0,7
BRDA:63,1,1,14
BRF:4
BRH:4
end_of_record
TN:
SF:app\(public)\otp-code\index.tsx
FN:10,OtpCodeScreen
FN:15,(anonymous_1)
FN:16,(anonymous_2)
FN:37,(anonymous_3)
FN:63,(anonymous_4)
FNF:5
FNH:4
FNDA:18,OtpCodeScreen
FNDA:6,(anonymous_1)
FNDA:6,(anonymous_2)
FNDA:3,(anonymous_3)
FNDA:0,(anonymous_4)
DA:11,18
DA:12,18
DA:13,18
DA:15,18
DA:16,6
DA:18,6
DA:19,6
DA:20,2
DA:21,2
DA:22,2
DA:23,2
DA:27,4
DA:28,4
DA:29,4
DA:30,4
DA:31,4
DA:34,6
DA:37,18
DA:38,3
DA:39,3
DA:40,3
DA:45,2
DA:46,2
DA:47,0
DA:50,2
DA:51,1
DA:52,1
DA:54,1
DA:56,1
DA:60,1
DA:62,1
DA:63,0
DA:66,1
DA:67,1
DA:70,1
DA:71,1
DA:73,3
DA:77,18
LF:38
LH:36
BRDA:19,0,0,2
BRDA:19,0,1,4
BRDA:28,1,0,4
BRDA:28,1,1,0
BRDA:46,2,0,0
BRDA:46,2,1,2
BRDA:50,3,0,1
BRDA:50,3,1,1
BRDA:52,4,0,0
BRDA:52,4,1,1
BRDA:70,5,0,1
BRDA:70,5,1,0
BRF:12
BRH:8
end_of_record
TN:
SF:app\(public)\signup\index.tsx
FN:10,LoginScreen
FN:14,(anonymous_1)
FNF:2
FNH:2
FNDA:10,LoginScreen
FNDA:3,(anonymous_1)
DA:11,10
DA:12,10
DA:14,10
DA:15,3
DA:16,3
DA:17,3
DA:18,3
DA:19,3
DA:21,3
DA:22,1
DA:25,1
DA:32,1
DA:34,2
DA:35,2
DA:36,2
DA:37,2
DA:39,2
DA:40,2
DA:42,3
DA:46,10
LF:20
LH:20
BRDA:39,0,0,2
BRDA:39,0,1,1
BRF:2
BRH:2
end_of_record
TN:
SF:components\external-link.tsx
FN:7,ExternalLink
FN:13,(anonymous_1)
FNF:2
FNH:0
FNDA:0,ExternalLink
FNDA:0,(anonymous_1)
DA:8,0
DA:14,0
DA:16,0
DA:18,0
LF:4
LH:0
BRDA:14,0,0,0
BRDA:14,0,1,0
BRF:2
BRH:0
end_of_record
TN:
SF:components\haptic-tab.tsx
FN:5,HapticTab
FN:9,(anonymous_1)
FNF:2
FNH:0
FNDA:0,HapticTab
FNDA:0,(anonymous_1)
DA:6,0
DA:10,0
DA:12,0
DA:14,0
LF:4
LH:0
BRDA:10,0,0,0
BRDA:10,0,1,0
BRF:2
BRH:0
end_of_record
TN:
SF:components\hello-wave.tsx
FN:3,HelloWave
FNF:1
FNH:0
FNDA:0,HelloWave
DA:4,0
LF:1
LH:0
BRF:0
BRH:0
end_of_record
TN:
SF:components\parallax-scroll-view.tsx
FN:21,ParallaxScrollView
FN:30,(anonymous_1)
FNF:2
FNH:0
FNDA:0,ParallaxScrollView
FNDA:0,(anonymous_1)
DA:14,0
DA:26,0
DA:27,0
DA:28,0
DA:29,0
DA:30,0
DA:31,0
DA:47,0
DA:65,0
LF:9
LH:0
BRDA:27,0,0,0
BRDA:27,0,1,0
BRF:2
BRH:0
end_of_record
TN:
SF:components\splash-screen.tsx
FN:9,SplashScreen
FN:13,(anonymous_1)
FN:28,(anonymous_2)
FN:33,(anonymous_3)
FN:38,(anonymous_4)
FNF:5
FNH:0
FNDA:0,SplashScreen
FNDA:0,(anonymous_1)
FNDA:0,(anonymous_2)
FNDA:0,(anonymous_3)
FNDA:0,(anonymous_4)
DA:10,0
DA:11,0
DA:13,0
DA:14,0
DA:28,0
DA:29,0
DA:34,0
DA:38,0
DA:41,0
LF:9
LH:0
BRDA:9,0,0,0
BRF:1
BRH:0
end_of_record
TN:
SF:components\theme-wrapper.tsx
FN:8,ThemeWrapper
FNF:1
FNH:0
FNDA:0,ThemeWrapper
DA:9,0
DA:11,0
LF:2
LH:0
BRDA:12,0,0,0
BRDA:12,0,1,0
BRF:2
BRH:0
end_of_record
TN:
SF:components\themed-text.tsx
FN:11,ThemedText
FNF:1
FNH:0
FNDA:0,ThemedText
DA:18,0
DA:20,0
DA:36,0
LF:3
LH:0
BRDA:15,0,0,0
BRDA:24,1,0,0
BRDA:24,1,1,0
BRDA:25,2,0,0
BRDA:25,2,1,0
BRDA:26,3,0,0
BRDA:26,3,1,0
BRDA:27,4,0,0
BRDA:27,4,1,0
BRDA:28,5,0,0
BRDA:28,5,1,0
BRF:11
BRH:0
end_of_record
TN:
SF:components\themed-view.tsx
FN:10,ThemedView
FNF:1
FNH:0
FNDA:0,ThemedView
DA:11,0
DA:13,0
LF:2
LH:0
BRF:0
BRH:0
end_of_record
TN:
SF:components\Admin\DocumentManagement.tsx
FN:7,DocumentManagement
FN:20,(anonymous_1)
FN:22,(anonymous_2)
FN:31,(anonymous_3)
FN:40,(anonymous_4)
FN:53,(anonymous_5)
FN:91,(anonymous_6)
FN:101,(anonymous_7)
FN:120,(anonymous_8)
FN:168,(anonymous_9)
FN:177,(anonymous_10)
FNF:11
FNH:10
FNDA:33,DocumentManagement
FNDA:32,(anonymous_1)
FNDA:3,(anonymous_2)
FNDA:4,(anonymous_3)
FNDA:3,(anonymous_4)
FNDA:3,(anonymous_5)
FNDA:0,(anonymous_6)
FNDA:3,(anonymous_7)
FNDA:90,(anonymous_8)
FNDA:3,(anonymous_9)
FNDA:4,(anonymous_10)
DA:8,33
DA:15,33
DA:17,33
DA:18,33
DA:20,33
DA:22,33
DA:23,3
DA:24,3
DA:25,2
DA:27,1
DA:31,33
DA:32,4
DA:41,3
DA:42,3
DA:43,2
DA:45,1
DA:53,33
DA:54,3
DA:55,1
DA:59,33
DA:91,0
DA:102,3
DA:103,3
DA:104,3
DA:108,3
DA:121,90
DA:168,3
DA:177,4
LF:28
LH:27
BRDA:15,0,0,33
BRDA:15,0,1,29
BRDA:20,1,0,33
BRDA:20,1,1,2
BRDA:54,2,0,1
BRDA:54,2,1,2
BRDA:54,3,0,3
BRDA:54,3,1,2
BRDA:90,4,0,33
BRDA:90,4,1,4
BRDA:104,5,0,3
BRDA:104,5,1,0
BRDA:114,6,0,1
BRDA:114,6,1,32
BRDA:137,7,0,60
BRDA:137,7,1,30
BRDA:153,8,0,60
BRDA:153,8,1,30
BRDA:154,9,0,90
BRDA:154,9,1,30
BRDA:169,10,0,90
BRDA:169,10,1,87
BRDA:178,11,0,90
BRDA:178,11,1,87
BRDA:190,12,0,32
BRDA:190,12,1,2
BRDA:190,12,2,2
BRDA:198,13,0,32
BRDA:198,13,1,2
BRF:29
BRH:28
end_of_record
TN:
SF:components\Admin\MemberManagement.tsx
FN:7,MemberManagement
FN:13,(anonymous_1)
FN:17,(anonymous_2)
FN:26,(anonymous_3)
FN:39,(anonymous_4)
FN:79,(anonymous_5)
FN:96,(anonymous_6)
FN:151,(anonymous_7)
FN:161,(anonymous_8)
FNF:9
FNH:8
FNDA:39,MemberManagement
FNDA:104,(anonymous_1)
FNDA:5,(anonymous_2)
FNDA:3,(anonymous_3)
FNDA:3,(anonymous_4)
FNDA:0,(anonymous_5)
FNDA:89,(anonymous_6)
FNDA:3,(anonymous_7)
FNDA:5,(anonymous_8)
DA:8,39
DA:9,39
DA:10,39
DA:11,39
DA:13,39
DA:14,104
DA:17,39
DA:18,5
DA:27,3
DA:28,3
DA:29,2
DA:31,1
DA:39,39
DA:40,3
DA:41,3
DA:42,2
DA:44,1
DA:48,39
DA:79,0
DA:97,89
DA:151,3
DA:161,5
LF:22
LH:21
BRDA:9,0,0,2
BRDA:78,1,0,39
BRDA:78,1,1,6
BRDA:90,2,0,1
BRDA:90,2,1,38
BRDA:100,3,0,29
BRDA:100,3,1,60
BRDA:118,4,0,30
BRDA:118,4,1,59
BRDA:124,5,0,29
BRDA:124,5,1,60
BRDA:126,6,0,89
BRDA:126,6,1,29
BRDA:137,7,0,89
BRDA:137,7,1,29
BRDA:149,8,0,29
BRDA:149,8,1,60
BRDA:174,9,0,38
BRDA:174,9,1,6
BRDA:174,9,2,6
BRF:20
BRH:20
end_of_record
TN:
SF:components\Admin\api\index.ts
FN:10,(anonymous_0)
FN:19,(anonymous_1)
FN:36,(anonymous_2)
FN:42,(anonymous_3)
FN:49,(anonymous_4)
FN:56,(anonymous_5)
FN:63,(anonymous_6)
FN:67,(anonymous_7)
FN:74,(anonymous_8)
FN:78,(anonymous_9)
FN:111,(anonymous_10)
FN:130,(anonymous_11)
FN:133,(anonymous_12)
FN:140,(anonymous_13)
FN:148,(anonymous_14)
FN:155,(anonymous_15)
FN:162,(anonymous_16)
FN:166,(anonymous_17)
FN:173,(anonymous_18)
FN:177,(anonymous_19)
FNF:20
FNH:20
FNDA:5,(anonymous_0)
FNDA:2,(anonymous_1)
FNDA:4,(anonymous_2)
FNDA:2,(anonymous_3)
FNDA:3,(anonymous_4)
FNDA:2,(anonymous_5)
FNDA:2,(anonymous_6)
FNDA:1,(anonymous_7)
FNDA:2,(anonymous_8)
FNDA:1,(anonymous_9)
FNDA:6,(anonymous_10)
FNDA:3,(anonymous_11)
FNDA:2,(anonymous_12)
FNDA:9,(anonymous_13)
FNDA:3,(anonymous_14)
FNDA:3,(anonymous_15)
FNDA:2,(anonymous_16)
FNDA:1,(anonymous_17)
FNDA:2,(anonymous_18)
FNDA:1,(anonymous_19)
DA:10,2
DA:11,5
DA:12,5
DA:13,5
DA:19,2
DA:20,2
DA:36,2
DA:37,4
DA:38,4
DA:39,4
DA:42,2
DA:43,2
DA:49,2
DA:50,3
DA:53,3
DA:56,2
DA:57,2
DA:60,2
DA:63,2
DA:64,2
DA:65,2
DA:68,1
DA:69,1
DA:74,2
DA:75,2
DA:76,2
DA:79,1
DA:80,1
DA:111,2
DA:120,6
DA:127,6
DA:130,2
DA:131,3
DA:134,2
DA:141,9
DA:142,9
DA:143,9
DA:148,2
DA:149,3
DA:152,3
DA:155,2
DA:156,3
DA:159,2
DA:162,2
DA:163,2
DA:164,2
DA:167,1
DA:168,1
DA:173,2
DA:174,2
DA:175,2
DA:178,1
DA:179,1
LF:53
LH:53
BRDA:12,0,0,5
BRDA:12,0,1,1
BRDA:14,1,0,5
BRDA:14,1,1,2
BRDA:15,2,0,5
BRDA:15,2,1,3
BRDA:38,3,0,4
BRDA:38,3,1,1
BRDA:39,4,0,3
BRDA:39,4,1,1
BRDA:112,5,0,2
BRDA:113,6,0,2
BRDA:124,7,0,6
BRDA:124,7,1,3
BRDA:127,8,0,6
BRDA:127,8,1,1
BRDA:133,9,0,0
BRDA:143,10,0,5
BRDA:143,10,1,4
BRF:19
BRH:18
end_of_record
TN:
SF:components\Chatbot\api\index.ts
FN:29,(anonymous_0)
FN:34,(anonymous_1)
FNF:2
FNH:0
FNDA:0,(anonymous_0)
FNDA:0,(anonymous_1)
DA:29,0
DA:30,0
DA:31,0
DA:34,0
DA:35,0
LF:5
LH:0
BRF:0
BRH:0
end_of_record
TN:
SF:components\DocumentCard\index.tsx
FN:20,DocumentCard
FN:25,(anonymous_1)
FNF:2
FNH:2
FNDA:18,DocumentCard
FNDA:1,(anonymous_1)
DA:21,18
DA:23,18
DA:26,1
LF:3
LH:3
BRDA:35,0,0,17
BRDA:35,0,1,1
BRDA:59,1,0,18
BRDA:59,1,1,1
BRDA:65,2,0,18
BRDA:65,2,1,1
BRF:6
BRH:6
end_of_record
TN:
SF:components\FacultyCard\index.tsx
FN:14,FacultyCard
FN:18,(anonymous_1)
FNF:2
FNH:2
FNDA:9,FacultyCard
FNDA:1,(anonymous_1)
DA:15,9
DA:16,9
DA:18,1
LF:3
LH:3
BRDA:23,0,0,1
BRDA:23,0,1,8
BRF:2
BRH:2
end_of_record
TN:
SF:components\FacultyScreen\index.tsx
FN:10,FacultyScreen
FN:20,(anonymous_1)
FN:25,(anonymous_2)
FN:35,(anonymous_3)
FN:46,(anonymous_4)
FN:49,(anonymous_5)
FN:59,(anonymous_6)
FN:80,(anonymous_7)
FN:144,(anonymous_8)
FN:149,(anonymous_9)
FN:168,(anonymous_10)
FNF:11
FNH:4
FNDA:2,FacultyScreen
FNDA:1,(anonymous_1)
FNDA:0,(anonymous_2)
FNDA:0,(anonymous_3)
FNDA:0,(anonymous_4)
FNDA:0,(anonymous_5)
FNDA:0,(anonymous_6)
FNDA:0,(anonymous_7)
FNDA:1,(anonymous_8)
FNDA:0,(anonymous_9)
FNDA:1,(anonymous_10)
DA:11,2
DA:12,2
DA:13,2
DA:15,2
DA:16,2
DA:17,2
DA:18,2
DA:20,2
DA:21,1
DA:23,1
DA:24,0
DA:26,0
DA:34,1
DA:36,0
DA:46,2
DA:47,0
DA:48,0
DA:50,0
DA:58,0
DA:60,0
DA:70,2
DA:71,2
DA:73,2
DA:80,0
DA:145,1
DA:149,0
DA:169,1
LF:27
LH:17
BRDA:21,0,0,0
BRDA:21,0,1,1
BRDA:23,1,0,0
BRDA:23,1,1,1
BRDA:47,2,0,0
BRDA:47,2,1,0
BRDA:70,3,0,2
BRDA:70,3,1,2
BRDA:71,4,0,2
BRDA:71,4,1,2
BRDA:84,5,0,1
BRDA:84,5,1,1
BRDA:84,6,0,1
BRDA:84,6,1,0
BRDA:94,7,0,1
BRDA:94,7,1,1
BRDA:102,8,0,1
BRDA:102,8,1,0
BRDA:105,9,0,1
BRDA:105,9,1,0
BRDA:124,10,0,0
BRDA:124,10,1,1
BRDA:129,11,0,0
BRDA:129,11,1,1
BRDA:130,12,0,0
BRDA:130,12,1,0
BRDA:133,13,0,0
BRDA:133,13,1,1
BRDA:137,14,0,0
BRDA:137,14,1,1
BRDA:143,15,0,1
BRDA:143,15,1,0
BRDA:143,16,0,1
BRDA:143,16,1,1
BRDA:152,17,0,0
BRDA:152,17,1,1
BRDA:156,18,0,0
BRDA:156,18,1,1
BRDA:160,19,0,0
BRDA:160,19,1,1
BRDA:166,20,0,1
BRDA:166,20,1,0
BRDA:166,21,0,1
BRDA:166,21,1,1
BRDA:178,22,0,1
BRDA:178,22,1,1
BRF:46
BRH:28
end_of_record
TN:
SF:components\FacultyScreen\api\index.ts
FN:6,(anonymous_0)
FN:11,(anonymous_1)
FN:14,(anonymous_2)
FN:19,(anonymous_3)
FN:24,(anonymous_4)
FN:29,(anonymous_5)
FN:33,(anonymous_6)
FN:34,(anonymous_7)
FN:40,(anonymous_8)
FN:44,(anonymous_9)
FN:45,(anonymous_10)
FN:51,(anonymous_11)
FN:56,(anonymous_12)
FN:60,(anonymous_13)
FN:61,(anonymous_14)
FN:67,(anonymous_15)
FN:72,(anonymous_16)
FN:76,(anonymous_17)
FN:77,(anonymous_18)
FNF:19
FNH:5
FNDA:2,(anonymous_0)
FNDA:0,(anonymous_1)
FNDA:0,(anonymous_2)
FNDA:2,(anonymous_3)
FNDA:1,(anonymous_4)
FNDA:0,(anonymous_5)
FNDA:0,(anonymous_6)
FNDA:0,(anonymous_7)
FNDA:0,(anonymous_8)
FNDA:0,(anonymous_9)
FNDA:0,(anonymous_10)
FNDA:1,(anonymous_11)
FNDA:0,(anonymous_12)
FNDA:0,(anonymous_13)
FNDA:0,(anonymous_14)
FNDA:1,(anonymous_15)
FNDA:0,(anonymous_16)
FNDA:0,(anonymous_17)
FNDA:0,(anonymous_18)
DA:6,1
DA:7,2
DA:8,1
DA:11,1
DA:12,0
DA:14,0
DA:19,1
DA:20,2
DA:21,1
DA:24,1
DA:25,1
DA:26,1
DA:29,1
DA:30,0
DA:32,0
DA:33,0
DA:35,0
DA:40,1
DA:41,0
DA:43,0
DA:44,0
DA:46,0
DA:51,1
DA:52,1
DA:53,1
DA:56,1
DA:57,0
DA:59,0
DA:60,0
DA:62,0
DA:67,1
DA:68,1
DA:69,1
DA:72,1
DA:73,0
DA:75,0
DA:76,0
DA:78,0
LF:38
LH:20
BRF:0
BRH:0
end_of_record
TN:
SF:components\FollowingScreen\index.tsx
FN:17,FollowingScreen
FN:45,(anonymous_1)
FN:47,(anonymous_2)
FN:59,(anonymous_3)
FN:77,(anonymous_4)
FN:99,(anonymous_5)
FN:119,(anonymous_6)
FNF:7
FNH:7
FNDA:10,FollowingScreen
FNDA:40,(anonymous_1)
FNDA:4,(anonymous_2)
FNDA:3,(anonymous_3)
FNDA:4,(anonymous_4)
FNDA:4,(anonymous_5)
FNDA:4,(anonymous_6)
DA:18,10
DA:19,10
DA:21,10
DA:46,40
DA:47,4
DA:60,3
DA:78,4
DA:100,4
DA:120,4
LF:9
LH:9
BRDA:24,0,0,10
BRDA:24,0,1,1
BRDA:33,1,0,10
BRDA:33,1,1,9
BRDA:49,2,0,10
BRDA:49,2,1,30
BRDA:51,3,0,10
BRDA:51,3,1,30
BRDA:57,4,0,1
BRDA:57,4,1,9
BRDA:68,5,0,8
BRDA:68,5,1,1
BRDA:70,6,0,8
BRDA:70,6,1,3
BRDA:70,6,2,6
BRDA:70,6,3,5
BRDA:70,6,4,4
BRDA:92,7,0,8
BRDA:92,7,1,3
BRDA:92,7,2,6
BRDA:92,7,3,5
BRDA:92,7,4,4
BRDA:112,8,0,8
BRDA:112,8,1,3
BRDA:112,8,2,6
BRDA:112,8,3,5
BRDA:112,8,4,4
BRDA:132,9,0,8
BRDA:132,9,1,7
BRDA:132,9,2,2
BRDA:132,9,3,1
BRDA:132,9,4,2
BRDA:132,9,5,1
BRDA:132,9,6,2
BRF:34
BRH:34
end_of_record
TN:
SF:components\FormField\index.tsx
FN:13,(anonymous_0)
FNF:1
FNH:1
FNDA:25,(anonymous_0)
DA:13,1
DA:21,25
LF:2
LH:2
BRDA:18,0,0,23
BRDA:19,1,0,21
BRDA:30,2,0,3
BRDA:30,2,1,22
BRDA:44,3,0,3
BRDA:44,3,1,22
BRF:6
BRH:6
end_of_record
TN:
SF:components\Profile\edit.tsx
FN:12,EditProfileScreen
FN:27,(anonymous_1)
FN:41,(anonymous_2)
FN:50,(anonymous_3)
FN:56,(anonymous_4)
FN:111,(anonymous_5)
FN:167,(anonymous_6)
FN:257,(anonymous_7)
FN:271,(anonymous_8)
FN:289,(anonymous_9)
FN:298,(anonymous_10)
FN:305,(anonymous_11)
FN:308,(anonymous_12)
FNF:13
FNH:4
FNDA:16,EditProfileScreen
FNDA:11,(anonymous_1)
FNDA:10,(anonymous_2)
FNDA:0,(anonymous_3)
FNDA:0,(anonymous_4)
FNDA:0,(anonymous_5)
FNDA:0,(anonymous_6)
FNDA:0,(anonymous_7)
FNDA:0,(anonymous_8)
FNDA:0,(anonymous_9)
FNDA:0,(anonymous_10)
FNDA:30,(anonymous_11)
FNDA:0,(anonymous_12)
DA:13,16
DA:14,16
DA:15,16
DA:16,16
DA:18,16
DA:19,16
DA:20,16
DA:21,16
DA:22,16
DA:23,16
DA:24,16
DA:25,16
DA:27,16
DA:28,11
DA:29,10
DA:30,10
DA:31,10
DA:32,10
DA:34,10
DA:35,0
DA:39,10
DA:40,10
DA:41,10
DA:43,10
DA:44,10
DA:50,16
DA:51,0
DA:52,0
DA:53,0
DA:56,16
DA:58,0
DA:59,0
DA:60,0
DA:61,0
DA:64,0
DA:65,0
DA:66,0
DA:69,0
DA:70,0
DA:71,0
DA:75,0
DA:76,0
DA:78,0
DA:79,0
DA:80,0
DA:81,0
DA:82,0
DA:85,0
DA:86,0
DA:88,0
DA:89,0
DA:90,0
DA:93,0
DA:96,0
DA:97,0
DA:104,0
DA:107,0
DA:111,16
DA:112,0
DA:113,0
DA:115,0
DA:116,0
DA:117,0
DA:120,0
DA:127,0
DA:128,0
DA:129,0
DA:132,0
DA:133,0
DA:137,0
DA:144,0
DA:148,16
DA:149,1
DA:158,15
DA:167,0
DA:257,0
DA:273,0
DA:274,0
DA:275,0
DA:289,0
DA:298,0
DA:306,30
DA:308,0
LF:83
LH:31
BRDA:28,0,0,10
BRDA:28,0,1,1
BRDA:29,1,0,10
BRDA:29,1,1,0
BRDA:30,2,0,10
BRDA:30,2,1,0
BRDA:31,3,0,10
BRDA:31,3,1,0
BRDA:32,4,0,10
BRDA:32,4,1,0
BRDA:34,5,0,0
BRDA:34,5,1,10
BRDA:39,6,0,10
BRDA:39,6,1,0
BRDA:39,7,0,10
BRDA:39,7,1,10
BRDA:43,8,0,10
BRDA:43,8,1,0
BRDA:59,9,0,0
BRDA:59,9,1,0
BRDA:64,10,0,0
BRDA:64,10,1,0
BRDA:69,11,0,0
BRDA:69,11,1,0
BRDA:78,12,0,0
BRDA:78,12,1,0
BRDA:80,13,0,0
BRDA:80,13,1,0
BRDA:88,14,0,0
BRDA:88,14,1,0
BRDA:88,15,0,0
BRDA:88,15,1,0
BRDA:99,16,0,0
BRDA:99,16,1,0
BRDA:107,17,0,0
BRDA:107,17,1,0
BRDA:115,18,0,0
BRDA:115,18,1,0
BRDA:127,19,0,0
BRDA:127,19,1,0
BRDA:127,20,0,0
BRDA:127,20,1,0
BRDA:132,21,0,0
BRDA:132,21,1,0
BRDA:133,22,0,0
BRDA:133,22,1,0
BRDA:148,23,0,1
BRDA:148,23,1,15
BRDA:161,24,0,15
BRDA:161,24,1,0
BRDA:163,25,0,15
BRDA:163,25,1,0
BRDA:186,26,0,0
BRDA:186,26,1,15
BRDA:261,27,0,10
BRDA:261,27,1,5
BRDA:262,28,0,15
BRDA:262,28,1,5
BRDA:274,29,0,0
BRDA:274,29,1,0
BRDA:310,30,0,10
BRDA:310,30,1,20
BRDA:318,31,0,30
BRDA:318,31,1,10
BRF:64
BRH:24
end_of_record
TN:
SF:components\Profile\index.tsx
FN:17,(anonymous_0)
FN:37,ProfileScreen
FN:45,(anonymous_2)
FN:54,(anonymous_3)
FN:69,(anonymous_4)
FN:164,(anonymous_5)
FN:171,(anonymous_6)
FN:178,(anonymous_7)
FN:185,(anonymous_8)
FNF:9
FNH:0
FNDA:0,(anonymous_0)
FNDA:0,ProfileScreen
FNDA:0,(anonymous_2)
FNDA:0,(anonymous_3)
FNDA:0,(anonymous_4)
FNDA:0,(anonymous_5)
FNDA:0,(anonymous_6)
FNDA:0,(anonymous_7)
FNDA:0,(anonymous_8)
DA:17,0
DA:18,0
DA:38,0
DA:39,0
DA:40,0
DA:41,0
DA:43,0
DA:45,0
DA:46,0
DA:47,0
DA:50,0
DA:54,0
DA:69,0
DA:165,0
DA:172,0
DA:179,0
DA:186,0
LF:17
LH:0
BRDA:77,0,0,0
BRDA:77,0,1,0
BRDA:88,1,0,0
BRDA:88,1,1,0
BRDA:92,2,0,0
BRDA:92,2,1,0
BRF:6
BRH:0
end_of_record
TN:
SF:components\Profile\me.tsx
FN:11,MeScreen
FN:26,(anonymous_1)
FN:30,(anonymous_2)
FN:36,(anonymous_3)
FN:46,(anonymous_4)
FN:132,(anonymous_5)
FN:141,(anonymous_6)
FN:145,(anonymous_7)
FN:165,(anonymous_8)
FN:180,(anonymous_9)
FN:191,(anonymous_10)
FN:200,(anonymous_11)
FNF:12
FNH:8
FNDA:9,MeScreen
FNDA:9,(anonymous_1)
FNDA:0,(anonymous_2)
FNDA:1,(anonymous_3)
FNDA:9,(anonymous_4)
FNDA:9,(anonymous_5)
FNDA:8,(anonymous_6)
FNDA:0,(anonymous_7)
FNDA:0,(anonymous_8)
FNDA:0,(anonymous_9)
FNDA:2,(anonymous_10)
FNDA:1,(anonymous_11)
DA:12,9
DA:13,9
DA:20,9
DA:22,9
DA:24,9
DA:26,9
DA:27,9
DA:30,9
DA:31,0
DA:32,0
DA:36,9
DA:37,1
DA:38,1
DA:39,1
DA:40,0
DA:41,0
DA:42,0
DA:43,0
DA:46,9
DA:47,9
DA:132,9
DA:133,9
DA:134,0
DA:141,9
DA:142,8
DA:143,0
DA:146,0
DA:154,8
DA:161,9
DA:165,0
DA:180,0
DA:191,2
DA:201,1
LF:33
LH:22
BRDA:20,0,0,9
BRDA:20,0,1,3
BRDA:27,1,0,9
BRDA:27,1,1,0
BRDA:31,2,0,0
BRDA:31,2,1,0
BRDA:31,3,0,0
BRDA:31,3,1,0
BRDA:37,4,0,0
BRDA:37,4,1,1
BRDA:39,5,0,1
BRDA:39,5,1,0
BRDA:40,6,0,0
BRDA:40,6,1,0
BRDA:40,7,0,0
BRDA:40,7,1,0
BRDA:41,8,0,0
BRDA:41,8,1,0
BRDA:41,9,0,0
BRDA:41,9,1,0
BRDA:42,10,0,0
BRDA:42,10,1,0
BRDA:42,11,0,0
BRDA:42,11,1,0
BRDA:48,12,0,2
BRDA:48,12,1,7
BRDA:59,13,0,6
BRDA:59,13,1,1
BRDA:63,14,0,0
BRDA:63,14,1,6
BRDA:133,15,0,9
BRDA:133,15,1,0
BRDA:142,16,0,0
BRDA:142,16,1,8
BRDA:208,17,0,1
BRDA:208,17,1,1
BRDA:210,18,0,1
BRDA:210,18,1,0
BRF:38
BRH:15
end_of_record
TN:
SF:components\Profile\api\index.ts
FN:7,(anonymous_0)
FN:12,(anonymous_1)
FN:19,(anonymous_2)
FN:24,(anonymous_3)
FN:27,(anonymous_4)
FN:38,(anonymous_5)
FN:45,(anonymous_6)
FN:48,(anonymous_7)
FN:51,(anonymous_8)
FN:69,(anonymous_9)
FN:101,(anonymous_10)
FN:106,(anonymous_11)
FN:112,(anonymous_12)
FN:121,(anonymous_13)
FNF:14
FNH:5
FNDA:2,(anonymous_0)
FNDA:0,(anonymous_1)
FNDA:2,(anonymous_2)
FNDA:0,(anonymous_3)
FNDA:0,(anonymous_4)
FNDA:2,(anonymous_5)
FNDA:0,(anonymous_6)
FNDA:0,(anonymous_7)
FNDA:0,(anonymous_8)
FNDA:3,(anonymous_9)
FNDA:0,(anonymous_10)
FNDA:0,(anonymous_11)
FNDA:3,(anonymous_12)
FNDA:0,(anonymous_13)
DA:7,1
DA:8,2
DA:9,1
DA:12,1
DA:13,0
DA:19,1
DA:20,2
DA:21,2
DA:24,1
DA:25,0
DA:27,0
DA:38,1
DA:39,2
DA:42,2
DA:45,1
DA:46,0
DA:49,0
DA:52,0
DA:69,1
DA:70,3
DA:72,3
DA:73,2
DA:76,3
DA:77,1
DA:80,3
DA:81,1
DA:84,3
DA:85,1
DA:92,3
DA:98,3
DA:101,1
DA:102,0
DA:104,0
DA:107,0
DA:112,1
DA:113,3
DA:114,3
DA:115,3
DA:116,1
DA:118,2
DA:121,1
DA:122,0
LF:42
LH:32
BRDA:45,0,0,0
BRDA:48,1,0,0
BRDA:52,2,0,0
BRDA:52,2,1,0
BRDA:72,3,0,2
BRDA:72,3,1,1
BRDA:76,4,0,1
BRDA:76,4,1,2
BRDA:80,5,0,1
BRDA:80,5,1,2
BRDA:84,6,0,1
BRDA:84,6,1,2
BRDA:115,7,0,1
BRDA:115,7,1,2
BRDA:115,8,0,3
BRDA:115,8,1,2
BRF:16
BRH:12
end_of_record
TN:
SF:components\SubjectCard\index.tsx
FN:14,SubjectCard
FN:18,(anonymous_1)
FNF:2
FNH:2
FNDA:9,SubjectCard
FNDA:1,(anonymous_1)
DA:15,9
DA:16,9
DA:18,1
LF:3
LH:3
BRDA:23,0,0,1
BRDA:23,0,1,8
BRF:2
BRH:2
end_of_record
TN:
SF:components\Upload\detail.tsx
FN:14,UploadDetailScreen
FN:21,(anonymous_1)
FN:35,(anonymous_2)
FN:42,(anonymous_3)
FN:45,(anonymous_4)
FN:67,(anonymous_5)
FN:103,(anonymous_6)
FN:104,(anonymous_7)
FN:107,(anonymous_8)
FN:110,(anonymous_9)
FN:123,(anonymous_10)
FN:165,(anonymous_11)
FN:215,(anonymous_12)
FN:225,(anonymous_13)
FN:229,(anonymous_14)
FN:251,(anonymous_15)
FN:278,(anonymous_16)
FN:286,(anonymous_17)
FN:303,(anonymous_18)
FN:342,(anonymous_19)
FN:357,(anonymous_20)
FNF:21
FNH:18
FNDA:27,UploadDetailScreen
FNDA:27,(anonymous_1)
FNDA:27,(anonymous_2)
FNDA:0,(anonymous_3)
FNDA:3,(anonymous_4)
FNDA:11,(anonymous_5)
FNDA:5,(anonymous_6)
FNDA:5,(anonymous_7)
FNDA:5,(anonymous_8)
FNDA:5,(anonymous_9)
FNDA:4,(anonymous_10)
FNDA:2,(anonymous_11)
FNDA:1,(anonymous_12)
FNDA:1,(anonymous_13)
FNDA:1,(anonymous_14)
FNDA:0,(anonymous_15)
FNDA:0,(anonymous_16)
FNDA:1,(anonymous_17)
FNDA:1,(anonymous_18)
FNDA:1,(anonymous_19)
FNDA:1,(anonymous_20)
DA:15,27
DA:16,27
DA:17,27
DA:18,27
DA:20,27
DA:21,27
DA:23,27
DA:26,27
DA:27,27
DA:28,27
DA:29,27
DA:30,27
DA:31,27
DA:32,27
DA:33,27
DA:35,27
DA:36,27
DA:39,27
DA:40,1
DA:42,27
DA:45,27
DA:46,3
DA:47,3
DA:48,3
DA:49,1
DA:50,1
DA:52,2
DA:59,1
DA:60,1
DA:63,1
DA:67,27
DA:69,11
DA:70,11
DA:71,1
DA:72,1
DA:76,10
DA:77,1
DA:78,1
DA:81,9
DA:82,1
DA:83,1
DA:86,8
DA:87,1
DA:88,1
DA:91,7
DA:92,1
DA:93,1
DA:96,6
DA:97,1
DA:98,1
DA:102,5
DA:103,5
DA:104,5
DA:106,5
DA:107,5
DA:109,5
DA:110,5
DA:112,5
DA:113,1
DA:114,1
DA:117,4
DA:119,4
DA:120,4
DA:123,4
DA:124,4
DA:125,3
DA:127,3
DA:128,3
DA:131,3
DA:132,2
DA:134,2
DA:135,2
DA:136,2
DA:139,0
DA:141,1
DA:142,1
DA:145,1
DA:150,4
DA:151,2
DA:152,1
DA:153,1
DA:154,1
DA:161,3
DA:164,3
DA:166,2
DA:167,2
DA:168,2
DA:169,2
DA:177,3
DA:179,3
DA:194,3
DA:210,1
DA:212,1
DA:215,1
DA:219,3
DA:220,3
DA:224,27
DA:225,1
DA:229,1
DA:251,0
DA:278,0
DA:286,1
DA:304,1
DA:342,1
DA:357,1
LF:105
LH:102
BRDA:39,0,0,1
BRDA:39,0,1,26
BRDA:39,1,0,27
BRDA:39,1,1,11
BRDA:48,2,0,1
BRDA:48,2,1,2
BRDA:59,3,0,1
BRDA:59,3,1,0
BRDA:59,4,0,1
BRDA:59,4,1,1
BRDA:70,5,0,1
BRDA:70,5,1,10
BRDA:76,6,0,1
BRDA:76,6,1,9
BRDA:81,7,0,1
BRDA:81,7,1,8
BRDA:86,8,0,1
BRDA:86,8,1,7
BRDA:91,9,0,1
BRDA:91,9,1,6
BRDA:96,10,0,1
BRDA:96,10,1,5
BRDA:102,11,0,5
BRDA:102,11,1,0
BRDA:112,12,0,1
BRDA:112,12,1,4
BRDA:112,13,0,5
BRDA:112,13,1,4
BRDA:119,14,0,4
BRDA:119,14,1,0
BRDA:120,15,0,4
BRDA:120,15,1,0
BRDA:124,16,0,3
BRDA:124,16,1,1
BRDA:124,17,0,4
BRDA:124,17,1,1
BRDA:134,18,0,2
BRDA:134,18,1,0
BRDA:134,19,0,2
BRDA:134,19,1,2
BRDA:150,20,0,2
BRDA:150,20,1,2
BRDA:152,21,0,1
BRDA:152,21,1,0
BRDA:167,22,0,2
BRDA:167,22,1,0
BRDA:191,23,0,1
BRDA:191,23,1,2
BRDA:206,24,0,1
BRDA:206,24,1,2
BRDA:220,25,0,3
BRDA:220,25,1,2
BRDA:240,26,0,2
BRDA:240,26,1,25
BRDA:262,27,0,0
BRDA:262,27,1,27
BRDA:267,28,0,27
BRDA:267,28,1,0
BRDA:270,29,0,27
BRDA:270,29,1,0
BRDA:292,30,0,27
BRDA:292,30,1,2
BRDA:321,31,0,27
BRDA:321,31,1,13
BRDA:328,32,0,2
BRDA:328,32,1,11
BRDA:348,33,0,27
BRDA:348,33,1,11
BRDA:350,34,0,1
BRDA:350,34,1,10
BRDA:363,35,0,27
BRDA:363,35,1,11
BRDA:365,36,0,1
BRDA:365,36,1,10
BRDA:382,37,0,0
BRDA:382,37,1,27
BRF:76
BRH:65
end_of_record
TN:
SF:components\Upload\api\index.ts
FN:28,(anonymous_0)
FN:66,(anonymous_1)
FN:95,(anonymous_2)
FN:99,(anonymous_3)
FNF:4
FNH:2
FNDA:9,(anonymous_0)
FNDA:2,(anonymous_1)
FNDA:0,(anonymous_2)
FNDA:0,(anonymous_3)
DA:28,1
DA:29,9
DA:32,9
DA:39,9
DA:42,9
DA:45,9
DA:48,9
DA:51,9
DA:52,1
DA:56,9
DA:57,1
DA:65,9
DA:66,1
DA:67,2
DA:75,9
DA:86,9
DA:92,6
DA:95,1
DA:96,0
DA:97,0
DA:100,0
LF:21
LH:18
BRDA:51,0,0,1
BRDA:51,0,1,8
BRDA:56,1,0,1
BRDA:56,1,1,8
BRDA:65,2,0,1
BRDA:65,2,1,8
BRDA:65,3,0,9
BRDA:65,3,1,2
BRF:8
BRH:8
end_of_record
TN:
SF:components\UserCard\index.tsx
FN:17,UserCard
FN:25,(anonymous_1)
FN:29,(anonymous_2)
FN:39,(anonymous_3)
FNF:4
FNH:0
FNDA:0,UserCard
FNDA:0,(anonymous_1)
FNDA:0,(anonymous_2)
FNDA:0,(anonymous_3)
DA:18,0
DA:19,0
DA:20,0
DA:21,0
DA:23,0
DA:25,0
DA:26,0
DA:28,0
DA:30,0
DA:39,0
DA:40,0
DA:43,0
LF:12
LH:0
BRDA:51,0,0,0
BRDA:51,0,1,0
BRDA:61,1,0,0
BRDA:61,1,1,0
BRDA:68,2,0,0
BRDA:68,2,1,0
BRDA:73,3,0,0
BRDA:73,3,1,0
BRDA:77,4,0,0
BRDA:77,4,1,0
BRF:10
BRH:0
end_of_record
TN:
SF:components\UserCard\api\index.ts
FN:6,(anonymous_0)
FN:11,(anonymous_1)
FN:15,(anonymous_2)
FN:16,(anonymous_3)
FN:21,(anonymous_4)
FN:34,(anonymous_5)
FN:39,(anonymous_6)
FN:41,(anonymous_7)
FNF:8
FNH:1
FNDA:5,(anonymous_0)
FNDA:0,(anonymous_1)
FNDA:0,(anonymous_2)
FNDA:0,(anonymous_3)
FNDA:0,(anonymous_4)
FNDA:0,(anonymous_5)
FNDA:0,(anonymous_6)
FNDA:0,(anonymous_7)
DA:6,1
DA:7,5
DA:8,3
DA:11,1
DA:12,0
DA:14,0
DA:15,0
DA:17,0
DA:19,0
DA:21,0
DA:22,0
DA:23,0
DA:32,0
DA:35,0
DA:36,0
DA:40,0
DA:41,0
DA:42,0
DA:43,0
DA:49,0
DA:50,0
LF:21
LH:4
BRDA:22,0,0,0
BRDA:22,0,1,0
BRDA:26,1,0,0
BRDA:26,1,1,0
BRDA:35,2,0,0
BRDA:35,2,1,0
BRDA:40,3,0,0
BRDA:40,3,1,0
BRDA:42,4,0,0
BRDA:42,4,1,0
BRF:10
BRH:0
end_of_record
TN:
SF:components\auth\ForgotPasswordForm.tsx
FN:12,ForgotPasswordForm
FN:19,(anonymous_1)
FN:32,(anonymous_2)
FN:49,(anonymous_3)
FNF:4
FNH:4
FNDA:27,ForgotPasswordForm
FNDA:6,(anonymous_1)
FNDA:6,(anonymous_2)
FNDA:1,(anonymous_3)
DA:13,27
DA:14,27
DA:16,27
DA:17,27
DA:19,27
DA:20,6
DA:22,6
DA:23,1
DA:24,5
DA:25,1
DA:28,6
DA:29,6
DA:32,27
DA:33,6
DA:34,4
DA:38,27
DA:49,1
LF:17
LH:17
BRDA:12,0,0,13
BRDA:22,1,0,1
BRDA:22,1,1,5
BRDA:24,2,0,1
BRDA:24,2,1,4
BRDA:33,3,0,4
BRDA:33,3,1,2
BRDA:40,4,0,27
BRDA:40,4,1,0
BRDA:42,5,0,27
BRDA:42,5,1,0
BRDA:64,6,0,2
BRDA:64,6,1,25
BRDA:65,7,0,2
BRDA:65,7,1,25
BRDA:93,8,0,27
BRDA:93,8,1,2
BRF:17
BRH:15
end_of_record
TN:
SF:components\auth\LoginForm.tsx
FN:21,LoginForm
FN:30,(anonymous_1)
FN:49,(anonymous_2)
FN:99,(anonymous_3)
FN:147,(anonymous_4)
FN:164,(anonymous_5)
FN:174,(anonymous_6)
FNF:7
FNH:5
FNDA:46,LoginForm
FNDA:10,(anonymous_1)
FNDA:10,(anonymous_2)
FNDA:0,(anonymous_3)
FNDA:0,(anonymous_4)
FNDA:1,(anonymous_5)
FNDA:1,(anonymous_6)
DA:22,46
DA:23,46
DA:24,46
DA:25,46
DA:27,46
DA:28,46
DA:30,46
DA:31,10
DA:33,10
DA:34,2
DA:35,8
DA:36,1
DA:39,10
DA:40,2
DA:41,8
DA:42,1
DA:45,10
DA:46,10
DA:49,46
DA:50,10
DA:51,5
DA:55,46
DA:99,0
DA:147,0
DA:164,1
DA:174,1
LF:26
LH:24
BRDA:21,0,0,29
BRDA:33,1,0,2
BRDA:33,1,1,8
BRDA:35,2,0,1
BRDA:35,2,1,7
BRDA:39,3,0,2
BRDA:39,3,1,8
BRDA:41,4,0,1
BRDA:41,4,1,7
BRDA:50,5,0,5
BRDA:50,5,1,5
BRDA:57,6,0,46
BRDA:57,6,1,0
BRDA:59,7,0,46
BRDA:59,7,1,0
BRDA:78,8,0,3
BRDA:78,8,1,43
BRDA:79,9,0,3
BRDA:79,9,1,43
BRDA:108,10,0,46
BRDA:108,10,1,3
BRDA:118,11,0,3
BRDA:118,11,1,43
BRDA:119,12,0,3
BRDA:119,12,1,43
BRDA:152,13,0,0
BRDA:152,13,1,46
BRDA:158,14,0,46
BRDA:158,14,1,3
BRF:29
BRH:26
end_of_record
TN:
SF:components\auth\NewPasswordForm.tsx
FN:12,NewPasswordForm
FN:23,(anonymous_1)
FN:42,(anonymous_2)
FN:61,(anonymous_3)
FN:98,(anonymous_4)
FN:108,(anonymous_5)
FN:159,(anonymous_6)
FNF:7
FNH:3
FNDA:40,NewPasswordForm
FNDA:7,(anonymous_1)
FNDA:7,(anonymous_2)
FNDA:0,(anonymous_3)
FNDA:0,(anonymous_4)
FNDA:0,(anonymous_5)
FNDA:0,(anonymous_6)
DA:13,40
DA:14,40
DA:15,40
DA:16,40
DA:17,40
DA:19,40
DA:20,40
DA:21,40
DA:23,40
DA:24,7
DA:26,7
DA:27,1
DA:28,6
DA:29,1
DA:32,7
DA:33,2
DA:34,5
DA:35,1
DA:38,7
DA:39,7
DA:42,40
DA:43,7
DA:44,3
DA:48,40
DA:61,0
DA:98,0
DA:108,0
DA:159,0
LF:28
LH:24
BRDA:12,0,0,22
BRDA:26,1,0,1
BRDA:26,1,1,6
BRDA:28,2,0,1
BRDA:28,2,1,5
BRDA:32,3,0,2
BRDA:32,3,1,5
BRDA:34,4,0,1
BRDA:34,4,1,4
BRDA:43,5,0,3
BRDA:43,5,1,4
BRDA:50,6,0,40
BRDA:50,6,1,0
BRDA:52,7,0,40
BRDA:52,7,1,0
BRDA:77,8,0,2
BRDA:77,8,1,38
BRDA:78,9,0,2
BRDA:78,9,1,38
BRDA:113,10,0,0
BRDA:113,10,1,40
BRDA:119,11,0,40
BRDA:119,11,1,2
BRDA:129,12,0,3
BRDA:129,12,1,37
BRDA:130,13,0,3
BRDA:130,13,1,37
BRDA:164,14,0,0
BRDA:164,14,1,40
BRDA:170,15,0,40
BRDA:170,15,1,3
BRF:31
BRH:27
end_of_record
TN:
SF:components\auth\OtpCodeForm.tsx
FN:13,OtpCodeForm
FN:24,(anonymous_1)
FN:25,(anonymous_2)
FN:34,(anonymous_3)
FN:44,(anonymous_4)
FN:61,(anonymous_5)
FN:75,(anonymous_6)
FN:76,(anonymous_7)
FN:96,(anonymous_8)
FN:97,(anonymous_9)
FN:116,(anonymous_10)
FN:117,(anonymous_11)
FN:136,(anonymous_12)
FN:137,(anonymous_13)
FNF:14
FNH:10
FNDA:54,OtpCodeForm
FNDA:6,(anonymous_1)
FNDA:20,(anonymous_2)
FNDA:22,(anonymous_3)
FNDA:1,(anonymous_4)
FNDA:0,(anonymous_5)
FNDA:8,(anonymous_6)
FNDA:0,(anonymous_7)
FNDA:6,(anonymous_8)
FNDA:1,(anonymous_9)
FNDA:4,(anonymous_10)
FNDA:0,(anonymous_11)
FNDA:4,(anonymous_12)
FNDA:0,(anonymous_13)
DA:14,54
DA:15,54
DA:17,54
DA:24,54
DA:25,20
DA:26,4
DA:27,4
DA:28,4
DA:30,2
DA:34,54
DA:35,22
DA:36,22
DA:37,22
DA:39,22
DA:40,18
DA:44,54
DA:45,1
DA:46,0
DA:50,54
DA:61,0
DA:75,8
DA:76,0
DA:96,6
DA:97,1
DA:116,4
DA:117,0
DA:136,4
DA:137,0
LF:28
LH:23
BRDA:13,0,0,23
BRDA:25,1,0,4
BRDA:25,1,1,2
BRDA:39,2,0,18
BRDA:39,2,1,4
BRDA:39,3,0,22
BRDA:39,3,1,22
BRDA:45,4,0,0
BRDA:45,4,1,1
BRDA:45,5,0,1
BRDA:45,5,1,1
BRDA:45,5,2,0
BRDA:52,6,0,54
BRDA:52,6,1,0
BRDA:54,7,0,54
BRDA:54,7,1,0
BRDA:89,8,0,2
BRDA:89,8,1,52
BRDA:90,9,0,2
BRDA:90,9,1,52
BRDA:105,10,0,2
BRDA:105,10,1,52
BRDA:106,11,0,2
BRDA:106,11,1,52
BRDA:125,12,0,2
BRDA:125,12,1,52
BRDA:126,13,0,2
BRDA:126,13,1,52
BRDA:145,14,0,2
BRDA:145,14,1,52
BRDA:146,15,0,2
BRDA:146,15,1,52
BRDA:155,16,0,54
BRDA:155,16,1,2
BRF:34
BRH:30
end_of_record
TN:
SF:components\auth\SignupForm.tsx
FN:21,SignupForm
FN:36,(anonymous_1)
FN:65,(anonymous_2)
FN:112,(anonymous_3)
FN:154,(anonymous_4)
FN:204,(anonymous_5)
FN:257,(anonymous_6)
FN:282,(anonymous_7)
FNF:8
FNH:4
FNDA:58,SignupForm
FNDA:9,(anonymous_1)
FNDA:9,(anonymous_2)
FNDA:0,(anonymous_3)
FNDA:0,(anonymous_4)
FNDA:0,(anonymous_5)
FNDA:0,(anonymous_6)
FNDA:1,(anonymous_7)
DA:22,58
DA:23,58
DA:24,58
DA:25,58
DA:26,58
DA:27,58
DA:28,58
DA:29,58
DA:31,58
DA:32,58
DA:33,58
DA:34,58
DA:36,58
DA:37,9
DA:39,9
DA:40,1
DA:43,9
DA:44,2
DA:45,7
DA:46,1
DA:49,9
DA:50,2
DA:51,7
DA:52,1
DA:55,9
DA:56,2
DA:57,7
DA:58,1
DA:61,9
DA:62,9
DA:65,58
DA:66,9
DA:67,4
DA:71,58
DA:112,0
DA:154,0
DA:204,0
DA:257,0
DA:282,1
LF:39
LH:35
BRDA:21,0,0,35
BRDA:39,1,0,1
BRDA:39,1,1,8
BRDA:43,2,0,2
BRDA:43,2,1,7
BRDA:45,3,0,1
BRDA:45,3,1,6
BRDA:49,4,0,2
BRDA:49,4,1,7
BRDA:51,5,0,1
BRDA:51,5,1,6
BRDA:55,6,0,2
BRDA:55,6,1,7
BRDA:57,7,0,1
BRDA:57,7,1,6
BRDA:66,8,0,4
BRDA:66,8,1,5
BRDA:73,9,0,58
BRDA:73,9,1,0
BRDA:75,10,0,58
BRDA:75,10,1,0
BRDA:94,11,0,1
BRDA:94,11,1,57
BRDA:95,12,0,1
BRDA:95,12,1,57
BRDA:133,13,0,3
BRDA:133,13,1,55
BRDA:134,14,0,3
BRDA:134,14,1,55
BRDA:164,15,0,58
BRDA:164,15,1,3
BRDA:174,16,0,3
BRDA:174,16,1,55
BRDA:175,17,0,3
BRDA:175,17,1,55
BRDA:209,18,0,0
BRDA:209,18,1,58
BRDA:215,19,0,58
BRDA:215,19,1,3
BRDA:227,20,0,3
BRDA:227,20,1,55
BRDA:228,21,0,3
BRDA:228,21,1,55
BRDA:262,22,0,0
BRDA:262,22,1,58
BRDA:268,23,0,58
BRDA:268,23,1,3
BRF:47
BRH:43
end_of_record
TN:
SF:components\onboard\constants.ts
FNF:0
FNH:0
DA:3,0
LF:1
LH:0
BRF:0
BRH:0
end_of_record
TN:
SF:components\onboard\interfaces.ts
FNF:0
FNH:0
LF:0
LH:0
BRF:0
BRH:0
end_of_record
TN:
SF:components\searchResultScreen\index.tsx
FN:18,SearchResultScreen
FN:38,(anonymous_1)
FN:39,(anonymous_2)
FN:43,(anonymous_3)
FN:46,(anonymous_4)
FN:52,(anonymous_5)
FN:72,(anonymous_6)
FN:83,(anonymous_7)
FN:91,(anonymous_8)
FN:94,(anonymous_9)
FN:105,(anonymous_10)
FN:120,(anonymous_11)
FN:122,(anonymous_12)
FN:138,(anonymous_13)
FN:141,(anonymous_14)
FN:161,(anonymous_15)
FN:172,(anonymous_16)
FN:196,(anonymous_17)
FN:205,(anonymous_18)
FN:232,(anonymous_19)
FN:241,(anonymous_20)
FN:264,(anonymous_21)
FN:273,(anonymous_22)
FN:306,(anonymous_23)
FN:308,(anonymous_24)
FN:310,(anonymous_25)
FN:318,(anonymous_26)
FN:326,(anonymous_27)
FN:340,(anonymous_28)
FN:343,(anonymous_29)
FN:343,(anonymous_30)
FN:368,(anonymous_31)
FN:371,(anonymous_32)
FN:371,(anonymous_33)
FN:391,(anonymous_34)
FN:394,(anonymous_35)
FN:394,(anonymous_36)
FN:416,(anonymous_37)
FN:424,(anonymous_38)
FNF:39
FNH:36
FNDA:49,SearchResultScreen
FNDA:23,(anonymous_1)
FNDA:1,(anonymous_2)
FNDA:23,(anonymous_3)
FNDA:19,(anonymous_4)
FNDA:2,(anonymous_5)
FNDA:1,(anonymous_6)
FNDA:3,(anonymous_7)
FNDA:1,(anonymous_8)
FNDA:1,(anonymous_9)
FNDA:9,(anonymous_10)
FNDA:245,(anonymous_11)
FNDA:1,(anonymous_12)
FNDA:8,(anonymous_13)
FNDA:1,(anonymous_14)
FNDA:4,(anonymous_15)
FNDA:37,(anonymous_16)
FNDA:4,(anonymous_17)
FNDA:36,(anonymous_18)
FNDA:4,(anonymous_19)
FNDA:36,(anonymous_20)
FNDA:4,(anonymous_21)
FNDA:36,(anonymous_22)
FNDA:0,(anonymous_23)
FNDA:0,(anonymous_24)
FNDA:0,(anonymous_25)
FNDA:1,(anonymous_26)
FNDA:2,(anonymous_27)
FNDA:147,(anonymous_28)
FNDA:4,(anonymous_29)
FNDA:4,(anonymous_30)
FNDA:196,(anonymous_31)
FNDA:2,(anonymous_32)
FNDA:2,(anonymous_33)
FNDA:49,(anonymous_34)
FNDA:2,(anonymous_35)
FNDA:2,(anonymous_36)
FNDA:1,(anonymous_37)
FNDA:1,(anonymous_38)
DA:19,49
DA:20,49
DA:21,49
DA:22,49
DA:23,49
DA:24,49
DA:25,49
DA:26,49
DA:27,49
DA:28,49
DA:29,49
DA:30,49
DA:31,49
DA:32,49
DA:34,49
DA:36,49
DA:38,49
DA:39,23
DA:40,1
DA:43,23
DA:46,49
DA:47,19
DA:48,0
DA:52,49
DA:53,2
DA:55,2
DA:56,2
DA:58,2
DA:65,49
DA:72,1
DA:84,3
DA:85,3
DA:86,3
DA:88,0
DA:91,1
DA:95,1
DA:96,1
DA:97,1
DA:106,9
DA:107,9
DA:121,245
DA:122,1
DA:139,8
DA:141,1
DA:162,4
DA:173,37
DA:197,4
DA:206,36
DA:233,4
DA:242,36
DA:265,4
DA:274,36
DA:306,0
DA:308,0
DA:319,1
DA:326,2
DA:341,147
DA:343,4
DA:369,196
DA:371,2
DA:392,49
DA:394,2
DA:416,1
DA:425,1
DA:426,1
DA:427,1
LF:66
LH:62
BRDA:21,0,0,49
BRDA:21,0,1,0
BRDA:28,1,0,49
BRDA:28,1,1,0
BRDA:31,2,0,49
BRDA:31,2,1,0
BRDA:47,3,0,0
BRDA:47,3,1,19
BRDA:47,4,0,19
BRDA:47,4,1,0
BRDA:55,5,0,2
BRDA:55,5,1,0
BRDA:85,6,0,3
BRDA:85,6,1,0
BRDA:85,7,0,3
BRDA:85,7,1,3
BRDA:93,8,0,49
BRDA:93,8,1,6
BRDA:113,9,0,49
BRDA:113,9,1,1
BRDA:113,10,0,49
BRDA:113,10,1,48
BRDA:119,11,0,4
BRDA:119,11,1,45
BRDA:124,12,0,49
BRDA:124,12,1,196
BRDA:126,13,0,49
BRDA:126,13,1,196
BRDA:133,14,0,4
BRDA:133,14,1,45
BRDA:136,15,0,4
BRDA:136,15,1,45
BRDA:156,16,0,45
BRDA:156,16,1,38
BRDA:156,17,0,44
BRDA:156,17,1,1
BRDA:156,18,0,44
BRDA:156,18,1,37
BRDA:159,19,0,1
BRDA:159,19,1,37
BRDA:170,20,0,37
BRDA:170,20,1,0
BRDA:170,21,0,37
BRDA:170,21,1,37
BRDA:191,22,0,45
BRDA:191,22,1,37
BRDA:191,23,0,44
BRDA:191,23,1,1
BRDA:191,24,0,44
BRDA:191,24,1,37
BRDA:194,25,0,1
BRDA:194,25,1,36
BRDA:203,26,0,36
BRDA:203,26,1,0
BRDA:203,27,0,36
BRDA:203,27,1,36
BRDA:227,28,0,45
BRDA:227,28,1,37
BRDA:227,29,0,44
BRDA:227,29,1,1
BRDA:227,30,0,44
BRDA:227,30,1,37
BRDA:230,31,0,1
BRDA:230,31,1,36
BRDA:239,32,0,36
BRDA:239,32,1,0
BRDA:239,33,0,36
BRDA:239,33,1,36
BRDA:259,34,0,45
BRDA:259,34,1,37
BRDA:259,35,0,44
BRDA:259,35,1,1
BRDA:259,36,0,44
BRDA:259,36,1,37
BRDA:262,37,0,1
BRDA:262,37,1,36
BRDA:271,38,0,36
BRDA:271,38,1,0
BRDA:271,39,0,36
BRDA:271,39,1,36
BRDA:291,40,0,45
BRDA:291,40,1,38
BRDA:291,40,2,7
BRDA:291,40,3,1
BRDA:291,40,4,6
BRDA:291,40,5,1
BRDA:291,40,6,5
BRDA:291,40,7,1
BRDA:291,40,8,4
BRDA:291,40,9,4
BRDA:315,41,0,49
BRDA:315,41,1,9
BRDA:315,42,0,49
BRDA:315,42,1,39
BRDA:343,43,0,1
BRDA:343,43,1,3
BRDA:344,44,0,4
BRDA:344,44,1,143
BRDA:349,45,0,4
BRDA:349,45,1,143
BRDA:371,46,0,1
BRDA:371,46,1,1
BRDA:372,47,0,1
BRDA:372,47,1,195
BRDA:377,48,0,1
BRDA:377,48,1,195
BRDA:394,49,0,1
BRDA:394,49,1,1
BRDA:395,50,0,1
BRDA:395,50,1,48
BRDA:400,51,0,1
BRDA:400,51,1,48
BRF:112
BRH:101
end_of_record
TN:
SF:components\searchResultScreen\api\index.ts
FN:6,(anonymous_0)
FN:15,(anonymous_1)
FN:26,(anonymous_2)
FN:29,(anonymous_3)
FN:34,(anonymous_4)
FN:39,(anonymous_5)
FNF:6
FNH:3
FNDA:7,(anonymous_0)
FNDA:6,(anonymous_1)
FNDA:0,(anonymous_2)
FNDA:0,(anonymous_3)
FNDA:2,(anonymous_4)
FNDA:0,(anonymous_5)
DA:6,1
DA:11,7
DA:15,6
DA:19,7
DA:21,7
DA:22,7
DA:26,1
DA:27,0
DA:29,0
DA:34,1
DA:35,2
DA:36,1
DA:39,1
DA:40,0
LF:14
LH:11
BRDA:8,0,0,3
BRDA:9,1,0,5
BRDA:15,2,0,6
BRDA:15,2,1,5
BRDA:30,3,0,0
BRDA:30,3,1,0
BRF:6
BRH:4
end_of_record
TN:
SF:components\searchScreen\index.tsx
FN:10,SearchScreen
FN:20,(anonymous_1)
FN:21,(anonymous_2)
FN:25,(anonymous_3)
FN:28,(anonymous_4)
FN:29,(anonymous_5)
FN:33,(anonymous_6)
FN:37,(anonymous_7)
FN:40,(anonymous_8)
FN:43,(anonymous_9)
FN:47,(anonymous_10)
FN:63,(anonymous_11)
FN:76,(anonymous_12)
FN:79,(anonymous_13)
FN:97,(anonymous_14)
FN:100,(anonymous_15)
FN:119,(anonymous_16)
FN:124,(anonymous_17)
FNF:18
FNH:17
FNDA:24,SearchScreen
FNDA:18,(anonymous_1)
FNDA:6,(anonymous_2)
FNDA:18,(anonymous_3)
FNDA:10,(anonymous_4)
FNDA:5,(anonymous_5)
FNDA:10,(anonymous_6)
FNDA:10,(anonymous_7)
FNDA:0,(anonymous_8)
FNDA:10,(anonymous_9)
FNDA:4,(anonymous_10)
FNDA:1,(anonymous_11)
FNDA:2,(anonymous_12)
FNDA:1,(anonymous_13)
FNDA:8,(anonymous_14)
FNDA:2,(anonymous_15)
FNDA:4,(anonymous_16)
FNDA:2,(anonymous_17)
DA:11,24
DA:12,24
DA:13,24
DA:14,24
DA:15,24
DA:16,24
DA:18,24
DA:20,24
DA:21,18
DA:22,6
DA:25,18
DA:28,24
DA:29,10
DA:30,5
DA:33,10
DA:36,24
DA:38,10
DA:39,10
DA:40,10
DA:41,0
DA:43,10
DA:47,24
DA:48,4
DA:49,3
DA:56,24
DA:63,1
DA:76,2
DA:80,1
DA:81,1
DA:98,8
DA:100,2
DA:120,4
DA:125,2
LF:33
LH:32
BRDA:48,0,0,3
BRDA:48,0,1,1
BRDA:78,1,0,24
BRDA:78,1,1,12
BRDA:95,2,0,12
BRDA:95,2,1,12
BRDA:97,3,0,12
BRDA:97,3,1,0
BRDA:118,4,0,1
BRDA:118,4,1,11
BRDA:124,5,0,11
BRDA:124,5,1,0
BRF:12
BRH:10
end_of_record
TN:
SF:components\searchScreen\api\index.ts
FN:6,(anonymous_0)
FN:17,(anonymous_1)
FN:24,(anonymous_2)
FN:39,(anonymous_3)
FN:42,(anonymous_4)
FNF:5
FNH:2
FNDA:5,(anonymous_0)
FNDA:0,(anonymous_1)
FNDA:5,(anonymous_2)
FNDA:0,(anonymous_3)
FNDA:0,(anonymous_4)
DA:6,1
DA:7,5
DA:8,5
DA:9,4
DA:10,4
DA:12,1
DA:13,1
DA:17,1
DA:18,0
DA:24,1
DA:25,5
DA:26,5
DA:31,4
DA:32,4
DA:34,1
DA:35,1
DA:39,1
DA:40,0
DA:42,0
LF:19
LH:16
BRDA:10,0,0,1
BRDA:10,0,1,3
BRDA:32,1,0,3
BRDA:32,1,1,1
BRDA:43,2,0,0
BRDA:43,2,1,0
BRF:6
BRH:4
end_of_record
TN:
SF:components\searchScreen\utils\constants.ts
FNF:0
FNH:0
DA:1,1
LF:1
LH:1
BRF:0
BRH:0
end_of_record
TN:
SF:components\subjectScreen\index.tsx
FN:11,SubjectScreen
FN:24,(anonymous_1)
FN:29,(anonymous_2)
FN:34,(anonymous_3)
FN:44,(anonymous_4)
FN:64,(anonymous_5)
FN:132,(anonymous_6)
FN:142,(anonymous_7)
FNF:8
FNH:8
FNDA:10,SubjectScreen
FNDA:10,(anonymous_1)
FNDA:4,(anonymous_2)
FNDA:1,(anonymous_3)
FNDA:1,(anonymous_4)
FNDA:1,(anonymous_5)
FNDA:1,(anonymous_6)
FNDA:2,(anonymous_7)
DA:12,10
DA:13,10
DA:14,10
DA:16,10
DA:18,10
DA:20,10
DA:21,10
DA:24,10
DA:25,10
DA:26,7
DA:29,10
DA:30,4
DA:32,4
DA:33,2
DA:35,1
DA:43,2
DA:45,1
DA:55,10
DA:57,10
DA:64,1
DA:133,1
DA:134,0
DA:136,1
DA:143,2
LF:24
LH:23
BRDA:25,0,0,3
BRDA:25,0,1,7
BRDA:26,1,0,7
BRDA:26,1,1,5
BRDA:26,1,2,5
BRDA:30,2,0,0
BRDA:30,2,1,4
BRDA:32,3,0,2
BRDA:32,3,1,2
BRDA:55,4,0,10
BRDA:55,4,1,9
BRDA:68,5,0,1
BRDA:68,5,1,9
BRDA:68,6,0,9
BRDA:68,6,1,2
BRDA:78,7,0,1
BRDA:78,7,1,9
BRDA:86,8,0,7
BRDA:86,8,1,2
BRDA:89,9,0,7
BRDA:89,9,1,1
BRDA:108,10,0,3
BRDA:108,10,1,4
BRDA:113,11,0,1
BRDA:113,11,1,6
BRDA:114,12,0,0
BRDA:114,12,1,1
BRDA:117,13,0,3
BRDA:117,13,1,3
BRDA:121,14,0,3
BRDA:121,14,1,3
BRDA:130,15,0,1
BRDA:130,15,1,6
BRDA:133,16,0,0
BRDA:133,16,1,1
BRDA:133,17,0,1
BRDA:133,17,1,1
BRDA:150,18,0,2
BRDA:150,18,1,2
BRF:39
BRH:36
end_of_record
TN:
SF:components\subjectScreen\api\index.ts
FN:6,(anonymous_0)
FN:11,(anonymous_1)
FN:14,(anonymous_2)
FN:19,(anonymous_3)
FN:24,(anonymous_4)
FN:29,(anonymous_5)
FN:33,(anonymous_6)
FN:34,(anonymous_7)
FN:40,(anonymous_8)
FN:44,(anonymous_9)
FN:45,(anonymous_10)
FNF:11
FNH:3
FNDA:3,(anonymous_0)
FNDA:0,(anonymous_1)
FNDA:0,(anonymous_2)
FNDA:2,(anonymous_3)
FNDA:2,(anonymous_4)
FNDA:0,(anonymous_5)
FNDA:0,(anonymous_6)
FNDA:0,(anonymous_7)
FNDA:0,(anonymous_8)
FNDA:0,(anonymous_9)
FNDA:0,(anonymous_10)
DA:6,1
DA:7,3
DA:8,2
DA:11,1
DA:12,0
DA:14,0
DA:19,1
DA:20,2
DA:21,1
DA:24,1
DA:25,2
DA:26,1
DA:29,1
DA:30,0
DA:32,0
DA:33,0
DA:35,0
DA:40,1
DA:41,0
DA:43,0
DA:44,0
DA:46,0
LF:22
LH:12
BRF:0
BRH:0
end_of_record
TN:
SF:components\ui\collapsible.tsx
FN:10,Collapsible
FN:18,(anonymous_1)
FN:18,(anonymous_2)
FNF:3
FNH:0
FNDA:0,Collapsible
FNDA:0,(anonymous_1)
FNDA:0,(anonymous_2)
DA:11,0
DA:12,0
DA:14,0
DA:18,0
DA:35,0
LF:5
LH:0
BRDA:12,0,0,0
BRDA:12,0,1,0
BRDA:24,1,0,0
BRDA:24,1,1,0
BRDA:25,2,0,0
BRDA:25,2,1,0
BRDA:30,3,0,0
BRDA:30,3,1,0
BRF:8
BRH:0
end_of_record
TN:
SF:components\ui\home-suggest-card.tsx
FN:8,SuggestCard
FN:19,(anonymous_1)
FN:27,(anonymous_2)
FN:31,(anonymous_3)
FN:47,(anonymous_4)
FN:56,(anonymous_5)
FN:67,(anonymous_6)
FN:97,(anonymous_7)
FN:104,(anonymous_8)
FNF:9
FNH:5
FNDA:14,SuggestCard
FNDA:0,(anonymous_1)
FNDA:14,(anonymous_2)
FNDA:26,(anonymous_3)
FNDA:0,(anonymous_4)
FNDA:1,(anonymous_5)
FNDA:14,(anonymous_6)
FNDA:0,(anonymous_7)
FNDA:0,(anonymous_8)
DA:9,14
DA:11,14
DA:12,14
DA:14,14
DA:15,14
DA:17,14
DA:19,14
DA:20,0
DA:24,0
DA:27,14
DA:28,14
DA:29,14
DA:31,26
DA:33,13
DA:34,13
DA:35,1
DA:36,1
DA:39,12
DA:40,12
DA:41,12
DA:44,0
DA:47,14
DA:48,0
DA:49,0
DA:51,0
DA:52,0
DA:56,14
DA:57,1
DA:58,1
DA:67,14
DA:68,14
DA:70,13
DA:71,13
DA:72,13
DA:73,13
DA:76,0
DA:79,14
DA:98,0
DA:105,0
LF:39
LH:29
BRDA:17,0,0,14
BRDA:17,0,1,0
BRDA:28,1,0,14
BRDA:28,1,1,0
BRDA:29,2,0,1
BRDA:29,2,1,13
BRDA:34,3,0,1
BRDA:34,3,1,12
BRDA:40,4,0,12
BRDA:40,4,1,0
BRDA:51,5,0,0
BRDA:51,5,1,0
BRDA:51,6,0,0
BRDA:51,6,1,0
BRDA:57,7,0,1
BRDA:57,7,1,0
BRDA:68,8,0,1
BRDA:68,8,1,13
BRDA:70,9,0,13
BRDA:70,9,1,0
BRDA:72,10,0,0
BRDA:72,10,1,13
BRF:22
BRH:12
end_of_record
TN:
SF:components\ui\icon-symbol.ios.tsx
FN:4,IconSymbol
FNF:1
FNH:0
FNDA:0,IconSymbol
DA:17,0
LF:1
LH:0
BRDA:6,0,0,0
BRDA:9,1,0,0
BRF:2
BRH:0
end_of_record
TN:
SF:components\ui\icon-symbol.tsx
FN:28,IconSymbol
FNF:1
FNH:0
FNDA:0,IconSymbol
DA:16,0
DA:40,0
LF:2
LH:0
BRDA:30,0,0,0
BRF:1
BRH:0
end_of_record
TN:
SF:components\ui\saved-doc-card.tsx
FN:10,SavedDocCard
FN:16,(anonymous_1)
FN:22,(anonymous_2)
FN:26,(anonymous_3)
FN:64,(anonymous_4)
FN:109,(anonymous_5)
FN:112,(anonymous_6)
FN:115,(anonymous_7)
FN:169,(anonymous_8)
FN:179,(anonymous_9)
FNF:10
FNH:0
FNDA:0,SavedDocCard
FNDA:0,(anonymous_1)
FNDA:0,(anonymous_2)
FNDA:0,(anonymous_3)
FNDA:0,(anonymous_4)
FNDA:0,(anonymous_5)
FNDA:0,(anonymous_6)
FNDA:0,(anonymous_7)
FNDA:0,(anonymous_8)
FNDA:0,(anonymous_9)
DA:11,0
DA:13,0
DA:14,0
DA:16,0
DA:17,0
DA:22,0
DA:23,0
DA:26,0
DA:27,0
DA:28,0
DA:30,0
DA:32,0
DA:33,0
DA:34,0
DA:36,0
DA:37,0
DA:38,0
DA:40,0
DA:41,0
DA:42,0
DA:43,0
DA:47,0
DA:49,0
DA:50,0
DA:51,0
DA:52,0
DA:53,0
DA:54,0
DA:57,0
DA:64,0
DA:71,0
DA:74,0
DA:75,0
DA:76,0
DA:77,0
DA:78,0
DA:81,0
DA:82,0
DA:83,0
DA:90,0
DA:94,0
DA:95,0
DA:96,0
DA:101,0
DA:104,0
DA:105,0
DA:109,0
DA:110,0
DA:111,0
DA:112,0
DA:115,0
DA:116,0
DA:117,0
DA:130,0
DA:133,0
DA:169,0
DA:179,0
LF:57
LH:0
BRDA:11,0,0,0
BRDA:11,0,1,0
BRDA:40,1,0,0
BRDA:40,1,1,0
BRDA:49,2,0,0
BRDA:49,2,1,0
BRDA:50,3,0,0
BRDA:50,3,1,0
BRDA:50,4,0,0
BRDA:50,4,1,0
BRDA:50,4,2,0
BRDA:74,5,0,0
BRDA:74,5,1,0
BRDA:74,6,0,0
BRDA:74,6,1,0
BRDA:81,7,0,0
BRDA:81,7,1,0
BRDA:95,8,0,0
BRDA:95,8,1,0
BRDA:110,9,0,0
BRDA:110,9,1,0
BRDA:130,10,0,0
BRDA:130,10,1,0
BRDA:130,11,0,0
BRDA:130,11,1,0
BRDA:136,12,0,0
BRDA:136,12,1,0
BRDA:208,13,0,0
BRDA:208,13,1,0
BRF:29
BRH:0
end_of_record
TN:
SF:contexts\AuthContext.tsx
FN:24,(anonymous_0)
FN:31,(anonymous_1)
FN:52,(anonymous_2)
FN:53,(anonymous_3)
FN:73,(anonymous_4)
FN:78,(anonymous_5)
FN:100,(anonymous_6)
FN:110,(anonymous_7)
FN:114,(anonymous_8)
FN:120,(anonymous_9)
FN:137,(anonymous_10)
FN:147,(anonymous_11)
FN:149,(anonymous_12)
FNF:13
FNH:11
FNDA:33,(anonymous_0)
FNDA:7,(anonymous_1)
FNDA:15,(anonymous_2)
FNDA:15,(anonymous_3)
FNDA:0,(anonymous_4)
FNDA:5,(anonymous_5)
FNDA:1,(anonymous_6)
FNDA:15,(anonymous_7)
FNDA:2,(anonymous_8)
FNDA:33,(anonymous_9)
FNDA:35,(anonymous_10)
FNDA:1,(anonymous_11)
FNDA:0,(anonymous_12)
DA:22,1
DA:24,1
DA:25,33
DA:26,33
DA:27,33
DA:28,33
DA:31,33
DA:32,7
DA:33,7
DA:34,6
DA:35,6
DA:38,6
DA:44,6
DA:46,1
DA:47,1
DA:48,1
DA:52,33
DA:53,15
DA:54,15
DA:55,15
DA:56,15
DA:57,5
DA:59,5
DA:60,5
DA:63,1
DA:67,15
DA:70,15
DA:73,33
DA:74,0
DA:75,0
DA:78,33
DA:79,5
DA:80,5
DA:81,2
DA:82,2
DA:83,1
DA:85,1
DA:86,1
DA:87,1
DA:89,1
DA:90,1
DA:92,4
DA:93,4
DA:94,4
DA:95,4
DA:96,4
DA:100,33
DA:101,1
DA:102,1
DA:103,1
DA:106,1
DA:107,1
DA:110,33
DA:111,15
DA:114,33
DA:115,2
DA:116,1
DA:120,33
DA:130,33
DA:137,1
DA:138,35
DA:139,35
DA:140,2
DA:142,33
DA:147,1
DA:148,1
DA:149,1
DA:150,0
DA:151,0
DA:152,0
DA:154,0
LF:71
LH:65
BRDA:56,0,0,5
BRDA:56,0,1,10
BRDA:82,1,0,1
BRDA:82,1,1,1
BRDA:95,2,0,4
BRDA:95,2,1,3
BRDA:95,3,0,1
BRDA:95,3,1,2
BRDA:115,4,0,1
BRDA:115,4,1,1
BRDA:139,5,0,2
BRDA:139,5,1,33
BRDA:150,6,0,0
BRDA:150,6,1,0
BRF:14
BRH:12
end_of_record
TN:
SF:contexts\ThemeContext.tsx
FN:10,ThemeProvider
FN:21,useTheme
FNF:2
FNH:0
FNDA:0,ThemeProvider
FNDA:0,useTheme
DA:8,0
DA:11,0
DA:12,0
DA:14,0
DA:22,0
DA:23,0
DA:24,0
DA:26,0
LF:8
LH:0
BRDA:23,0,0,0
BRDA:23,0,1,0
BRF:2
BRH:0
end_of_record
TN:
SF:contexts\UserContext.tsx
FN:14,(anonymous_0)
FN:18,(anonymous_1)
FN:31,(anonymous_2)
FNF:3
FNH:3
FNDA:17,(anonymous_0)
FNDA:16,(anonymous_1)
FNDA:19,(anonymous_2)
DA:12,1
DA:14,1
DA:15,17
DA:16,17
DA:18,17
DA:24,17
DA:31,1
DA:32,19
DA:33,19
DA:34,2
DA:36,17
LF:11
LH:11
BRDA:19,0,0,11
BRDA:19,0,1,5
BRDA:20,1,0,11
BRDA:20,1,1,5
BRDA:33,2,0,2
BRDA:33,2,1,17
BRF:6
BRH:6
end_of_record
TN:
SF:hooks\use-color-scheme.ts
FNF:0
FNH:0
LF:0
LH:0
BRF:0
BRH:0
end_of_record
TN:
SF:hooks\use-color-scheme.web.ts
FN:7,useColorScheme
FN:10,(anonymous_1)
FNF:2
FNH:0
FNDA:0,useColorScheme
FNDA:0,(anonymous_1)
DA:8,0
DA:10,0
DA:11,0
DA:14,0
DA:16,0
DA:17,0
DA:20,0
LF:7
LH:0
BRDA:16,0,0,0
BRDA:16,0,1,0
BRF:2
BRH:0
end_of_record
TN:
SF:hooks\use-splash-screen.ts
FN:3,useSplashScreen
FN:6,(anonymous_1)
FN:7,(anonymous_2)
FN:11,(anonymous_3)
FN:14,(anonymous_4)
FNF:5
FNH:0
FNDA:0,useSplashScreen
FNDA:0,(anonymous_1)
FNDA:0,(anonymous_2)
FNDA:0,(anonymous_3)
FNDA:0,(anonymous_4)
DA:4,0
DA:6,0
DA:7,0
DA:8,0
DA:11,0
DA:14,0
DA:15,0
DA:18,0
LF:8
LH:0
BRDA:3,0,0,0
BRF:1
BRH:0
end_of_record
TN:
SF:hooks\use-theme-color.ts
FN:9,useThemeColor
FNF:1
FNH:0
FNDA:0,useThemeColor
DA:13,0
DA:14,0
DA:16,0
DA:17,0
DA:19,0
LF:5
LH:0
BRDA:13,0,0,0
BRDA:13,0,1,0
BRDA:16,1,0,0
BRDA:16,1,1,0
BRF:4
BRH:0
end_of_record
TN:
SF:models\auth.type.ts
FNF:0
FNH:0
LF:0
LH:0
BRF:0
BRH:0
end_of_record
TN:
SF:models\document.type.ts
FNF:0
FNH:0
LF:0
LH:0
BRF:0
BRH:0
end_of_record
TN:
SF:models\faculty.type.ts
FNF:0
FNH:0
LF:0
LH:0
BRF:0
BRH:0
end_of_record
TN:
SF:models\notification.type.ts
FNF:0
FNH:0
LF:0
LH:0
BRF:0
BRH:0
end_of_record
TN:
SF:models\search.type.ts
FNF:0
FNH:0
LF:0
LH:0
BRF:0
BRH:0
end_of_record
TN:
SF:models\subject.type.ts
FNF:0
FNH:0
LF:0
LH:0
BRF:0
BRH:0
end_of_record
TN:
SF:models\suggest.type.ts
FNF:0
FNH:0
LF:0
LH:0
BRF:0
BRH:0
end_of_record
TN:
SF:models\user.type.ts
FNF:0
FNH:0
LF:0
LH:0
BRF:0
BRH:0
end_of_record
TN:
SF:scripts\reset-project.js
FN:48,(anonymous_0)
FN:103,(anonymous_1)
FN:106,(anonymous_2)
FNF:3
FNH:0
FNDA:0,(anonymous_0)
FNDA:0,(anonymous_1)
FNDA:0,(anonymous_2)
DA:9,0
DA:10,0
DA:11,0
DA:13,0
DA:14,0
DA:15,0
DA:16,0
DA:17,0
DA:19,0
DA:36,0
DA:43,0
DA:48,0
DA:49,0
DA:50,0
DA:52,0
DA:53,0
DA:57,0
DA:58,0
DA:59,0
DA:60,0
DA:61,0
DA:62,0
DA:63,0
DA:65,0
DA:66,0
DA:69,0
DA:74,0
DA:75,0
DA:76,0
DA:79,0
DA:80,0
DA:81,0
DA:84,0
DA:85,0
DA:86,0
DA:88,0
DA:89,0
DA:97,0
DA:101,0
DA:104,0
DA:105,0
DA:106,0
DA:108,0
DA:109,0
LF:44
LH:0
BRDA:50,0,0,0
BRDA:50,0,1,0
BRDA:59,1,0,0
BRDA:59,1,1,0
BRDA:60,2,0,0
BRDA:60,2,1,0
BRDA:91,3,0,0
BRDA:91,3,1,0
BRDA:104,4,0,0
BRDA:104,4,1,0
BRDA:105,5,0,0
BRDA:105,5,1,0
BRDA:105,6,0,0
BRDA:105,6,1,0
BRF:14
BRH:0
end_of_record
TN:
SF:store\hooks.ts
FN:4,(anonymous_0)
FNF:1
FNH:0
FNDA:0,(anonymous_0)
DA:4,0
DA:5,0
LF:2
LH:0
BRF:0
BRH:0
end_of_record
TN:
SF:store\index.ts
FNF:0
FNH:0
DA:4,0
LF:1
LH:0
BRF:0
BRH:0
end_of_record
TN:
SF:store\uploadSlice.ts
FN:35,(anonymous_0)
FN:38,(anonymous_1)
FN:41,(anonymous_2)
FN:44,(anonymous_3)
FN:47,(anonymous_4)
FN:50,(anonymous_5)
FN:53,(anonymous_6)
FN:56,(anonymous_7)
FN:59,(anonymous_8)
FNF:9
FNH:9
FNDA:4,(anonymous_0)
FNDA:7,(anonymous_1)
FNDA:5,(anonymous_2)
FNDA:5,(anonymous_3)
FNDA:4,(anonymous_4)
FNDA:2,(anonymous_5)
FNDA:4,(anonymous_6)
FNDA:4,(anonymous_7)
FNDA:4,(anonymous_8)
DA:20,1
DA:31,1
DA:36,4
DA:39,7
DA:42,5
DA:45,5
DA:48,4
DA:51,2
DA:54,4
DA:57,4
DA:59,4
DA:73,1
LF:12
LH:12
BRF:0
BRH:0
end_of_record
TN:
SF:utils\authEvents.ts
FN:3,(anonymous_0)
FN:7,(anonymous_1)
FNF:2
FNH:2
FNDA:21,(anonymous_0)
FNDA:9,(anonymous_1)
DA:1,1
DA:3,1
DA:4,21
DA:7,1
DA:8,9
DA:9,9
LF:6
LH:6
BRDA:8,0,0,9
BRDA:8,0,1,0
BRF:2
BRH:1
end_of_record
TN:
SF:utils\commentInterface.ts
FNF:0
FNH:0
LF:0
LH:0
BRF:0
BRH:0
end_of_record
TN:
SF:utils\constants.ts
FNF:0
FNH:0
DA:1,2
LF:1
LH:1
BRF:0
BRH:0
end_of_record
TN:
SF:utils\docInterface.ts
FNF:0
FNH:0
LF:0
LH:0
BRF:0
BRH:0
end_of_record
TN:
SF:utils\downloadDocStorage.ts
FN:6,(anonymous_0)
FN:16,(anonymous_1)
FN:28,(anonymous_2)
FN:31,(anonymous_3)
FN:38,(anonymous_4)
FNF:5
FNH:5
FNDA:27,(anonymous_0)
FNDA:11,(anonymous_1)
FNDA:8,(anonymous_2)
FNDA:13,(anonymous_3)
FNDA:3,(anonymous_4)
DA:3,1
DA:5,1
DA:7,27
DA:8,27
DA:9,24
DA:11,3
DA:12,3
DA:17,11
DA:18,11
DA:19,11
DA:20,9
DA:21,9
DA:24,1
DA:29,8
DA:30,8
DA:31,13
DA:32,8
DA:34,0
DA:39,3
DA:40,3
DA:42,1
LF:21
LH:20
BRDA:9,0,0,18
BRDA:9,0,1,6
BRDA:19,1,0,9
BRDA:19,1,1,2
BRF:4
BRH:4
end_of_record
TN:
SF:utils\fonts.ts
FN:10,(anonymous_0)
FNF:1
FNH:0
FNDA:0,(anonymous_0)
DA:3,0
DA:10,0
DA:11,0
DA:12,0
DA:15,0
LF:5
LH:0
BRF:0
BRH:0
end_of_record
TN:
SF:utils\functions.ts
FN:1,(anonymous_0)
FN:22,(anonymous_1)
FN:30,(anonymous_2)
FNF:3
FNH:3
FNDA:15,(anonymous_0)
FNDA:6,(anonymous_1)
FNDA:27,(anonymous_2)
DA:1,1
DA:2,15
DA:4,14
DA:5,14
DA:6,1067
DA:7,1067
DA:10,14
DA:12,14
DA:19,14
DA:22,1
DA:23,6
DA:30,1
DA:31,27
LF:13
LH:13
BRDA:2,0,0,1
BRDA:2,0,1,14
BRF:2
BRH:2
end_of_record
TN:
SF:utils\notiInterface.ts
FNF:0
FNH:0
LF:0
LH:0
BRF:0
BRH:0
end_of_record
TN:
SF:utils\routes.ts
FNF:0
FNH:0
DA:1,15
LF:1
LH:1
BRF:0
BRH:0
end_of_record
TN:
SF:utils\theme.ts
FNF:0
FNH:0
DA:8,3
DA:9,3
DA:11,3
DA:30,3
LF:4
LH:4
BRF:0
BRH:0
end_of_record
